02-Nov-2023 19:33:33.324 情報 [main] org.apache.catalina.startup.VersionLoggerListener.log Serverのバージョン名:     Apache Tomcat/9.0.82
02-Nov-2023 19:33:33.332 情報 [main] org.apache.catalina.startup.VersionLoggerListener.log Server ビルド:            Oct 11 2023 13:15:08 UTC
02-Nov-2023 19:33:33.334 情報 [main] org.apache.catalina.startup.VersionLoggerListener.log サーバーのバージョン番号: 9.0.82.0
02-Nov-2023 19:33:33.335 情報 [main] org.apache.catalina.startup.VersionLoggerListener.log OS 名:                    Windows 10
02-Nov-2023 19:33:33.335 情報 [main] org.apache.catalina.startup.VersionLoggerListener.log OS バージョン:            10.0
02-Nov-2023 19:33:33.336 情報 [main] org.apache.catalina.startup.VersionLoggerListener.log アーキテクチャ:           amd64
02-Nov-2023 19:33:33.336 情報 [main] org.apache.catalina.startup.VersionLoggerListener.log Java Home:                C:\Program Files\Java\jdk-20
02-Nov-2023 19:33:33.337 情報 [main] org.apache.catalina.startup.VersionLoggerListener.log JVM バージョン:           20+36-2344
02-Nov-2023 19:33:33.338 情報 [main] org.apache.catalina.startup.VersionLoggerListener.log JVM ベンダ:               Oracle Corporation
02-Nov-2023 19:33:33.338 情報 [main] org.apache.catalina.startup.VersionLoggerListener.log CATALINA_BASE:            C:\apache-tomcat-9.0.82
02-Nov-2023 19:33:33.339 情報 [main] org.apache.catalina.startup.VersionLoggerListener.log CATALINA_HOME:            C:\apache-tomcat-9.0.82
02-Nov-2023 19:33:33.360 情報 [main] org.apache.catalina.startup.VersionLoggerListener.log コマンドライン引数:       --add-opens=java.base/java.lang=ALL-UNNAMED
02-Nov-2023 19:33:33.361 情報 [main] org.apache.catalina.startup.VersionLoggerListener.log コマンドライン引数:       --add-opens=java.base/java.io=ALL-UNNAMED
02-Nov-2023 19:33:33.361 情報 [main] org.apache.catalina.startup.VersionLoggerListener.log コマンドライン引数:       --add-opens=java.base/java.util=ALL-UNNAMED
02-Nov-2023 19:33:33.364 情報 [main] org.apache.catalina.startup.VersionLoggerListener.log コマンドライン引数:       --add-opens=java.base/java.util.concurrent=ALL-UNNAMED
02-Nov-2023 19:33:33.365 情報 [main] org.apache.catalina.startup.VersionLoggerListener.log コマンドライン引数:       --add-opens=java.rmi/sun.rmi.transport=ALL-UNNAMED
02-Nov-2023 19:33:33.367 情報 [main] org.apache.catalina.startup.VersionLoggerListener.log コマンドライン引数:       -Djava.util.logging.config.file=C:\apache-tomcat-9.0.82\conf\logging.properties
02-Nov-2023 19:33:33.370 情報 [main] org.apache.catalina.startup.VersionLoggerListener.log コマンドライン引数:       -Djava.util.logging.manager=org.apache.juli.ClassLoaderLogManager
02-Nov-2023 19:33:33.370 情報 [main] org.apache.catalina.startup.VersionLoggerListener.log コマンドライン引数:       -Djdk.tls.ephemeralDHKeySize=2048
02-Nov-2023 19:33:33.371 情報 [main] org.apache.catalina.startup.VersionLoggerListener.log コマンドライン引数:       -Djava.protocol.handler.pkgs=org.apache.catalina.webresources
02-Nov-2023 19:33:33.372 情報 [main] org.apache.catalina.startup.VersionLoggerListener.log コマンドライン引数:       -Dignore.endorsed.dirs=
02-Nov-2023 19:33:33.373 情報 [main] org.apache.catalina.startup.VersionLoggerListener.log コマンドライン引数:       -Dcatalina.base=C:\apache-tomcat-9.0.82
02-Nov-2023 19:33:33.373 情報 [main] org.apache.catalina.startup.VersionLoggerListener.log コマンドライン引数:       -Dcatalina.home=C:\apache-tomcat-9.0.82
02-Nov-2023 19:33:33.374 情報 [main] org.apache.catalina.startup.VersionLoggerListener.log コマンドライン引数:       -Djava.io.tmpdir=C:\apache-tomcat-9.0.82\temp
02-Nov-2023 19:33:33.387 情報 [main] org.apache.catalina.core.AprLifecycleListener.lifecycleEvent APRバージョン[1.7.4]を使用してAPRベースのApache Tomcatネイティブライブラリ[1.2.39]をロードしました。
02-Nov-2023 19:33:33.387 情報 [main] org.apache.catalina.core.AprLifecycleListener.lifecycleEvent APR機能: IPv6 [true]、sendfile [true]、受け入れフィルタ [false]、ランダム [true]、UDS [true]
02-Nov-2023 19:33:33.388 情報 [main] org.apache.catalina.core.AprLifecycleListener.lifecycleEvent APR/OpenSSL設定：useAprConnector [false]、useOpenSSL [true]
02-Nov-2023 19:33:33.420 情報 [main] org.apache.catalina.core.AprLifecycleListener.initializeSSL OpenSSLは [OpenSSL 3.0.11 19 Sep 2023] を正常に初期化しました
02-Nov-2023 19:33:34.135 情報 [main] org.apache.coyote.AbstractProtocol.init プロトコルハンドラ ["http-nio-8080"] を初期化します。
02-Nov-2023 19:33:34.174 情報 [main] org.apache.catalina.startup.Catalina.load サーバーの初期化 [1245] ミリ秒
02-Nov-2023 19:33:34.264 情報 [main] org.apache.catalina.core.StandardService.startInternal サービス [Catalina] を起動します
02-Nov-2023 19:33:34.264 情報 [main] org.apache.catalina.core.StandardEngine.startInternal サーブレットエンジンの起動：[Apache Tomcat/9.0.82]
02-Nov-2023 19:33:34.283 情報 [main] org.apache.catalina.startup.HostConfig.deployDirectory Web アプリケーションディレクトリ [C:\apache-tomcat-9.0.82\webapps\dbweb] を配備します
02-Nov-2023 19:33:35.317 情報 [main] org.apache.jasper.servlet.TldScanner.scanJars 少なくとも1つのJARでTLDをスキャンしましたが、TLDが含まれていませんでした。スキャンしたもののTLDが見つからなかったJARの完全なリストについては、このロガーのデバッグログを有効にしてください。スキャン中に不要なJARをスキップすると、起動時間とJSPのコンパイル時間が短縮されます。
02-Nov-2023 19:33:35.468 情報 [main] org.apache.catalina.startup.HostConfig.deployDirectory ディレクトリ [C:\apache-tomcat-9.0.82\webapps\dbweb] の Web アプリケーションの配備は [1,176] ミリ秒で完了しました。
02-Nov-2023 19:33:35.469 情報 [main] org.apache.catalina.startup.HostConfig.deployDirectory Web アプリケーションディレクトリ [C:\apache-tomcat-9.0.82\webapps\docs] を配備します
02-Nov-2023 19:33:35.948 情報 [main] org.apache.jasper.servlet.TldScanner.scanJars 少なくとも1つのJARでTLDをスキャンしましたが、TLDが含まれていませんでした。スキャンしたもののTLDが見つからなかったJARの完全なリストについては、このロガーのデバッグログを有効にしてください。スキャン中に不要なJARをスキップすると、起動時間とJSPのコンパイル時間が短縮されます。
02-Nov-2023 19:33:35.959 情報 [main] org.apache.catalina.startup.HostConfig.deployDirectory ディレクトリ [C:\apache-tomcat-9.0.82\webapps\docs] の Web アプリケーションの配備は [490] ミリ秒で完了しました。
02-Nov-2023 19:33:35.960 情報 [main] org.apache.catalina.startup.HostConfig.deployDirectory Web アプリケーションディレクトリ [C:\apache-tomcat-9.0.82\webapps\examples] を配備します
02-Nov-2023 19:33:36.843 情報 [main] org.apache.jasper.servlet.TldScanner.scanJars 少なくとも1つのJARでTLDをスキャンしましたが、TLDが含まれていませんでした。スキャンしたもののTLDが見つからなかったJARの完全なリストについては、このロガーのデバッグログを有効にしてください。スキャン中に不要なJARをスキップすると、起動時間とJSPのコンパイル時間が短縮されます。
02-Nov-2023 19:33:36.979 情報 [main] org.apache.catalina.startup.HostConfig.deployDirectory ディレクトリ [C:\apache-tomcat-9.0.82\webapps\examples] の Web アプリケーションの配備は [1,019] ミリ秒で完了しました。
02-Nov-2023 19:33:36.979 情報 [main] org.apache.catalina.startup.HostConfig.deployDirectory Web アプリケーションディレクトリ [C:\apache-tomcat-9.0.82\webapps\host-manager] を配備します
02-Nov-2023 19:33:37.436 情報 [main] org.apache.jasper.servlet.TldScanner.scanJars 少なくとも1つのJARでTLDをスキャンしましたが、TLDが含まれていませんでした。スキャンしたもののTLDが見つからなかったJARの完全なリストについては、このロガーのデバッグログを有効にしてください。スキャン中に不要なJARをスキップすると、起動時間とJSPのコンパイル時間が短縮されます。
02-Nov-2023 19:33:37.498 情報 [main] org.apache.catalina.startup.HostConfig.deployDirectory ディレクトリ [C:\apache-tomcat-9.0.82\webapps\host-manager] の Web アプリケーションの配備は [519] ミリ秒で完了しました。
02-Nov-2023 19:33:37.507 情報 [main] org.apache.catalina.startup.HostConfig.deployDirectory Web アプリケーションディレクトリ [C:\apache-tomcat-9.0.82\webapps\javaweb] を配備します
02-Nov-2023 19:33:37.990 情報 [main] org.apache.jasper.servlet.TldScanner.scanJars 少なくとも1つのJARでTLDをスキャンしましたが、TLDが含まれていませんでした。スキャンしたもののTLDが見つからなかったJARの完全なリストについては、このロガーのデバッグログを有効にしてください。スキャン中に不要なJARをスキップすると、起動時間とJSPのコンパイル時間が短縮されます。
02-Nov-2023 19:33:37.998 情報 [main] org.apache.catalina.startup.HostConfig.deployDirectory ディレクトリ [C:\apache-tomcat-9.0.82\webapps\javaweb] の Web アプリケーションの配備は [490] ミリ秒で完了しました。
02-Nov-2023 19:33:37.998 情報 [main] org.apache.catalina.startup.HostConfig.deployDirectory Web アプリケーションディレクトリ [C:\apache-tomcat-9.0.82\webapps\kakeiboapp] を配備します
02-Nov-2023 19:33:38.549 情報 [main] org.apache.jasper.servlet.TldScanner.scanJars 少なくとも1つのJARでTLDをスキャンしましたが、TLDが含まれていませんでした。スキャンしたもののTLDが見つからなかったJARの完全なリストについては、このロガーのデバッグログを有効にしてください。スキャン中に不要なJARをスキップすると、起動時間とJSPのコンパイル時間が短縮されます。
02-Nov-2023 19:33:38.661 情報 [main] org.apache.catalina.startup.HostConfig.deployDirectory ディレクトリ [C:\apache-tomcat-9.0.82\webapps\kakeiboapp] の Web アプリケーションの配備は [663] ミリ秒で完了しました。
02-Nov-2023 19:33:38.667 情報 [main] org.apache.catalina.startup.HostConfig.deployDirectory Web アプリケーションディレクトリ [C:\apache-tomcat-9.0.82\webapps\manager] を配備します
02-Nov-2023 19:33:39.087 情報 [main] org.apache.jasper.servlet.TldScanner.scanJars 少なくとも1つのJARでTLDをスキャンしましたが、TLDが含まれていませんでした。スキャンしたもののTLDが見つからなかったJARの完全なリストについては、このロガーのデバッグログを有効にしてください。スキャン中に不要なJARをスキップすると、起動時間とJSPのコンパイル時間が短縮されます。
02-Nov-2023 19:33:39.099 情報 [main] org.apache.catalina.startup.HostConfig.deployDirectory ディレクトリ [C:\apache-tomcat-9.0.82\webapps\manager] の Web アプリケーションの配備は [433] ミリ秒で完了しました。
02-Nov-2023 19:33:39.101 情報 [main] org.apache.catalina.startup.HostConfig.deployDirectory Web アプリケーションディレクトリ [C:\apache-tomcat-9.0.82\webapps\ROOT] を配備します
02-Nov-2023 19:33:39.402 情報 [main] org.apache.jasper.servlet.TldScanner.scanJars 少なくとも1つのJARでTLDをスキャンしましたが、TLDが含まれていませんでした。スキャンしたもののTLDが見つからなかったJARの完全なリストについては、このロガーのデバッグログを有効にしてください。スキャン中に不要なJARをスキップすると、起動時間とJSPのコンパイル時間が短縮されます。
02-Nov-2023 19:33:39.413 情報 [main] org.apache.catalina.startup.HostConfig.deployDirectory ディレクトリ [C:\apache-tomcat-9.0.82\webapps\ROOT] の Web アプリケーションの配備は [311] ミリ秒で完了しました。
02-Nov-2023 19:33:39.417 情報 [main] org.apache.coyote.AbstractProtocol.start プロトコルハンドラー ["http-nio-8080"] を開始しました。
02-Nov-2023 19:33:39.558 情報 [main] org.apache.catalina.startup.Catalina.start サーバーの起動 [5380] ミリ秒
02-Nov-2023 19:35:04.577 情報 [main] org.apache.catalina.core.StandardServer.await 有効なシャットダウンコマンドがシャットダウンポート経由で受信されました。 サーバーインスタンスを停止します。
02-Nov-2023 19:35:04.579 情報 [main] org.apache.coyote.AbstractProtocol.pause ProtocolHandler ["http-nio-8080"] を一時停止します。
02-Nov-2023 19:35:04.592 情報 [main] org.apache.catalina.core.StandardService.stopInternal サービス [Catalina] を停止します
02-Nov-2023 19:35:04.723 情報 [main] org.apache.coyote.AbstractProtocol.stop ProtocolHandler ["http-nio-8080"]の停止中
02-Nov-2023 19:35:04.746 情報 [main] org.apache.coyote.AbstractProtocol.destroy ProtocolHandler ["http-nio-8080"] を破棄します。
02-Nov-2023 19:55:34.938 情報 [main] org.apache.catalina.startup.VersionLoggerListener.log Serverのバージョン名:     Apache Tomcat/9.0.82
02-Nov-2023 19:55:34.943 情報 [main] org.apache.catalina.startup.VersionLoggerListener.log Server ビルド:            Oct 11 2023 13:15:08 UTC
02-Nov-2023 19:55:34.946 情報 [main] org.apache.catalina.startup.VersionLoggerListener.log サーバーのバージョン番号: 9.0.82.0
02-Nov-2023 19:55:34.947 情報 [main] org.apache.catalina.startup.VersionLoggerListener.log OS 名:                    Windows 10
02-Nov-2023 19:55:34.947 情報 [main] org.apache.catalina.startup.VersionLoggerListener.log OS バージョン:            10.0
02-Nov-2023 19:55:34.948 情報 [main] org.apache.catalina.startup.VersionLoggerListener.log アーキテクチャ:           amd64
02-Nov-2023 19:55:34.948 情報 [main] org.apache.catalina.startup.VersionLoggerListener.log Java Home:                C:\Program Files\Java\jdk-20
02-Nov-2023 19:55:34.951 情報 [main] org.apache.catalina.startup.VersionLoggerListener.log JVM バージョン:           20+36-2344
02-Nov-2023 19:55:34.951 情報 [main] org.apache.catalina.startup.VersionLoggerListener.log JVM ベンダ:               Oracle Corporation
02-Nov-2023 19:55:34.952 情報 [main] org.apache.catalina.startup.VersionLoggerListener.log CATALINA_BASE:            C:\apache-tomcat-9.0.82
02-Nov-2023 19:55:34.952 情報 [main] org.apache.catalina.startup.VersionLoggerListener.log CATALINA_HOME:            C:\apache-tomcat-9.0.82
02-Nov-2023 19:55:34.965 情報 [main] org.apache.catalina.startup.VersionLoggerListener.log コマンドライン引数:       --add-opens=java.base/java.lang=ALL-UNNAMED
02-Nov-2023 19:55:34.969 情報 [main] org.apache.catalina.startup.VersionLoggerListener.log コマンドライン引数:       --add-opens=java.base/java.io=ALL-UNNAMED
02-Nov-2023 19:55:34.970 情報 [main] org.apache.catalina.startup.VersionLoggerListener.log コマンドライン引数:       --add-opens=java.base/java.util=ALL-UNNAMED
02-Nov-2023 19:55:34.970 情報 [main] org.apache.catalina.startup.VersionLoggerListener.log コマンドライン引数:       --add-opens=java.base/java.util.concurrent=ALL-UNNAMED
02-Nov-2023 19:55:34.972 情報 [main] org.apache.catalina.startup.VersionLoggerListener.log コマンドライン引数:       --add-opens=java.rmi/sun.rmi.transport=ALL-UNNAMED
02-Nov-2023 19:55:34.975 情報 [main] org.apache.catalina.startup.VersionLoggerListener.log コマンドライン引数:       -Djava.util.logging.config.file=C:\apache-tomcat-9.0.82\conf\logging.properties
02-Nov-2023 19:55:34.976 情報 [main] org.apache.catalina.startup.VersionLoggerListener.log コマンドライン引数:       -Djava.util.logging.manager=org.apache.juli.ClassLoaderLogManager
02-Nov-2023 19:55:34.977 情報 [main] org.apache.catalina.startup.VersionLoggerListener.log コマンドライン引数:       -Djdk.tls.ephemeralDHKeySize=2048
02-Nov-2023 19:55:34.978 情報 [main] org.apache.catalina.startup.VersionLoggerListener.log コマンドライン引数:       -Djava.protocol.handler.pkgs=org.apache.catalina.webresources
02-Nov-2023 19:55:34.980 情報 [main] org.apache.catalina.startup.VersionLoggerListener.log コマンドライン引数:       -Dignore.endorsed.dirs=
02-Nov-2023 19:55:34.980 情報 [main] org.apache.catalina.startup.VersionLoggerListener.log コマンドライン引数:       -Dcatalina.base=C:\apache-tomcat-9.0.82
02-Nov-2023 19:55:34.981 情報 [main] org.apache.catalina.startup.VersionLoggerListener.log コマンドライン引数:       -Dcatalina.home=C:\apache-tomcat-9.0.82
02-Nov-2023 19:55:34.983 情報 [main] org.apache.catalina.startup.VersionLoggerListener.log コマンドライン引数:       -Djava.io.tmpdir=C:\apache-tomcat-9.0.82\temp
02-Nov-2023 19:55:34.989 情報 [main] org.apache.catalina.core.AprLifecycleListener.lifecycleEvent APRバージョン[1.7.4]を使用してAPRベースのApache Tomcatネイティブライブラリ[1.2.39]をロードしました。
02-Nov-2023 19:55:34.993 情報 [main] org.apache.catalina.core.AprLifecycleListener.lifecycleEvent APR機能: IPv6 [true]、sendfile [true]、受け入れフィルタ [false]、ランダム [true]、UDS [true]
02-Nov-2023 19:55:34.994 情報 [main] org.apache.catalina.core.AprLifecycleListener.lifecycleEvent APR/OpenSSL設定：useAprConnector [false]、useOpenSSL [true]
02-Nov-2023 19:55:35.003 情報 [main] org.apache.catalina.core.AprLifecycleListener.initializeSSL OpenSSLは [OpenSSL 3.0.11 19 Sep 2023] を正常に初期化しました
02-Nov-2023 19:55:35.470 情報 [main] org.apache.coyote.AbstractProtocol.init プロトコルハンドラ ["http-nio-8080"] を初期化します。
02-Nov-2023 19:55:35.509 情報 [main] org.apache.catalina.startup.Catalina.load サーバーの初期化 [951] ミリ秒
02-Nov-2023 19:55:35.585 情報 [main] org.apache.catalina.core.StandardService.startInternal サービス [Catalina] を起動します
02-Nov-2023 19:55:35.585 情報 [main] org.apache.catalina.core.StandardEngine.startInternal サーブレットエンジンの起動：[Apache Tomcat/9.0.82]
02-Nov-2023 19:55:35.594 情報 [main] org.apache.catalina.startup.HostConfig.deployDirectory Web アプリケーションディレクトリ [C:\apache-tomcat-9.0.82\webapps\dbweb] を配備します
02-Nov-2023 19:55:37.091 情報 [main] org.apache.jasper.servlet.TldScanner.scanJars 少なくとも1つのJARでTLDをスキャンしましたが、TLDが含まれていませんでした。スキャンしたもののTLDが見つからなかったJARの完全なリストについては、このロガーのデバッグログを有効にしてください。スキャン中に不要なJARをスキップすると、起動時間とJSPのコンパイル時間が短縮されます。
02-Nov-2023 19:55:37.238 情報 [main] org.apache.catalina.startup.HostConfig.deployDirectory ディレクトリ [C:\apache-tomcat-9.0.82\webapps\dbweb] の Web アプリケーションの配備は [1,644] ミリ秒で完了しました。
02-Nov-2023 19:55:37.242 情報 [main] org.apache.catalina.startup.HostConfig.deployDirectory Web アプリケーションディレクトリ [C:\apache-tomcat-9.0.82\webapps\docs] を配備します
02-Nov-2023 19:55:37.781 情報 [main] org.apache.jasper.servlet.TldScanner.scanJars 少なくとも1つのJARでTLDをスキャンしましたが、TLDが含まれていませんでした。スキャンしたもののTLDが見つからなかったJARの完全なリストについては、このロガーのデバッグログを有効にしてください。スキャン中に不要なJARをスキップすると、起動時間とJSPのコンパイル時間が短縮されます。
02-Nov-2023 19:55:37.790 情報 [main] org.apache.catalina.startup.HostConfig.deployDirectory ディレクトリ [C:\apache-tomcat-9.0.82\webapps\docs] の Web アプリケーションの配備は [547] ミリ秒で完了しました。
02-Nov-2023 19:55:37.790 情報 [main] org.apache.catalina.startup.HostConfig.deployDirectory Web アプリケーションディレクトリ [C:\apache-tomcat-9.0.82\webapps\examples] を配備します
02-Nov-2023 19:55:38.829 情報 [main] org.apache.jasper.servlet.TldScanner.scanJars 少なくとも1つのJARでTLDをスキャンしましたが、TLDが含まれていませんでした。スキャンしたもののTLDが見つからなかったJARの完全なリストについては、このロガーのデバッグログを有効にしてください。スキャン中に不要なJARをスキップすると、起動時間とJSPのコンパイル時間が短縮されます。
02-Nov-2023 19:55:38.935 情報 [main] org.apache.catalina.startup.HostConfig.deployDirectory ディレクトリ [C:\apache-tomcat-9.0.82\webapps\examples] の Web アプリケーションの配備は [1,145] ミリ秒で完了しました。
02-Nov-2023 19:55:38.936 情報 [main] org.apache.catalina.startup.HostConfig.deployDirectory Web アプリケーションディレクトリ [C:\apache-tomcat-9.0.82\webapps\host-manager] を配備します
02-Nov-2023 19:55:39.580 情報 [main] org.apache.jasper.servlet.TldScanner.scanJars 少なくとも1つのJARでTLDをスキャンしましたが、TLDが含まれていませんでした。スキャンしたもののTLDが見つからなかったJARの完全なリストについては、このロガーのデバッグログを有効にしてください。スキャン中に不要なJARをスキップすると、起動時間とJSPのコンパイル時間が短縮されます。
02-Nov-2023 19:55:39.600 情報 [main] org.apache.catalina.startup.HostConfig.deployDirectory ディレクトリ [C:\apache-tomcat-9.0.82\webapps\host-manager] の Web アプリケーションの配備は [664] ミリ秒で完了しました。
02-Nov-2023 19:55:39.604 情報 [main] org.apache.catalina.startup.HostConfig.deployDirectory Web アプリケーションディレクトリ [C:\apache-tomcat-9.0.82\webapps\javaweb] を配備します
02-Nov-2023 19:55:40.174 情報 [main] org.apache.jasper.servlet.TldScanner.scanJars 少なくとも1つのJARでTLDをスキャンしましたが、TLDが含まれていませんでした。スキャンしたもののTLDが見つからなかったJARの完全なリストについては、このロガーのデバッグログを有効にしてください。スキャン中に不要なJARをスキップすると、起動時間とJSPのコンパイル時間が短縮されます。
02-Nov-2023 19:55:40.187 情報 [main] org.apache.catalina.startup.HostConfig.deployDirectory ディレクトリ [C:\apache-tomcat-9.0.82\webapps\javaweb] の Web アプリケーションの配備は [583] ミリ秒で完了しました。
02-Nov-2023 19:55:40.189 情報 [main] org.apache.catalina.startup.HostConfig.deployDirectory Web アプリケーションディレクトリ [C:\apache-tomcat-9.0.82\webapps\kakeiboapp] を配備します
02-Nov-2023 19:55:40.623 情報 [main] org.apache.jasper.servlet.TldScanner.scanJars 少なくとも1つのJARでTLDをスキャンしましたが、TLDが含まれていませんでした。スキャンしたもののTLDが見つからなかったJARの完全なリストについては、このロガーのデバッグログを有効にしてください。スキャン中に不要なJARをスキップすると、起動時間とJSPのコンパイル時間が短縮されます。
02-Nov-2023 19:55:40.645 情報 [main] org.apache.catalina.startup.HostConfig.deployDirectory ディレクトリ [C:\apache-tomcat-9.0.82\webapps\kakeiboapp] の Web アプリケーションの配備は [457] ミリ秒で完了しました。
02-Nov-2023 19:55:40.646 情報 [main] org.apache.catalina.startup.HostConfig.deployDirectory Web アプリケーションディレクトリ [C:\apache-tomcat-9.0.82\webapps\manager] を配備します
02-Nov-2023 19:55:40.990 情報 [main] org.apache.jasper.servlet.TldScanner.scanJars 少なくとも1つのJARでTLDをスキャンしましたが、TLDが含まれていませんでした。スキャンしたもののTLDが見つからなかったJARの完全なリストについては、このロガーのデバッグログを有効にしてください。スキャン中に不要なJARをスキップすると、起動時間とJSPのコンパイル時間が短縮されます。
02-Nov-2023 19:55:41.000 情報 [main] org.apache.catalina.startup.HostConfig.deployDirectory ディレクトリ [C:\apache-tomcat-9.0.82\webapps\manager] の Web アプリケーションの配備は [354] ミリ秒で完了しました。
02-Nov-2023 19:55:41.001 情報 [main] org.apache.catalina.startup.HostConfig.deployDirectory Web アプリケーションディレクトリ [C:\apache-tomcat-9.0.82\webapps\ROOT] を配備します
02-Nov-2023 19:55:41.471 情報 [main] org.apache.jasper.servlet.TldScanner.scanJars 少なくとも1つのJARでTLDをスキャンしましたが、TLDが含まれていませんでした。スキャンしたもののTLDが見つからなかったJARの完全なリストについては、このロガーのデバッグログを有効にしてください。スキャン中に不要なJARをスキップすると、起動時間とJSPのコンパイル時間が短縮されます。
02-Nov-2023 19:55:41.478 情報 [main] org.apache.catalina.startup.HostConfig.deployDirectory ディレクトリ [C:\apache-tomcat-9.0.82\webapps\ROOT] の Web アプリケーションの配備は [477] ミリ秒で完了しました。
02-Nov-2023 19:55:41.484 情報 [main] org.apache.coyote.AbstractProtocol.start プロトコルハンドラー ["http-nio-8080"] を開始しました。
02-Nov-2023 19:55:41.575 情報 [main] org.apache.catalina.startup.Catalina.start サーバーの起動 [6063] ミリ秒
02-Nov-2023 19:57:45.051 情報 [main] org.apache.catalina.core.StandardServer.await 有効なシャットダウンコマンドがシャットダウンポート経由で受信されました。 サーバーインスタンスを停止します。
02-Nov-2023 19:57:45.052 情報 [main] org.apache.coyote.AbstractProtocol.pause ProtocolHandler ["http-nio-8080"] を一時停止します。
02-Nov-2023 19:57:45.066 情報 [main] org.apache.catalina.core.StandardService.stopInternal サービス [Catalina] を停止します
02-Nov-2023 19:57:45.153 情報 [main] org.apache.coyote.AbstractProtocol.stop ProtocolHandler ["http-nio-8080"]の停止中
02-Nov-2023 19:57:45.190 情報 [main] org.apache.coyote.AbstractProtocol.destroy ProtocolHandler ["http-nio-8080"] を破棄します。
02-Nov-2023 19:57:52.583 情報 [main] org.apache.catalina.startup.VersionLoggerListener.log Serverのバージョン名:     Apache Tomcat/9.0.82
02-Nov-2023 19:57:52.588 情報 [main] org.apache.catalina.startup.VersionLoggerListener.log Server ビルド:            Oct 11 2023 13:15:08 UTC
02-Nov-2023 19:57:52.589 情報 [main] org.apache.catalina.startup.VersionLoggerListener.log サーバーのバージョン番号: 9.0.82.0
02-Nov-2023 19:57:52.589 情報 [main] org.apache.catalina.startup.VersionLoggerListener.log OS 名:                    Windows 10
02-Nov-2023 19:57:52.591 情報 [main] org.apache.catalina.startup.VersionLoggerListener.log OS バージョン:            10.0
02-Nov-2023 19:57:52.591 情報 [main] org.apache.catalina.startup.VersionLoggerListener.log アーキテクチャ:           amd64
02-Nov-2023 19:57:52.591 情報 [main] org.apache.catalina.startup.VersionLoggerListener.log Java Home:                C:\Program Files\Java\jdk-20
02-Nov-2023 19:57:52.591 情報 [main] org.apache.catalina.startup.VersionLoggerListener.log JVM バージョン:           20+36-2344
02-Nov-2023 19:57:52.592 情報 [main] org.apache.catalina.startup.VersionLoggerListener.log JVM ベンダ:               Oracle Corporation
02-Nov-2023 19:57:52.592 情報 [main] org.apache.catalina.startup.VersionLoggerListener.log CATALINA_BASE:            C:\apache-tomcat-9.0.82
02-Nov-2023 19:57:52.592 情報 [main] org.apache.catalina.startup.VersionLoggerListener.log CATALINA_HOME:            C:\apache-tomcat-9.0.82
02-Nov-2023 19:57:52.605 情報 [main] org.apache.catalina.startup.VersionLoggerListener.log コマンドライン引数:       --add-opens=java.base/java.lang=ALL-UNNAMED
02-Nov-2023 19:57:52.605 情報 [main] org.apache.catalina.startup.VersionLoggerListener.log コマンドライン引数:       --add-opens=java.base/java.io=ALL-UNNAMED
02-Nov-2023 19:57:52.606 情報 [main] org.apache.catalina.startup.VersionLoggerListener.log コマンドライン引数:       --add-opens=java.base/java.util=ALL-UNNAMED
02-Nov-2023 19:57:52.608 情報 [main] org.apache.catalina.startup.VersionLoggerListener.log コマンドライン引数:       --add-opens=java.base/java.util.concurrent=ALL-UNNAMED
02-Nov-2023 19:57:52.609 情報 [main] org.apache.catalina.startup.VersionLoggerListener.log コマンドライン引数:       --add-opens=java.rmi/sun.rmi.transport=ALL-UNNAMED
02-Nov-2023 19:57:52.611 情報 [main] org.apache.catalina.startup.VersionLoggerListener.log コマンドライン引数:       -Djava.util.logging.config.file=C:\apache-tomcat-9.0.82\conf\logging.properties
02-Nov-2023 19:57:52.613 情報 [main] org.apache.catalina.startup.VersionLoggerListener.log コマンドライン引数:       -Djava.util.logging.manager=org.apache.juli.ClassLoaderLogManager
02-Nov-2023 19:57:52.614 情報 [main] org.apache.catalina.startup.VersionLoggerListener.log コマンドライン引数:       -Djdk.tls.ephemeralDHKeySize=2048
02-Nov-2023 19:57:52.615 情報 [main] org.apache.catalina.startup.VersionLoggerListener.log コマンドライン引数:       -Djava.protocol.handler.pkgs=org.apache.catalina.webresources
02-Nov-2023 19:57:52.615 情報 [main] org.apache.catalina.startup.VersionLoggerListener.log コマンドライン引数:       -Dignore.endorsed.dirs=
02-Nov-2023 19:57:52.616 情報 [main] org.apache.catalina.startup.VersionLoggerListener.log コマンドライン引数:       -Dcatalina.base=C:\apache-tomcat-9.0.82
02-Nov-2023 19:57:52.617 情報 [main] org.apache.catalina.startup.VersionLoggerListener.log コマンドライン引数:       -Dcatalina.home=C:\apache-tomcat-9.0.82
02-Nov-2023 19:57:52.617 情報 [main] org.apache.catalina.startup.VersionLoggerListener.log コマンドライン引数:       -Djava.io.tmpdir=C:\apache-tomcat-9.0.82\temp
02-Nov-2023 19:57:52.627 情報 [main] org.apache.catalina.core.AprLifecycleListener.lifecycleEvent APRバージョン[1.7.4]を使用してAPRベースのApache Tomcatネイティブライブラリ[1.2.39]をロードしました。
02-Nov-2023 19:57:52.627 情報 [main] org.apache.catalina.core.AprLifecycleListener.lifecycleEvent APR機能: IPv6 [true]、sendfile [true]、受け入れフィルタ [false]、ランダム [true]、UDS [true]
02-Nov-2023 19:57:52.628 情報 [main] org.apache.catalina.core.AprLifecycleListener.lifecycleEvent APR/OpenSSL設定：useAprConnector [false]、useOpenSSL [true]
02-Nov-2023 19:57:52.637 情報 [main] org.apache.catalina.core.AprLifecycleListener.initializeSSL OpenSSLは [OpenSSL 3.0.11 19 Sep 2023] を正常に初期化しました
02-Nov-2023 19:57:53.140 情報 [main] org.apache.coyote.AbstractProtocol.init プロトコルハンドラ ["http-nio-8080"] を初期化します。
02-Nov-2023 19:57:53.184 情報 [main] org.apache.catalina.startup.Catalina.load サーバーの初期化 [958] ミリ秒
02-Nov-2023 19:57:53.263 情報 [main] org.apache.catalina.core.StandardService.startInternal サービス [Catalina] を起動します
02-Nov-2023 19:57:53.267 情報 [main] org.apache.catalina.core.StandardEngine.startInternal サーブレットエンジンの起動：[Apache Tomcat/9.0.82]
02-Nov-2023 19:57:53.279 情報 [main] org.apache.catalina.startup.HostConfig.deployDirectory Web アプリケーションディレクトリ [C:\apache-tomcat-9.0.82\webapps\dbweb] を配備します
02-Nov-2023 19:57:54.341 情報 [main] org.apache.jasper.servlet.TldScanner.scanJars 少なくとも1つのJARでTLDをスキャンしましたが、TLDが含まれていませんでした。スキャンしたもののTLDが見つからなかったJARの完全なリストについては、このロガーのデバッグログを有効にしてください。スキャン中に不要なJARをスキップすると、起動時間とJSPのコンパイル時間が短縮されます。
02-Nov-2023 19:57:54.477 情報 [main] org.apache.catalina.startup.HostConfig.deployDirectory ディレクトリ [C:\apache-tomcat-9.0.82\webapps\dbweb] の Web アプリケーションの配備は [1,193] ミリ秒で完了しました。
02-Nov-2023 19:57:54.480 情報 [main] org.apache.catalina.startup.HostConfig.deployDirectory Web アプリケーションディレクトリ [C:\apache-tomcat-9.0.82\webapps\docs] を配備します
02-Nov-2023 19:57:54.952 情報 [main] org.apache.jasper.servlet.TldScanner.scanJars 少なくとも1つのJARでTLDをスキャンしましたが、TLDが含まれていませんでした。スキャンしたもののTLDが見つからなかったJARの完全なリストについては、このロガーのデバッグログを有効にしてください。スキャン中に不要なJARをスキップすると、起動時間とJSPのコンパイル時間が短縮されます。
02-Nov-2023 19:57:54.960 情報 [main] org.apache.catalina.startup.HostConfig.deployDirectory ディレクトリ [C:\apache-tomcat-9.0.82\webapps\docs] の Web アプリケーションの配備は [479] ミリ秒で完了しました。
02-Nov-2023 19:57:54.960 情報 [main] org.apache.catalina.startup.HostConfig.deployDirectory Web アプリケーションディレクトリ [C:\apache-tomcat-9.0.82\webapps\examples] を配備します
02-Nov-2023 19:57:55.725 情報 [main] org.apache.jasper.servlet.TldScanner.scanJars 少なくとも1つのJARでTLDをスキャンしましたが、TLDが含まれていませんでした。スキャンしたもののTLDが見つからなかったJARの完全なリストについては、このロガーのデバッグログを有効にしてください。スキャン中に不要なJARをスキップすると、起動時間とJSPのコンパイル時間が短縮されます。
02-Nov-2023 19:57:55.840 情報 [main] org.apache.catalina.startup.HostConfig.deployDirectory ディレクトリ [C:\apache-tomcat-9.0.82\webapps\examples] の Web アプリケーションの配備は [880] ミリ秒で完了しました。
02-Nov-2023 19:57:55.842 情報 [main] org.apache.catalina.startup.HostConfig.deployDirectory Web アプリケーションディレクトリ [C:\apache-tomcat-9.0.82\webapps\host-manager] を配備します
02-Nov-2023 19:57:56.395 情報 [main] org.apache.jasper.servlet.TldScanner.scanJars 少なくとも1つのJARでTLDをスキャンしましたが、TLDが含まれていませんでした。スキャンしたもののTLDが見つからなかったJARの完全なリストについては、このロガーのデバッグログを有効にしてください。スキャン中に不要なJARをスキップすると、起動時間とJSPのコンパイル時間が短縮されます。
02-Nov-2023 19:57:56.412 情報 [main] org.apache.catalina.startup.HostConfig.deployDirectory ディレクトリ [C:\apache-tomcat-9.0.82\webapps\host-manager] の Web アプリケーションの配備は [569] ミリ秒で完了しました。
02-Nov-2023 19:57:56.413 情報 [main] org.apache.catalina.startup.HostConfig.deployDirectory Web アプリケーションディレクトリ [C:\apache-tomcat-9.0.82\webapps\javaweb] を配備します
02-Nov-2023 19:57:57.027 情報 [main] org.apache.jasper.servlet.TldScanner.scanJars 少なくとも1つのJARでTLDをスキャンしましたが、TLDが含まれていませんでした。スキャンしたもののTLDが見つからなかったJARの完全なリストについては、このロガーのデバッグログを有効にしてください。スキャン中に不要なJARをスキップすると、起動時間とJSPのコンパイル時間が短縮されます。
02-Nov-2023 19:57:57.037 情報 [main] org.apache.catalina.startup.HostConfig.deployDirectory ディレクトリ [C:\apache-tomcat-9.0.82\webapps\javaweb] の Web アプリケーションの配備は [622] ミリ秒で完了しました。
02-Nov-2023 19:57:57.038 情報 [main] org.apache.catalina.startup.HostConfig.deployDirectory Web アプリケーションディレクトリ [C:\apache-tomcat-9.0.82\webapps\kakeiboapp] を配備します
02-Nov-2023 19:57:57.580 情報 [main] org.apache.jasper.servlet.TldScanner.scanJars 少なくとも1つのJARでTLDをスキャンしましたが、TLDが含まれていませんでした。スキャンしたもののTLDが見つからなかったJARの完全なリストについては、このロガーのデバッグログを有効にしてください。スキャン中に不要なJARをスキップすると、起動時間とJSPのコンパイル時間が短縮されます。
02-Nov-2023 19:57:57.602 情報 [main] org.apache.catalina.startup.HostConfig.deployDirectory ディレクトリ [C:\apache-tomcat-9.0.82\webapps\kakeiboapp] の Web アプリケーションの配備は [564] ミリ秒で完了しました。
02-Nov-2023 19:57:57.603 情報 [main] org.apache.catalina.startup.HostConfig.deployDirectory Web アプリケーションディレクトリ [C:\apache-tomcat-9.0.82\webapps\manager] を配備します
02-Nov-2023 19:57:57.976 情報 [main] org.apache.jasper.servlet.TldScanner.scanJars 少なくとも1つのJARでTLDをスキャンしましたが、TLDが含まれていませんでした。スキャンしたもののTLDが見つからなかったJARの完全なリストについては、このロガーのデバッグログを有効にしてください。スキャン中に不要なJARをスキップすると、起動時間とJSPのコンパイル時間が短縮されます。
02-Nov-2023 19:57:57.981 情報 [main] org.apache.catalina.startup.HostConfig.deployDirectory ディレクトリ [C:\apache-tomcat-9.0.82\webapps\manager] の Web アプリケーションの配備は [378] ミリ秒で完了しました。
02-Nov-2023 19:57:57.982 情報 [main] org.apache.catalina.startup.HostConfig.deployDirectory Web アプリケーションディレクトリ [C:\apache-tomcat-9.0.82\webapps\ROOT] を配備します
02-Nov-2023 19:57:58.321 情報 [main] org.apache.jasper.servlet.TldScanner.scanJars 少なくとも1つのJARでTLDをスキャンしましたが、TLDが含まれていませんでした。スキャンしたもののTLDが見つからなかったJARの完全なリストについては、このロガーのデバッグログを有効にしてください。スキャン中に不要なJARをスキップすると、起動時間とJSPのコンパイル時間が短縮されます。
02-Nov-2023 19:57:58.326 情報 [main] org.apache.catalina.startup.HostConfig.deployDirectory ディレクトリ [C:\apache-tomcat-9.0.82\webapps\ROOT] の Web アプリケーションの配備は [344] ミリ秒で完了しました。
02-Nov-2023 19:57:58.333 情報 [main] org.apache.coyote.AbstractProtocol.start プロトコルハンドラー ["http-nio-8080"] を開始しました。
02-Nov-2023 19:57:58.397 情報 [main] org.apache.catalina.startup.Catalina.start サーバーの起動 [5209] ミリ秒
02-Nov-2023 19:59:20.640 情報 [main] org.apache.catalina.core.StandardServer.await 有効なシャットダウンコマンドがシャットダウンポート経由で受信されました。 サーバーインスタンスを停止します。
02-Nov-2023 19:59:20.640 情報 [main] org.apache.coyote.AbstractProtocol.pause ProtocolHandler ["http-nio-8080"] を一時停止します。
02-Nov-2023 19:59:20.652 情報 [main] org.apache.catalina.core.StandardService.stopInternal サービス [Catalina] を停止します
02-Nov-2023 19:59:20.783 情報 [main] org.apache.coyote.AbstractProtocol.stop ProtocolHandler ["http-nio-8080"]の停止中
02-Nov-2023 19:59:20.805 情報 [main] org.apache.coyote.AbstractProtocol.destroy ProtocolHandler ["http-nio-8080"] を破棄します。
02-Nov-2023 20:54:42.360 情報 [main] org.apache.catalina.startup.VersionLoggerListener.log Serverのバージョン名:     Apache Tomcat/9.0.82
02-Nov-2023 20:54:42.368 情報 [main] org.apache.catalina.startup.VersionLoggerListener.log Server ビルド:            Oct 11 2023 13:15:08 UTC
02-Nov-2023 20:54:42.368 情報 [main] org.apache.catalina.startup.VersionLoggerListener.log サーバーのバージョン番号: 9.0.82.0
02-Nov-2023 20:54:42.368 情報 [main] org.apache.catalina.startup.VersionLoggerListener.log OS 名:                    Windows 10
02-Nov-2023 20:54:42.368 情報 [main] org.apache.catalina.startup.VersionLoggerListener.log OS バージョン:            10.0
02-Nov-2023 20:54:42.368 情報 [main] org.apache.catalina.startup.VersionLoggerListener.log アーキテクチャ:           amd64
02-Nov-2023 20:54:42.376 情報 [main] org.apache.catalina.startup.VersionLoggerListener.log Java Home:                C:\Program Files\Java\jdk-20
02-Nov-2023 20:54:42.376 情報 [main] org.apache.catalina.startup.VersionLoggerListener.log JVM バージョン:           20+36-2344
02-Nov-2023 20:54:42.376 情報 [main] org.apache.catalina.startup.VersionLoggerListener.log JVM ベンダ:               Oracle Corporation
02-Nov-2023 20:54:42.379 情報 [main] org.apache.catalina.startup.VersionLoggerListener.log CATALINA_BASE:            C:\apache-tomcat-9.0.82
02-Nov-2023 20:54:42.379 情報 [main] org.apache.catalina.startup.VersionLoggerListener.log CATALINA_HOME:            C:\apache-tomcat-9.0.82
02-Nov-2023 20:54:42.383 情報 [main] org.apache.catalina.startup.VersionLoggerListener.log コマンドライン引数:       --add-opens=java.base/java.lang=ALL-UNNAMED
02-Nov-2023 20:54:42.383 情報 [main] org.apache.catalina.startup.VersionLoggerListener.log コマンドライン引数:       --add-opens=java.base/java.io=ALL-UNNAMED
02-Nov-2023 20:54:42.397 情報 [main] org.apache.catalina.startup.VersionLoggerListener.log コマンドライン引数:       --add-opens=java.base/java.util=ALL-UNNAMED
02-Nov-2023 20:54:42.398 情報 [main] org.apache.catalina.startup.VersionLoggerListener.log コマンドライン引数:       --add-opens=java.base/java.util.concurrent=ALL-UNNAMED
02-Nov-2023 20:54:42.400 情報 [main] org.apache.catalina.startup.VersionLoggerListener.log コマンドライン引数:       --add-opens=java.rmi/sun.rmi.transport=ALL-UNNAMED
02-Nov-2023 20:54:42.401 情報 [main] org.apache.catalina.startup.VersionLoggerListener.log コマンドライン引数:       -Djava.util.logging.config.file=C:\apache-tomcat-9.0.82\conf\logging.properties
02-Nov-2023 20:54:42.402 情報 [main] org.apache.catalina.startup.VersionLoggerListener.log コマンドライン引数:       -Djava.util.logging.manager=org.apache.juli.ClassLoaderLogManager
02-Nov-2023 20:54:42.403 情報 [main] org.apache.catalina.startup.VersionLoggerListener.log コマンドライン引数:       -Djdk.tls.ephemeralDHKeySize=2048
02-Nov-2023 20:54:42.404 情報 [main] org.apache.catalina.startup.VersionLoggerListener.log コマンドライン引数:       -Djava.protocol.handler.pkgs=org.apache.catalina.webresources
02-Nov-2023 20:54:42.405 情報 [main] org.apache.catalina.startup.VersionLoggerListener.log コマンドライン引数:       -Dignore.endorsed.dirs=
02-Nov-2023 20:54:42.405 情報 [main] org.apache.catalina.startup.VersionLoggerListener.log コマンドライン引数:       -Dcatalina.base=C:\apache-tomcat-9.0.82
02-Nov-2023 20:54:42.409 情報 [main] org.apache.catalina.startup.VersionLoggerListener.log コマンドライン引数:       -Dcatalina.home=C:\apache-tomcat-9.0.82
02-Nov-2023 20:54:42.413 情報 [main] org.apache.catalina.startup.VersionLoggerListener.log コマンドライン引数:       -Djava.io.tmpdir=C:\apache-tomcat-9.0.82\temp
02-Nov-2023 20:54:42.420 情報 [main] org.apache.catalina.core.AprLifecycleListener.lifecycleEvent APRバージョン[1.7.4]を使用してAPRベースのApache Tomcatネイティブライブラリ[1.2.39]をロードしました。
02-Nov-2023 20:54:42.421 情報 [main] org.apache.catalina.core.AprLifecycleListener.lifecycleEvent APR機能: IPv6 [true]、sendfile [true]、受け入れフィルタ [false]、ランダム [true]、UDS [true]
02-Nov-2023 20:54:42.422 情報 [main] org.apache.catalina.core.AprLifecycleListener.lifecycleEvent APR/OpenSSL設定：useAprConnector [false]、useOpenSSL [true]
02-Nov-2023 20:54:42.433 情報 [main] org.apache.catalina.core.AprLifecycleListener.initializeSSL OpenSSLは [OpenSSL 3.0.11 19 Sep 2023] を正常に初期化しました
02-Nov-2023 20:54:43.090 情報 [main] org.apache.coyote.AbstractProtocol.init プロトコルハンドラ ["http-nio-8080"] を初期化します。
02-Nov-2023 20:54:43.131 情報 [main] org.apache.catalina.startup.Catalina.load サーバーの初期化 [1143] ミリ秒
02-Nov-2023 20:54:43.211 情報 [main] org.apache.catalina.core.StandardService.startInternal サービス [Catalina] を起動します
02-Nov-2023 20:54:43.215 情報 [main] org.apache.catalina.core.StandardEngine.startInternal サーブレットエンジンの起動：[Apache Tomcat/9.0.82]
02-Nov-2023 20:54:43.237 情報 [main] org.apache.catalina.startup.HostConfig.deployDirectory Web アプリケーションディレクトリ [C:\apache-tomcat-9.0.82\webapps\dbweb] を配備します
02-Nov-2023 20:54:44.294 情報 [main] org.apache.jasper.servlet.TldScanner.scanJars 少なくとも1つのJARでTLDをスキャンしましたが、TLDが含まれていませんでした。スキャンしたもののTLDが見つからなかったJARの完全なリストについては、このロガーのデバッグログを有効にしてください。スキャン中に不要なJARをスキップすると、起動時間とJSPのコンパイル時間が短縮されます。
02-Nov-2023 20:54:44.428 情報 [main] org.apache.catalina.startup.HostConfig.deployDirectory ディレクトリ [C:\apache-tomcat-9.0.82\webapps\dbweb] の Web アプリケーションの配備は [1,185] ミリ秒で完了しました。
02-Nov-2023 20:54:44.429 情報 [main] org.apache.catalina.startup.HostConfig.deployDirectory Web アプリケーションディレクトリ [C:\apache-tomcat-9.0.82\webapps\docs] を配備します
02-Nov-2023 20:54:44.971 情報 [main] org.apache.jasper.servlet.TldScanner.scanJars 少なくとも1つのJARでTLDをスキャンしましたが、TLDが含まれていませんでした。スキャンしたもののTLDが見つからなかったJARの完全なリストについては、このロガーのデバッグログを有効にしてください。スキャン中に不要なJARをスキップすると、起動時間とJSPのコンパイル時間が短縮されます。
02-Nov-2023 20:54:44.978 情報 [main] org.apache.catalina.startup.HostConfig.deployDirectory ディレクトリ [C:\apache-tomcat-9.0.82\webapps\docs] の Web アプリケーションの配備は [548] ミリ秒で完了しました。
02-Nov-2023 20:54:44.979 情報 [main] org.apache.catalina.startup.HostConfig.deployDirectory Web アプリケーションディレクトリ [C:\apache-tomcat-9.0.82\webapps\examples] を配備します
02-Nov-2023 20:54:45.910 情報 [main] org.apache.jasper.servlet.TldScanner.scanJars 少なくとも1つのJARでTLDをスキャンしましたが、TLDが含まれていませんでした。スキャンしたもののTLDが見つからなかったJARの完全なリストについては、このロガーのデバッグログを有効にしてください。スキャン中に不要なJARをスキップすると、起動時間とJSPのコンパイル時間が短縮されます。
02-Nov-2023 20:54:46.005 情報 [main] org.apache.catalina.startup.HostConfig.deployDirectory ディレクトリ [C:\apache-tomcat-9.0.82\webapps\examples] の Web アプリケーションの配備は [1,024] ミリ秒で完了しました。
02-Nov-2023 20:54:46.005 情報 [main] org.apache.catalina.startup.HostConfig.deployDirectory Web アプリケーションディレクトリ [C:\apache-tomcat-9.0.82\webapps\host-manager] を配備します
02-Nov-2023 20:54:46.435 情報 [main] org.apache.jasper.servlet.TldScanner.scanJars 少なくとも1つのJARでTLDをスキャンしましたが、TLDが含まれていませんでした。スキャンしたもののTLDが見つからなかったJARの完全なリストについては、このロガーのデバッグログを有効にしてください。スキャン中に不要なJARをスキップすると、起動時間とJSPのコンパイル時間が短縮されます。
02-Nov-2023 20:54:46.447 情報 [main] org.apache.catalina.startup.HostConfig.deployDirectory ディレクトリ [C:\apache-tomcat-9.0.82\webapps\host-manager] の Web アプリケーションの配備は [442] ミリ秒で完了しました。
02-Nov-2023 20:54:46.450 情報 [main] org.apache.catalina.startup.HostConfig.deployDirectory Web アプリケーションディレクトリ [C:\apache-tomcat-9.0.82\webapps\javaweb] を配備します
02-Nov-2023 20:54:46.955 情報 [main] org.apache.jasper.servlet.TldScanner.scanJars 少なくとも1つのJARでTLDをスキャンしましたが、TLDが含まれていませんでした。スキャンしたもののTLDが見つからなかったJARの完全なリストについては、このロガーのデバッグログを有効にしてください。スキャン中に不要なJARをスキップすると、起動時間とJSPのコンパイル時間が短縮されます。
02-Nov-2023 20:54:46.958 情報 [main] org.apache.catalina.startup.HostConfig.deployDirectory ディレクトリ [C:\apache-tomcat-9.0.82\webapps\javaweb] の Web アプリケーションの配備は [509] ミリ秒で完了しました。
02-Nov-2023 20:54:46.968 情報 [main] org.apache.catalina.startup.HostConfig.deployDirectory Web アプリケーションディレクトリ [C:\apache-tomcat-9.0.82\webapps\kakeiboapp] を配備します
02-Nov-2023 20:54:47.509 情報 [main] org.apache.jasper.servlet.TldScanner.scanJars 少なくとも1つのJARでTLDをスキャンしましたが、TLDが含まれていませんでした。スキャンしたもののTLDが見つからなかったJARの完全なリストについては、このロガーのデバッグログを有効にしてください。スキャン中に不要なJARをスキップすると、起動時間とJSPのコンパイル時間が短縮されます。
02-Nov-2023 20:54:47.541 情報 [main] org.apache.catalina.startup.HostConfig.deployDirectory ディレクトリ [C:\apache-tomcat-9.0.82\webapps\kakeiboapp] の Web アプリケーションの配備は [573] ミリ秒で完了しました。
02-Nov-2023 20:54:47.544 情報 [main] org.apache.catalina.startup.HostConfig.deployDirectory Web アプリケーションディレクトリ [C:\apache-tomcat-9.0.82\webapps\manager] を配備します
02-Nov-2023 20:54:48.073 情報 [main] org.apache.jasper.servlet.TldScanner.scanJars 少なくとも1つのJARでTLDをスキャンしましたが、TLDが含まれていませんでした。スキャンしたもののTLDが見つからなかったJARの完全なリストについては、このロガーのデバッグログを有効にしてください。スキャン中に不要なJARをスキップすると、起動時間とJSPのコンパイル時間が短縮されます。
02-Nov-2023 20:54:48.085 情報 [main] org.apache.catalina.startup.HostConfig.deployDirectory ディレクトリ [C:\apache-tomcat-9.0.82\webapps\manager] の Web アプリケーションの配備は [541] ミリ秒で完了しました。
02-Nov-2023 20:54:48.086 情報 [main] org.apache.catalina.startup.HostConfig.deployDirectory Web アプリケーションディレクトリ [C:\apache-tomcat-9.0.82\webapps\ROOT] を配備します
02-Nov-2023 20:54:48.530 情報 [main] org.apache.jasper.servlet.TldScanner.scanJars 少なくとも1つのJARでTLDをスキャンしましたが、TLDが含まれていませんでした。スキャンしたもののTLDが見つからなかったJARの完全なリストについては、このロガーのデバッグログを有効にしてください。スキャン中に不要なJARをスキップすると、起動時間とJSPのコンパイル時間が短縮されます。
02-Nov-2023 20:54:48.538 情報 [main] org.apache.catalina.startup.HostConfig.deployDirectory ディレクトリ [C:\apache-tomcat-9.0.82\webapps\ROOT] の Web アプリケーションの配備は [452] ミリ秒で完了しました。
02-Nov-2023 20:54:48.544 情報 [main] org.apache.coyote.AbstractProtocol.start プロトコルハンドラー ["http-nio-8080"] を開始しました。
02-Nov-2023 20:54:48.666 情報 [main] org.apache.catalina.startup.Catalina.start サーバーの起動 [5532] ミリ秒
02-Nov-2023 20:56:35.810 情報 [main] org.apache.catalina.core.StandardServer.await 有効なシャットダウンコマンドがシャットダウンポート経由で受信されました。 サーバーインスタンスを停止します。
02-Nov-2023 20:56:35.811 情報 [main] org.apache.coyote.AbstractProtocol.pause ProtocolHandler ["http-nio-8080"] を一時停止します。
02-Nov-2023 20:56:35.834 情報 [main] org.apache.catalina.core.StandardService.stopInternal サービス [Catalina] を停止します
02-Nov-2023 20:56:35.928 情報 [main] org.apache.coyote.AbstractProtocol.stop ProtocolHandler ["http-nio-8080"]の停止中
02-Nov-2023 20:56:35.940 情報 [main] org.apache.coyote.AbstractProtocol.destroy ProtocolHandler ["http-nio-8080"] を破棄します。
02-Nov-2023 22:21:47.984 情報 [main] org.apache.catalina.startup.VersionLoggerListener.log Serverのバージョン名:     Apache Tomcat/9.0.82
02-Nov-2023 22:21:47.990 情報 [main] org.apache.catalina.startup.VersionLoggerListener.log Server ビルド:            Oct 11 2023 13:15:08 UTC
02-Nov-2023 22:21:47.993 情報 [main] org.apache.catalina.startup.VersionLoggerListener.log サーバーのバージョン番号: 9.0.82.0
02-Nov-2023 22:21:47.993 情報 [main] org.apache.catalina.startup.VersionLoggerListener.log OS 名:                    Windows 10
02-Nov-2023 22:21:47.993 情報 [main] org.apache.catalina.startup.VersionLoggerListener.log OS バージョン:            10.0
02-Nov-2023 22:21:47.993 情報 [main] org.apache.catalina.startup.VersionLoggerListener.log アーキテクチャ:           amd64
02-Nov-2023 22:21:47.996 情報 [main] org.apache.catalina.startup.VersionLoggerListener.log Java Home:                C:\Program Files\Java\jdk-20
02-Nov-2023 22:21:47.997 情報 [main] org.apache.catalina.startup.VersionLoggerListener.log JVM バージョン:           20+36-2344
02-Nov-2023 22:21:47.997 情報 [main] org.apache.catalina.startup.VersionLoggerListener.log JVM ベンダ:               Oracle Corporation
02-Nov-2023 22:21:47.997 情報 [main] org.apache.catalina.startup.VersionLoggerListener.log CATALINA_BASE:            C:\apache-tomcat-9.0.82
02-Nov-2023 22:21:47.997 情報 [main] org.apache.catalina.startup.VersionLoggerListener.log CATALINA_HOME:            C:\apache-tomcat-9.0.82
02-Nov-2023 22:21:48.018 情報 [main] org.apache.catalina.startup.VersionLoggerListener.log コマンドライン引数:       --add-opens=java.base/java.lang=ALL-UNNAMED
02-Nov-2023 22:21:48.018 情報 [main] org.apache.catalina.startup.VersionLoggerListener.log コマンドライン引数:       --add-opens=java.base/java.io=ALL-UNNAMED
02-Nov-2023 22:21:48.018 情報 [main] org.apache.catalina.startup.VersionLoggerListener.log コマンドライン引数:       --add-opens=java.base/java.util=ALL-UNNAMED
02-Nov-2023 22:21:48.019 情報 [main] org.apache.catalina.startup.VersionLoggerListener.log コマンドライン引数:       --add-opens=java.base/java.util.concurrent=ALL-UNNAMED
02-Nov-2023 22:21:48.020 情報 [main] org.apache.catalina.startup.VersionLoggerListener.log コマンドライン引数:       --add-opens=java.rmi/sun.rmi.transport=ALL-UNNAMED
02-Nov-2023 22:21:48.023 情報 [main] org.apache.catalina.startup.VersionLoggerListener.log コマンドライン引数:       -Djava.util.logging.config.file=C:\apache-tomcat-9.0.82\conf\logging.properties
02-Nov-2023 22:21:48.025 情報 [main] org.apache.catalina.startup.VersionLoggerListener.log コマンドライン引数:       -Djava.util.logging.manager=org.apache.juli.ClassLoaderLogManager
02-Nov-2023 22:21:48.027 情報 [main] org.apache.catalina.startup.VersionLoggerListener.log コマンドライン引数:       -Djdk.tls.ephemeralDHKeySize=2048
02-Nov-2023 22:21:48.031 情報 [main] org.apache.catalina.startup.VersionLoggerListener.log コマンドライン引数:       -Djava.protocol.handler.pkgs=org.apache.catalina.webresources
02-Nov-2023 22:21:48.032 情報 [main] org.apache.catalina.startup.VersionLoggerListener.log コマンドライン引数:       -Dignore.endorsed.dirs=
02-Nov-2023 22:21:48.033 情報 [main] org.apache.catalina.startup.VersionLoggerListener.log コマンドライン引数:       -Dcatalina.base=C:\apache-tomcat-9.0.82
02-Nov-2023 22:21:48.033 情報 [main] org.apache.catalina.startup.VersionLoggerListener.log コマンドライン引数:       -Dcatalina.home=C:\apache-tomcat-9.0.82
02-Nov-2023 22:21:48.034 情報 [main] org.apache.catalina.startup.VersionLoggerListener.log コマンドライン引数:       -Djava.io.tmpdir=C:\apache-tomcat-9.0.82\temp
02-Nov-2023 22:21:48.039 情報 [main] org.apache.catalina.core.AprLifecycleListener.lifecycleEvent APRバージョン[1.7.4]を使用してAPRベースのApache Tomcatネイティブライブラリ[1.2.39]をロードしました。
02-Nov-2023 22:21:48.040 情報 [main] org.apache.catalina.core.AprLifecycleListener.lifecycleEvent APR機能: IPv6 [true]、sendfile [true]、受け入れフィルタ [false]、ランダム [true]、UDS [true]
02-Nov-2023 22:21:48.040 情報 [main] org.apache.catalina.core.AprLifecycleListener.lifecycleEvent APR/OpenSSL設定：useAprConnector [false]、useOpenSSL [true]
02-Nov-2023 22:21:48.062 情報 [main] org.apache.catalina.core.AprLifecycleListener.initializeSSL OpenSSLは [OpenSSL 3.0.11 19 Sep 2023] を正常に初期化しました
02-Nov-2023 22:21:48.564 情報 [main] org.apache.coyote.AbstractProtocol.init プロトコルハンドラ ["http-nio-8080"] を初期化します。
02-Nov-2023 22:21:48.603 情報 [main] org.apache.catalina.startup.Catalina.load サーバーの初期化 [985] ミリ秒
02-Nov-2023 22:21:48.673 情報 [main] org.apache.catalina.core.StandardService.startInternal サービス [Catalina] を起動します
02-Nov-2023 22:21:48.673 情報 [main] org.apache.catalina.core.StandardEngine.startInternal サーブレットエンジンの起動：[Apache Tomcat/9.0.82]
02-Nov-2023 22:21:48.692 情報 [main] org.apache.catalina.startup.HostConfig.deployDirectory Web アプリケーションディレクトリ [C:\apache-tomcat-9.0.82\webapps\dbweb] を配備します
02-Nov-2023 22:21:49.821 情報 [main] org.apache.jasper.servlet.TldScanner.scanJars 少なくとも1つのJARでTLDをスキャンしましたが、TLDが含まれていませんでした。スキャンしたもののTLDが見つからなかったJARの完全なリストについては、このロガーのデバッグログを有効にしてください。スキャン中に不要なJARをスキップすると、起動時間とJSPのコンパイル時間が短縮されます。
02-Nov-2023 22:21:49.962 情報 [main] org.apache.catalina.startup.HostConfig.deployDirectory ディレクトリ [C:\apache-tomcat-9.0.82\webapps\dbweb] の Web アプリケーションの配備は [1,271] ミリ秒で完了しました。
02-Nov-2023 22:21:49.963 情報 [main] org.apache.catalina.startup.HostConfig.deployDirectory Web アプリケーションディレクトリ [C:\apache-tomcat-9.0.82\webapps\docs] を配備します
02-Nov-2023 22:21:50.442 情報 [main] org.apache.jasper.servlet.TldScanner.scanJars 少なくとも1つのJARでTLDをスキャンしましたが、TLDが含まれていませんでした。スキャンしたもののTLDが見つからなかったJARの完全なリストについては、このロガーのデバッグログを有効にしてください。スキャン中に不要なJARをスキップすると、起動時間とJSPのコンパイル時間が短縮されます。
02-Nov-2023 22:21:50.453 情報 [main] org.apache.catalina.startup.HostConfig.deployDirectory ディレクトリ [C:\apache-tomcat-9.0.82\webapps\docs] の Web アプリケーションの配備は [490] ミリ秒で完了しました。
02-Nov-2023 22:21:50.453 情報 [main] org.apache.catalina.startup.HostConfig.deployDirectory Web アプリケーションディレクトリ [C:\apache-tomcat-9.0.82\webapps\examples] を配備します
02-Nov-2023 22:21:51.163 情報 [main] org.apache.jasper.servlet.TldScanner.scanJars 少なくとも1つのJARでTLDをスキャンしましたが、TLDが含まれていませんでした。スキャンしたもののTLDが見つからなかったJARの完全なリストについては、このロガーのデバッグログを有効にしてください。スキャン中に不要なJARをスキップすると、起動時間とJSPのコンパイル時間が短縮されます。
02-Nov-2023 22:21:51.253 情報 [main] org.apache.catalina.startup.HostConfig.deployDirectory ディレクトリ [C:\apache-tomcat-9.0.82\webapps\examples] の Web アプリケーションの配備は [800] ミリ秒で完了しました。
02-Nov-2023 22:21:51.262 情報 [main] org.apache.catalina.startup.HostConfig.deployDirectory Web アプリケーションディレクトリ [C:\apache-tomcat-9.0.82\webapps\host-manager] を配備します
02-Nov-2023 22:21:51.717 情報 [main] org.apache.jasper.servlet.TldScanner.scanJars 少なくとも1つのJARでTLDをスキャンしましたが、TLDが含まれていませんでした。スキャンしたもののTLDが見つからなかったJARの完全なリストについては、このロガーのデバッグログを有効にしてください。スキャン中に不要なJARをスキップすると、起動時間とJSPのコンパイル時間が短縮されます。
02-Nov-2023 22:21:51.728 情報 [main] org.apache.catalina.startup.HostConfig.deployDirectory ディレクトリ [C:\apache-tomcat-9.0.82\webapps\host-manager] の Web アプリケーションの配備は [466] ミリ秒で完了しました。
02-Nov-2023 22:21:51.733 情報 [main] org.apache.catalina.startup.HostConfig.deployDirectory Web アプリケーションディレクトリ [C:\apache-tomcat-9.0.82\webapps\javaweb] を配備します
02-Nov-2023 22:21:52.208 情報 [main] org.apache.jasper.servlet.TldScanner.scanJars 少なくとも1つのJARでTLDをスキャンしましたが、TLDが含まれていませんでした。スキャンしたもののTLDが見つからなかったJARの完全なリストについては、このロガーのデバッグログを有効にしてください。スキャン中に不要なJARをスキップすると、起動時間とJSPのコンパイル時間が短縮されます。
02-Nov-2023 22:21:52.214 情報 [main] org.apache.catalina.startup.HostConfig.deployDirectory ディレクトリ [C:\apache-tomcat-9.0.82\webapps\javaweb] の Web アプリケーションの配備は [483] ミリ秒で完了しました。
02-Nov-2023 22:21:52.215 情報 [main] org.apache.catalina.startup.HostConfig.deployDirectory Web アプリケーションディレクトリ [C:\apache-tomcat-9.0.82\webapps\kakeiboapp] を配備します
02-Nov-2023 22:21:52.660 情報 [main] org.apache.jasper.servlet.TldScanner.scanJars 少なくとも1つのJARでTLDをスキャンしましたが、TLDが含まれていませんでした。スキャンしたもののTLDが見つからなかったJARの完全なリストについては、このロガーのデバッグログを有効にしてください。スキャン中に不要なJARをスキップすると、起動時間とJSPのコンパイル時間が短縮されます。
02-Nov-2023 22:21:52.689 情報 [main] org.apache.catalina.startup.HostConfig.deployDirectory ディレクトリ [C:\apache-tomcat-9.0.82\webapps\kakeiboapp] の Web アプリケーションの配備は [473] ミリ秒で完了しました。
02-Nov-2023 22:21:52.690 情報 [main] org.apache.catalina.startup.HostConfig.deployDirectory Web アプリケーションディレクトリ [C:\apache-tomcat-9.0.82\webapps\manager] を配備します
02-Nov-2023 22:21:53.072 情報 [main] org.apache.jasper.servlet.TldScanner.scanJars 少なくとも1つのJARでTLDをスキャンしましたが、TLDが含まれていませんでした。スキャンしたもののTLDが見つからなかったJARの完全なリストについては、このロガーのデバッグログを有効にしてください。スキャン中に不要なJARをスキップすると、起動時間とJSPのコンパイル時間が短縮されます。
02-Nov-2023 22:21:53.079 情報 [main] org.apache.catalina.startup.HostConfig.deployDirectory ディレクトリ [C:\apache-tomcat-9.0.82\webapps\manager] の Web アプリケーションの配備は [388] ミリ秒で完了しました。
02-Nov-2023 22:21:53.080 情報 [main] org.apache.catalina.startup.HostConfig.deployDirectory Web アプリケーションディレクトリ [C:\apache-tomcat-9.0.82\webapps\ROOT] を配備します
02-Nov-2023 22:21:53.424 情報 [main] org.apache.jasper.servlet.TldScanner.scanJars 少なくとも1つのJARでTLDをスキャンしましたが、TLDが含まれていませんでした。スキャンしたもののTLDが見つからなかったJARの完全なリストについては、このロガーのデバッグログを有効にしてください。スキャン中に不要なJARをスキップすると、起動時間とJSPのコンパイル時間が短縮されます。
02-Nov-2023 22:21:53.428 情報 [main] org.apache.catalina.startup.HostConfig.deployDirectory ディレクトリ [C:\apache-tomcat-9.0.82\webapps\ROOT] の Web アプリケーションの配備は [348] ミリ秒で完了しました。
02-Nov-2023 22:21:53.436 情報 [main] org.apache.coyote.AbstractProtocol.start プロトコルハンドラー ["http-nio-8080"] を開始しました。
02-Nov-2023 22:21:53.503 情報 [main] org.apache.catalina.startup.Catalina.start サーバーの起動 [4896] ミリ秒
02-Nov-2023 22:28:32.195 情報 [main] org.apache.catalina.core.StandardServer.await 有効なシャットダウンコマンドがシャットダウンポート経由で受信されました。 サーバーインスタンスを停止します。
02-Nov-2023 22:28:32.196 情報 [main] org.apache.coyote.AbstractProtocol.pause ProtocolHandler ["http-nio-8080"] を一時停止します。
02-Nov-2023 22:28:32.215 情報 [main] org.apache.catalina.core.StandardService.stopInternal サービス [Catalina] を停止します
02-Nov-2023 22:28:32.315 情報 [main] org.apache.coyote.AbstractProtocol.stop ProtocolHandler ["http-nio-8080"]の停止中
02-Nov-2023 22:28:32.328 情報 [main] org.apache.coyote.AbstractProtocol.destroy ProtocolHandler ["http-nio-8080"] を破棄します。
02-Nov-2023 22:31:10.492 情報 [main] org.apache.catalina.startup.VersionLoggerListener.log Serverのバージョン名:     Apache Tomcat/9.0.82
02-Nov-2023 22:31:10.511 情報 [main] org.apache.catalina.startup.VersionLoggerListener.log Server ビルド:            Oct 11 2023 13:15:08 UTC
02-Nov-2023 22:31:10.514 情報 [main] org.apache.catalina.startup.VersionLoggerListener.log サーバーのバージョン番号: 9.0.82.0
02-Nov-2023 22:31:10.514 情報 [main] org.apache.catalina.startup.VersionLoggerListener.log OS 名:                    Windows 10
02-Nov-2023 22:31:10.516 情報 [main] org.apache.catalina.startup.VersionLoggerListener.log OS バージョン:            10.0
02-Nov-2023 22:31:10.516 情報 [main] org.apache.catalina.startup.VersionLoggerListener.log アーキテクチャ:           amd64
02-Nov-2023 22:31:10.517 情報 [main] org.apache.catalina.startup.VersionLoggerListener.log Java Home:                C:\Program Files\Java\jdk-20
02-Nov-2023 22:31:10.517 情報 [main] org.apache.catalina.startup.VersionLoggerListener.log JVM バージョン:           20+36-2344
02-Nov-2023 22:31:10.517 情報 [main] org.apache.catalina.startup.VersionLoggerListener.log JVM ベンダ:               Oracle Corporation
02-Nov-2023 22:31:10.518 情報 [main] org.apache.catalina.startup.VersionLoggerListener.log CATALINA_BASE:            C:\apache-tomcat-9.0.82
02-Nov-2023 22:31:10.518 情報 [main] org.apache.catalina.startup.VersionLoggerListener.log CATALINA_HOME:            C:\apache-tomcat-9.0.82
02-Nov-2023 22:31:10.534 情報 [main] org.apache.catalina.startup.VersionLoggerListener.log コマンドライン引数:       --add-opens=java.base/java.lang=ALL-UNNAMED
02-Nov-2023 22:31:10.535 情報 [main] org.apache.catalina.startup.VersionLoggerListener.log コマンドライン引数:       --add-opens=java.base/java.io=ALL-UNNAMED
02-Nov-2023 22:31:10.535 情報 [main] org.apache.catalina.startup.VersionLoggerListener.log コマンドライン引数:       --add-opens=java.base/java.util=ALL-UNNAMED
02-Nov-2023 22:31:10.537 情報 [main] org.apache.catalina.startup.VersionLoggerListener.log コマンドライン引数:       --add-opens=java.base/java.util.concurrent=ALL-UNNAMED
02-Nov-2023 22:31:10.538 情報 [main] org.apache.catalina.startup.VersionLoggerListener.log コマンドライン引数:       --add-opens=java.rmi/sun.rmi.transport=ALL-UNNAMED
02-Nov-2023 22:31:10.538 情報 [main] org.apache.catalina.startup.VersionLoggerListener.log コマンドライン引数:       -Djava.util.logging.config.file=C:\apache-tomcat-9.0.82\conf\logging.properties
02-Nov-2023 22:31:10.538 情報 [main] org.apache.catalina.startup.VersionLoggerListener.log コマンドライン引数:       -Djava.util.logging.manager=org.apache.juli.ClassLoaderLogManager
02-Nov-2023 22:31:10.538 情報 [main] org.apache.catalina.startup.VersionLoggerListener.log コマンドライン引数:       -Djdk.tls.ephemeralDHKeySize=2048
02-Nov-2023 22:31:10.546 情報 [main] org.apache.catalina.startup.VersionLoggerListener.log コマンドライン引数:       -Djava.protocol.handler.pkgs=org.apache.catalina.webresources
02-Nov-2023 22:31:10.547 情報 [main] org.apache.catalina.startup.VersionLoggerListener.log コマンドライン引数:       -Dignore.endorsed.dirs=
02-Nov-2023 22:31:10.551 情報 [main] org.apache.catalina.startup.VersionLoggerListener.log コマンドライン引数:       -Dcatalina.base=C:\apache-tomcat-9.0.82
02-Nov-2023 22:31:10.552 情報 [main] org.apache.catalina.startup.VersionLoggerListener.log コマンドライン引数:       -Dcatalina.home=C:\apache-tomcat-9.0.82
02-Nov-2023 22:31:10.552 情報 [main] org.apache.catalina.startup.VersionLoggerListener.log コマンドライン引数:       -Djava.io.tmpdir=C:\apache-tomcat-9.0.82\temp
02-Nov-2023 22:31:10.557 情報 [main] org.apache.catalina.core.AprLifecycleListener.lifecycleEvent APRバージョン[1.7.4]を使用してAPRベースのApache Tomcatネイティブライブラリ[1.2.39]をロードしました。
02-Nov-2023 22:31:10.558 情報 [main] org.apache.catalina.core.AprLifecycleListener.lifecycleEvent APR機能: IPv6 [true]、sendfile [true]、受け入れフィルタ [false]、ランダム [true]、UDS [true]
02-Nov-2023 22:31:10.559 情報 [main] org.apache.catalina.core.AprLifecycleListener.lifecycleEvent APR/OpenSSL設定：useAprConnector [false]、useOpenSSL [true]
02-Nov-2023 22:31:10.565 情報 [main] org.apache.catalina.core.AprLifecycleListener.initializeSSL OpenSSLは [OpenSSL 3.0.11 19 Sep 2023] を正常に初期化しました
02-Nov-2023 22:31:11.037 情報 [main] org.apache.coyote.AbstractProtocol.init プロトコルハンドラ ["http-nio-8080"] を初期化します。
02-Nov-2023 22:31:11.082 情報 [main] org.apache.catalina.startup.Catalina.load サーバーの初期化 [1041] ミリ秒
02-Nov-2023 22:31:11.153 情報 [main] org.apache.catalina.core.StandardService.startInternal サービス [Catalina] を起動します
02-Nov-2023 22:31:11.153 情報 [main] org.apache.catalina.core.StandardEngine.startInternal サーブレットエンジンの起動：[Apache Tomcat/9.0.82]
02-Nov-2023 22:31:11.172 情報 [main] org.apache.catalina.startup.HostConfig.deployDirectory Web アプリケーションディレクトリ [C:\apache-tomcat-9.0.82\webapps\dbweb] を配備します
02-Nov-2023 22:31:12.189 情報 [main] org.apache.jasper.servlet.TldScanner.scanJars 少なくとも1つのJARでTLDをスキャンしましたが、TLDが含まれていませんでした。スキャンしたもののTLDが見つからなかったJARの完全なリストについては、このロガーのデバッグログを有効にしてください。スキャン中に不要なJARをスキップすると、起動時間とJSPのコンパイル時間が短縮されます。
02-Nov-2023 22:31:12.311 情報 [main] org.apache.catalina.startup.HostConfig.deployDirectory ディレクトリ [C:\apache-tomcat-9.0.82\webapps\dbweb] の Web アプリケーションの配備は [1,139] ミリ秒で完了しました。
02-Nov-2023 22:31:12.318 情報 [main] org.apache.catalina.startup.HostConfig.deployDirectory Web アプリケーションディレクトリ [C:\apache-tomcat-9.0.82\webapps\docs] を配備します
02-Nov-2023 22:31:12.761 情報 [main] org.apache.jasper.servlet.TldScanner.scanJars 少なくとも1つのJARでTLDをスキャンしましたが、TLDが含まれていませんでした。スキャンしたもののTLDが見つからなかったJARの完全なリストについては、このロガーのデバッグログを有効にしてください。スキャン中に不要なJARをスキップすると、起動時間とJSPのコンパイル時間が短縮されます。
02-Nov-2023 22:31:12.773 情報 [main] org.apache.catalina.startup.HostConfig.deployDirectory ディレクトリ [C:\apache-tomcat-9.0.82\webapps\docs] の Web アプリケーションの配備は [454] ミリ秒で完了しました。
02-Nov-2023 22:31:12.773 情報 [main] org.apache.catalina.startup.HostConfig.deployDirectory Web アプリケーションディレクトリ [C:\apache-tomcat-9.0.82\webapps\examples] を配備します
02-Nov-2023 22:31:13.742 情報 [main] org.apache.jasper.servlet.TldScanner.scanJars 少なくとも1つのJARでTLDをスキャンしましたが、TLDが含まれていませんでした。スキャンしたもののTLDが見つからなかったJARの完全なリストについては、このロガーのデバッグログを有効にしてください。スキャン中に不要なJARをスキップすると、起動時間とJSPのコンパイル時間が短縮されます。
02-Nov-2023 22:31:13.931 情報 [main] org.apache.catalina.startup.HostConfig.deployDirectory ディレクトリ [C:\apache-tomcat-9.0.82\webapps\examples] の Web アプリケーションの配備は [1,158] ミリ秒で完了しました。
02-Nov-2023 22:31:13.938 情報 [main] org.apache.catalina.startup.HostConfig.deployDirectory Web アプリケーションディレクトリ [C:\apache-tomcat-9.0.82\webapps\host-manager] を配備します
02-Nov-2023 22:31:15.055 情報 [main] org.apache.jasper.servlet.TldScanner.scanJars 少なくとも1つのJARでTLDをスキャンしましたが、TLDが含まれていませんでした。スキャンしたもののTLDが見つからなかったJARの完全なリストについては、このロガーのデバッグログを有効にしてください。スキャン中に不要なJARをスキップすると、起動時間とJSPのコンパイル時間が短縮されます。
02-Nov-2023 22:31:15.075 情報 [main] org.apache.catalina.startup.HostConfig.deployDirectory ディレクトリ [C:\apache-tomcat-9.0.82\webapps\host-manager] の Web アプリケーションの配備は [1,138] ミリ秒で完了しました。
02-Nov-2023 22:31:15.077 情報 [main] org.apache.catalina.startup.HostConfig.deployDirectory Web アプリケーションディレクトリ [C:\apache-tomcat-9.0.82\webapps\javaweb] を配備します
02-Nov-2023 22:31:16.035 情報 [main] org.apache.jasper.servlet.TldScanner.scanJars 少なくとも1つのJARでTLDをスキャンしましたが、TLDが含まれていませんでした。スキャンしたもののTLDが見つからなかったJARの完全なリストについては、このロガーのデバッグログを有効にしてください。スキャン中に不要なJARをスキップすると、起動時間とJSPのコンパイル時間が短縮されます。
02-Nov-2023 22:31:16.045 情報 [main] org.apache.catalina.startup.HostConfig.deployDirectory ディレクトリ [C:\apache-tomcat-9.0.82\webapps\javaweb] の Web アプリケーションの配備は [968] ミリ秒で完了しました。
02-Nov-2023 22:31:16.045 情報 [main] org.apache.catalina.startup.HostConfig.deployDirectory Web アプリケーションディレクトリ [C:\apache-tomcat-9.0.82\webapps\kakeiboapp] を配備します
02-Nov-2023 22:31:17.077 情報 [main] org.apache.jasper.servlet.TldScanner.scanJars 少なくとも1つのJARでTLDをスキャンしましたが、TLDが含まれていませんでした。スキャンしたもののTLDが見つからなかったJARの完全なリストについては、このロガーのデバッグログを有効にしてください。スキャン中に不要なJARをスキップすると、起動時間とJSPのコンパイル時間が短縮されます。
02-Nov-2023 22:31:17.124 情報 [main] org.apache.catalina.startup.HostConfig.deployDirectory ディレクトリ [C:\apache-tomcat-9.0.82\webapps\kakeiboapp] の Web アプリケーションの配備は [1,079] ミリ秒で完了しました。
02-Nov-2023 22:31:17.130 情報 [main] org.apache.catalina.startup.HostConfig.deployDirectory Web アプリケーションディレクトリ [C:\apache-tomcat-9.0.82\webapps\manager] を配備します
02-Nov-2023 22:31:18.025 情報 [main] org.apache.jasper.servlet.TldScanner.scanJars 少なくとも1つのJARでTLDをスキャンしましたが、TLDが含まれていませんでした。スキャンしたもののTLDが見つからなかったJARの完全なリストについては、このロガーのデバッグログを有効にしてください。スキャン中に不要なJARをスキップすると、起動時間とJSPのコンパイル時間が短縮されます。
02-Nov-2023 22:31:18.033 情報 [main] org.apache.catalina.startup.HostConfig.deployDirectory ディレクトリ [C:\apache-tomcat-9.0.82\webapps\manager] の Web アプリケーションの配備は [903] ミリ秒で完了しました。
02-Nov-2023 22:31:18.039 情報 [main] org.apache.catalina.startup.HostConfig.deployDirectory Web アプリケーションディレクトリ [C:\apache-tomcat-9.0.82\webapps\ROOT] を配備します
02-Nov-2023 22:31:18.973 情報 [main] org.apache.jasper.servlet.TldScanner.scanJars 少なくとも1つのJARでTLDをスキャンしましたが、TLDが含まれていませんでした。スキャンしたもののTLDが見つからなかったJARの完全なリストについては、このロガーのデバッグログを有効にしてください。スキャン中に不要なJARをスキップすると、起動時間とJSPのコンパイル時間が短縮されます。
02-Nov-2023 22:31:18.990 情報 [main] org.apache.catalina.startup.HostConfig.deployDirectory ディレクトリ [C:\apache-tomcat-9.0.82\webapps\ROOT] の Web アプリケーションの配備は [950] ミリ秒で完了しました。
02-Nov-2023 22:31:18.992 情報 [main] org.apache.coyote.AbstractProtocol.start プロトコルハンドラー ["http-nio-8080"] を開始しました。
02-Nov-2023 22:31:19.155 情報 [main] org.apache.catalina.startup.Catalina.start サーバーの起動 [8074] ミリ秒
02-Nov-2023 22:33:02.001 情報 [main] org.apache.catalina.core.StandardServer.await 有効なシャットダウンコマンドがシャットダウンポート経由で受信されました。 サーバーインスタンスを停止します。
02-Nov-2023 22:33:02.002 情報 [main] org.apache.coyote.AbstractProtocol.pause ProtocolHandler ["http-nio-8080"] を一時停止します。
02-Nov-2023 22:33:02.013 情報 [main] org.apache.catalina.core.StandardService.stopInternal サービス [Catalina] を停止します
02-Nov-2023 22:33:02.099 情報 [main] org.apache.coyote.AbstractProtocol.stop ProtocolHandler ["http-nio-8080"]の停止中
02-Nov-2023 22:33:02.119 情報 [main] org.apache.coyote.AbstractProtocol.destroy ProtocolHandler ["http-nio-8080"] を破棄します。
02-Nov-2023 22:35:49.175 情報 [main] org.apache.catalina.startup.VersionLoggerListener.log Serverのバージョン名:     Apache Tomcat/9.0.82
02-Nov-2023 22:35:49.181 情報 [main] org.apache.catalina.startup.VersionLoggerListener.log Server ビルド:            Oct 11 2023 13:15:08 UTC
02-Nov-2023 22:35:49.188 情報 [main] org.apache.catalina.startup.VersionLoggerListener.log サーバーのバージョン番号: 9.0.82.0
02-Nov-2023 22:35:49.189 情報 [main] org.apache.catalina.startup.VersionLoggerListener.log OS 名:                    Windows 10
02-Nov-2023 22:35:49.190 情報 [main] org.apache.catalina.startup.VersionLoggerListener.log OS バージョン:            10.0
02-Nov-2023 22:35:49.191 情報 [main] org.apache.catalina.startup.VersionLoggerListener.log アーキテクチャ:           amd64
02-Nov-2023 22:35:49.191 情報 [main] org.apache.catalina.startup.VersionLoggerListener.log Java Home:                C:\Program Files\Java\jdk-20
02-Nov-2023 22:35:49.192 情報 [main] org.apache.catalina.startup.VersionLoggerListener.log JVM バージョン:           20+36-2344
02-Nov-2023 22:35:49.192 情報 [main] org.apache.catalina.startup.VersionLoggerListener.log JVM ベンダ:               Oracle Corporation
02-Nov-2023 22:35:49.197 情報 [main] org.apache.catalina.startup.VersionLoggerListener.log CATALINA_BASE:            C:\apache-tomcat-9.0.82
02-Nov-2023 22:35:49.206 情報 [main] org.apache.catalina.startup.VersionLoggerListener.log CATALINA_HOME:            C:\apache-tomcat-9.0.82
02-Nov-2023 22:35:49.220 情報 [main] org.apache.catalina.startup.VersionLoggerListener.log コマンドライン引数:       --add-opens=java.base/java.lang=ALL-UNNAMED
02-Nov-2023 22:35:49.221 情報 [main] org.apache.catalina.startup.VersionLoggerListener.log コマンドライン引数:       --add-opens=java.base/java.io=ALL-UNNAMED
02-Nov-2023 22:35:49.222 情報 [main] org.apache.catalina.startup.VersionLoggerListener.log コマンドライン引数:       --add-opens=java.base/java.util=ALL-UNNAMED
02-Nov-2023 22:35:49.224 情報 [main] org.apache.catalina.startup.VersionLoggerListener.log コマンドライン引数:       --add-opens=java.base/java.util.concurrent=ALL-UNNAMED
02-Nov-2023 22:35:49.227 情報 [main] org.apache.catalina.startup.VersionLoggerListener.log コマンドライン引数:       --add-opens=java.rmi/sun.rmi.transport=ALL-UNNAMED
02-Nov-2023 22:35:49.228 情報 [main] org.apache.catalina.startup.VersionLoggerListener.log コマンドライン引数:       -Djava.util.logging.config.file=C:\apache-tomcat-9.0.82\conf\logging.properties
02-Nov-2023 22:35:49.229 情報 [main] org.apache.catalina.startup.VersionLoggerListener.log コマンドライン引数:       -Djava.util.logging.manager=org.apache.juli.ClassLoaderLogManager
02-Nov-2023 22:35:49.235 情報 [main] org.apache.catalina.startup.VersionLoggerListener.log コマンドライン引数:       -Djdk.tls.ephemeralDHKeySize=2048
02-Nov-2023 22:35:49.236 情報 [main] org.apache.catalina.startup.VersionLoggerListener.log コマンドライン引数:       -Djava.protocol.handler.pkgs=org.apache.catalina.webresources
02-Nov-2023 22:35:49.243 情報 [main] org.apache.catalina.startup.VersionLoggerListener.log コマンドライン引数:       -Dignore.endorsed.dirs=
02-Nov-2023 22:35:49.244 情報 [main] org.apache.catalina.startup.VersionLoggerListener.log コマンドライン引数:       -Dcatalina.base=C:\apache-tomcat-9.0.82
02-Nov-2023 22:35:49.245 情報 [main] org.apache.catalina.startup.VersionLoggerListener.log コマンドライン引数:       -Dcatalina.home=C:\apache-tomcat-9.0.82
02-Nov-2023 22:35:49.247 情報 [main] org.apache.catalina.startup.VersionLoggerListener.log コマンドライン引数:       -Djava.io.tmpdir=C:\apache-tomcat-9.0.82\temp
02-Nov-2023 22:35:49.256 情報 [main] org.apache.catalina.core.AprLifecycleListener.lifecycleEvent APRバージョン[1.7.4]を使用してAPRベースのApache Tomcatネイティブライブラリ[1.2.39]をロードしました。
02-Nov-2023 22:35:49.256 情報 [main] org.apache.catalina.core.AprLifecycleListener.lifecycleEvent APR機能: IPv6 [true]、sendfile [true]、受け入れフィルタ [false]、ランダム [true]、UDS [true]
02-Nov-2023 22:35:49.258 情報 [main] org.apache.catalina.core.AprLifecycleListener.lifecycleEvent APR/OpenSSL設定：useAprConnector [false]、useOpenSSL [true]
02-Nov-2023 22:35:49.272 情報 [main] org.apache.catalina.core.AprLifecycleListener.initializeSSL OpenSSLは [OpenSSL 3.0.11 19 Sep 2023] を正常に初期化しました
02-Nov-2023 22:35:50.088 情報 [main] org.apache.coyote.AbstractProtocol.init プロトコルハンドラ ["http-nio-8080"] を初期化します。
02-Nov-2023 22:35:50.144 情報 [main] org.apache.catalina.startup.Catalina.load サーバーの初期化 [1447] ミリ秒
02-Nov-2023 22:35:50.261 情報 [main] org.apache.catalina.core.StandardService.startInternal サービス [Catalina] を起動します
02-Nov-2023 22:35:50.262 情報 [main] org.apache.catalina.core.StandardEngine.startInternal サーブレットエンジンの起動：[Apache Tomcat/9.0.82]
02-Nov-2023 22:35:50.281 情報 [main] org.apache.catalina.startup.HostConfig.deployDirectory Web アプリケーションディレクトリ [C:\apache-tomcat-9.0.82\webapps\dbweb] を配備します
02-Nov-2023 22:35:51.660 情報 [main] org.apache.jasper.servlet.TldScanner.scanJars 少なくとも1つのJARでTLDをスキャンしましたが、TLDが含まれていませんでした。スキャンしたもののTLDが見つからなかったJARの完全なリストについては、このロガーのデバッグログを有効にしてください。スキャン中に不要なJARをスキップすると、起動時間とJSPのコンパイル時間が短縮されます。
02-Nov-2023 22:35:51.813 情報 [main] org.apache.catalina.startup.HostConfig.deployDirectory ディレクトリ [C:\apache-tomcat-9.0.82\webapps\dbweb] の Web アプリケーションの配備は [1,529] ミリ秒で完了しました。
02-Nov-2023 22:35:51.815 情報 [main] org.apache.catalina.startup.HostConfig.deployDirectory Web アプリケーションディレクトリ [C:\apache-tomcat-9.0.82\webapps\docs] を配備します
02-Nov-2023 22:35:52.397 情報 [main] org.apache.jasper.servlet.TldScanner.scanJars 少なくとも1つのJARでTLDをスキャンしましたが、TLDが含まれていませんでした。スキャンしたもののTLDが見つからなかったJARの完全なリストについては、このロガーのデバッグログを有効にしてください。スキャン中に不要なJARをスキップすると、起動時間とJSPのコンパイル時間が短縮されます。
02-Nov-2023 22:35:52.404 情報 [main] org.apache.catalina.startup.HostConfig.deployDirectory ディレクトリ [C:\apache-tomcat-9.0.82\webapps\docs] の Web アプリケーションの配備は [589] ミリ秒で完了しました。
02-Nov-2023 22:35:52.405 情報 [main] org.apache.catalina.startup.HostConfig.deployDirectory Web アプリケーションディレクトリ [C:\apache-tomcat-9.0.82\webapps\examples] を配備します
02-Nov-2023 22:35:53.344 情報 [main] org.apache.jasper.servlet.TldScanner.scanJars 少なくとも1つのJARでTLDをスキャンしましたが、TLDが含まれていませんでした。スキャンしたもののTLDが見つからなかったJARの完全なリストについては、このロガーのデバッグログを有効にしてください。スキャン中に不要なJARをスキップすると、起動時間とJSPのコンパイル時間が短縮されます。
02-Nov-2023 22:35:53.455 情報 [main] org.apache.catalina.startup.HostConfig.deployDirectory ディレクトリ [C:\apache-tomcat-9.0.82\webapps\examples] の Web アプリケーションの配備は [1,050] ミリ秒で完了しました。
02-Nov-2023 22:35:53.457 情報 [main] org.apache.catalina.startup.HostConfig.deployDirectory Web アプリケーションディレクトリ [C:\apache-tomcat-9.0.82\webapps\host-manager] を配備します
02-Nov-2023 22:35:54.045 情報 [main] org.apache.jasper.servlet.TldScanner.scanJars 少なくとも1つのJARでTLDをスキャンしましたが、TLDが含まれていませんでした。スキャンしたもののTLDが見つからなかったJARの完全なリストについては、このロガーのデバッグログを有効にしてください。スキャン中に不要なJARをスキップすると、起動時間とJSPのコンパイル時間が短縮されます。
02-Nov-2023 22:35:54.058 情報 [main] org.apache.catalina.startup.HostConfig.deployDirectory ディレクトリ [C:\apache-tomcat-9.0.82\webapps\host-manager] の Web アプリケーションの配備は [601] ミリ秒で完了しました。
02-Nov-2023 22:35:54.058 情報 [main] org.apache.catalina.startup.HostConfig.deployDirectory Web アプリケーションディレクトリ [C:\apache-tomcat-9.0.82\webapps\javaweb] を配備します
02-Nov-2023 22:35:54.571 情報 [main] org.apache.jasper.servlet.TldScanner.scanJars 少なくとも1つのJARでTLDをスキャンしましたが、TLDが含まれていませんでした。スキャンしたもののTLDが見つからなかったJARの完全なリストについては、このロガーのデバッグログを有効にしてください。スキャン中に不要なJARをスキップすると、起動時間とJSPのコンパイル時間が短縮されます。
02-Nov-2023 22:35:54.576 情報 [main] org.apache.catalina.startup.HostConfig.deployDirectory ディレクトリ [C:\apache-tomcat-9.0.82\webapps\javaweb] の Web アプリケーションの配備は [518] ミリ秒で完了しました。
02-Nov-2023 22:35:54.577 情報 [main] org.apache.catalina.startup.HostConfig.deployDirectory Web アプリケーションディレクトリ [C:\apache-tomcat-9.0.82\webapps\kakeiboapp] を配備します
02-Nov-2023 22:35:54.967 情報 [main] org.apache.jasper.servlet.TldScanner.scanJars 少なくとも1つのJARでTLDをスキャンしましたが、TLDが含まれていませんでした。スキャンしたもののTLDが見つからなかったJARの完全なリストについては、このロガーのデバッグログを有効にしてください。スキャン中に不要なJARをスキップすると、起動時間とJSPのコンパイル時間が短縮されます。
02-Nov-2023 22:35:54.987 情報 [main] org.apache.catalina.startup.HostConfig.deployDirectory ディレクトリ [C:\apache-tomcat-9.0.82\webapps\kakeiboapp] の Web アプリケーションの配備は [410] ミリ秒で完了しました。
02-Nov-2023 22:35:54.988 情報 [main] org.apache.catalina.startup.HostConfig.deployDirectory Web アプリケーションディレクトリ [C:\apache-tomcat-9.0.82\webapps\manager] を配備します
02-Nov-2023 22:35:55.567 情報 [main] org.apache.jasper.servlet.TldScanner.scanJars 少なくとも1つのJARでTLDをスキャンしましたが、TLDが含まれていませんでした。スキャンしたもののTLDが見つからなかったJARの完全なリストについては、このロガーのデバッグログを有効にしてください。スキャン中に不要なJARをスキップすると、起動時間とJSPのコンパイル時間が短縮されます。
02-Nov-2023 22:35:55.572 情報 [main] org.apache.catalina.startup.HostConfig.deployDirectory ディレクトリ [C:\apache-tomcat-9.0.82\webapps\manager] の Web アプリケーションの配備は [584] ミリ秒で完了しました。
02-Nov-2023 22:35:55.575 情報 [main] org.apache.catalina.startup.HostConfig.deployDirectory Web アプリケーションディレクトリ [C:\apache-tomcat-9.0.82\webapps\ROOT] を配備します
02-Nov-2023 22:35:56.007 情報 [main] org.apache.jasper.servlet.TldScanner.scanJars 少なくとも1つのJARでTLDをスキャンしましたが、TLDが含まれていませんでした。スキャンしたもののTLDが見つからなかったJARの完全なリストについては、このロガーのデバッグログを有効にしてください。スキャン中に不要なJARをスキップすると、起動時間とJSPのコンパイル時間が短縮されます。
02-Nov-2023 22:35:56.012 情報 [main] org.apache.catalina.startup.HostConfig.deployDirectory ディレクトリ [C:\apache-tomcat-9.0.82\webapps\ROOT] の Web アプリケーションの配備は [438] ミリ秒で完了しました。
02-Nov-2023 22:35:56.018 情報 [main] org.apache.coyote.AbstractProtocol.start プロトコルハンドラー ["http-nio-8080"] を開始しました。
02-Nov-2023 22:35:56.106 情報 [main] org.apache.catalina.startup.Catalina.start サーバーの起動 [5959] ミリ秒
02-Nov-2023 22:37:29.538 情報 [main] org.apache.catalina.core.StandardServer.await 有効なシャットダウンコマンドがシャットダウンポート経由で受信されました。 サーバーインスタンスを停止します。
02-Nov-2023 22:37:29.539 情報 [main] org.apache.coyote.AbstractProtocol.pause ProtocolHandler ["http-nio-8080"] を一時停止します。
02-Nov-2023 22:37:29.559 情報 [main] org.apache.catalina.core.StandardService.stopInternal サービス [Catalina] を停止します
02-Nov-2023 22:37:29.665 情報 [main] org.apache.coyote.AbstractProtocol.stop ProtocolHandler ["http-nio-8080"]の停止中
02-Nov-2023 22:37:29.683 情報 [main] org.apache.coyote.AbstractProtocol.destroy ProtocolHandler ["http-nio-8080"] を破棄します。
02-Nov-2023 22:55:38.160 情報 [main] org.apache.catalina.startup.VersionLoggerListener.log Serverのバージョン名:     Apache Tomcat/9.0.82
02-Nov-2023 22:55:38.169 情報 [main] org.apache.catalina.startup.VersionLoggerListener.log Server ビルド:            Oct 11 2023 13:15:08 UTC
02-Nov-2023 22:55:38.169 情報 [main] org.apache.catalina.startup.VersionLoggerListener.log サーバーのバージョン番号: 9.0.82.0
02-Nov-2023 22:55:38.171 情報 [main] org.apache.catalina.startup.VersionLoggerListener.log OS 名:                    Windows 10
02-Nov-2023 22:55:38.172 情報 [main] org.apache.catalina.startup.VersionLoggerListener.log OS バージョン:            10.0
02-Nov-2023 22:55:38.172 情報 [main] org.apache.catalina.startup.VersionLoggerListener.log アーキテクチャ:           amd64
02-Nov-2023 22:55:38.173 情報 [main] org.apache.catalina.startup.VersionLoggerListener.log Java Home:                C:\Program Files\Java\jdk-20
02-Nov-2023 22:55:38.174 情報 [main] org.apache.catalina.startup.VersionLoggerListener.log JVM バージョン:           20+36-2344
02-Nov-2023 22:55:38.174 情報 [main] org.apache.catalina.startup.VersionLoggerListener.log JVM ベンダ:               Oracle Corporation
02-Nov-2023 22:55:38.175 情報 [main] org.apache.catalina.startup.VersionLoggerListener.log CATALINA_BASE:            C:\apache-tomcat-9.0.82
02-Nov-2023 22:55:38.175 情報 [main] org.apache.catalina.startup.VersionLoggerListener.log CATALINA_HOME:            C:\apache-tomcat-9.0.82
02-Nov-2023 22:55:38.188 情報 [main] org.apache.catalina.startup.VersionLoggerListener.log コマンドライン引数:       --add-opens=java.base/java.lang=ALL-UNNAMED
02-Nov-2023 22:55:38.189 情報 [main] org.apache.catalina.startup.VersionLoggerListener.log コマンドライン引数:       --add-opens=java.base/java.io=ALL-UNNAMED
02-Nov-2023 22:55:38.189 情報 [main] org.apache.catalina.startup.VersionLoggerListener.log コマンドライン引数:       --add-opens=java.base/java.util=ALL-UNNAMED
02-Nov-2023 22:55:38.191 情報 [main] org.apache.catalina.startup.VersionLoggerListener.log コマンドライン引数:       --add-opens=java.base/java.util.concurrent=ALL-UNNAMED
02-Nov-2023 22:55:38.193 情報 [main] org.apache.catalina.startup.VersionLoggerListener.log コマンドライン引数:       --add-opens=java.rmi/sun.rmi.transport=ALL-UNNAMED
02-Nov-2023 22:55:38.194 情報 [main] org.apache.catalina.startup.VersionLoggerListener.log コマンドライン引数:       -Djava.util.logging.config.file=C:\apache-tomcat-9.0.82\conf\logging.properties
02-Nov-2023 22:55:38.195 情報 [main] org.apache.catalina.startup.VersionLoggerListener.log コマンドライン引数:       -Djava.util.logging.manager=org.apache.juli.ClassLoaderLogManager
02-Nov-2023 22:55:38.196 情報 [main] org.apache.catalina.startup.VersionLoggerListener.log コマンドライン引数:       -Djdk.tls.ephemeralDHKeySize=2048
02-Nov-2023 22:55:38.199 情報 [main] org.apache.catalina.startup.VersionLoggerListener.log コマンドライン引数:       -Djava.protocol.handler.pkgs=org.apache.catalina.webresources
02-Nov-2023 22:55:38.205 情報 [main] org.apache.catalina.startup.VersionLoggerListener.log コマンドライン引数:       -Dignore.endorsed.dirs=
02-Nov-2023 22:55:38.207 情報 [main] org.apache.catalina.startup.VersionLoggerListener.log コマンドライン引数:       -Dcatalina.base=C:\apache-tomcat-9.0.82
02-Nov-2023 22:55:38.209 情報 [main] org.apache.catalina.startup.VersionLoggerListener.log コマンドライン引数:       -Dcatalina.home=C:\apache-tomcat-9.0.82
02-Nov-2023 22:55:38.210 情報 [main] org.apache.catalina.startup.VersionLoggerListener.log コマンドライン引数:       -Djava.io.tmpdir=C:\apache-tomcat-9.0.82\temp
02-Nov-2023 22:55:38.219 情報 [main] org.apache.catalina.core.AprLifecycleListener.lifecycleEvent APRバージョン[1.7.4]を使用してAPRベースのApache Tomcatネイティブライブラリ[1.2.39]をロードしました。
02-Nov-2023 22:55:38.220 情報 [main] org.apache.catalina.core.AprLifecycleListener.lifecycleEvent APR機能: IPv6 [true]、sendfile [true]、受け入れフィルタ [false]、ランダム [true]、UDS [true]
02-Nov-2023 22:55:38.224 情報 [main] org.apache.catalina.core.AprLifecycleListener.lifecycleEvent APR/OpenSSL設定：useAprConnector [false]、useOpenSSL [true]
02-Nov-2023 22:55:38.231 情報 [main] org.apache.catalina.core.AprLifecycleListener.initializeSSL OpenSSLは [OpenSSL 3.0.11 19 Sep 2023] を正常に初期化しました
02-Nov-2023 22:55:38.729 情報 [main] org.apache.coyote.AbstractProtocol.init プロトコルハンドラ ["http-nio-8080"] を初期化します。
02-Nov-2023 22:55:38.772 情報 [main] org.apache.catalina.startup.Catalina.load サーバーの初期化 [1095] ミリ秒
02-Nov-2023 22:55:38.854 情報 [main] org.apache.catalina.core.StandardService.startInternal サービス [Catalina] を起動します
02-Nov-2023 22:55:38.854 情報 [main] org.apache.catalina.core.StandardEngine.startInternal サーブレットエンジンの起動：[Apache Tomcat/9.0.82]
02-Nov-2023 22:55:38.869 情報 [main] org.apache.catalina.startup.HostConfig.deployDirectory Web アプリケーションディレクトリ [C:\apache-tomcat-9.0.82\webapps\dbweb] を配備します
02-Nov-2023 22:55:39.935 情報 [main] org.apache.jasper.servlet.TldScanner.scanJars 少なくとも1つのJARでTLDをスキャンしましたが、TLDが含まれていませんでした。スキャンしたもののTLDが見つからなかったJARの完全なリストについては、このロガーのデバッグログを有効にしてください。スキャン中に不要なJARをスキップすると、起動時間とJSPのコンパイル時間が短縮されます。
02-Nov-2023 22:55:40.081 情報 [main] org.apache.catalina.startup.HostConfig.deployDirectory ディレクトリ [C:\apache-tomcat-9.0.82\webapps\dbweb] の Web アプリケーションの配備は [1,206] ミリ秒で完了しました。
02-Nov-2023 22:55:40.083 情報 [main] org.apache.catalina.startup.HostConfig.deployDirectory Web アプリケーションディレクトリ [C:\apache-tomcat-9.0.82\webapps\docs] を配備します
02-Nov-2023 22:55:40.609 情報 [main] org.apache.jasper.servlet.TldScanner.scanJars 少なくとも1つのJARでTLDをスキャンしましたが、TLDが含まれていませんでした。スキャンしたもののTLDが見つからなかったJARの完全なリストについては、このロガーのデバッグログを有効にしてください。スキャン中に不要なJARをスキップすると、起動時間とJSPのコンパイル時間が短縮されます。
02-Nov-2023 22:55:40.615 情報 [main] org.apache.catalina.startup.HostConfig.deployDirectory ディレクトリ [C:\apache-tomcat-9.0.82\webapps\docs] の Web アプリケーションの配備は [533] ミリ秒で完了しました。
02-Nov-2023 22:55:40.616 情報 [main] org.apache.catalina.startup.HostConfig.deployDirectory Web アプリケーションディレクトリ [C:\apache-tomcat-9.0.82\webapps\examples] を配備します
02-Nov-2023 22:55:41.438 情報 [main] org.apache.jasper.servlet.TldScanner.scanJars 少なくとも1つのJARでTLDをスキャンしましたが、TLDが含まれていませんでした。スキャンしたもののTLDが見つからなかったJARの完全なリストについては、このロガーのデバッグログを有効にしてください。スキャン中に不要なJARをスキップすると、起動時間とJSPのコンパイル時間が短縮されます。
02-Nov-2023 22:55:41.532 情報 [main] org.apache.catalina.startup.HostConfig.deployDirectory ディレクトリ [C:\apache-tomcat-9.0.82\webapps\examples] の Web アプリケーションの配備は [916] ミリ秒で完了しました。
02-Nov-2023 22:55:41.534 情報 [main] org.apache.catalina.startup.HostConfig.deployDirectory Web アプリケーションディレクトリ [C:\apache-tomcat-9.0.82\webapps\host-manager] を配備します
02-Nov-2023 22:55:41.952 情報 [main] org.apache.jasper.servlet.TldScanner.scanJars 少なくとも1つのJARでTLDをスキャンしましたが、TLDが含まれていませんでした。スキャンしたもののTLDが見つからなかったJARの完全なリストについては、このロガーのデバッグログを有効にしてください。スキャン中に不要なJARをスキップすると、起動時間とJSPのコンパイル時間が短縮されます。
02-Nov-2023 22:55:41.966 情報 [main] org.apache.catalina.startup.HostConfig.deployDirectory ディレクトリ [C:\apache-tomcat-9.0.82\webapps\host-manager] の Web アプリケーションの配備は [432] ミリ秒で完了しました。
02-Nov-2023 22:55:41.968 情報 [main] org.apache.catalina.startup.HostConfig.deployDirectory Web アプリケーションディレクトリ [C:\apache-tomcat-9.0.82\webapps\javaweb] を配備します
02-Nov-2023 22:55:42.409 情報 [main] org.apache.jasper.servlet.TldScanner.scanJars 少なくとも1つのJARでTLDをスキャンしましたが、TLDが含まれていませんでした。スキャンしたもののTLDが見つからなかったJARの完全なリストについては、このロガーのデバッグログを有効にしてください。スキャン中に不要なJARをスキップすると、起動時間とJSPのコンパイル時間が短縮されます。
02-Nov-2023 22:55:42.416 情報 [main] org.apache.catalina.startup.HostConfig.deployDirectory ディレクトリ [C:\apache-tomcat-9.0.82\webapps\javaweb] の Web アプリケーションの配備は [450] ミリ秒で完了しました。
02-Nov-2023 22:55:42.416 情報 [main] org.apache.catalina.startup.HostConfig.deployDirectory Web アプリケーションディレクトリ [C:\apache-tomcat-9.0.82\webapps\kakeiboapp] を配備します
02-Nov-2023 22:55:42.925 情報 [main] org.apache.jasper.servlet.TldScanner.scanJars 少なくとも1つのJARでTLDをスキャンしましたが、TLDが含まれていませんでした。スキャンしたもののTLDが見つからなかったJARの完全なリストについては、このロガーのデバッグログを有効にしてください。スキャン中に不要なJARをスキップすると、起動時間とJSPのコンパイル時間が短縮されます。
02-Nov-2023 22:55:42.952 情報 [main] org.apache.catalina.startup.HostConfig.deployDirectory ディレクトリ [C:\apache-tomcat-9.0.82\webapps\kakeiboapp] の Web アプリケーションの配備は [536] ミリ秒で完了しました。
02-Nov-2023 22:55:42.954 情報 [main] org.apache.catalina.startup.HostConfig.deployDirectory Web アプリケーションディレクトリ [C:\apache-tomcat-9.0.82\webapps\manager] を配備します
02-Nov-2023 22:55:43.276 情報 [main] org.apache.jasper.servlet.TldScanner.scanJars 少なくとも1つのJARでTLDをスキャンしましたが、TLDが含まれていませんでした。スキャンしたもののTLDが見つからなかったJARの完全なリストについては、このロガーのデバッグログを有効にしてください。スキャン中に不要なJARをスキップすると、起動時間とJSPのコンパイル時間が短縮されます。
02-Nov-2023 22:55:43.294 情報 [main] org.apache.catalina.startup.HostConfig.deployDirectory ディレクトリ [C:\apache-tomcat-9.0.82\webapps\manager] の Web アプリケーションの配備は [339] ミリ秒で完了しました。
02-Nov-2023 22:55:43.295 情報 [main] org.apache.catalina.startup.HostConfig.deployDirectory Web アプリケーションディレクトリ [C:\apache-tomcat-9.0.82\webapps\ROOT] を配備します
02-Nov-2023 22:55:43.605 情報 [main] org.apache.jasper.servlet.TldScanner.scanJars 少なくとも1つのJARでTLDをスキャンしましたが、TLDが含まれていませんでした。スキャンしたもののTLDが見つからなかったJARの完全なリストについては、このロガーのデバッグログを有効にしてください。スキャン中に不要なJARをスキップすると、起動時間とJSPのコンパイル時間が短縮されます。
02-Nov-2023 22:55:43.612 情報 [main] org.apache.catalina.startup.HostConfig.deployDirectory ディレクトリ [C:\apache-tomcat-9.0.82\webapps\ROOT] の Web アプリケーションの配備は [317] ミリ秒で完了しました。
02-Nov-2023 22:55:43.617 情報 [main] org.apache.coyote.AbstractProtocol.start プロトコルハンドラー ["http-nio-8080"] を開始しました。
02-Nov-2023 22:55:43.682 情報 [main] org.apache.catalina.startup.Catalina.start サーバーの起動 [4903] ミリ秒
02-Nov-2023 22:59:57.959 情報 [main] org.apache.catalina.core.StandardServer.await 有効なシャットダウンコマンドがシャットダウンポート経由で受信されました。 サーバーインスタンスを停止します。
02-Nov-2023 22:59:57.960 情報 [main] org.apache.coyote.AbstractProtocol.pause ProtocolHandler ["http-nio-8080"] を一時停止します。
02-Nov-2023 22:59:57.980 情報 [main] org.apache.catalina.core.StandardService.stopInternal サービス [Catalina] を停止します
02-Nov-2023 22:59:58.096 情報 [main] org.apache.coyote.AbstractProtocol.stop ProtocolHandler ["http-nio-8080"]の停止中
02-Nov-2023 22:59:58.105 情報 [main] org.apache.coyote.AbstractProtocol.destroy ProtocolHandler ["http-nio-8080"] を破棄します。
02-Nov-2023 23:00:21.183 情報 [main] org.apache.catalina.startup.VersionLoggerListener.log Serverのバージョン名:     Apache Tomcat/9.0.82
02-Nov-2023 23:00:21.188 情報 [main] org.apache.catalina.startup.VersionLoggerListener.log Server ビルド:            Oct 11 2023 13:15:08 UTC
02-Nov-2023 23:00:21.190 情報 [main] org.apache.catalina.startup.VersionLoggerListener.log サーバーのバージョン番号: 9.0.82.0
02-Nov-2023 23:00:21.190 情報 [main] org.apache.catalina.startup.VersionLoggerListener.log OS 名:                    Windows 10
02-Nov-2023 23:00:21.191 情報 [main] org.apache.catalina.startup.VersionLoggerListener.log OS バージョン:            10.0
02-Nov-2023 23:00:21.191 情報 [main] org.apache.catalina.startup.VersionLoggerListener.log アーキテクチャ:           amd64
02-Nov-2023 23:00:21.192 情報 [main] org.apache.catalina.startup.VersionLoggerListener.log Java Home:                C:\Program Files\Java\jdk-20
02-Nov-2023 23:00:21.192 情報 [main] org.apache.catalina.startup.VersionLoggerListener.log JVM バージョン:           20+36-2344
02-Nov-2023 23:00:21.192 情報 [main] org.apache.catalina.startup.VersionLoggerListener.log JVM ベンダ:               Oracle Corporation
02-Nov-2023 23:00:21.193 情報 [main] org.apache.catalina.startup.VersionLoggerListener.log CATALINA_BASE:            C:\apache-tomcat-9.0.82
02-Nov-2023 23:00:21.193 情報 [main] org.apache.catalina.startup.VersionLoggerListener.log CATALINA_HOME:            C:\apache-tomcat-9.0.82
02-Nov-2023 23:00:21.204 情報 [main] org.apache.catalina.startup.VersionLoggerListener.log コマンドライン引数:       --add-opens=java.base/java.lang=ALL-UNNAMED
02-Nov-2023 23:00:21.208 情報 [main] org.apache.catalina.startup.VersionLoggerListener.log コマンドライン引数:       --add-opens=java.base/java.io=ALL-UNNAMED
02-Nov-2023 23:00:21.208 情報 [main] org.apache.catalina.startup.VersionLoggerListener.log コマンドライン引数:       --add-opens=java.base/java.util=ALL-UNNAMED
02-Nov-2023 23:00:21.210 情報 [main] org.apache.catalina.startup.VersionLoggerListener.log コマンドライン引数:       --add-opens=java.base/java.util.concurrent=ALL-UNNAMED
02-Nov-2023 23:00:21.211 情報 [main] org.apache.catalina.startup.VersionLoggerListener.log コマンドライン引数:       --add-opens=java.rmi/sun.rmi.transport=ALL-UNNAMED
02-Nov-2023 23:00:21.212 情報 [main] org.apache.catalina.startup.VersionLoggerListener.log コマンドライン引数:       -Djava.util.logging.config.file=C:\apache-tomcat-9.0.82\conf\logging.properties
02-Nov-2023 23:00:21.214 情報 [main] org.apache.catalina.startup.VersionLoggerListener.log コマンドライン引数:       -Djava.util.logging.manager=org.apache.juli.ClassLoaderLogManager
02-Nov-2023 23:00:21.215 情報 [main] org.apache.catalina.startup.VersionLoggerListener.log コマンドライン引数:       -Djdk.tls.ephemeralDHKeySize=2048
02-Nov-2023 23:00:21.215 情報 [main] org.apache.catalina.startup.VersionLoggerListener.log コマンドライン引数:       -Djava.protocol.handler.pkgs=org.apache.catalina.webresources
02-Nov-2023 23:00:21.216 情報 [main] org.apache.catalina.startup.VersionLoggerListener.log コマンドライン引数:       -Dignore.endorsed.dirs=
02-Nov-2023 23:00:21.217 情報 [main] org.apache.catalina.startup.VersionLoggerListener.log コマンドライン引数:       -Dcatalina.base=C:\apache-tomcat-9.0.82
02-Nov-2023 23:00:21.218 情報 [main] org.apache.catalina.startup.VersionLoggerListener.log コマンドライン引数:       -Dcatalina.home=C:\apache-tomcat-9.0.82
02-Nov-2023 23:00:21.219 情報 [main] org.apache.catalina.startup.VersionLoggerListener.log コマンドライン引数:       -Djava.io.tmpdir=C:\apache-tomcat-9.0.82\temp
02-Nov-2023 23:00:21.224 情報 [main] org.apache.catalina.core.AprLifecycleListener.lifecycleEvent APRバージョン[1.7.4]を使用してAPRベースのApache Tomcatネイティブライブラリ[1.2.39]をロードしました。
02-Nov-2023 23:00:21.225 情報 [main] org.apache.catalina.core.AprLifecycleListener.lifecycleEvent APR機能: IPv6 [true]、sendfile [true]、受け入れフィルタ [false]、ランダム [true]、UDS [true]
02-Nov-2023 23:00:21.225 情報 [main] org.apache.catalina.core.AprLifecycleListener.lifecycleEvent APR/OpenSSL設定：useAprConnector [false]、useOpenSSL [true]
02-Nov-2023 23:00:21.234 情報 [main] org.apache.catalina.core.AprLifecycleListener.initializeSSL OpenSSLは [OpenSSL 3.0.11 19 Sep 2023] を正常に初期化しました
02-Nov-2023 23:00:21.719 情報 [main] org.apache.coyote.AbstractProtocol.init プロトコルハンドラ ["http-nio-8080"] を初期化します。
02-Nov-2023 23:00:21.757 情報 [main] org.apache.catalina.startup.Catalina.load サーバーの初期化 [924] ミリ秒
02-Nov-2023 23:00:21.828 情報 [main] org.apache.catalina.core.StandardService.startInternal サービス [Catalina] を起動します
02-Nov-2023 23:00:21.828 情報 [main] org.apache.catalina.core.StandardEngine.startInternal サーブレットエンジンの起動：[Apache Tomcat/9.0.82]
02-Nov-2023 23:00:21.848 情報 [main] org.apache.catalina.startup.HostConfig.deployDirectory Web アプリケーションディレクトリ [C:\apache-tomcat-9.0.82\webapps\dbweb] を配備します
02-Nov-2023 23:00:22.899 情報 [main] org.apache.jasper.servlet.TldScanner.scanJars 少なくとも1つのJARでTLDをスキャンしましたが、TLDが含まれていませんでした。スキャンしたもののTLDが見つからなかったJARの完全なリストについては、このロガーのデバッグログを有効にしてください。スキャン中に不要なJARをスキップすると、起動時間とJSPのコンパイル時間が短縮されます。
02-Nov-2023 23:00:23.040 情報 [main] org.apache.catalina.startup.HostConfig.deployDirectory ディレクトリ [C:\apache-tomcat-9.0.82\webapps\dbweb] の Web アプリケーションの配備は [1,186] ミリ秒で完了しました。
02-Nov-2023 23:00:23.040 情報 [main] org.apache.catalina.startup.HostConfig.deployDirectory Web アプリケーションディレクトリ [C:\apache-tomcat-9.0.82\webapps\docs] を配備します
02-Nov-2023 23:00:23.635 情報 [main] org.apache.jasper.servlet.TldScanner.scanJars 少なくとも1つのJARでTLDをスキャンしましたが、TLDが含まれていませんでした。スキャンしたもののTLDが見つからなかったJARの完全なリストについては、このロガーのデバッグログを有効にしてください。スキャン中に不要なJARをスキップすると、起動時間とJSPのコンパイル時間が短縮されます。
02-Nov-2023 23:00:23.639 情報 [main] org.apache.catalina.startup.HostConfig.deployDirectory ディレクトリ [C:\apache-tomcat-9.0.82\webapps\docs] の Web アプリケーションの配備は [599] ミリ秒で完了しました。
02-Nov-2023 23:00:23.641 情報 [main] org.apache.catalina.startup.HostConfig.deployDirectory Web アプリケーションディレクトリ [C:\apache-tomcat-9.0.82\webapps\examples] を配備します
02-Nov-2023 23:00:24.437 情報 [main] org.apache.jasper.servlet.TldScanner.scanJars 少なくとも1つのJARでTLDをスキャンしましたが、TLDが含まれていませんでした。スキャンしたもののTLDが見つからなかったJARの完全なリストについては、このロガーのデバッグログを有効にしてください。スキャン中に不要なJARをスキップすると、起動時間とJSPのコンパイル時間が短縮されます。
02-Nov-2023 23:00:24.522 情報 [main] org.apache.catalina.startup.HostConfig.deployDirectory ディレクトリ [C:\apache-tomcat-9.0.82\webapps\examples] の Web アプリケーションの配備は [881] ミリ秒で完了しました。
02-Nov-2023 23:00:24.535 情報 [main] org.apache.catalina.startup.HostConfig.deployDirectory Web アプリケーションディレクトリ [C:\apache-tomcat-9.0.82\webapps\host-manager] を配備します
02-Nov-2023 23:00:25.022 情報 [main] org.apache.jasper.servlet.TldScanner.scanJars 少なくとも1つのJARでTLDをスキャンしましたが、TLDが含まれていませんでした。スキャンしたもののTLDが見つからなかったJARの完全なリストについては、このロガーのデバッグログを有効にしてください。スキャン中に不要なJARをスキップすると、起動時間とJSPのコンパイル時間が短縮されます。
02-Nov-2023 23:00:25.035 情報 [main] org.apache.catalina.startup.HostConfig.deployDirectory ディレクトリ [C:\apache-tomcat-9.0.82\webapps\host-manager] の Web アプリケーションの配備は [499] ミリ秒で完了しました。
02-Nov-2023 23:00:25.035 情報 [main] org.apache.catalina.startup.HostConfig.deployDirectory Web アプリケーションディレクトリ [C:\apache-tomcat-9.0.82\webapps\javaweb] を配備します
02-Nov-2023 23:00:25.477 情報 [main] org.apache.jasper.servlet.TldScanner.scanJars 少なくとも1つのJARでTLDをスキャンしましたが、TLDが含まれていませんでした。スキャンしたもののTLDが見つからなかったJARの完全なリストについては、このロガーのデバッグログを有効にしてください。スキャン中に不要なJARをスキップすると、起動時間とJSPのコンパイル時間が短縮されます。
02-Nov-2023 23:00:25.491 情報 [main] org.apache.catalina.startup.HostConfig.deployDirectory ディレクトリ [C:\apache-tomcat-9.0.82\webapps\javaweb] の Web アプリケーションの配備は [456] ミリ秒で完了しました。
02-Nov-2023 23:00:25.494 情報 [main] org.apache.catalina.startup.HostConfig.deployDirectory Web アプリケーションディレクトリ [C:\apache-tomcat-9.0.82\webapps\kakeiboapp] を配備します
02-Nov-2023 23:00:25.984 情報 [main] org.apache.jasper.servlet.TldScanner.scanJars 少なくとも1つのJARでTLDをスキャンしましたが、TLDが含まれていませんでした。スキャンしたもののTLDが見つからなかったJARの完全なリストについては、このロガーのデバッグログを有効にしてください。スキャン中に不要なJARをスキップすると、起動時間とJSPのコンパイル時間が短縮されます。
02-Nov-2023 23:00:26.006 情報 [main] org.apache.catalina.startup.HostConfig.deployDirectory ディレクトリ [C:\apache-tomcat-9.0.82\webapps\kakeiboapp] の Web アプリケーションの配備は [512] ミリ秒で完了しました。
02-Nov-2023 23:00:26.006 情報 [main] org.apache.catalina.startup.HostConfig.deployDirectory Web アプリケーションディレクトリ [C:\apache-tomcat-9.0.82\webapps\manager] を配備します
02-Nov-2023 23:00:26.396 情報 [main] org.apache.jasper.servlet.TldScanner.scanJars 少なくとも1つのJARでTLDをスキャンしましたが、TLDが含まれていませんでした。スキャンしたもののTLDが見つからなかったJARの完全なリストについては、このロガーのデバッグログを有効にしてください。スキャン中に不要なJARをスキップすると、起動時間とJSPのコンパイル時間が短縮されます。
02-Nov-2023 23:00:26.400 情報 [main] org.apache.catalina.startup.HostConfig.deployDirectory ディレクトリ [C:\apache-tomcat-9.0.82\webapps\manager] の Web アプリケーションの配備は [394] ミリ秒で完了しました。
02-Nov-2023 23:00:26.402 情報 [main] org.apache.catalina.startup.HostConfig.deployDirectory Web アプリケーションディレクトリ [C:\apache-tomcat-9.0.82\webapps\ROOT] を配備します
02-Nov-2023 23:00:26.740 情報 [main] org.apache.jasper.servlet.TldScanner.scanJars 少なくとも1つのJARでTLDをスキャンしましたが、TLDが含まれていませんでした。スキャンしたもののTLDが見つからなかったJARの完全なリストについては、このロガーのデバッグログを有効にしてください。スキャン中に不要なJARをスキップすると、起動時間とJSPのコンパイル時間が短縮されます。
02-Nov-2023 23:00:26.744 情報 [main] org.apache.catalina.startup.HostConfig.deployDirectory ディレクトリ [C:\apache-tomcat-9.0.82\webapps\ROOT] の Web アプリケーションの配備は [342] ミリ秒で完了しました。
02-Nov-2023 23:00:26.751 情報 [main] org.apache.coyote.AbstractProtocol.start プロトコルハンドラー ["http-nio-8080"] を開始しました。
02-Nov-2023 23:00:26.829 情報 [main] org.apache.catalina.startup.Catalina.start サーバーの起動 [5068] ミリ秒
02-Nov-2023 23:07:30.675 情報 [main] org.apache.catalina.core.StandardServer.await 有効なシャットダウンコマンドがシャットダウンポート経由で受信されました。 サーバーインスタンスを停止します。
02-Nov-2023 23:07:30.676 情報 [main] org.apache.coyote.AbstractProtocol.pause ProtocolHandler ["http-nio-8080"] を一時停止します。
02-Nov-2023 23:07:30.692 情報 [main] org.apache.catalina.core.StandardService.stopInternal サービス [Catalina] を停止します
02-Nov-2023 23:07:30.790 情報 [main] org.apache.coyote.AbstractProtocol.stop ProtocolHandler ["http-nio-8080"]の停止中
02-Nov-2023 23:07:30.803 情報 [main] org.apache.coyote.AbstractProtocol.destroy ProtocolHandler ["http-nio-8080"] を破棄します。
02-Nov-2023 23:08:37.978 情報 [main] org.apache.catalina.startup.VersionLoggerListener.log Serverのバージョン名:     Apache Tomcat/9.0.82
02-Nov-2023 23:08:37.984 情報 [main] org.apache.catalina.startup.VersionLoggerListener.log Server ビルド:            Oct 11 2023 13:15:08 UTC
02-Nov-2023 23:08:37.984 情報 [main] org.apache.catalina.startup.VersionLoggerListener.log サーバーのバージョン番号: 9.0.82.0
02-Nov-2023 23:08:37.984 情報 [main] org.apache.catalina.startup.VersionLoggerListener.log OS 名:                    Windows 10
02-Nov-2023 23:08:37.992 情報 [main] org.apache.catalina.startup.VersionLoggerListener.log OS バージョン:            10.0
02-Nov-2023 23:08:37.993 情報 [main] org.apache.catalina.startup.VersionLoggerListener.log アーキテクチャ:           amd64
02-Nov-2023 23:08:37.993 情報 [main] org.apache.catalina.startup.VersionLoggerListener.log Java Home:                C:\Program Files\Java\jdk-20
02-Nov-2023 23:08:37.994 情報 [main] org.apache.catalina.startup.VersionLoggerListener.log JVM バージョン:           20+36-2344
02-Nov-2023 23:08:37.995 情報 [main] org.apache.catalina.startup.VersionLoggerListener.log JVM ベンダ:               Oracle Corporation
02-Nov-2023 23:08:37.995 情報 [main] org.apache.catalina.startup.VersionLoggerListener.log CATALINA_BASE:            C:\apache-tomcat-9.0.82
02-Nov-2023 23:08:37.995 情報 [main] org.apache.catalina.startup.VersionLoggerListener.log CATALINA_HOME:            C:\apache-tomcat-9.0.82
02-Nov-2023 23:08:38.005 情報 [main] org.apache.catalina.startup.VersionLoggerListener.log コマンドライン引数:       --add-opens=java.base/java.lang=ALL-UNNAMED
02-Nov-2023 23:08:38.006 情報 [main] org.apache.catalina.startup.VersionLoggerListener.log コマンドライン引数:       --add-opens=java.base/java.io=ALL-UNNAMED
02-Nov-2023 23:08:38.006 情報 [main] org.apache.catalina.startup.VersionLoggerListener.log コマンドライン引数:       --add-opens=java.base/java.util=ALL-UNNAMED
02-Nov-2023 23:08:38.007 情報 [main] org.apache.catalina.startup.VersionLoggerListener.log コマンドライン引数:       --add-opens=java.base/java.util.concurrent=ALL-UNNAMED
02-Nov-2023 23:08:38.008 情報 [main] org.apache.catalina.startup.VersionLoggerListener.log コマンドライン引数:       --add-opens=java.rmi/sun.rmi.transport=ALL-UNNAMED
02-Nov-2023 23:08:38.009 情報 [main] org.apache.catalina.startup.VersionLoggerListener.log コマンドライン引数:       -Djava.util.logging.config.file=C:\apache-tomcat-9.0.82\conf\logging.properties
02-Nov-2023 23:08:38.010 情報 [main] org.apache.catalina.startup.VersionLoggerListener.log コマンドライン引数:       -Djava.util.logging.manager=org.apache.juli.ClassLoaderLogManager
02-Nov-2023 23:08:38.011 情報 [main] org.apache.catalina.startup.VersionLoggerListener.log コマンドライン引数:       -Djdk.tls.ephemeralDHKeySize=2048
02-Nov-2023 23:08:38.013 情報 [main] org.apache.catalina.startup.VersionLoggerListener.log コマンドライン引数:       -Djava.protocol.handler.pkgs=org.apache.catalina.webresources
02-Nov-2023 23:08:38.013 情報 [main] org.apache.catalina.startup.VersionLoggerListener.log コマンドライン引数:       -Dignore.endorsed.dirs=
02-Nov-2023 23:08:38.013 情報 [main] org.apache.catalina.startup.VersionLoggerListener.log コマンドライン引数:       -Dcatalina.base=C:\apache-tomcat-9.0.82
02-Nov-2023 23:08:38.021 情報 [main] org.apache.catalina.startup.VersionLoggerListener.log コマンドライン引数:       -Dcatalina.home=C:\apache-tomcat-9.0.82
02-Nov-2023 23:08:38.022 情報 [main] org.apache.catalina.startup.VersionLoggerListener.log コマンドライン引数:       -Djava.io.tmpdir=C:\apache-tomcat-9.0.82\temp
02-Nov-2023 23:08:38.028 情報 [main] org.apache.catalina.core.AprLifecycleListener.lifecycleEvent APRバージョン[1.7.4]を使用してAPRベースのApache Tomcatネイティブライブラリ[1.2.39]をロードしました。
02-Nov-2023 23:08:38.028 情報 [main] org.apache.catalina.core.AprLifecycleListener.lifecycleEvent APR機能: IPv6 [true]、sendfile [true]、受け入れフィルタ [false]、ランダム [true]、UDS [true]
02-Nov-2023 23:08:38.029 情報 [main] org.apache.catalina.core.AprLifecycleListener.lifecycleEvent APR/OpenSSL設定：useAprConnector [false]、useOpenSSL [true]
02-Nov-2023 23:08:38.037 情報 [main] org.apache.catalina.core.AprLifecycleListener.initializeSSL OpenSSLは [OpenSSL 3.0.11 19 Sep 2023] を正常に初期化しました
02-Nov-2023 23:08:38.521 情報 [main] org.apache.coyote.AbstractProtocol.init プロトコルハンドラ ["http-nio-8080"] を初期化します。
02-Nov-2023 23:08:38.565 情報 [main] org.apache.catalina.startup.Catalina.load サーバーの初期化 [920] ミリ秒
02-Nov-2023 23:08:38.655 情報 [main] org.apache.catalina.core.StandardService.startInternal サービス [Catalina] を起動します
02-Nov-2023 23:08:38.656 情報 [main] org.apache.catalina.core.StandardEngine.startInternal サーブレットエンジンの起動：[Apache Tomcat/9.0.82]
02-Nov-2023 23:08:38.666 情報 [main] org.apache.catalina.startup.HostConfig.deployDirectory Web アプリケーションディレクトリ [C:\apache-tomcat-9.0.82\webapps\dbweb] を配備します
02-Nov-2023 23:08:39.858 情報 [main] org.apache.jasper.servlet.TldScanner.scanJars 少なくとも1つのJARでTLDをスキャンしましたが、TLDが含まれていませんでした。スキャンしたもののTLDが見つからなかったJARの完全なリストについては、このロガーのデバッグログを有効にしてください。スキャン中に不要なJARをスキップすると、起動時間とJSPのコンパイル時間が短縮されます。
02-Nov-2023 23:08:39.973 情報 [main] org.apache.catalina.startup.HostConfig.deployDirectory ディレクトリ [C:\apache-tomcat-9.0.82\webapps\dbweb] の Web アプリケーションの配備は [1,303] ミリ秒で完了しました。
02-Nov-2023 23:08:39.974 情報 [main] org.apache.catalina.startup.HostConfig.deployDirectory Web アプリケーションディレクトリ [C:\apache-tomcat-9.0.82\webapps\docs] を配備します
02-Nov-2023 23:08:40.410 情報 [main] org.apache.jasper.servlet.TldScanner.scanJars 少なくとも1つのJARでTLDをスキャンしましたが、TLDが含まれていませんでした。スキャンしたもののTLDが見つからなかったJARの完全なリストについては、このロガーのデバッグログを有効にしてください。スキャン中に不要なJARをスキップすると、起動時間とJSPのコンパイル時間が短縮されます。
02-Nov-2023 23:08:40.419 情報 [main] org.apache.catalina.startup.HostConfig.deployDirectory ディレクトリ [C:\apache-tomcat-9.0.82\webapps\docs] の Web アプリケーションの配備は [444] ミリ秒で完了しました。
02-Nov-2023 23:08:40.420 情報 [main] org.apache.catalina.startup.HostConfig.deployDirectory Web アプリケーションディレクトリ [C:\apache-tomcat-9.0.82\webapps\examples] を配備します
02-Nov-2023 23:08:41.232 情報 [main] org.apache.jasper.servlet.TldScanner.scanJars 少なくとも1つのJARでTLDをスキャンしましたが、TLDが含まれていませんでした。スキャンしたもののTLDが見つからなかったJARの完全なリストについては、このロガーのデバッグログを有効にしてください。スキャン中に不要なJARをスキップすると、起動時間とJSPのコンパイル時間が短縮されます。
02-Nov-2023 23:08:41.312 情報 [main] org.apache.catalina.startup.HostConfig.deployDirectory ディレクトリ [C:\apache-tomcat-9.0.82\webapps\examples] の Web アプリケーションの配備は [892] ミリ秒で完了しました。
02-Nov-2023 23:08:41.312 情報 [main] org.apache.catalina.startup.HostConfig.deployDirectory Web アプリケーションディレクトリ [C:\apache-tomcat-9.0.82\webapps\host-manager] を配備します
02-Nov-2023 23:08:41.727 情報 [main] org.apache.jasper.servlet.TldScanner.scanJars 少なくとも1つのJARでTLDをスキャンしましたが、TLDが含まれていませんでした。スキャンしたもののTLDが見つからなかったJARの完全なリストについては、このロガーのデバッグログを有効にしてください。スキャン中に不要なJARをスキップすると、起動時間とJSPのコンパイル時間が短縮されます。
02-Nov-2023 23:08:41.739 情報 [main] org.apache.catalina.startup.HostConfig.deployDirectory ディレクトリ [C:\apache-tomcat-9.0.82\webapps\host-manager] の Web アプリケーションの配備は [427] ミリ秒で完了しました。
02-Nov-2023 23:08:41.740 情報 [main] org.apache.catalina.startup.HostConfig.deployDirectory Web アプリケーションディレクトリ [C:\apache-tomcat-9.0.82\webapps\javaweb] を配備します
02-Nov-2023 23:08:42.189 情報 [main] org.apache.jasper.servlet.TldScanner.scanJars 少なくとも1つのJARでTLDをスキャンしましたが、TLDが含まれていませんでした。スキャンしたもののTLDが見つからなかったJARの完全なリストについては、このロガーのデバッグログを有効にしてください。スキャン中に不要なJARをスキップすると、起動時間とJSPのコンパイル時間が短縮されます。
02-Nov-2023 23:08:42.204 情報 [main] org.apache.catalina.startup.HostConfig.deployDirectory ディレクトリ [C:\apache-tomcat-9.0.82\webapps\javaweb] の Web アプリケーションの配備は [464] ミリ秒で完了しました。
02-Nov-2023 23:08:42.206 情報 [main] org.apache.catalina.startup.HostConfig.deployDirectory Web アプリケーションディレクトリ [C:\apache-tomcat-9.0.82\webapps\kakeiboapp] を配備します
02-Nov-2023 23:08:42.668 情報 [main] org.apache.jasper.servlet.TldScanner.scanJars 少なくとも1つのJARでTLDをスキャンしましたが、TLDが含まれていませんでした。スキャンしたもののTLDが見つからなかったJARの完全なリストについては、このロガーのデバッグログを有効にしてください。スキャン中に不要なJARをスキップすると、起動時間とJSPのコンパイル時間が短縮されます。
02-Nov-2023 23:08:42.691 情報 [main] org.apache.catalina.startup.HostConfig.deployDirectory ディレクトリ [C:\apache-tomcat-9.0.82\webapps\kakeiboapp] の Web アプリケーションの配備は [485] ミリ秒で完了しました。
02-Nov-2023 23:08:42.692 情報 [main] org.apache.catalina.startup.HostConfig.deployDirectory Web アプリケーションディレクトリ [C:\apache-tomcat-9.0.82\webapps\manager] を配備します
02-Nov-2023 23:08:43.101 情報 [main] org.apache.jasper.servlet.TldScanner.scanJars 少なくとも1つのJARでTLDをスキャンしましたが、TLDが含まれていませんでした。スキャンしたもののTLDが見つからなかったJARの完全なリストについては、このロガーのデバッグログを有効にしてください。スキャン中に不要なJARをスキップすると、起動時間とJSPのコンパイル時間が短縮されます。
02-Nov-2023 23:08:43.107 情報 [main] org.apache.catalina.startup.HostConfig.deployDirectory ディレクトリ [C:\apache-tomcat-9.0.82\webapps\manager] の Web アプリケーションの配備は [415] ミリ秒で完了しました。
02-Nov-2023 23:08:43.109 情報 [main] org.apache.catalina.startup.HostConfig.deployDirectory Web アプリケーションディレクトリ [C:\apache-tomcat-9.0.82\webapps\ROOT] を配備します
02-Nov-2023 23:08:43.418 情報 [main] org.apache.jasper.servlet.TldScanner.scanJars 少なくとも1つのJARでTLDをスキャンしましたが、TLDが含まれていませんでした。スキャンしたもののTLDが見つからなかったJARの完全なリストについては、このロガーのデバッグログを有効にしてください。スキャン中に不要なJARをスキップすると、起動時間とJSPのコンパイル時間が短縮されます。
02-Nov-2023 23:08:43.425 情報 [main] org.apache.catalina.startup.HostConfig.deployDirectory ディレクトリ [C:\apache-tomcat-9.0.82\webapps\ROOT] の Web アプリケーションの配備は [317] ミリ秒で完了しました。
02-Nov-2023 23:08:43.430 情報 [main] org.apache.coyote.AbstractProtocol.start プロトコルハンドラー ["http-nio-8080"] を開始しました。
02-Nov-2023 23:08:43.520 情報 [main] org.apache.catalina.startup.Catalina.start サーバーの起動 [4946] ミリ秒
02-Nov-2023 23:11:49.040 情報 [main] org.apache.catalina.core.StandardServer.await 有効なシャットダウンコマンドがシャットダウンポート経由で受信されました。 サーバーインスタンスを停止します。
02-Nov-2023 23:11:49.041 情報 [main] org.apache.coyote.AbstractProtocol.pause ProtocolHandler ["http-nio-8080"] を一時停止します。
02-Nov-2023 23:11:49.059 情報 [main] org.apache.catalina.core.StandardService.stopInternal サービス [Catalina] を停止します
02-Nov-2023 23:11:49.147 情報 [main] org.apache.coyote.AbstractProtocol.stop ProtocolHandler ["http-nio-8080"]の停止中
02-Nov-2023 23:11:49.184 情報 [main] org.apache.coyote.AbstractProtocol.destroy ProtocolHandler ["http-nio-8080"] を破棄します。
