23-Nov-2023 11:45:19.107 情報 [main] org.apache.catalina.startup.VersionLoggerListener.log Serverのバージョン名:     Apache Tomcat/9.0.82
23-Nov-2023 11:45:19.125 情報 [main] org.apache.catalina.startup.VersionLoggerListener.log Server ビルド:            Oct 11 2023 13:15:08 UTC
23-Nov-2023 11:45:19.125 情報 [main] org.apache.catalina.startup.VersionLoggerListener.log サーバーのバージョン番号: 9.0.82.0
23-Nov-2023 11:45:19.125 情報 [main] org.apache.catalina.startup.VersionLoggerListener.log OS 名:                    Windows 10
23-Nov-2023 11:45:19.125 情報 [main] org.apache.catalina.startup.VersionLoggerListener.log OS バージョン:            10.0
23-Nov-2023 11:45:19.125 情報 [main] org.apache.catalina.startup.VersionLoggerListener.log アーキテクチャ:           amd64
23-Nov-2023 11:45:19.125 情報 [main] org.apache.catalina.startup.VersionLoggerListener.log Java Home:                C:\Program Files\Java\jdk-20
23-Nov-2023 11:45:19.125 情報 [main] org.apache.catalina.startup.VersionLoggerListener.log JVM バージョン:           20+36-2344
23-Nov-2023 11:45:19.125 情報 [main] org.apache.catalina.startup.VersionLoggerListener.log JVM ベンダ:               Oracle Corporation
23-Nov-2023 11:45:19.125 情報 [main] org.apache.catalina.startup.VersionLoggerListener.log CATALINA_BASE:            C:\apache-tomcat-9.0.82
23-Nov-2023 11:45:19.125 情報 [main] org.apache.catalina.startup.VersionLoggerListener.log CATALINA_HOME:            C:\apache-tomcat-9.0.82
23-Nov-2023 11:45:19.141 情報 [main] org.apache.catalina.startup.VersionLoggerListener.log コマンドライン引数:       --add-opens=java.base/java.lang=ALL-UNNAMED
23-Nov-2023 11:45:19.141 情報 [main] org.apache.catalina.startup.VersionLoggerListener.log コマンドライン引数:       --add-opens=java.base/java.io=ALL-UNNAMED
23-Nov-2023 11:45:19.156 情報 [main] org.apache.catalina.startup.VersionLoggerListener.log コマンドライン引数:       --add-opens=java.base/java.util=ALL-UNNAMED
23-Nov-2023 11:45:19.156 情報 [main] org.apache.catalina.startup.VersionLoggerListener.log コマンドライン引数:       --add-opens=java.base/java.util.concurrent=ALL-UNNAMED
23-Nov-2023 11:45:19.156 情報 [main] org.apache.catalina.startup.VersionLoggerListener.log コマンドライン引数:       --add-opens=java.rmi/sun.rmi.transport=ALL-UNNAMED
23-Nov-2023 11:45:19.156 情報 [main] org.apache.catalina.startup.VersionLoggerListener.log コマンドライン引数:       -Djava.util.logging.config.file=C:\apache-tomcat-9.0.82\conf\logging.properties
23-Nov-2023 11:45:19.156 情報 [main] org.apache.catalina.startup.VersionLoggerListener.log コマンドライン引数:       -Djava.util.logging.manager=org.apache.juli.ClassLoaderLogManager
23-Nov-2023 11:45:19.156 情報 [main] org.apache.catalina.startup.VersionLoggerListener.log コマンドライン引数:       -Djdk.tls.ephemeralDHKeySize=2048
23-Nov-2023 11:45:19.156 情報 [main] org.apache.catalina.startup.VersionLoggerListener.log コマンドライン引数:       -Djava.protocol.handler.pkgs=org.apache.catalina.webresources
23-Nov-2023 11:45:19.156 情報 [main] org.apache.catalina.startup.VersionLoggerListener.log コマンドライン引数:       -Dignore.endorsed.dirs=
23-Nov-2023 11:45:19.156 情報 [main] org.apache.catalina.startup.VersionLoggerListener.log コマンドライン引数:       -Dcatalina.base=C:\apache-tomcat-9.0.82
23-Nov-2023 11:45:19.156 情報 [main] org.apache.catalina.startup.VersionLoggerListener.log コマンドライン引数:       -Dcatalina.home=C:\apache-tomcat-9.0.82
23-Nov-2023 11:45:19.156 情報 [main] org.apache.catalina.startup.VersionLoggerListener.log コマンドライン引数:       -Djava.io.tmpdir=C:\apache-tomcat-9.0.82\temp
23-Nov-2023 11:45:19.172 情報 [main] org.apache.catalina.core.AprLifecycleListener.lifecycleEvent APRバージョン[1.7.4]を使用してAPRベースのApache Tomcatネイティブライブラリ[1.2.39]をロードしました。
23-Nov-2023 11:45:19.172 情報 [main] org.apache.catalina.core.AprLifecycleListener.lifecycleEvent APR機能: IPv6 [true]、sendfile [true]、受け入れフィルタ [false]、ランダム [true]、UDS [true]
23-Nov-2023 11:45:19.172 情報 [main] org.apache.catalina.core.AprLifecycleListener.lifecycleEvent APR/OpenSSL設定：useAprConnector [false]、useOpenSSL [true]
23-Nov-2023 11:45:19.203 情報 [main] org.apache.catalina.core.AprLifecycleListener.initializeSSL OpenSSLは [OpenSSL 3.0.11 19 Sep 2023] を正常に初期化しました
23-Nov-2023 11:45:19.734 情報 [main] org.apache.coyote.AbstractProtocol.init プロトコルハンドラ ["http-nio-8080"] を初期化します。
23-Nov-2023 11:45:19.781 情報 [main] org.apache.catalina.startup.Catalina.load サーバーの初期化 [1038] ミリ秒
23-Nov-2023 11:45:19.876 情報 [main] org.apache.catalina.core.StandardService.startInternal サービス [Catalina] を起動します
23-Nov-2023 11:45:19.891 情報 [main] org.apache.catalina.core.StandardEngine.startInternal サーブレットエンジンの起動：[Apache Tomcat/9.0.82]
23-Nov-2023 11:45:19.907 情報 [main] org.apache.catalina.startup.HostConfig.deployDirectory Web アプリケーションディレクトリ [C:\apache-tomcat-9.0.82\webapps\dbweb] を配備します
23-Nov-2023 11:45:21.017 情報 [main] org.apache.jasper.servlet.TldScanner.scanJars 少なくとも1つのJARでTLDをスキャンしましたが、TLDが含まれていませんでした。スキャンしたもののTLDが見つからなかったJARの完全なリストについては、このロガーのデバッグログを有効にしてください。スキャン中に不要なJARをスキップすると、起動時間とJSPのコンパイル時間が短縮されます。
23-Nov-2023 11:45:21.173 情報 [main] org.apache.catalina.startup.HostConfig.deployDirectory ディレクトリ [C:\apache-tomcat-9.0.82\webapps\dbweb] の Web アプリケーションの配備は [1,250] ミリ秒で完了しました。
23-Nov-2023 11:45:21.173 情報 [main] org.apache.catalina.startup.HostConfig.deployDirectory Web アプリケーションディレクトリ [C:\apache-tomcat-9.0.82\webapps\docs] を配備します
23-Nov-2023 11:45:21.636 情報 [main] org.apache.jasper.servlet.TldScanner.scanJars 少なくとも1つのJARでTLDをスキャンしましたが、TLDが含まれていませんでした。スキャンしたもののTLDが見つからなかったJARの完全なリストについては、このロガーのデバッグログを有効にしてください。スキャン中に不要なJARをスキップすると、起動時間とJSPのコンパイル時間が短縮されます。
23-Nov-2023 11:45:21.651 情報 [main] org.apache.catalina.startup.HostConfig.deployDirectory ディレクトリ [C:\apache-tomcat-9.0.82\webapps\docs] の Web アプリケーションの配備は [478] ミリ秒で完了しました。
23-Nov-2023 11:45:21.651 情報 [main] org.apache.catalina.startup.HostConfig.deployDirectory Web アプリケーションディレクトリ [C:\apache-tomcat-9.0.82\webapps\examples] を配備します
23-Nov-2023 11:45:22.513 情報 [main] org.apache.jasper.servlet.TldScanner.scanJars 少なくとも1つのJARでTLDをスキャンしましたが、TLDが含まれていませんでした。スキャンしたもののTLDが見つからなかったJARの完全なリストについては、このロガーのデバッグログを有効にしてください。スキャン中に不要なJARをスキップすると、起動時間とJSPのコンパイル時間が短縮されます。
23-Nov-2023 11:45:22.599 情報 [main] org.apache.catalina.startup.HostConfig.deployDirectory ディレクトリ [C:\apache-tomcat-9.0.82\webapps\examples] の Web アプリケーションの配備は [948] ミリ秒で完了しました。
23-Nov-2023 11:45:22.600 情報 [main] org.apache.catalina.startup.HostConfig.deployDirectory Web アプリケーションディレクトリ [C:\apache-tomcat-9.0.82\webapps\host-manager] を配備します
23-Nov-2023 11:45:23.039 情報 [main] org.apache.jasper.servlet.TldScanner.scanJars 少なくとも1つのJARでTLDをスキャンしましたが、TLDが含まれていませんでした。スキャンしたもののTLDが見つからなかったJARの完全なリストについては、このロガーのデバッグログを有効にしてください。スキャン中に不要なJARをスキップすると、起動時間とJSPのコンパイル時間が短縮されます。
23-Nov-2023 11:45:23.055 情報 [main] org.apache.catalina.startup.HostConfig.deployDirectory ディレクトリ [C:\apache-tomcat-9.0.82\webapps\host-manager] の Web アプリケーションの配備は [455] ミリ秒で完了しました。
23-Nov-2023 11:45:23.055 情報 [main] org.apache.catalina.startup.HostConfig.deployDirectory Web アプリケーションディレクトリ [C:\apache-tomcat-9.0.82\webapps\javaweb] を配備します
23-Nov-2023 11:45:23.498 情報 [main] org.apache.jasper.servlet.TldScanner.scanJars 少なくとも1つのJARでTLDをスキャンしましたが、TLDが含まれていませんでした。スキャンしたもののTLDが見つからなかったJARの完全なリストについては、このロガーのデバッグログを有効にしてください。スキャン中に不要なJARをスキップすると、起動時間とJSPのコンパイル時間が短縮されます。
23-Nov-2023 11:45:23.514 情報 [main] org.apache.catalina.startup.HostConfig.deployDirectory ディレクトリ [C:\apache-tomcat-9.0.82\webapps\javaweb] の Web アプリケーションの配備は [459] ミリ秒で完了しました。
23-Nov-2023 11:45:23.526 情報 [main] org.apache.catalina.startup.HostConfig.deployDirectory Web アプリケーションディレクトリ [C:\apache-tomcat-9.0.82\webapps\kakeiboapp] を配備します
23-Nov-2023 11:45:23.981 情報 [main] org.apache.jasper.servlet.TldScanner.scanJars 少なくとも1つのJARでTLDをスキャンしましたが、TLDが含まれていませんでした。スキャンしたもののTLDが見つからなかったJARの完全なリストについては、このロガーのデバッグログを有効にしてください。スキャン中に不要なJARをスキップすると、起動時間とJSPのコンパイル時間が短縮されます。
23-Nov-2023 11:45:24.005 情報 [main] org.apache.catalina.startup.HostConfig.deployDirectory ディレクトリ [C:\apache-tomcat-9.0.82\webapps\kakeiboapp] の Web アプリケーションの配備は [479] ミリ秒で完了しました。
23-Nov-2023 11:45:24.005 情報 [main] org.apache.catalina.startup.HostConfig.deployDirectory Web アプリケーションディレクトリ [C:\apache-tomcat-9.0.82\webapps\manager] を配備します
23-Nov-2023 11:45:24.355 情報 [main] org.apache.jasper.servlet.TldScanner.scanJars 少なくとも1つのJARでTLDをスキャンしましたが、TLDが含まれていませんでした。スキャンしたもののTLDが見つからなかったJARの完全なリストについては、このロガーのデバッグログを有効にしてください。スキャン中に不要なJARをスキップすると、起動時間とJSPのコンパイル時間が短縮されます。
23-Nov-2023 11:45:24.370 情報 [main] org.apache.catalina.startup.HostConfig.deployDirectory ディレクトリ [C:\apache-tomcat-9.0.82\webapps\manager] の Web アプリケーションの配備は [365] ミリ秒で完了しました。
23-Nov-2023 11:45:24.370 情報 [main] org.apache.catalina.startup.HostConfig.deployDirectory Web アプリケーションディレクトリ [C:\apache-tomcat-9.0.82\webapps\ROOT] を配備します
23-Nov-2023 11:45:24.670 情報 [main] org.apache.jasper.servlet.TldScanner.scanJars 少なくとも1つのJARでTLDをスキャンしましたが、TLDが含まれていませんでした。スキャンしたもののTLDが見つからなかったJARの完全なリストについては、このロガーのデバッグログを有効にしてください。スキャン中に不要なJARをスキップすると、起動時間とJSPのコンパイル時間が短縮されます。
23-Nov-2023 11:45:24.685 情報 [main] org.apache.catalina.startup.HostConfig.deployDirectory ディレクトリ [C:\apache-tomcat-9.0.82\webapps\ROOT] の Web アプリケーションの配備は [300] ミリ秒で完了しました。
23-Nov-2023 11:45:24.685 情報 [main] org.apache.coyote.AbstractProtocol.start プロトコルハンドラー ["http-nio-8080"] を開始しました。
23-Nov-2023 11:45:24.764 情報 [main] org.apache.catalina.startup.Catalina.start サーバーの起動 [4979] ミリ秒
23-Nov-2023 13:17:11.895 情報 [main] org.apache.catalina.core.StandardServer.await 有効なシャットダウンコマンドがシャットダウンポート経由で受信されました。 サーバーインスタンスを停止します。
23-Nov-2023 13:17:11.927 情報 [main] org.apache.coyote.AbstractProtocol.pause ProtocolHandler ["http-nio-8080"] を一時停止します。
23-Nov-2023 13:17:11.989 情報 [main] org.apache.catalina.core.StandardService.stopInternal サービス [Catalina] を停止します
23-Nov-2023 13:17:12.324 情報 [main] org.apache.coyote.AbstractProtocol.stop ProtocolHandler ["http-nio-8080"]の停止中
23-Nov-2023 13:17:12.387 情報 [main] org.apache.coyote.AbstractProtocol.destroy ProtocolHandler ["http-nio-8080"] を破棄します。
