18-Nov-2023 08:51:42.230 情報 [main] org.apache.catalina.startup.VersionLoggerListener.log Serverのバージョン名:     Apache Tomcat/9.0.82
18-Nov-2023 08:51:42.252 情報 [main] org.apache.catalina.startup.VersionLoggerListener.log Server ビルド:            Oct 11 2023 13:15:08 UTC
18-Nov-2023 08:51:42.252 情報 [main] org.apache.catalina.startup.VersionLoggerListener.log サーバーのバージョン番号: 9.0.82.0
18-Nov-2023 08:51:42.252 情報 [main] org.apache.catalina.startup.VersionLoggerListener.log OS 名:                    Windows 10
18-Nov-2023 08:51:42.252 情報 [main] org.apache.catalina.startup.VersionLoggerListener.log OS バージョン:            10.0
18-Nov-2023 08:51:42.252 情報 [main] org.apache.catalina.startup.VersionLoggerListener.log アーキテクチャ:           amd64
18-Nov-2023 08:51:42.252 情報 [main] org.apache.catalina.startup.VersionLoggerListener.log Java Home:                C:\Program Files\Java\jdk-20
18-Nov-2023 08:51:42.252 情報 [main] org.apache.catalina.startup.VersionLoggerListener.log JVM バージョン:           20+36-2344
18-Nov-2023 08:51:42.252 情報 [main] org.apache.catalina.startup.VersionLoggerListener.log JVM ベンダ:               Oracle Corporation
18-Nov-2023 08:51:42.252 情報 [main] org.apache.catalina.startup.VersionLoggerListener.log CATALINA_BASE:            C:\apache-tomcat-9.0.82
18-Nov-2023 08:51:42.252 情報 [main] org.apache.catalina.startup.VersionLoggerListener.log CATALINA_HOME:            C:\apache-tomcat-9.0.82
18-Nov-2023 08:51:42.268 情報 [main] org.apache.catalina.startup.VersionLoggerListener.log コマンドライン引数:       --add-opens=java.base/java.lang=ALL-UNNAMED
18-Nov-2023 08:51:42.268 情報 [main] org.apache.catalina.startup.VersionLoggerListener.log コマンドライン引数:       --add-opens=java.base/java.io=ALL-UNNAMED
18-Nov-2023 08:51:42.268 情報 [main] org.apache.catalina.startup.VersionLoggerListener.log コマンドライン引数:       --add-opens=java.base/java.util=ALL-UNNAMED
18-Nov-2023 08:51:42.268 情報 [main] org.apache.catalina.startup.VersionLoggerListener.log コマンドライン引数:       --add-opens=java.base/java.util.concurrent=ALL-UNNAMED
18-Nov-2023 08:51:42.283 情報 [main] org.apache.catalina.startup.VersionLoggerListener.log コマンドライン引数:       --add-opens=java.rmi/sun.rmi.transport=ALL-UNNAMED
18-Nov-2023 08:51:42.283 情報 [main] org.apache.catalina.startup.VersionLoggerListener.log コマンドライン引数:       -Djava.util.logging.config.file=C:\apache-tomcat-9.0.82\conf\logging.properties
18-Nov-2023 08:51:42.283 情報 [main] org.apache.catalina.startup.VersionLoggerListener.log コマンドライン引数:       -Djava.util.logging.manager=org.apache.juli.ClassLoaderLogManager
18-Nov-2023 08:51:42.283 情報 [main] org.apache.catalina.startup.VersionLoggerListener.log コマンドライン引数:       -Djdk.tls.ephemeralDHKeySize=2048
18-Nov-2023 08:51:42.283 情報 [main] org.apache.catalina.startup.VersionLoggerListener.log コマンドライン引数:       -Djava.protocol.handler.pkgs=org.apache.catalina.webresources
18-Nov-2023 08:51:42.283 情報 [main] org.apache.catalina.startup.VersionLoggerListener.log コマンドライン引数:       -Dignore.endorsed.dirs=
18-Nov-2023 08:51:42.283 情報 [main] org.apache.catalina.startup.VersionLoggerListener.log コマンドライン引数:       -Dcatalina.base=C:\apache-tomcat-9.0.82
18-Nov-2023 08:51:42.299 情報 [main] org.apache.catalina.startup.VersionLoggerListener.log コマンドライン引数:       -Dcatalina.home=C:\apache-tomcat-9.0.82
18-Nov-2023 08:51:42.299 情報 [main] org.apache.catalina.startup.VersionLoggerListener.log コマンドライン引数:       -Djava.io.tmpdir=C:\apache-tomcat-9.0.82\temp
18-Nov-2023 08:51:42.674 情報 [main] org.apache.catalina.core.AprLifecycleListener.lifecycleEvent APRバージョン[1.7.4]を使用してAPRベースのApache Tomcatネイティブライブラリ[1.2.39]をロードしました。
18-Nov-2023 08:51:42.674 情報 [main] org.apache.catalina.core.AprLifecycleListener.lifecycleEvent APR機能: IPv6 [true]、sendfile [true]、受け入れフィルタ [false]、ランダム [true]、UDS [true]
18-Nov-2023 08:51:42.674 情報 [main] org.apache.catalina.core.AprLifecycleListener.lifecycleEvent APR/OpenSSL設定：useAprConnector [false]、useOpenSSL [true]
18-Nov-2023 08:51:42.690 情報 [main] org.apache.catalina.core.AprLifecycleListener.initializeSSL OpenSSLは [OpenSSL 3.0.11 19 Sep 2023] を正常に初期化しました
18-Nov-2023 08:51:43.299 情報 [main] org.apache.coyote.AbstractProtocol.init プロトコルハンドラ ["http-nio-8080"] を初期化します。
18-Nov-2023 08:51:43.346 情報 [main] org.apache.catalina.startup.Catalina.load サーバーの初期化 [1536] ミリ秒
18-Nov-2023 08:51:43.471 情報 [main] org.apache.catalina.core.StandardService.startInternal サービス [Catalina] を起動します
18-Nov-2023 08:51:43.471 情報 [main] org.apache.catalina.core.StandardEngine.startInternal サーブレットエンジンの起動：[Apache Tomcat/9.0.82]
18-Nov-2023 08:51:43.487 情報 [main] org.apache.catalina.startup.HostConfig.deployDirectory Web アプリケーションディレクトリ [C:\apache-tomcat-9.0.82\webapps\dbweb] を配備します
18-Nov-2023 08:51:44.533 情報 [main] org.apache.jasper.servlet.TldScanner.scanJars 少なくとも1つのJARでTLDをスキャンしましたが、TLDが含まれていませんでした。スキャンしたもののTLDが見つからなかったJARの完全なリストについては、このロガーのデバッグログを有効にしてください。スキャン中に不要なJARをスキップすると、起動時間とJSPのコンパイル時間が短縮されます。
18-Nov-2023 08:51:44.674 情報 [main] org.apache.catalina.startup.HostConfig.deployDirectory ディレクトリ [C:\apache-tomcat-9.0.82\webapps\dbweb] の Web アプリケーションの配備は [1,187] ミリ秒で完了しました。
18-Nov-2023 08:51:44.690 情報 [main] org.apache.catalina.startup.HostConfig.deployDirectory Web アプリケーションディレクトリ [C:\apache-tomcat-9.0.82\webapps\docs] を配備します
18-Nov-2023 08:51:45.158 情報 [main] org.apache.jasper.servlet.TldScanner.scanJars 少なくとも1つのJARでTLDをスキャンしましたが、TLDが含まれていませんでした。スキャンしたもののTLDが見つからなかったJARの完全なリストについては、このロガーのデバッグログを有効にしてください。スキャン中に不要なJARをスキップすると、起動時間とJSPのコンパイル時間が短縮されます。
18-Nov-2023 08:51:45.174 情報 [main] org.apache.catalina.startup.HostConfig.deployDirectory ディレクトリ [C:\apache-tomcat-9.0.82\webapps\docs] の Web アプリケーションの配備は [484] ミリ秒で完了しました。
18-Nov-2023 08:51:45.174 情報 [main] org.apache.catalina.startup.HostConfig.deployDirectory Web アプリケーションディレクトリ [C:\apache-tomcat-9.0.82\webapps\examples] を配備します
18-Nov-2023 08:51:46.082 情報 [main] org.apache.jasper.servlet.TldScanner.scanJars 少なくとも1つのJARでTLDをスキャンしましたが、TLDが含まれていませんでした。スキャンしたもののTLDが見つからなかったJARの完全なリストについては、このロガーのデバッグログを有効にしてください。スキャン中に不要なJARをスキップすると、起動時間とJSPのコンパイル時間が短縮されます。
18-Nov-2023 08:51:46.192 情報 [main] org.apache.catalina.startup.HostConfig.deployDirectory ディレクトリ [C:\apache-tomcat-9.0.82\webapps\examples] の Web アプリケーションの配備は [1,018] ミリ秒で完了しました。
18-Nov-2023 08:51:46.192 情報 [main] org.apache.catalina.startup.HostConfig.deployDirectory Web アプリケーションディレクトリ [C:\apache-tomcat-9.0.82\webapps\host-manager] を配備します
18-Nov-2023 08:51:46.705 情報 [main] org.apache.jasper.servlet.TldScanner.scanJars 少なくとも1つのJARでTLDをスキャンしましたが、TLDが含まれていませんでした。スキャンしたもののTLDが見つからなかったJARの完全なリストについては、このロガーのデバッグログを有効にしてください。スキャン中に不要なJARをスキップすると、起動時間とJSPのコンパイル時間が短縮されます。
18-Nov-2023 08:51:46.720 情報 [main] org.apache.catalina.startup.HostConfig.deployDirectory ディレクトリ [C:\apache-tomcat-9.0.82\webapps\host-manager] の Web アプリケーションの配備は [528] ミリ秒で完了しました。
18-Nov-2023 08:51:46.720 情報 [main] org.apache.catalina.startup.HostConfig.deployDirectory Web アプリケーションディレクトリ [C:\apache-tomcat-9.0.82\webapps\javaweb] を配備します
18-Nov-2023 08:51:47.200 情報 [main] org.apache.jasper.servlet.TldScanner.scanJars 少なくとも1つのJARでTLDをスキャンしましたが、TLDが含まれていませんでした。スキャンしたもののTLDが見つからなかったJARの完全なリストについては、このロガーのデバッグログを有効にしてください。スキャン中に不要なJARをスキップすると、起動時間とJSPのコンパイル時間が短縮されます。
18-Nov-2023 08:51:47.216 情報 [main] org.apache.catalina.startup.HostConfig.deployDirectory ディレクトリ [C:\apache-tomcat-9.0.82\webapps\javaweb] の Web アプリケーションの配備は [496] ミリ秒で完了しました。
18-Nov-2023 08:51:47.216 情報 [main] org.apache.catalina.startup.HostConfig.deployDirectory Web アプリケーションディレクトリ [C:\apache-tomcat-9.0.82\webapps\kakeiboapp] を配備します
18-Nov-2023 08:51:48.977 情報 [main] org.apache.jasper.servlet.TldScanner.scanJars 少なくとも1つのJARでTLDをスキャンしましたが、TLDが含まれていませんでした。スキャンしたもののTLDが見つからなかったJARの完全なリストについては、このロガーのデバッグログを有効にしてください。スキャン中に不要なJARをスキップすると、起動時間とJSPのコンパイル時間が短縮されます。
18-Nov-2023 08:51:49.023 情報 [main] org.apache.catalina.startup.HostConfig.deployDirectory ディレクトリ [C:\apache-tomcat-9.0.82\webapps\kakeiboapp] の Web アプリケーションの配備は [1,807] ミリ秒で完了しました。
18-Nov-2023 08:51:49.025 情報 [main] org.apache.catalina.startup.HostConfig.deployDirectory Web アプリケーションディレクトリ [C:\apache-tomcat-9.0.82\webapps\manager] を配備します
18-Nov-2023 08:51:49.974 情報 [main] org.apache.jasper.servlet.TldScanner.scanJars 少なくとも1つのJARでTLDをスキャンしましたが、TLDが含まれていませんでした。スキャンしたもののTLDが見つからなかったJARの完全なリストについては、このロガーのデバッグログを有効にしてください。スキャン中に不要なJARをスキップすると、起動時間とJSPのコンパイル時間が短縮されます。
18-Nov-2023 08:51:49.984 情報 [main] org.apache.catalina.startup.HostConfig.deployDirectory ディレクトリ [C:\apache-tomcat-9.0.82\webapps\manager] の Web アプリケーションの配備は [959] ミリ秒で完了しました。
18-Nov-2023 08:51:49.985 情報 [main] org.apache.catalina.startup.HostConfig.deployDirectory Web アプリケーションディレクトリ [C:\apache-tomcat-9.0.82\webapps\ROOT] を配備します
18-Nov-2023 08:51:50.900 情報 [main] org.apache.jasper.servlet.TldScanner.scanJars 少なくとも1つのJARでTLDをスキャンしましたが、TLDが含まれていませんでした。スキャンしたもののTLDが見つからなかったJARの完全なリストについては、このロガーのデバッグログを有効にしてください。スキャン中に不要なJARをスキップすると、起動時間とJSPのコンパイル時間が短縮されます。
18-Nov-2023 08:51:50.906 情報 [main] org.apache.catalina.startup.HostConfig.deployDirectory ディレクトリ [C:\apache-tomcat-9.0.82\webapps\ROOT] の Web アプリケーションの配備は [921] ミリ秒で完了しました。
18-Nov-2023 08:51:50.913 情報 [main] org.apache.coyote.AbstractProtocol.start プロトコルハンドラー ["http-nio-8080"] を開始しました。
18-Nov-2023 08:51:51.055 情報 [main] org.apache.catalina.startup.Catalina.start サーバーの起動 [7697] ミリ秒
18-Nov-2023 08:53:37.095 情報 [main] org.apache.catalina.core.StandardServer.await 有効なシャットダウンコマンドがシャットダウンポート経由で受信されました。 サーバーインスタンスを停止します。
18-Nov-2023 08:53:37.095 情報 [main] org.apache.coyote.AbstractProtocol.pause ProtocolHandler ["http-nio-8080"] を一時停止します。
18-Nov-2023 08:53:37.145 情報 [main] org.apache.catalina.core.StandardService.stopInternal サービス [Catalina] を停止します
18-Nov-2023 08:53:37.389 情報 [main] org.apache.coyote.AbstractProtocol.stop ProtocolHandler ["http-nio-8080"]の停止中
18-Nov-2023 08:53:37.420 情報 [main] org.apache.coyote.AbstractProtocol.destroy ProtocolHandler ["http-nio-8080"] を破棄します。
