19-Oct-2023 11:43:56.395 情報 [main] org.apache.catalina.startup.VersionLoggerListener.log Serverのバージョン名:     Apache Tomcat/9.0.82
19-Oct-2023 11:43:56.403 情報 [main] org.apache.catalina.startup.VersionLoggerListener.log Server ビルド:            Oct 11 2023 13:15:08 UTC
19-Oct-2023 11:43:56.409 情報 [main] org.apache.catalina.startup.VersionLoggerListener.log サーバーのバージョン番号: 9.0.82.0
19-Oct-2023 11:43:56.409 情報 [main] org.apache.catalina.startup.VersionLoggerListener.log OS 名:                    Windows 10
19-Oct-2023 11:43:56.410 情報 [main] org.apache.catalina.startup.VersionLoggerListener.log OS バージョン:            10.0
19-Oct-2023 11:43:56.411 情報 [main] org.apache.catalina.startup.VersionLoggerListener.log アーキテクチャ:           amd64
19-Oct-2023 11:43:56.411 情報 [main] org.apache.catalina.startup.VersionLoggerListener.log Java Home:                C:\Program Files\Java\jdk-20
19-Oct-2023 11:43:56.412 情報 [main] org.apache.catalina.startup.VersionLoggerListener.log JVM バージョン:           20+36-2344
19-Oct-2023 11:43:56.412 情報 [main] org.apache.catalina.startup.VersionLoggerListener.log JVM ベンダ:               Oracle Corporation
19-Oct-2023 11:43:56.412 情報 [main] org.apache.catalina.startup.VersionLoggerListener.log CATALINA_BASE:            C:\apache-tomcat-9.0.82
19-Oct-2023 11:43:56.413 情報 [main] org.apache.catalina.startup.VersionLoggerListener.log CATALINA_HOME:            C:\apache-tomcat-9.0.82
19-Oct-2023 11:43:56.422 情報 [main] org.apache.catalina.startup.VersionLoggerListener.log コマンドライン引数:       --add-opens=java.base/java.lang=ALL-UNNAMED
19-Oct-2023 11:43:56.469 情報 [main] org.apache.catalina.startup.VersionLoggerListener.log コマンドライン引数:       --add-opens=java.base/java.io=ALL-UNNAMED
19-Oct-2023 11:43:56.469 情報 [main] org.apache.catalina.startup.VersionLoggerListener.log コマンドライン引数:       --add-opens=java.base/java.util=ALL-UNNAMED
19-Oct-2023 11:43:56.470 情報 [main] org.apache.catalina.startup.VersionLoggerListener.log コマンドライン引数:       --add-opens=java.base/java.util.concurrent=ALL-UNNAMED
19-Oct-2023 11:43:56.470 情報 [main] org.apache.catalina.startup.VersionLoggerListener.log コマンドライン引数:       --add-opens=java.rmi/sun.rmi.transport=ALL-UNNAMED
19-Oct-2023 11:43:56.471 情報 [main] org.apache.catalina.startup.VersionLoggerListener.log コマンドライン引数:       -Djava.util.logging.config.file=C:\apache-tomcat-9.0.82\conf\logging.properties
19-Oct-2023 11:43:56.472 情報 [main] org.apache.catalina.startup.VersionLoggerListener.log コマンドライン引数:       -Djava.util.logging.manager=org.apache.juli.ClassLoaderLogManager
19-Oct-2023 11:43:56.474 情報 [main] org.apache.catalina.startup.VersionLoggerListener.log コマンドライン引数:       -Djdk.tls.ephemeralDHKeySize=2048
19-Oct-2023 11:43:56.475 情報 [main] org.apache.catalina.startup.VersionLoggerListener.log コマンドライン引数:       -Djava.protocol.handler.pkgs=org.apache.catalina.webresources
19-Oct-2023 11:43:56.476 情報 [main] org.apache.catalina.startup.VersionLoggerListener.log コマンドライン引数:       -Dignore.endorsed.dirs=
19-Oct-2023 11:43:56.476 情報 [main] org.apache.catalina.startup.VersionLoggerListener.log コマンドライン引数:       -Dcatalina.base=C:\apache-tomcat-9.0.82
19-Oct-2023 11:43:56.478 情報 [main] org.apache.catalina.startup.VersionLoggerListener.log コマンドライン引数:       -Dcatalina.home=C:\apache-tomcat-9.0.82
19-Oct-2023 11:43:56.479 情報 [main] org.apache.catalina.startup.VersionLoggerListener.log コマンドライン引数:       -Djava.io.tmpdir=C:\apache-tomcat-9.0.82\temp
19-Oct-2023 11:43:56.485 情報 [main] org.apache.catalina.core.AprLifecycleListener.lifecycleEvent APRバージョン[1.7.4]を使用してAPRベースのApache Tomcatネイティブライブラリ[1.2.39]をロードしました。
19-Oct-2023 11:43:56.540 情報 [main] org.apache.catalina.core.AprLifecycleListener.lifecycleEvent APR機能: IPv6 [true]、sendfile [true]、受け入れフィルタ [false]、ランダム [true]、UDS [true]
19-Oct-2023 11:43:56.541 情報 [main] org.apache.catalina.core.AprLifecycleListener.lifecycleEvent APR/OpenSSL設定：useAprConnector [false]、useOpenSSL [true]
19-Oct-2023 11:43:56.551 情報 [main] org.apache.catalina.core.AprLifecycleListener.initializeSSL OpenSSLは [OpenSSL 3.0.11 19 Sep 2023] を正常に初期化しました
19-Oct-2023 11:43:57.352 情報 [main] org.apache.coyote.AbstractProtocol.init プロトコルハンドラ ["http-nio-8080"] を初期化します。
19-Oct-2023 11:43:57.393 情報 [main] org.apache.catalina.startup.Catalina.load サーバーの初期化 [1383] ミリ秒
19-Oct-2023 11:43:57.475 情報 [main] org.apache.catalina.core.StandardService.startInternal サービス [Catalina] を起動します
19-Oct-2023 11:43:57.485 情報 [main] org.apache.catalina.core.StandardEngine.startInternal サーブレットエンジンの起動：[Apache Tomcat/9.0.82]
19-Oct-2023 11:43:57.566 情報 [main] org.apache.catalina.startup.HostConfig.deployDirectory Web アプリケーションディレクトリ [C:\apache-tomcat-9.0.82\webapps\docs] を配備します
19-Oct-2023 11:43:58.335 情報 [main] org.apache.catalina.startup.HostConfig.deployDirectory ディレクトリ [C:\apache-tomcat-9.0.82\webapps\docs] の Web アプリケーションの配備は [764] ミリ秒で完了しました。
19-Oct-2023 11:43:58.336 情報 [main] org.apache.catalina.startup.HostConfig.deployDirectory Web アプリケーションディレクトリ [C:\apache-tomcat-9.0.82\webapps\examples] を配備します
19-Oct-2023 11:43:59.121 情報 [main] org.apache.catalina.startup.HostConfig.deployDirectory ディレクトリ [C:\apache-tomcat-9.0.82\webapps\examples] の Web アプリケーションの配備は [785] ミリ秒で完了しました。
19-Oct-2023 11:43:59.122 情報 [main] org.apache.catalina.startup.HostConfig.deployDirectory Web アプリケーションディレクトリ [C:\apache-tomcat-9.0.82\webapps\host-manager] を配備します
19-Oct-2023 11:43:59.183 情報 [main] org.apache.catalina.startup.HostConfig.deployDirectory ディレクトリ [C:\apache-tomcat-9.0.82\webapps\host-manager] の Web アプリケーションの配備は [60] ミリ秒で完了しました。
19-Oct-2023 11:43:59.184 情報 [main] org.apache.catalina.startup.HostConfig.deployDirectory Web アプリケーションディレクトリ [C:\apache-tomcat-9.0.82\webapps\manager] を配備します
19-Oct-2023 11:43:59.248 情報 [main] org.apache.catalina.startup.HostConfig.deployDirectory ディレクトリ [C:\apache-tomcat-9.0.82\webapps\manager] の Web アプリケーションの配備は [64] ミリ秒で完了しました。
19-Oct-2023 11:43:59.248 情報 [main] org.apache.catalina.startup.HostConfig.deployDirectory Web アプリケーションディレクトリ [C:\apache-tomcat-9.0.82\webapps\ROOT] を配備します
19-Oct-2023 11:43:59.414 情報 [main] org.apache.catalina.startup.HostConfig.deployDirectory ディレクトリ [C:\apache-tomcat-9.0.82\webapps\ROOT] の Web アプリケーションの配備は [165] ミリ秒で完了しました。
19-Oct-2023 11:43:59.434 情報 [main] org.apache.coyote.AbstractProtocol.start プロトコルハンドラー ["http-nio-8080"] を開始しました。
19-Oct-2023 11:43:59.601 情報 [main] org.apache.catalina.startup.Catalina.start サーバーの起動 [2201] ミリ秒
19-Oct-2023 11:44:32.613 情報 [main] org.apache.catalina.core.StandardServer.await 有効なシャットダウンコマンドがシャットダウンポート経由で受信されました。 サーバーインスタンスを停止します。
19-Oct-2023 11:44:32.623 情報 [main] org.apache.coyote.AbstractProtocol.pause ProtocolHandler ["http-nio-8080"] を一時停止します。
19-Oct-2023 11:44:32.705 情報 [main] org.apache.catalina.core.StandardService.stopInternal サービス [Catalina] を停止します
19-Oct-2023 11:44:32.855 情報 [main] org.apache.coyote.AbstractProtocol.stop ProtocolHandler ["http-nio-8080"]の停止中
19-Oct-2023 11:44:32.875 情報 [main] org.apache.coyote.AbstractProtocol.destroy ProtocolHandler ["http-nio-8080"] を破棄します。
19-Oct-2023 11:48:18.598 情報 [main] org.apache.catalina.startup.VersionLoggerListener.log Serverのバージョン名:     Apache Tomcat/9.0.82
19-Oct-2023 11:48:18.604 情報 [main] org.apache.catalina.startup.VersionLoggerListener.log Server ビルド:            Oct 11 2023 13:15:08 UTC
19-Oct-2023 11:48:18.611 情報 [main] org.apache.catalina.startup.VersionLoggerListener.log サーバーのバージョン番号: 9.0.82.0
19-Oct-2023 11:48:18.612 情報 [main] org.apache.catalina.startup.VersionLoggerListener.log OS 名:                    Windows 10
19-Oct-2023 11:48:18.612 情報 [main] org.apache.catalina.startup.VersionLoggerListener.log OS バージョン:            10.0
19-Oct-2023 11:48:18.613 情報 [main] org.apache.catalina.startup.VersionLoggerListener.log アーキテクチャ:           amd64
19-Oct-2023 11:48:18.614 情報 [main] org.apache.catalina.startup.VersionLoggerListener.log Java Home:                C:\Program Files\Java\jdk-20
19-Oct-2023 11:48:18.614 情報 [main] org.apache.catalina.startup.VersionLoggerListener.log JVM バージョン:           20+36-2344
19-Oct-2023 11:48:18.615 情報 [main] org.apache.catalina.startup.VersionLoggerListener.log JVM ベンダ:               Oracle Corporation
19-Oct-2023 11:48:18.615 情報 [main] org.apache.catalina.startup.VersionLoggerListener.log CATALINA_BASE:            C:\apache-tomcat-9.0.82
19-Oct-2023 11:48:18.615 情報 [main] org.apache.catalina.startup.VersionLoggerListener.log CATALINA_HOME:            C:\apache-tomcat-9.0.82
19-Oct-2023 11:48:18.624 情報 [main] org.apache.catalina.startup.VersionLoggerListener.log コマンドライン引数:       --add-opens=java.base/java.lang=ALL-UNNAMED
19-Oct-2023 11:48:18.671 情報 [main] org.apache.catalina.startup.VersionLoggerListener.log コマンドライン引数:       --add-opens=java.base/java.io=ALL-UNNAMED
19-Oct-2023 11:48:18.671 情報 [main] org.apache.catalina.startup.VersionLoggerListener.log コマンドライン引数:       --add-opens=java.base/java.util=ALL-UNNAMED
19-Oct-2023 11:48:18.672 情報 [main] org.apache.catalina.startup.VersionLoggerListener.log コマンドライン引数:       --add-opens=java.base/java.util.concurrent=ALL-UNNAMED
19-Oct-2023 11:48:18.673 情報 [main] org.apache.catalina.startup.VersionLoggerListener.log コマンドライン引数:       --add-opens=java.rmi/sun.rmi.transport=ALL-UNNAMED
19-Oct-2023 11:48:18.675 情報 [main] org.apache.catalina.startup.VersionLoggerListener.log コマンドライン引数:       -Djava.util.logging.config.file=C:\apache-tomcat-9.0.82\conf\logging.properties
19-Oct-2023 11:48:18.676 情報 [main] org.apache.catalina.startup.VersionLoggerListener.log コマンドライン引数:       -Djava.util.logging.manager=org.apache.juli.ClassLoaderLogManager
19-Oct-2023 11:48:18.677 情報 [main] org.apache.catalina.startup.VersionLoggerListener.log コマンドライン引数:       -Djdk.tls.ephemeralDHKeySize=2048
19-Oct-2023 11:48:18.677 情報 [main] org.apache.catalina.startup.VersionLoggerListener.log コマンドライン引数:       -Djava.protocol.handler.pkgs=org.apache.catalina.webresources
19-Oct-2023 11:48:18.678 情報 [main] org.apache.catalina.startup.VersionLoggerListener.log コマンドライン引数:       -Dignore.endorsed.dirs=
19-Oct-2023 11:48:18.680 情報 [main] org.apache.catalina.startup.VersionLoggerListener.log コマンドライン引数:       -Dcatalina.base=C:\apache-tomcat-9.0.82
19-Oct-2023 11:48:18.680 情報 [main] org.apache.catalina.startup.VersionLoggerListener.log コマンドライン引数:       -Dcatalina.home=C:\apache-tomcat-9.0.82
19-Oct-2023 11:48:18.681 情報 [main] org.apache.catalina.startup.VersionLoggerListener.log コマンドライン引数:       -Djava.io.tmpdir=C:\apache-tomcat-9.0.82\temp
19-Oct-2023 11:48:18.687 情報 [main] org.apache.catalina.core.AprLifecycleListener.lifecycleEvent APRバージョン[1.7.4]を使用してAPRベースのApache Tomcatネイティブライブラリ[1.2.39]をロードしました。
19-Oct-2023 11:48:18.763 情報 [main] org.apache.catalina.core.AprLifecycleListener.lifecycleEvent APR機能: IPv6 [true]、sendfile [true]、受け入れフィルタ [false]、ランダム [true]、UDS [true]
19-Oct-2023 11:48:18.765 情報 [main] org.apache.catalina.core.AprLifecycleListener.lifecycleEvent APR/OpenSSL設定：useAprConnector [false]、useOpenSSL [true]
19-Oct-2023 11:48:18.772 情報 [main] org.apache.catalina.core.AprLifecycleListener.initializeSSL OpenSSLは [OpenSSL 3.0.11 19 Sep 2023] を正常に初期化しました
19-Oct-2023 11:48:19.235 情報 [main] org.apache.coyote.AbstractProtocol.init プロトコルハンドラ ["http-nio-8080"] を初期化します。
19-Oct-2023 11:48:19.270 情報 [main] org.apache.catalina.startup.Catalina.load サーバーの初期化 [1036] ミリ秒
19-Oct-2023 11:48:19.369 情報 [main] org.apache.catalina.core.StandardService.startInternal サービス [Catalina] を起動します
19-Oct-2023 11:48:19.380 情報 [main] org.apache.catalina.core.StandardEngine.startInternal サーブレットエンジンの起動：[Apache Tomcat/9.0.82]
19-Oct-2023 11:48:19.395 情報 [main] org.apache.catalina.startup.HostConfig.deployDirectory Web アプリケーションディレクトリ [C:\apache-tomcat-9.0.82\webapps\docs] を配備します
19-Oct-2023 11:48:19.917 情報 [main] org.apache.catalina.startup.HostConfig.deployDirectory ディレクトリ [C:\apache-tomcat-9.0.82\webapps\docs] の Web アプリケーションの配備は [517] ミリ秒で完了しました。
19-Oct-2023 11:48:19.928 情報 [main] org.apache.catalina.startup.HostConfig.deployDirectory Web アプリケーションディレクトリ [C:\apache-tomcat-9.0.82\webapps\examples] を配備します
19-Oct-2023 11:48:20.772 情報 [main] org.apache.catalina.startup.HostConfig.deployDirectory ディレクトリ [C:\apache-tomcat-9.0.82\webapps\examples] の Web アプリケーションの配備は [844] ミリ秒で完了しました。
19-Oct-2023 11:48:20.773 情報 [main] org.apache.catalina.startup.HostConfig.deployDirectory Web アプリケーションディレクトリ [C:\apache-tomcat-9.0.82\webapps\host-manager] を配備します
19-Oct-2023 11:48:20.854 情報 [main] org.apache.catalina.startup.HostConfig.deployDirectory ディレクトリ [C:\apache-tomcat-9.0.82\webapps\host-manager] の Web アプリケーションの配備は [80] ミリ秒で完了しました。
19-Oct-2023 11:48:20.855 情報 [main] org.apache.catalina.startup.HostConfig.deployDirectory Web アプリケーションディレクトリ [C:\apache-tomcat-9.0.82\webapps\manager] を配備します
19-Oct-2023 11:48:20.918 情報 [main] org.apache.catalina.startup.HostConfig.deployDirectory ディレクトリ [C:\apache-tomcat-9.0.82\webapps\manager] の Web アプリケーションの配備は [63] ミリ秒で完了しました。
19-Oct-2023 11:48:20.918 情報 [main] org.apache.catalina.startup.HostConfig.deployDirectory Web アプリケーションディレクトリ [C:\apache-tomcat-9.0.82\webapps\ROOT] を配備します
19-Oct-2023 11:48:20.965 情報 [main] org.apache.catalina.startup.HostConfig.deployDirectory ディレクトリ [C:\apache-tomcat-9.0.82\webapps\ROOT] の Web アプリケーションの配備は [46] ミリ秒で完了しました。
19-Oct-2023 11:48:20.965 情報 [main] org.apache.catalina.startup.HostConfig.deployDirectory Web アプリケーションディレクトリ [C:\apache-tomcat-9.0.82\webapps\ServletSample1] を配備します
19-Oct-2023 11:48:21.122 情報 [main] org.apache.catalina.startup.HostConfig.deployDirectory ディレクトリ [C:\apache-tomcat-9.0.82\webapps\ServletSample1] の Web アプリケーションの配備は [157] ミリ秒で完了しました。
19-Oct-2023 11:48:21.145 情報 [main] org.apache.coyote.AbstractProtocol.start プロトコルハンドラー ["http-nio-8080"] を開始しました。
19-Oct-2023 11:48:21.354 情報 [main] org.apache.catalina.startup.Catalina.start サーバーの起動 [2071] ミリ秒
19-Oct-2023 11:59:23.293 情報 [Catalina-utility-2] org.apache.catalina.startup.HostConfig.deployDirectory Web アプリケーションディレクトリ [C:\apache-tomcat-9.0.82\webapps\test1] を配備します
19-Oct-2023 11:59:23.341 情報 [Catalina-utility-2] org.apache.catalina.startup.HostConfig.deployDirectory ディレクトリ [C:\apache-tomcat-9.0.82\webapps\test1] の Web アプリケーションの配備は [49] ミリ秒で完了しました。
19-Oct-2023 12:08:53.711 情報 [main] org.apache.catalina.core.StandardServer.await 有効なシャットダウンコマンドがシャットダウンポート経由で受信されました。 サーバーインスタンスを停止します。
19-Oct-2023 12:08:53.714 情報 [main] org.apache.coyote.AbstractProtocol.pause ProtocolHandler ["http-nio-8080"] を一時停止します。
19-Oct-2023 12:08:53.730 情報 [main] org.apache.catalina.core.StandardService.stopInternal サービス [Catalina] を停止します
19-Oct-2023 12:08:53.843 情報 [main] org.apache.coyote.AbstractProtocol.stop ProtocolHandler ["http-nio-8080"]の停止中
19-Oct-2023 12:08:53.862 情報 [main] org.apache.coyote.AbstractProtocol.destroy ProtocolHandler ["http-nio-8080"] を破棄します。
19-Oct-2023 14:37:44.977 情報 [main] org.apache.catalina.startup.VersionLoggerListener.log Serverのバージョン名:     Apache Tomcat/9.0.82
19-Oct-2023 14:37:44.984 情報 [main] org.apache.catalina.startup.VersionLoggerListener.log Server ビルド:            Oct 11 2023 13:15:08 UTC
19-Oct-2023 14:37:44.984 情報 [main] org.apache.catalina.startup.VersionLoggerListener.log サーバーのバージョン番号: 9.0.82.0
19-Oct-2023 14:37:44.984 情報 [main] org.apache.catalina.startup.VersionLoggerListener.log OS 名:                    Windows 10
19-Oct-2023 14:37:44.984 情報 [main] org.apache.catalina.startup.VersionLoggerListener.log OS バージョン:            10.0
19-Oct-2023 14:37:44.984 情報 [main] org.apache.catalina.startup.VersionLoggerListener.log アーキテクチャ:           amd64
19-Oct-2023 14:37:44.984 情報 [main] org.apache.catalina.startup.VersionLoggerListener.log Java Home:                C:\Program Files\Java\jdk-20
19-Oct-2023 14:37:45.000 情報 [main] org.apache.catalina.startup.VersionLoggerListener.log JVM バージョン:           20+36-2344
19-Oct-2023 14:37:45.000 情報 [main] org.apache.catalina.startup.VersionLoggerListener.log JVM ベンダ:               Oracle Corporation
19-Oct-2023 14:37:45.000 情報 [main] org.apache.catalina.startup.VersionLoggerListener.log CATALINA_BASE:            C:\apache-tomcat-9.0.82
19-Oct-2023 14:37:45.000 情報 [main] org.apache.catalina.startup.VersionLoggerListener.log CATALINA_HOME:            C:\apache-tomcat-9.0.82
19-Oct-2023 14:37:45.000 情報 [main] org.apache.catalina.startup.VersionLoggerListener.log コマンドライン引数:       --add-opens=java.base/java.lang=ALL-UNNAMED
19-Oct-2023 14:37:45.000 情報 [main] org.apache.catalina.startup.VersionLoggerListener.log コマンドライン引数:       --add-opens=java.base/java.io=ALL-UNNAMED
19-Oct-2023 14:37:45.000 情報 [main] org.apache.catalina.startup.VersionLoggerListener.log コマンドライン引数:       --add-opens=java.base/java.util=ALL-UNNAMED
19-Oct-2023 14:37:45.000 情報 [main] org.apache.catalina.startup.VersionLoggerListener.log コマンドライン引数:       --add-opens=java.base/java.util.concurrent=ALL-UNNAMED
19-Oct-2023 14:37:45.000 情報 [main] org.apache.catalina.startup.VersionLoggerListener.log コマンドライン引数:       --add-opens=java.rmi/sun.rmi.transport=ALL-UNNAMED
19-Oct-2023 14:37:45.000 情報 [main] org.apache.catalina.startup.VersionLoggerListener.log コマンドライン引数:       -Djava.util.logging.config.file=C:\apache-tomcat-9.0.82\conf\logging.properties
19-Oct-2023 14:37:45.000 情報 [main] org.apache.catalina.startup.VersionLoggerListener.log コマンドライン引数:       -Djava.util.logging.manager=org.apache.juli.ClassLoaderLogManager
19-Oct-2023 14:37:45.000 情報 [main] org.apache.catalina.startup.VersionLoggerListener.log コマンドライン引数:       -Djdk.tls.ephemeralDHKeySize=2048
19-Oct-2023 14:37:45.015 情報 [main] org.apache.catalina.startup.VersionLoggerListener.log コマンドライン引数:       -Djava.protocol.handler.pkgs=org.apache.catalina.webresources
19-Oct-2023 14:37:45.078 情報 [main] org.apache.catalina.startup.VersionLoggerListener.log コマンドライン引数:       -Dignore.endorsed.dirs=
19-Oct-2023 14:37:45.078 情報 [main] org.apache.catalina.startup.VersionLoggerListener.log コマンドライン引数:       -Dcatalina.base=C:\apache-tomcat-9.0.82
19-Oct-2023 14:37:45.078 情報 [main] org.apache.catalina.startup.VersionLoggerListener.log コマンドライン引数:       -Dcatalina.home=C:\apache-tomcat-9.0.82
19-Oct-2023 14:37:45.078 情報 [main] org.apache.catalina.startup.VersionLoggerListener.log コマンドライン引数:       -Djava.io.tmpdir=C:\apache-tomcat-9.0.82\temp
19-Oct-2023 14:37:45.094 情報 [main] org.apache.catalina.core.AprLifecycleListener.lifecycleEvent APRバージョン[1.7.4]を使用してAPRベースのApache Tomcatネイティブライブラリ[1.2.39]をロードしました。
19-Oct-2023 14:37:45.109 情報 [main] org.apache.catalina.core.AprLifecycleListener.lifecycleEvent APR機能: IPv6 [true]、sendfile [true]、受け入れフィルタ [false]、ランダム [true]、UDS [true]
19-Oct-2023 14:37:45.109 情報 [main] org.apache.catalina.core.AprLifecycleListener.lifecycleEvent APR/OpenSSL設定：useAprConnector [false]、useOpenSSL [true]
19-Oct-2023 14:37:45.125 情報 [main] org.apache.catalina.core.AprLifecycleListener.initializeSSL OpenSSLは [OpenSSL 3.0.11 19 Sep 2023] を正常に初期化しました
19-Oct-2023 14:37:45.643 情報 [main] org.apache.coyote.AbstractProtocol.init プロトコルハンドラ ["http-nio-8080"] を初期化します。
19-Oct-2023 14:37:45.690 情報 [main] org.apache.catalina.startup.Catalina.load サーバーの初期化 [1091] ミリ秒
19-Oct-2023 14:37:45.768 情報 [main] org.apache.catalina.core.StandardService.startInternal サービス [Catalina] を起動します
19-Oct-2023 14:37:45.768 情報 [main] org.apache.catalina.core.StandardEngine.startInternal サーブレットエンジンの起動：[Apache Tomcat/9.0.82]
19-Oct-2023 14:37:45.784 情報 [main] org.apache.catalina.startup.HostConfig.deployDirectory Web アプリケーションディレクトリ [C:\apache-tomcat-9.0.82\webapps\docs] を配備します
19-Oct-2023 14:37:46.312 情報 [main] org.apache.catalina.startup.HostConfig.deployDirectory ディレクトリ [C:\apache-tomcat-9.0.82\webapps\docs] の Web アプリケーションの配備は [513] ミリ秒で完了しました。
19-Oct-2023 14:37:46.312 情報 [main] org.apache.catalina.startup.HostConfig.deployDirectory Web アプリケーションディレクトリ [C:\apache-tomcat-9.0.82\webapps\examples] を配備します
19-Oct-2023 14:37:46.946 情報 [main] org.apache.catalina.startup.HostConfig.deployDirectory ディレクトリ [C:\apache-tomcat-9.0.82\webapps\examples] の Web アプリケーションの配備は [634] ミリ秒で完了しました。
19-Oct-2023 14:37:46.946 情報 [main] org.apache.catalina.startup.HostConfig.deployDirectory Web アプリケーションディレクトリ [C:\apache-tomcat-9.0.82\webapps\host-manager] を配備します
19-Oct-2023 14:37:47.066 情報 [main] org.apache.catalina.startup.HostConfig.deployDirectory ディレクトリ [C:\apache-tomcat-9.0.82\webapps\host-manager] の Web アプリケーションの配備は [120] ミリ秒で完了しました。
19-Oct-2023 14:37:47.068 情報 [main] org.apache.catalina.startup.HostConfig.deployDirectory Web アプリケーションディレクトリ [C:\apache-tomcat-9.0.82\webapps\manager] を配備します
19-Oct-2023 14:37:47.131 情報 [main] org.apache.catalina.startup.HostConfig.deployDirectory ディレクトリ [C:\apache-tomcat-9.0.82\webapps\manager] の Web アプリケーションの配備は [64] ミリ秒で完了しました。
19-Oct-2023 14:37:47.131 情報 [main] org.apache.catalina.startup.HostConfig.deployDirectory Web アプリケーションディレクトリ [C:\apache-tomcat-9.0.82\webapps\ROOT] を配備します
19-Oct-2023 14:37:47.178 情報 [main] org.apache.catalina.startup.HostConfig.deployDirectory ディレクトリ [C:\apache-tomcat-9.0.82\webapps\ROOT] の Web アプリケーションの配備は [47] ミリ秒で完了しました。
19-Oct-2023 14:37:47.178 情報 [main] org.apache.catalina.startup.HostConfig.deployDirectory Web アプリケーションディレクトリ [C:\apache-tomcat-9.0.82\webapps\Servlet] を配備します
19-Oct-2023 14:37:47.225 情報 [main] org.apache.catalina.startup.HostConfig.deployDirectory ディレクトリ [C:\apache-tomcat-9.0.82\webapps\Servlet] の Web アプリケーションの配備は [47] ミリ秒で完了しました。
19-Oct-2023 14:37:47.225 情報 [main] org.apache.catalina.startup.HostConfig.deployDirectory Web アプリケーションディレクトリ [C:\apache-tomcat-9.0.82\webapps\test1] を配備します
19-Oct-2023 14:37:47.272 情報 [main] org.apache.catalina.startup.HostConfig.deployDirectory ディレクトリ [C:\apache-tomcat-9.0.82\webapps\test1] の Web アプリケーションの配備は [47] ミリ秒で完了しました。
19-Oct-2023 14:37:47.272 情報 [main] org.apache.coyote.AbstractProtocol.start プロトコルハンドラー ["http-nio-8080"] を開始しました。
19-Oct-2023 14:37:47.356 情報 [main] org.apache.catalina.startup.Catalina.start サーバーの起動 [1659] ミリ秒
19-Oct-2023 14:44:38.519 情報 [Catalina-utility-1] org.apache.catalina.startup.HostConfig.undeploy コンテキストパス [/Servlet] のWebアプリケーションの配備を解除します
19-Oct-2023 14:44:38.549 情報 [Catalina-utility-1] org.apache.catalina.startup.HostConfig.deployDirectory Web アプリケーションディレクトリ [C:\apache-tomcat-9.0.82\webapps\ServletSample1] を配備します
19-Oct-2023 14:44:38.580 情報 [Catalina-utility-1] org.apache.catalina.startup.HostConfig.deployDirectory ディレクトリ [C:\apache-tomcat-9.0.82\webapps\ServletSample1] の Web アプリケーションの配備は [31] ミリ秒で完了しました。
19-Oct-2023 15:06:02.510 情報 [main] org.apache.catalina.core.StandardServer.await 有効なシャットダウンコマンドがシャットダウンポート経由で受信されました。 サーバーインスタンスを停止します。
19-Oct-2023 15:06:02.524 情報 [main] org.apache.coyote.AbstractProtocol.pause ProtocolHandler ["http-nio-8080"] を一時停止します。
19-Oct-2023 15:06:02.549 情報 [main] org.apache.catalina.core.StandardService.stopInternal サービス [Catalina] を停止します
19-Oct-2023 15:06:02.575 情報 [main] org.apache.coyote.AbstractProtocol.stop ProtocolHandler ["http-nio-8080"]の停止中
19-Oct-2023 15:06:02.606 情報 [main] org.apache.coyote.AbstractProtocol.destroy ProtocolHandler ["http-nio-8080"] を破棄します。
19-Oct-2023 15:21:18.966 重大 [main] org.apache.catalina.startup.Catalina.stopServer [localhost:8005] に接続できませんでした (base ポート [8005]、offset [0])。Tomcatが実行中でない可能性があります。
19-Oct-2023 15:23:16.051 情報 [main] org.apache.catalina.startup.VersionLoggerListener.log Serverのバージョン名:     Apache Tomcat/9.0.82
19-Oct-2023 15:23:16.064 情報 [main] org.apache.catalina.startup.VersionLoggerListener.log Server ビルド:            Oct 11 2023 13:15:08 UTC
19-Oct-2023 15:23:16.064 情報 [main] org.apache.catalina.startup.VersionLoggerListener.log サーバーのバージョン番号: 9.0.82.0
19-Oct-2023 15:23:16.064 情報 [main] org.apache.catalina.startup.VersionLoggerListener.log OS 名:                    Windows 10
19-Oct-2023 15:23:16.064 情報 [main] org.apache.catalina.startup.VersionLoggerListener.log OS バージョン:            10.0
19-Oct-2023 15:23:16.064 情報 [main] org.apache.catalina.startup.VersionLoggerListener.log アーキテクチャ:           amd64
19-Oct-2023 15:23:16.064 情報 [main] org.apache.catalina.startup.VersionLoggerListener.log Java Home:                C:\Program Files\Java\jdk-20
19-Oct-2023 15:23:16.064 情報 [main] org.apache.catalina.startup.VersionLoggerListener.log JVM バージョン:           20+36-2344
19-Oct-2023 15:23:16.064 情報 [main] org.apache.catalina.startup.VersionLoggerListener.log JVM ベンダ:               Oracle Corporation
19-Oct-2023 15:23:16.064 情報 [main] org.apache.catalina.startup.VersionLoggerListener.log CATALINA_BASE:            C:\apache-tomcat-9.0.82
19-Oct-2023 15:23:16.064 情報 [main] org.apache.catalina.startup.VersionLoggerListener.log CATALINA_HOME:            C:\apache-tomcat-9.0.82
19-Oct-2023 15:23:16.079 情報 [main] org.apache.catalina.startup.VersionLoggerListener.log コマンドライン引数:       --add-opens=java.base/java.lang=ALL-UNNAMED
19-Oct-2023 15:23:16.126 情報 [main] org.apache.catalina.startup.VersionLoggerListener.log コマンドライン引数:       --add-opens=java.base/java.io=ALL-UNNAMED
19-Oct-2023 15:23:16.126 情報 [main] org.apache.catalina.startup.VersionLoggerListener.log コマンドライン引数:       --add-opens=java.base/java.util=ALL-UNNAMED
19-Oct-2023 15:23:16.126 情報 [main] org.apache.catalina.startup.VersionLoggerListener.log コマンドライン引数:       --add-opens=java.base/java.util.concurrent=ALL-UNNAMED
19-Oct-2023 15:23:16.126 情報 [main] org.apache.catalina.startup.VersionLoggerListener.log コマンドライン引数:       --add-opens=java.rmi/sun.rmi.transport=ALL-UNNAMED
19-Oct-2023 15:23:16.126 情報 [main] org.apache.catalina.startup.VersionLoggerListener.log コマンドライン引数:       -Djava.util.logging.config.file=C:\apache-tomcat-9.0.82\conf\logging.properties
19-Oct-2023 15:23:16.126 情報 [main] org.apache.catalina.startup.VersionLoggerListener.log コマンドライン引数:       -Djava.util.logging.manager=org.apache.juli.ClassLoaderLogManager
19-Oct-2023 15:23:16.126 情報 [main] org.apache.catalina.startup.VersionLoggerListener.log コマンドライン引数:       -Djdk.tls.ephemeralDHKeySize=2048
19-Oct-2023 15:23:16.126 情報 [main] org.apache.catalina.startup.VersionLoggerListener.log コマンドライン引数:       -Djava.protocol.handler.pkgs=org.apache.catalina.webresources
19-Oct-2023 15:23:16.126 情報 [main] org.apache.catalina.startup.VersionLoggerListener.log コマンドライン引数:       -Dignore.endorsed.dirs=
19-Oct-2023 15:23:16.126 情報 [main] org.apache.catalina.startup.VersionLoggerListener.log コマンドライン引数:       -Dcatalina.base=C:\apache-tomcat-9.0.82
19-Oct-2023 15:23:16.126 情報 [main] org.apache.catalina.startup.VersionLoggerListener.log コマンドライン引数:       -Dcatalina.home=C:\apache-tomcat-9.0.82
19-Oct-2023 15:23:16.126 情報 [main] org.apache.catalina.startup.VersionLoggerListener.log コマンドライン引数:       -Djava.io.tmpdir=C:\apache-tomcat-9.0.82\temp
19-Oct-2023 15:23:16.142 情報 [main] org.apache.catalina.core.AprLifecycleListener.lifecycleEvent APRバージョン[1.7.4]を使用してAPRベースのApache Tomcatネイティブライブラリ[1.2.39]をロードしました。
19-Oct-2023 15:23:16.189 情報 [main] org.apache.catalina.core.AprLifecycleListener.lifecycleEvent APR機能: IPv6 [true]、sendfile [true]、受け入れフィルタ [false]、ランダム [true]、UDS [true]
19-Oct-2023 15:23:16.189 情報 [main] org.apache.catalina.core.AprLifecycleListener.lifecycleEvent APR/OpenSSL設定：useAprConnector [false]、useOpenSSL [true]
19-Oct-2023 15:23:16.204 情報 [main] org.apache.catalina.core.AprLifecycleListener.initializeSSL OpenSSLは [OpenSSL 3.0.11 19 Sep 2023] を正常に初期化しました
19-Oct-2023 15:23:16.657 情報 [main] org.apache.coyote.AbstractProtocol.init プロトコルハンドラ ["http-nio-8080"] を初期化します。
19-Oct-2023 15:23:16.704 情報 [main] org.apache.catalina.startup.Catalina.load サーバーの初期化 [998] ミリ秒
19-Oct-2023 15:23:16.767 情報 [main] org.apache.catalina.core.StandardService.startInternal サービス [Catalina] を起動します
19-Oct-2023 15:23:16.767 情報 [main] org.apache.catalina.core.StandardEngine.startInternal サーブレットエンジンの起動：[Apache Tomcat/9.0.82]
19-Oct-2023 15:23:16.809 情報 [main] org.apache.catalina.startup.HostConfig.deployDirectory Web アプリケーションディレクトリ [C:\apache-tomcat-9.0.82\webapps\docs] を配備します
19-Oct-2023 15:23:17.289 情報 [main] org.apache.catalina.startup.HostConfig.deployDirectory ディレクトリ [C:\apache-tomcat-9.0.82\webapps\docs] の Web アプリケーションの配備は [475] ミリ秒で完了しました。
19-Oct-2023 15:23:17.290 情報 [main] org.apache.catalina.startup.HostConfig.deployDirectory Web アプリケーションディレクトリ [C:\apache-tomcat-9.0.82\webapps\examples] を配備します
19-Oct-2023 15:23:17.960 情報 [main] org.apache.catalina.startup.HostConfig.deployDirectory ディレクトリ [C:\apache-tomcat-9.0.82\webapps\examples] の Web アプリケーションの配備は [670] ミリ秒で完了しました。
19-Oct-2023 15:23:17.960 情報 [main] org.apache.catalina.startup.HostConfig.deployDirectory Web アプリケーションディレクトリ [C:\apache-tomcat-9.0.82\webapps\host-manager] を配備します
19-Oct-2023 15:23:18.023 情報 [main] org.apache.catalina.startup.HostConfig.deployDirectory ディレクトリ [C:\apache-tomcat-9.0.82\webapps\host-manager] の Web アプリケーションの配備は [63] ミリ秒で完了しました。
19-Oct-2023 15:23:18.023 情報 [main] org.apache.catalina.startup.HostConfig.deployDirectory Web アプリケーションディレクトリ [C:\apache-tomcat-9.0.82\webapps\manager] を配備します
19-Oct-2023 15:23:18.087 情報 [main] org.apache.catalina.startup.HostConfig.deployDirectory ディレクトリ [C:\apache-tomcat-9.0.82\webapps\manager] の Web アプリケーションの配備は [64] ミリ秒で完了しました。
19-Oct-2023 15:23:18.103 情報 [main] org.apache.catalina.startup.HostConfig.deployDirectory Web アプリケーションディレクトリ [C:\apache-tomcat-9.0.82\webapps\ROOT] を配備します
19-Oct-2023 15:23:18.150 情報 [main] org.apache.catalina.startup.HostConfig.deployDirectory ディレクトリ [C:\apache-tomcat-9.0.82\webapps\ROOT] の Web アプリケーションの配備は [31] ミリ秒で完了しました。
19-Oct-2023 15:23:18.150 情報 [main] org.apache.catalina.startup.HostConfig.deployDirectory Web アプリケーションディレクトリ [C:\apache-tomcat-9.0.82\webapps\ServletSample1] を配備します
19-Oct-2023 15:23:18.197 情報 [main] org.apache.catalina.startup.HostConfig.deployDirectory ディレクトリ [C:\apache-tomcat-9.0.82\webapps\ServletSample1] の Web アプリケーションの配備は [47] ミリ秒で完了しました。
19-Oct-2023 15:23:18.197 情報 [main] org.apache.catalina.startup.HostConfig.deployDirectory Web アプリケーションディレクトリ [C:\apache-tomcat-9.0.82\webapps\test1] を配備します
19-Oct-2023 15:23:18.244 情報 [main] org.apache.catalina.startup.HostConfig.deployDirectory ディレクトリ [C:\apache-tomcat-9.0.82\webapps\test1] の Web アプリケーションの配備は [47] ミリ秒で完了しました。
19-Oct-2023 15:23:18.244 情報 [main] org.apache.coyote.AbstractProtocol.start プロトコルハンドラー ["http-nio-8080"] を開始しました。
19-Oct-2023 15:23:18.328 情報 [main] org.apache.catalina.startup.Catalina.start サーバーの起動 [1616] ミリ秒
19-Oct-2023 15:24:58.267 情報 [main] org.apache.catalina.core.StandardServer.await 有効なシャットダウンコマンドがシャットダウンポート経由で受信されました。 サーバーインスタンスを停止します。
19-Oct-2023 15:24:58.267 情報 [main] org.apache.coyote.AbstractProtocol.pause ProtocolHandler ["http-nio-8080"] を一時停止します。
19-Oct-2023 15:24:58.282 情報 [main] org.apache.catalina.core.StandardService.stopInternal サービス [Catalina] を停止します
19-Oct-2023 15:24:58.335 情報 [main] org.apache.coyote.AbstractProtocol.stop ProtocolHandler ["http-nio-8080"]の停止中
19-Oct-2023 15:24:58.367 情報 [main] org.apache.coyote.AbstractProtocol.destroy ProtocolHandler ["http-nio-8080"] を破棄します。
19-Oct-2023 15:25:01.947 情報 [main] org.apache.catalina.startup.VersionLoggerListener.log Serverのバージョン名:     Apache Tomcat/9.0.82
19-Oct-2023 15:25:01.958 情報 [main] org.apache.catalina.startup.VersionLoggerListener.log Server ビルド:            Oct 11 2023 13:15:08 UTC
19-Oct-2023 15:25:01.958 情報 [main] org.apache.catalina.startup.VersionLoggerListener.log サーバーのバージョン番号: 9.0.82.0
19-Oct-2023 15:25:01.958 情報 [main] org.apache.catalina.startup.VersionLoggerListener.log OS 名:                    Windows 10
19-Oct-2023 15:25:01.958 情報 [main] org.apache.catalina.startup.VersionLoggerListener.log OS バージョン:            10.0
19-Oct-2023 15:25:01.958 情報 [main] org.apache.catalina.startup.VersionLoggerListener.log アーキテクチャ:           amd64
19-Oct-2023 15:25:01.958 情報 [main] org.apache.catalina.startup.VersionLoggerListener.log Java Home:                C:\Program Files\Java\jdk-20
19-Oct-2023 15:25:01.958 情報 [main] org.apache.catalina.startup.VersionLoggerListener.log JVM バージョン:           20+36-2344
19-Oct-2023 15:25:01.958 情報 [main] org.apache.catalina.startup.VersionLoggerListener.log JVM ベンダ:               Oracle Corporation
19-Oct-2023 15:25:01.958 情報 [main] org.apache.catalina.startup.VersionLoggerListener.log CATALINA_BASE:            C:\apache-tomcat-9.0.82
19-Oct-2023 15:25:01.958 情報 [main] org.apache.catalina.startup.VersionLoggerListener.log CATALINA_HOME:            C:\apache-tomcat-9.0.82
19-Oct-2023 15:25:01.974 情報 [main] org.apache.catalina.startup.VersionLoggerListener.log コマンドライン引数:       --add-opens=java.base/java.lang=ALL-UNNAMED
19-Oct-2023 15:25:02.021 情報 [main] org.apache.catalina.startup.VersionLoggerListener.log コマンドライン引数:       --add-opens=java.base/java.io=ALL-UNNAMED
19-Oct-2023 15:25:02.021 情報 [main] org.apache.catalina.startup.VersionLoggerListener.log コマンドライン引数:       --add-opens=java.base/java.util=ALL-UNNAMED
19-Oct-2023 15:25:02.021 情報 [main] org.apache.catalina.startup.VersionLoggerListener.log コマンドライン引数:       --add-opens=java.base/java.util.concurrent=ALL-UNNAMED
19-Oct-2023 15:25:02.021 情報 [main] org.apache.catalina.startup.VersionLoggerListener.log コマンドライン引数:       --add-opens=java.rmi/sun.rmi.transport=ALL-UNNAMED
19-Oct-2023 15:25:02.021 情報 [main] org.apache.catalina.startup.VersionLoggerListener.log コマンドライン引数:       -Djava.util.logging.config.file=C:\apache-tomcat-9.0.82\conf\logging.properties
19-Oct-2023 15:25:02.021 情報 [main] org.apache.catalina.startup.VersionLoggerListener.log コマンドライン引数:       -Djava.util.logging.manager=org.apache.juli.ClassLoaderLogManager
19-Oct-2023 15:25:02.021 情報 [main] org.apache.catalina.startup.VersionLoggerListener.log コマンドライン引数:       -Djdk.tls.ephemeralDHKeySize=2048
19-Oct-2023 15:25:02.021 情報 [main] org.apache.catalina.startup.VersionLoggerListener.log コマンドライン引数:       -Djava.protocol.handler.pkgs=org.apache.catalina.webresources
19-Oct-2023 15:25:02.021 情報 [main] org.apache.catalina.startup.VersionLoggerListener.log コマンドライン引数:       -Dignore.endorsed.dirs=
19-Oct-2023 15:25:02.021 情報 [main] org.apache.catalina.startup.VersionLoggerListener.log コマンドライン引数:       -Dcatalina.base=C:\apache-tomcat-9.0.82
19-Oct-2023 15:25:02.021 情報 [main] org.apache.catalina.startup.VersionLoggerListener.log コマンドライン引数:       -Dcatalina.home=C:\apache-tomcat-9.0.82
19-Oct-2023 15:25:02.021 情報 [main] org.apache.catalina.startup.VersionLoggerListener.log コマンドライン引数:       -Djava.io.tmpdir=C:\apache-tomcat-9.0.82\temp
19-Oct-2023 15:25:02.037 情報 [main] org.apache.catalina.core.AprLifecycleListener.lifecycleEvent APRバージョン[1.7.4]を使用してAPRベースのApache Tomcatネイティブライブラリ[1.2.39]をロードしました。
19-Oct-2023 15:25:02.083 情報 [main] org.apache.catalina.core.AprLifecycleListener.lifecycleEvent APR機能: IPv6 [true]、sendfile [true]、受け入れフィルタ [false]、ランダム [true]、UDS [true]
19-Oct-2023 15:25:02.083 情報 [main] org.apache.catalina.core.AprLifecycleListener.lifecycleEvent APR/OpenSSL設定：useAprConnector [false]、useOpenSSL [true]
19-Oct-2023 15:25:02.099 情報 [main] org.apache.catalina.core.AprLifecycleListener.initializeSSL OpenSSLは [OpenSSL 3.0.11 19 Sep 2023] を正常に初期化しました
19-Oct-2023 15:25:02.566 情報 [main] org.apache.coyote.AbstractProtocol.init プロトコルハンドラ ["http-nio-8080"] を初期化します。
19-Oct-2023 15:25:02.612 情報 [main] org.apache.catalina.startup.Catalina.load サーバーの初期化 [1016] ミリ秒
19-Oct-2023 15:25:02.675 情報 [main] org.apache.catalina.core.StandardService.startInternal サービス [Catalina] を起動します
19-Oct-2023 15:25:02.675 情報 [main] org.apache.catalina.core.StandardEngine.startInternal サーブレットエンジンの起動：[Apache Tomcat/9.0.82]
19-Oct-2023 15:25:02.691 情報 [main] org.apache.catalina.startup.HostConfig.deployDirectory Web アプリケーションディレクトリ [C:\apache-tomcat-9.0.82\webapps\docs] を配備します
19-Oct-2023 15:25:03.206 情報 [main] org.apache.catalina.startup.HostConfig.deployDirectory ディレクトリ [C:\apache-tomcat-9.0.82\webapps\docs] の Web アプリケーションの配備は [515] ミリ秒で完了しました。
19-Oct-2023 15:25:03.206 情報 [main] org.apache.catalina.startup.HostConfig.deployDirectory Web アプリケーションディレクトリ [C:\apache-tomcat-9.0.82\webapps\examples] を配備します
19-Oct-2023 15:25:03.835 情報 [main] org.apache.catalina.startup.HostConfig.deployDirectory ディレクトリ [C:\apache-tomcat-9.0.82\webapps\examples] の Web アプリケーションの配備は [629] ミリ秒で完了しました。
19-Oct-2023 15:25:03.835 情報 [main] org.apache.catalina.startup.HostConfig.deployDirectory Web アプリケーションディレクトリ [C:\apache-tomcat-9.0.82\webapps\host-manager] を配備します
19-Oct-2023 15:25:03.898 情報 [main] org.apache.catalina.startup.HostConfig.deployDirectory ディレクトリ [C:\apache-tomcat-9.0.82\webapps\host-manager] の Web アプリケーションの配備は [63] ミリ秒で完了しました。
19-Oct-2023 15:25:03.898 情報 [main] org.apache.catalina.startup.HostConfig.deployDirectory Web アプリケーションディレクトリ [C:\apache-tomcat-9.0.82\webapps\manager] を配備します
19-Oct-2023 15:25:03.944 情報 [main] org.apache.catalina.startup.HostConfig.deployDirectory ディレクトリ [C:\apache-tomcat-9.0.82\webapps\manager] の Web アプリケーションの配備は [46] ミリ秒で完了しました。
19-Oct-2023 15:25:03.960 情報 [main] org.apache.catalina.startup.HostConfig.deployDirectory Web アプリケーションディレクトリ [C:\apache-tomcat-9.0.82\webapps\ROOT] を配備します
19-Oct-2023 15:25:04.007 情報 [main] org.apache.catalina.startup.HostConfig.deployDirectory ディレクトリ [C:\apache-tomcat-9.0.82\webapps\ROOT] の Web アプリケーションの配備は [47] ミリ秒で完了しました。
19-Oct-2023 15:25:04.007 情報 [main] org.apache.catalina.startup.HostConfig.deployDirectory Web アプリケーションディレクトリ [C:\apache-tomcat-9.0.82\webapps\ServletSample1] を配備します
19-Oct-2023 15:25:04.054 情報 [main] org.apache.catalina.startup.HostConfig.deployDirectory ディレクトリ [C:\apache-tomcat-9.0.82\webapps\ServletSample1] の Web アプリケーションの配備は [47] ミリ秒で完了しました。
19-Oct-2023 15:25:04.054 情報 [main] org.apache.catalina.startup.HostConfig.deployDirectory Web アプリケーションディレクトリ [C:\apache-tomcat-9.0.82\webapps\test1] を配備します
19-Oct-2023 15:25:04.101 情報 [main] org.apache.catalina.startup.HostConfig.deployDirectory ディレクトリ [C:\apache-tomcat-9.0.82\webapps\test1] の Web アプリケーションの配備は [47] ミリ秒で完了しました。
19-Oct-2023 15:25:04.116 情報 [main] org.apache.coyote.AbstractProtocol.start プロトコルハンドラー ["http-nio-8080"] を開始しました。
19-Oct-2023 15:25:04.194 情報 [main] org.apache.catalina.startup.Catalina.start サーバーの起動 [1580] ミリ秒
19-Oct-2023 15:31:04.628 情報 [main] org.apache.catalina.core.StandardServer.await 有効なシャットダウンコマンドがシャットダウンポート経由で受信されました。 サーバーインスタンスを停止します。
19-Oct-2023 15:31:04.628 情報 [main] org.apache.coyote.AbstractProtocol.pause ProtocolHandler ["http-nio-8080"] を一時停止します。
19-Oct-2023 15:31:04.659 情報 [main] org.apache.catalina.core.StandardService.stopInternal サービス [Catalina] を停止します
19-Oct-2023 15:31:04.724 情報 [main] org.apache.coyote.AbstractProtocol.stop ProtocolHandler ["http-nio-8080"]の停止中
19-Oct-2023 15:31:04.740 情報 [main] org.apache.coyote.AbstractProtocol.destroy ProtocolHandler ["http-nio-8080"] を破棄します。
19-Oct-2023 15:31:07.524 情報 [main] org.apache.catalina.startup.VersionLoggerListener.log Serverのバージョン名:     Apache Tomcat/9.0.82
19-Oct-2023 15:31:07.532 情報 [main] org.apache.catalina.startup.VersionLoggerListener.log Server ビルド:            Oct 11 2023 13:15:08 UTC
19-Oct-2023 15:31:07.540 情報 [main] org.apache.catalina.startup.VersionLoggerListener.log サーバーのバージョン番号: 9.0.82.0
19-Oct-2023 15:31:07.540 情報 [main] org.apache.catalina.startup.VersionLoggerListener.log OS 名:                    Windows 10
19-Oct-2023 15:31:07.540 情報 [main] org.apache.catalina.startup.VersionLoggerListener.log OS バージョン:            10.0
19-Oct-2023 15:31:07.540 情報 [main] org.apache.catalina.startup.VersionLoggerListener.log アーキテクチャ:           amd64
19-Oct-2023 15:31:07.540 情報 [main] org.apache.catalina.startup.VersionLoggerListener.log Java Home:                C:\Program Files\Java\jdk-20
19-Oct-2023 15:31:07.540 情報 [main] org.apache.catalina.startup.VersionLoggerListener.log JVM バージョン:           20+36-2344
19-Oct-2023 15:31:07.540 情報 [main] org.apache.catalina.startup.VersionLoggerListener.log JVM ベンダ:               Oracle Corporation
19-Oct-2023 15:31:07.540 情報 [main] org.apache.catalina.startup.VersionLoggerListener.log CATALINA_BASE:            C:\apache-tomcat-9.0.82
19-Oct-2023 15:31:07.540 情報 [main] org.apache.catalina.startup.VersionLoggerListener.log CATALINA_HOME:            C:\apache-tomcat-9.0.82
19-Oct-2023 15:31:07.540 情報 [main] org.apache.catalina.startup.VersionLoggerListener.log コマンドライン引数:       --add-opens=java.base/java.lang=ALL-UNNAMED
19-Oct-2023 15:31:07.556 情報 [main] org.apache.catalina.startup.VersionLoggerListener.log コマンドライン引数:       --add-opens=java.base/java.io=ALL-UNNAMED
19-Oct-2023 15:31:07.556 情報 [main] org.apache.catalina.startup.VersionLoggerListener.log コマンドライン引数:       --add-opens=java.base/java.util=ALL-UNNAMED
19-Oct-2023 15:31:07.556 情報 [main] org.apache.catalina.startup.VersionLoggerListener.log コマンドライン引数:       --add-opens=java.base/java.util.concurrent=ALL-UNNAMED
19-Oct-2023 15:31:07.556 情報 [main] org.apache.catalina.startup.VersionLoggerListener.log コマンドライン引数:       --add-opens=java.rmi/sun.rmi.transport=ALL-UNNAMED
19-Oct-2023 15:31:07.556 情報 [main] org.apache.catalina.startup.VersionLoggerListener.log コマンドライン引数:       -Djava.util.logging.config.file=C:\apache-tomcat-9.0.82\conf\logging.properties
19-Oct-2023 15:31:07.556 情報 [main] org.apache.catalina.startup.VersionLoggerListener.log コマンドライン引数:       -Djava.util.logging.manager=org.apache.juli.ClassLoaderLogManager
19-Oct-2023 15:31:07.556 情報 [main] org.apache.catalina.startup.VersionLoggerListener.log コマンドライン引数:       -Djdk.tls.ephemeralDHKeySize=2048
19-Oct-2023 15:31:07.556 情報 [main] org.apache.catalina.startup.VersionLoggerListener.log コマンドライン引数:       -Djava.protocol.handler.pkgs=org.apache.catalina.webresources
19-Oct-2023 15:31:07.556 情報 [main] org.apache.catalina.startup.VersionLoggerListener.log コマンドライン引数:       -Dignore.endorsed.dirs=
19-Oct-2023 15:31:07.556 情報 [main] org.apache.catalina.startup.VersionLoggerListener.log コマンドライン引数:       -Dcatalina.base=C:\apache-tomcat-9.0.82
19-Oct-2023 15:31:07.571 情報 [main] org.apache.catalina.startup.VersionLoggerListener.log コマンドライン引数:       -Dcatalina.home=C:\apache-tomcat-9.0.82
19-Oct-2023 15:31:07.571 情報 [main] org.apache.catalina.startup.VersionLoggerListener.log コマンドライン引数:       -Djava.io.tmpdir=C:\apache-tomcat-9.0.82\temp
19-Oct-2023 15:31:07.571 情報 [main] org.apache.catalina.core.AprLifecycleListener.lifecycleEvent APRバージョン[1.7.4]を使用してAPRベースのApache Tomcatネイティブライブラリ[1.2.39]をロードしました。
19-Oct-2023 15:31:07.571 情報 [main] org.apache.catalina.core.AprLifecycleListener.lifecycleEvent APR機能: IPv6 [true]、sendfile [true]、受け入れフィルタ [false]、ランダム [true]、UDS [true]
19-Oct-2023 15:31:07.571 情報 [main] org.apache.catalina.core.AprLifecycleListener.lifecycleEvent APR/OpenSSL設定：useAprConnector [false]、useOpenSSL [true]
19-Oct-2023 15:31:07.587 情報 [main] org.apache.catalina.core.AprLifecycleListener.initializeSSL OpenSSLは [OpenSSL 3.0.11 19 Sep 2023] を正常に初期化しました
19-Oct-2023 15:31:08.041 情報 [main] org.apache.coyote.AbstractProtocol.init プロトコルハンドラ ["http-nio-8080"] を初期化します。
19-Oct-2023 15:31:08.072 情報 [main] org.apache.catalina.startup.Catalina.load サーバーの初期化 [901] ミリ秒
19-Oct-2023 15:31:08.166 情報 [main] org.apache.catalina.core.StandardService.startInternal サービス [Catalina] を起動します
19-Oct-2023 15:31:08.166 情報 [main] org.apache.catalina.core.StandardEngine.startInternal サーブレットエンジンの起動：[Apache Tomcat/9.0.82]
19-Oct-2023 15:31:08.182 情報 [main] org.apache.catalina.startup.HostConfig.deployDirectory Web アプリケーションディレクトリ [C:\apache-tomcat-9.0.82\webapps\docs] を配備します
19-Oct-2023 15:31:08.684 情報 [main] org.apache.catalina.startup.HostConfig.deployDirectory ディレクトリ [C:\apache-tomcat-9.0.82\webapps\docs] の Web アプリケーションの配備は [502] ミリ秒で完了しました。
19-Oct-2023 15:31:08.684 情報 [main] org.apache.catalina.startup.HostConfig.deployDirectory Web アプリケーションディレクトリ [C:\apache-tomcat-9.0.82\webapps\examples] を配備します
19-Oct-2023 15:31:09.290 情報 [main] org.apache.catalina.startup.HostConfig.deployDirectory ディレクトリ [C:\apache-tomcat-9.0.82\webapps\examples] の Web アプリケーションの配備は [606] ミリ秒で完了しました。
19-Oct-2023 15:31:09.290 情報 [main] org.apache.catalina.startup.HostConfig.deployDirectory Web アプリケーションディレクトリ [C:\apache-tomcat-9.0.82\webapps\host-manager] を配備します
19-Oct-2023 15:31:09.353 情報 [main] org.apache.catalina.startup.HostConfig.deployDirectory ディレクトリ [C:\apache-tomcat-9.0.82\webapps\host-manager] の Web アプリケーションの配備は [63] ミリ秒で完了しました。
19-Oct-2023 15:31:09.353 情報 [main] org.apache.catalina.startup.HostConfig.deployDirectory Web アプリケーションディレクトリ [C:\apache-tomcat-9.0.82\webapps\manager] を配備します
19-Oct-2023 15:31:09.400 情報 [main] org.apache.catalina.startup.HostConfig.deployDirectory ディレクトリ [C:\apache-tomcat-9.0.82\webapps\manager] の Web アプリケーションの配備は [47] ミリ秒で完了しました。
19-Oct-2023 15:31:09.400 情報 [main] org.apache.catalina.startup.HostConfig.deployDirectory Web アプリケーションディレクトリ [C:\apache-tomcat-9.0.82\webapps\ROOT] を配備します
19-Oct-2023 15:31:09.447 情報 [main] org.apache.catalina.startup.HostConfig.deployDirectory ディレクトリ [C:\apache-tomcat-9.0.82\webapps\ROOT] の Web アプリケーションの配備は [47] ミリ秒で完了しました。
19-Oct-2023 15:31:09.447 情報 [main] org.apache.catalina.startup.HostConfig.deployDirectory Web アプリケーションディレクトリ [C:\apache-tomcat-9.0.82\webapps\ServletSample1] を配備します
19-Oct-2023 15:31:09.493 情報 [main] org.apache.catalina.startup.HostConfig.deployDirectory ディレクトリ [C:\apache-tomcat-9.0.82\webapps\ServletSample1] の Web アプリケーションの配備は [46] ミリ秒で完了しました。
19-Oct-2023 15:31:09.493 情報 [main] org.apache.catalina.startup.HostConfig.deployDirectory Web アプリケーションディレクトリ [C:\apache-tomcat-9.0.82\webapps\test1] を配備します
19-Oct-2023 15:31:09.525 情報 [main] org.apache.catalina.startup.HostConfig.deployDirectory ディレクトリ [C:\apache-tomcat-9.0.82\webapps\test1] の Web アプリケーションの配備は [32] ミリ秒で完了しました。
19-Oct-2023 15:31:09.540 情報 [main] org.apache.coyote.AbstractProtocol.start プロトコルハンドラー ["http-nio-8080"] を開始しました。
19-Oct-2023 15:31:09.603 情報 [main] org.apache.catalina.startup.Catalina.start サーバーの起動 [1528] ミリ秒
19-Oct-2023 15:35:54.662 情報 [main] org.apache.catalina.core.StandardServer.await 有効なシャットダウンコマンドがシャットダウンポート経由で受信されました。 サーバーインスタンスを停止します。
19-Oct-2023 15:35:54.675 情報 [main] org.apache.coyote.AbstractProtocol.pause ProtocolHandler ["http-nio-8080"] を一時停止します。
19-Oct-2023 15:35:54.675 情報 [main] org.apache.catalina.core.StandardService.stopInternal サービス [Catalina] を停止します
19-Oct-2023 15:35:54.738 情報 [main] org.apache.coyote.AbstractProtocol.stop ProtocolHandler ["http-nio-8080"]の停止中
19-Oct-2023 15:35:54.754 情報 [main] org.apache.coyote.AbstractProtocol.destroy ProtocolHandler ["http-nio-8080"] を破棄します。
