28-Oct-2023 00:01:58.111 情報 [main] org.apache.catalina.core.StandardServer.await 有効なシャットダウンコマンドがシャットダウンポート経由で受信されました。 サーバーインスタンスを停止します。
28-Oct-2023 00:01:58.111 情報 [main] org.apache.coyote.AbstractProtocol.pause ProtocolHandler ["http-nio-8080"] を一時停止します。
28-Oct-2023 00:01:58.126 情報 [main] org.apache.catalina.core.StandardService.stopInternal サービス [Catalina] を停止します
28-Oct-2023 00:01:58.260 情報 [main] org.apache.coyote.AbstractProtocol.stop ProtocolHandler ["http-nio-8080"]の停止中
28-Oct-2023 00:01:58.287 情報 [main] org.apache.coyote.AbstractProtocol.destroy ProtocolHandler ["http-nio-8080"] を破棄します。
28-Oct-2023 14:55:52.640 情報 [main] org.apache.catalina.startup.VersionLoggerListener.log Serverのバージョン名:     Apache Tomcat/9.0.82
28-Oct-2023 14:55:52.645 情報 [main] org.apache.catalina.startup.VersionLoggerListener.log Server ビルド:            Oct 11 2023 13:15:08 UTC
28-Oct-2023 14:55:52.646 情報 [main] org.apache.catalina.startup.VersionLoggerListener.log サーバーのバージョン番号: 9.0.82.0
28-Oct-2023 14:55:52.647 情報 [main] org.apache.catalina.startup.VersionLoggerListener.log OS 名:                    Windows 10
28-Oct-2023 14:55:52.648 情報 [main] org.apache.catalina.startup.VersionLoggerListener.log OS バージョン:            10.0
28-Oct-2023 14:55:52.648 情報 [main] org.apache.catalina.startup.VersionLoggerListener.log アーキテクチャ:           amd64
28-Oct-2023 14:55:52.649 情報 [main] org.apache.catalina.startup.VersionLoggerListener.log Java Home:                C:\Program Files\Java\jdk-20
28-Oct-2023 14:55:52.649 情報 [main] org.apache.catalina.startup.VersionLoggerListener.log JVM バージョン:           20+36-2344
28-Oct-2023 14:55:52.649 情報 [main] org.apache.catalina.startup.VersionLoggerListener.log JVM ベンダ:               Oracle Corporation
28-Oct-2023 14:55:52.649 情報 [main] org.apache.catalina.startup.VersionLoggerListener.log CATALINA_BASE:            C:\apache-tomcat-9.0.82
28-Oct-2023 14:55:52.650 情報 [main] org.apache.catalina.startup.VersionLoggerListener.log CATALINA_HOME:            C:\apache-tomcat-9.0.82
28-Oct-2023 14:55:52.668 情報 [main] org.apache.catalina.startup.VersionLoggerListener.log コマンドライン引数:       --add-opens=java.base/java.lang=ALL-UNNAMED
28-Oct-2023 14:55:52.668 情報 [main] org.apache.catalina.startup.VersionLoggerListener.log コマンドライン引数:       --add-opens=java.base/java.io=ALL-UNNAMED
28-Oct-2023 14:55:52.668 情報 [main] org.apache.catalina.startup.VersionLoggerListener.log コマンドライン引数:       --add-opens=java.base/java.util=ALL-UNNAMED
28-Oct-2023 14:55:52.669 情報 [main] org.apache.catalina.startup.VersionLoggerListener.log コマンドライン引数:       --add-opens=java.base/java.util.concurrent=ALL-UNNAMED
28-Oct-2023 14:55:52.671 情報 [main] org.apache.catalina.startup.VersionLoggerListener.log コマンドライン引数:       --add-opens=java.rmi/sun.rmi.transport=ALL-UNNAMED
28-Oct-2023 14:55:52.672 情報 [main] org.apache.catalina.startup.VersionLoggerListener.log コマンドライン引数:       -Djava.util.logging.config.file=C:\apache-tomcat-9.0.82\conf\logging.properties
28-Oct-2023 14:55:52.673 情報 [main] org.apache.catalina.startup.VersionLoggerListener.log コマンドライン引数:       -Djava.util.logging.manager=org.apache.juli.ClassLoaderLogManager
28-Oct-2023 14:55:52.673 情報 [main] org.apache.catalina.startup.VersionLoggerListener.log コマンドライン引数:       -Djdk.tls.ephemeralDHKeySize=2048
28-Oct-2023 14:55:52.674 情報 [main] org.apache.catalina.startup.VersionLoggerListener.log コマンドライン引数:       -Djava.protocol.handler.pkgs=org.apache.catalina.webresources
28-Oct-2023 14:55:52.675 情報 [main] org.apache.catalina.startup.VersionLoggerListener.log コマンドライン引数:       -Dignore.endorsed.dirs=
28-Oct-2023 14:55:52.676 情報 [main] org.apache.catalina.startup.VersionLoggerListener.log コマンドライン引数:       -Dcatalina.base=C:\apache-tomcat-9.0.82
28-Oct-2023 14:55:52.677 情報 [main] org.apache.catalina.startup.VersionLoggerListener.log コマンドライン引数:       -Dcatalina.home=C:\apache-tomcat-9.0.82
28-Oct-2023 14:55:52.681 情報 [main] org.apache.catalina.startup.VersionLoggerListener.log コマンドライン引数:       -Djava.io.tmpdir=C:\apache-tomcat-9.0.82\temp
28-Oct-2023 14:55:52.701 情報 [main] org.apache.catalina.core.AprLifecycleListener.lifecycleEvent APRバージョン[1.7.4]を使用してAPRベースのApache Tomcatネイティブライブラリ[1.2.39]をロードしました。
28-Oct-2023 14:55:52.703 情報 [main] org.apache.catalina.core.AprLifecycleListener.lifecycleEvent APR機能: IPv6 [true]、sendfile [true]、受け入れフィルタ [false]、ランダム [true]、UDS [true]
28-Oct-2023 14:55:52.704 情報 [main] org.apache.catalina.core.AprLifecycleListener.lifecycleEvent APR/OpenSSL設定：useAprConnector [false]、useOpenSSL [true]
28-Oct-2023 14:55:52.737 情報 [main] org.apache.catalina.core.AprLifecycleListener.initializeSSL OpenSSLは [OpenSSL 3.0.11 19 Sep 2023] を正常に初期化しました
28-Oct-2023 14:55:53.310 情報 [main] org.apache.coyote.AbstractProtocol.init プロトコルハンドラ ["http-nio-8080"] を初期化します。
28-Oct-2023 14:55:53.343 情報 [main] org.apache.catalina.startup.Catalina.load サーバーの初期化 [1176] ミリ秒
28-Oct-2023 14:55:53.437 情報 [main] org.apache.catalina.core.StandardService.startInternal サービス [Catalina] を起動します
28-Oct-2023 14:55:53.438 情報 [main] org.apache.catalina.core.StandardEngine.startInternal サーブレットエンジンの起動：[Apache Tomcat/9.0.82]
28-Oct-2023 14:55:53.455 情報 [main] org.apache.catalina.startup.HostConfig.deployDirectory Web アプリケーションディレクトリ [C:\apache-tomcat-9.0.82\webapps\dbweb] を配備します
28-Oct-2023 14:55:54.777 情報 [main] org.apache.jasper.servlet.TldScanner.scanJars 少なくとも1つのJARでTLDをスキャンしましたが、TLDが含まれていませんでした。スキャンしたもののTLDが見つからなかったJARの完全なリストについては、このロガーのデバッグログを有効にしてください。スキャン中に不要なJARをスキップすると、起動時間とJSPのコンパイル時間が短縮されます。
28-Oct-2023 14:55:55.075 警告 [main] org.apache.catalina.util.SessionIdGeneratorBase.createSecureRandom セッション ID を生成するための SecureRandom インスタンスの作成に [128] ミリ秒かかりました。アルゴリズムは [SHA1PRNG] です。
28-Oct-2023 14:55:55.258 情報 [main] org.apache.catalina.startup.HostConfig.deployDirectory ディレクトリ [C:\apache-tomcat-9.0.82\webapps\dbweb] の Web アプリケーションの配備は [1,803] ミリ秒で完了しました。
28-Oct-2023 14:55:55.263 情報 [main] org.apache.catalina.startup.HostConfig.deployDirectory Web アプリケーションディレクトリ [C:\apache-tomcat-9.0.82\webapps\docs] を配備します
28-Oct-2023 14:55:55.838 情報 [main] org.apache.jasper.servlet.TldScanner.scanJars 少なくとも1つのJARでTLDをスキャンしましたが、TLDが含まれていませんでした。スキャンしたもののTLDが見つからなかったJARの完全なリストについては、このロガーのデバッグログを有効にしてください。スキャン中に不要なJARをスキップすると、起動時間とJSPのコンパイル時間が短縮されます。
28-Oct-2023 14:55:55.845 情報 [main] org.apache.catalina.startup.HostConfig.deployDirectory ディレクトリ [C:\apache-tomcat-9.0.82\webapps\docs] の Web アプリケーションの配備は [582] ミリ秒で完了しました。
28-Oct-2023 14:55:55.848 情報 [main] org.apache.catalina.startup.HostConfig.deployDirectory Web アプリケーションディレクトリ [C:\apache-tomcat-9.0.82\webapps\examples] を配備します
28-Oct-2023 14:55:57.230 情報 [main] org.apache.jasper.servlet.TldScanner.scanJars 少なくとも1つのJARでTLDをスキャンしましたが、TLDが含まれていませんでした。スキャンしたもののTLDが見つからなかったJARの完全なリストについては、このロガーのデバッグログを有効にしてください。スキャン中に不要なJARをスキップすると、起動時間とJSPのコンパイル時間が短縮されます。
28-Oct-2023 14:55:57.362 情報 [main] org.apache.catalina.startup.HostConfig.deployDirectory ディレクトリ [C:\apache-tomcat-9.0.82\webapps\examples] の Web アプリケーションの配備は [1,514] ミリ秒で完了しました。
28-Oct-2023 14:55:57.363 情報 [main] org.apache.catalina.startup.HostConfig.deployDirectory Web アプリケーションディレクトリ [C:\apache-tomcat-9.0.82\webapps\host-manager] を配備します
28-Oct-2023 14:55:57.812 情報 [main] org.apache.jasper.servlet.TldScanner.scanJars 少なくとも1つのJARでTLDをスキャンしましたが、TLDが含まれていませんでした。スキャンしたもののTLDが見つからなかったJARの完全なリストについては、このロガーのデバッグログを有効にしてください。スキャン中に不要なJARをスキップすると、起動時間とJSPのコンパイル時間が短縮されます。
28-Oct-2023 14:55:57.824 情報 [main] org.apache.catalina.startup.HostConfig.deployDirectory ディレクトリ [C:\apache-tomcat-9.0.82\webapps\host-manager] の Web アプリケーションの配備は [461] ミリ秒で完了しました。
28-Oct-2023 14:55:57.826 情報 [main] org.apache.catalina.startup.HostConfig.deployDirectory Web アプリケーションディレクトリ [C:\apache-tomcat-9.0.82\webapps\javaweb] を配備します
28-Oct-2023 14:55:58.334 情報 [main] org.apache.jasper.servlet.TldScanner.scanJars 少なくとも1つのJARでTLDをスキャンしましたが、TLDが含まれていませんでした。スキャンしたもののTLDが見つからなかったJARの完全なリストについては、このロガーのデバッグログを有効にしてください。スキャン中に不要なJARをスキップすると、起動時間とJSPのコンパイル時間が短縮されます。
28-Oct-2023 14:55:58.346 情報 [main] org.apache.catalina.startup.HostConfig.deployDirectory ディレクトリ [C:\apache-tomcat-9.0.82\webapps\javaweb] の Web アプリケーションの配備は [522] ミリ秒で完了しました。
28-Oct-2023 14:55:58.346 情報 [main] org.apache.catalina.startup.HostConfig.deployDirectory Web アプリケーションディレクトリ [C:\apache-tomcat-9.0.82\webapps\kakeiboapp] を配備します
28-Oct-2023 14:55:58.783 情報 [main] org.apache.jasper.servlet.TldScanner.scanJars 少なくとも1つのJARでTLDをスキャンしましたが、TLDが含まれていませんでした。スキャンしたもののTLDが見つからなかったJARの完全なリストについては、このロガーのデバッグログを有効にしてください。スキャン中に不要なJARをスキップすると、起動時間とJSPのコンパイル時間が短縮されます。
28-Oct-2023 14:55:58.789 情報 [main] org.apache.catalina.startup.HostConfig.deployDirectory ディレクトリ [C:\apache-tomcat-9.0.82\webapps\kakeiboapp] の Web アプリケーションの配備は [443] ミリ秒で完了しました。
28-Oct-2023 14:55:58.792 情報 [main] org.apache.catalina.startup.HostConfig.deployDirectory Web アプリケーションディレクトリ [C:\apache-tomcat-9.0.82\webapps\manager] を配備します
28-Oct-2023 14:55:59.461 情報 [main] org.apache.jasper.servlet.TldScanner.scanJars 少なくとも1つのJARでTLDをスキャンしましたが、TLDが含まれていませんでした。スキャンしたもののTLDが見つからなかったJARの完全なリストについては、このロガーのデバッグログを有効にしてください。スキャン中に不要なJARをスキップすると、起動時間とJSPのコンパイル時間が短縮されます。
28-Oct-2023 14:55:59.469 情報 [main] org.apache.catalina.startup.HostConfig.deployDirectory ディレクトリ [C:\apache-tomcat-9.0.82\webapps\manager] の Web アプリケーションの配備は [678] ミリ秒で完了しました。
28-Oct-2023 14:55:59.471 情報 [main] org.apache.catalina.startup.HostConfig.deployDirectory Web アプリケーションディレクトリ [C:\apache-tomcat-9.0.82\webapps\ROOT] を配備します
28-Oct-2023 14:55:59.828 情報 [main] org.apache.jasper.servlet.TldScanner.scanJars 少なくとも1つのJARでTLDをスキャンしましたが、TLDが含まれていませんでした。スキャンしたもののTLDが見つからなかったJARの完全なリストについては、このロガーのデバッグログを有効にしてください。スキャン中に不要なJARをスキップすると、起動時間とJSPのコンパイル時間が短縮されます。
28-Oct-2023 14:55:59.834 情報 [main] org.apache.catalina.startup.HostConfig.deployDirectory ディレクトリ [C:\apache-tomcat-9.0.82\webapps\ROOT] の Web アプリケーションの配備は [363] ミリ秒で完了しました。
28-Oct-2023 14:55:59.838 情報 [main] org.apache.coyote.AbstractProtocol.start プロトコルハンドラー ["http-nio-8080"] を開始しました。
28-Oct-2023 14:56:00.074 情報 [main] org.apache.catalina.startup.Catalina.start サーバーの起動 [6717] ミリ秒
28-Oct-2023 14:56:35.985 情報 [main] org.apache.catalina.core.StandardServer.await 有効なシャットダウンコマンドがシャットダウンポート経由で受信されました。 サーバーインスタンスを停止します。
28-Oct-2023 14:56:35.986 情報 [main] org.apache.coyote.AbstractProtocol.pause ProtocolHandler ["http-nio-8080"] を一時停止します。
28-Oct-2023 14:56:36.000 情報 [main] org.apache.catalina.core.StandardService.stopInternal サービス [Catalina] を停止します
28-Oct-2023 14:56:36.152 情報 [main] org.apache.coyote.AbstractProtocol.stop ProtocolHandler ["http-nio-8080"]の停止中
28-Oct-2023 14:56:36.203 情報 [main] org.apache.coyote.AbstractProtocol.destroy ProtocolHandler ["http-nio-8080"] を破棄します。
28-Oct-2023 15:14:25.874 情報 [main] org.apache.catalina.startup.VersionLoggerListener.log Serverのバージョン名:     Apache Tomcat/9.0.82
28-Oct-2023 15:14:25.883 情報 [main] org.apache.catalina.startup.VersionLoggerListener.log Server ビルド:            Oct 11 2023 13:15:08 UTC
28-Oct-2023 15:14:25.883 情報 [main] org.apache.catalina.startup.VersionLoggerListener.log サーバーのバージョン番号: 9.0.82.0
28-Oct-2023 15:14:25.883 情報 [main] org.apache.catalina.startup.VersionLoggerListener.log OS 名:                    Windows 10
28-Oct-2023 15:14:25.883 情報 [main] org.apache.catalina.startup.VersionLoggerListener.log OS バージョン:            10.0
28-Oct-2023 15:14:25.883 情報 [main] org.apache.catalina.startup.VersionLoggerListener.log アーキテクチャ:           amd64
28-Oct-2023 15:14:25.883 情報 [main] org.apache.catalina.startup.VersionLoggerListener.log Java Home:                C:\Program Files\Java\jdk-20
28-Oct-2023 15:14:25.883 情報 [main] org.apache.catalina.startup.VersionLoggerListener.log JVM バージョン:           20+36-2344
28-Oct-2023 15:14:25.883 情報 [main] org.apache.catalina.startup.VersionLoggerListener.log JVM ベンダ:               Oracle Corporation
28-Oct-2023 15:14:25.883 情報 [main] org.apache.catalina.startup.VersionLoggerListener.log CATALINA_BASE:            C:\apache-tomcat-9.0.82
28-Oct-2023 15:14:25.883 情報 [main] org.apache.catalina.startup.VersionLoggerListener.log CATALINA_HOME:            C:\apache-tomcat-9.0.82
28-Oct-2023 15:14:25.914 情報 [main] org.apache.catalina.startup.VersionLoggerListener.log コマンドライン引数:       --add-opens=java.base/java.lang=ALL-UNNAMED
28-Oct-2023 15:14:25.914 情報 [main] org.apache.catalina.startup.VersionLoggerListener.log コマンドライン引数:       --add-opens=java.base/java.io=ALL-UNNAMED
28-Oct-2023 15:14:25.914 情報 [main] org.apache.catalina.startup.VersionLoggerListener.log コマンドライン引数:       --add-opens=java.base/java.util=ALL-UNNAMED
28-Oct-2023 15:14:25.914 情報 [main] org.apache.catalina.startup.VersionLoggerListener.log コマンドライン引数:       --add-opens=java.base/java.util.concurrent=ALL-UNNAMED
28-Oct-2023 15:14:25.914 情報 [main] org.apache.catalina.startup.VersionLoggerListener.log コマンドライン引数:       --add-opens=java.rmi/sun.rmi.transport=ALL-UNNAMED
28-Oct-2023 15:14:25.914 情報 [main] org.apache.catalina.startup.VersionLoggerListener.log コマンドライン引数:       -Djava.util.logging.config.file=C:\apache-tomcat-9.0.82\conf\logging.properties
28-Oct-2023 15:14:25.930 情報 [main] org.apache.catalina.startup.VersionLoggerListener.log コマンドライン引数:       -Djava.util.logging.manager=org.apache.juli.ClassLoaderLogManager
28-Oct-2023 15:14:25.930 情報 [main] org.apache.catalina.startup.VersionLoggerListener.log コマンドライン引数:       -Djdk.tls.ephemeralDHKeySize=2048
28-Oct-2023 15:14:25.930 情報 [main] org.apache.catalina.startup.VersionLoggerListener.log コマンドライン引数:       -Djava.protocol.handler.pkgs=org.apache.catalina.webresources
28-Oct-2023 15:14:25.930 情報 [main] org.apache.catalina.startup.VersionLoggerListener.log コマンドライン引数:       -Dignore.endorsed.dirs=
28-Oct-2023 15:14:25.930 情報 [main] org.apache.catalina.startup.VersionLoggerListener.log コマンドライン引数:       -Dcatalina.base=C:\apache-tomcat-9.0.82
28-Oct-2023 15:14:25.930 情報 [main] org.apache.catalina.startup.VersionLoggerListener.log コマンドライン引数:       -Dcatalina.home=C:\apache-tomcat-9.0.82
28-Oct-2023 15:14:25.930 情報 [main] org.apache.catalina.startup.VersionLoggerListener.log コマンドライン引数:       -Djava.io.tmpdir=C:\apache-tomcat-9.0.82\temp
28-Oct-2023 15:14:25.946 情報 [main] org.apache.catalina.core.AprLifecycleListener.lifecycleEvent APRバージョン[1.7.4]を使用してAPRベースのApache Tomcatネイティブライブラリ[1.2.39]をロードしました。
28-Oct-2023 15:14:25.946 情報 [main] org.apache.catalina.core.AprLifecycleListener.lifecycleEvent APR機能: IPv6 [true]、sendfile [true]、受け入れフィルタ [false]、ランダム [true]、UDS [true]
28-Oct-2023 15:14:25.946 情報 [main] org.apache.catalina.core.AprLifecycleListener.lifecycleEvent APR/OpenSSL設定：useAprConnector [false]、useOpenSSL [true]
28-Oct-2023 15:14:25.961 情報 [main] org.apache.catalina.core.AprLifecycleListener.initializeSSL OpenSSLは [OpenSSL 3.0.11 19 Sep 2023] を正常に初期化しました
28-Oct-2023 15:14:26.640 情報 [main] org.apache.coyote.AbstractProtocol.init プロトコルハンドラ ["http-nio-8080"] を初期化します。
28-Oct-2023 15:14:26.687 情報 [main] org.apache.catalina.startup.Catalina.load サーバーの初期化 [1329] ミリ秒
28-Oct-2023 15:14:26.788 情報 [main] org.apache.catalina.core.StandardService.startInternal サービス [Catalina] を起動します
28-Oct-2023 15:14:26.788 情報 [main] org.apache.catalina.core.StandardEngine.startInternal サーブレットエンジンの起動：[Apache Tomcat/9.0.82]
28-Oct-2023 15:14:26.804 情報 [main] org.apache.catalina.startup.HostConfig.deployDirectory Web アプリケーションディレクトリ [C:\apache-tomcat-9.0.82\webapps\dbweb] を配備します
28-Oct-2023 15:14:28.146 情報 [main] org.apache.jasper.servlet.TldScanner.scanJars 少なくとも1つのJARでTLDをスキャンしましたが、TLDが含まれていませんでした。スキャンしたもののTLDが見つからなかったJARの完全なリストについては、このロガーのデバッグログを有効にしてください。スキャン中に不要なJARをスキップすると、起動時間とJSPのコンパイル時間が短縮されます。
28-Oct-2023 15:14:28.386 情報 [main] org.apache.catalina.startup.HostConfig.deployDirectory ディレクトリ [C:\apache-tomcat-9.0.82\webapps\dbweb] の Web アプリケーションの配備は [1,582] ミリ秒で完了しました。
28-Oct-2023 15:14:28.386 情報 [main] org.apache.catalina.startup.HostConfig.deployDirectory Web アプリケーションディレクトリ [C:\apache-tomcat-9.0.82\webapps\docs] を配備します
28-Oct-2023 15:14:29.009 情報 [main] org.apache.jasper.servlet.TldScanner.scanJars 少なくとも1つのJARでTLDをスキャンしましたが、TLDが含まれていませんでした。スキャンしたもののTLDが見つからなかったJARの完全なリストについては、このロガーのデバッグログを有効にしてください。スキャン中に不要なJARをスキップすると、起動時間とJSPのコンパイル時間が短縮されます。
28-Oct-2023 15:14:29.025 情報 [main] org.apache.catalina.startup.HostConfig.deployDirectory ディレクトリ [C:\apache-tomcat-9.0.82\webapps\docs] の Web アプリケーションの配備は [639] ミリ秒で完了しました。
28-Oct-2023 15:14:29.025 情報 [main] org.apache.catalina.startup.HostConfig.deployDirectory Web アプリケーションディレクトリ [C:\apache-tomcat-9.0.82\webapps\examples] を配備します
28-Oct-2023 15:14:30.076 情報 [main] org.apache.jasper.servlet.TldScanner.scanJars 少なくとも1つのJARでTLDをスキャンしましたが、TLDが含まれていませんでした。スキャンしたもののTLDが見つからなかったJARの完全なリストについては、このロガーのデバッグログを有効にしてください。スキャン中に不要なJARをスキップすると、起動時間とJSPのコンパイル時間が短縮されます。
28-Oct-2023 15:14:30.201 情報 [main] org.apache.catalina.startup.HostConfig.deployDirectory ディレクトリ [C:\apache-tomcat-9.0.82\webapps\examples] の Web アプリケーションの配備は [1,176] ミリ秒で完了しました。
28-Oct-2023 15:14:30.201 情報 [main] org.apache.catalina.startup.HostConfig.deployDirectory Web アプリケーションディレクトリ [C:\apache-tomcat-9.0.82\webapps\host-manager] を配備します
28-Oct-2023 15:14:30.839 情報 [main] org.apache.jasper.servlet.TldScanner.scanJars 少なくとも1つのJARでTLDをスキャンしましたが、TLDが含まれていませんでした。スキャンしたもののTLDが見つからなかったJARの完全なリストについては、このロガーのデバッグログを有効にしてください。スキャン中に不要なJARをスキップすると、起動時間とJSPのコンパイル時間が短縮されます。
28-Oct-2023 15:14:30.862 情報 [main] org.apache.catalina.startup.HostConfig.deployDirectory ディレクトリ [C:\apache-tomcat-9.0.82\webapps\host-manager] の Web アプリケーションの配備は [661] ミリ秒で完了しました。
28-Oct-2023 15:14:30.862 情報 [main] org.apache.catalina.startup.HostConfig.deployDirectory Web アプリケーションディレクトリ [C:\apache-tomcat-9.0.82\webapps\javaweb] を配備します
28-Oct-2023 15:14:31.368 情報 [main] org.apache.jasper.servlet.TldScanner.scanJars 少なくとも1つのJARでTLDをスキャンしましたが、TLDが含まれていませんでした。スキャンしたもののTLDが見つからなかったJARの完全なリストについては、このロガーのデバッグログを有効にしてください。スキャン中に不要なJARをスキップすると、起動時間とJSPのコンパイル時間が短縮されます。
28-Oct-2023 15:14:31.368 情報 [main] org.apache.catalina.startup.HostConfig.deployDirectory ディレクトリ [C:\apache-tomcat-9.0.82\webapps\javaweb] の Web アプリケーションの配備は [506] ミリ秒で完了しました。
28-Oct-2023 15:14:31.368 情報 [main] org.apache.catalina.startup.HostConfig.deployDirectory Web アプリケーションディレクトリ [C:\apache-tomcat-9.0.82\webapps\kakeiboapp] を配備します
28-Oct-2023 15:14:31.946 情報 [main] org.apache.jasper.servlet.TldScanner.scanJars 少なくとも1つのJARでTLDをスキャンしましたが、TLDが含まれていませんでした。スキャンしたもののTLDが見つからなかったJARの完全なリストについては、このロガーのデバッグログを有効にしてください。スキャン中に不要なJARをスキップすると、起動時間とJSPのコンパイル時間が短縮されます。
28-Oct-2023 15:14:31.962 情報 [main] org.apache.catalina.startup.HostConfig.deployDirectory ディレクトリ [C:\apache-tomcat-9.0.82\webapps\kakeiboapp] の Web アプリケーションの配備は [594] ミリ秒で完了しました。
28-Oct-2023 15:14:31.962 情報 [main] org.apache.catalina.startup.HostConfig.deployDirectory Web アプリケーションディレクトリ [C:\apache-tomcat-9.0.82\webapps\manager] を配備します
28-Oct-2023 15:14:32.475 情報 [main] org.apache.jasper.servlet.TldScanner.scanJars 少なくとも1つのJARでTLDをスキャンしましたが、TLDが含まれていませんでした。スキャンしたもののTLDが見つからなかったJARの完全なリストについては、このロガーのデバッグログを有効にしてください。スキャン中に不要なJARをスキップすると、起動時間とJSPのコンパイル時間が短縮されます。
28-Oct-2023 15:14:32.475 情報 [main] org.apache.catalina.startup.HostConfig.deployDirectory ディレクトリ [C:\apache-tomcat-9.0.82\webapps\manager] の Web アプリケーションの配備は [513] ミリ秒で完了しました。
28-Oct-2023 15:14:32.475 情報 [main] org.apache.catalina.startup.HostConfig.deployDirectory Web アプリケーションディレクトリ [C:\apache-tomcat-9.0.82\webapps\ROOT] を配備します
28-Oct-2023 15:14:32.881 情報 [main] org.apache.jasper.servlet.TldScanner.scanJars 少なくとも1つのJARでTLDをスキャンしましたが、TLDが含まれていませんでした。スキャンしたもののTLDが見つからなかったJARの完全なリストについては、このロガーのデバッグログを有効にしてください。スキャン中に不要なJARをスキップすると、起動時間とJSPのコンパイル時間が短縮されます。
28-Oct-2023 15:14:32.881 情報 [main] org.apache.catalina.startup.HostConfig.deployDirectory ディレクトリ [C:\apache-tomcat-9.0.82\webapps\ROOT] の Web アプリケーションの配備は [406] ミリ秒で完了しました。
28-Oct-2023 15:14:32.897 情報 [main] org.apache.coyote.AbstractProtocol.start プロトコルハンドラー ["http-nio-8080"] を開始しました。
28-Oct-2023 15:14:32.975 情報 [main] org.apache.catalina.startup.Catalina.start サーバーの起動 [6282] ミリ秒
28-Oct-2023 15:15:30.234 情報 [main] org.apache.catalina.core.StandardServer.await 有効なシャットダウンコマンドがシャットダウンポート経由で受信されました。 サーバーインスタンスを停止します。
28-Oct-2023 15:15:30.234 情報 [main] org.apache.coyote.AbstractProtocol.pause ProtocolHandler ["http-nio-8080"] を一時停止します。
28-Oct-2023 15:15:30.250 情報 [main] org.apache.catalina.core.StandardService.stopInternal サービス [Catalina] を停止します
28-Oct-2023 15:15:30.336 情報 [main] org.apache.coyote.AbstractProtocol.stop ProtocolHandler ["http-nio-8080"]の停止中
28-Oct-2023 15:15:30.353 情報 [main] org.apache.coyote.AbstractProtocol.destroy ProtocolHandler ["http-nio-8080"] を破棄します。
28-Oct-2023 15:32:31.152 情報 [main] org.apache.catalina.startup.VersionLoggerListener.log Serverのバージョン名:     Apache Tomcat/9.0.82
28-Oct-2023 15:32:31.158 情報 [main] org.apache.catalina.startup.VersionLoggerListener.log Server ビルド:            Oct 11 2023 13:15:08 UTC
28-Oct-2023 15:32:31.158 情報 [main] org.apache.catalina.startup.VersionLoggerListener.log サーバーのバージョン番号: 9.0.82.0
28-Oct-2023 15:32:31.158 情報 [main] org.apache.catalina.startup.VersionLoggerListener.log OS 名:                    Windows 10
28-Oct-2023 15:32:31.158 情報 [main] org.apache.catalina.startup.VersionLoggerListener.log OS バージョン:            10.0
28-Oct-2023 15:32:31.158 情報 [main] org.apache.catalina.startup.VersionLoggerListener.log アーキテクチャ:           amd64
28-Oct-2023 15:32:31.158 情報 [main] org.apache.catalina.startup.VersionLoggerListener.log Java Home:                C:\Program Files\Java\jdk-20
28-Oct-2023 15:32:31.158 情報 [main] org.apache.catalina.startup.VersionLoggerListener.log JVM バージョン:           20+36-2344
28-Oct-2023 15:32:31.158 情報 [main] org.apache.catalina.startup.VersionLoggerListener.log JVM ベンダ:               Oracle Corporation
28-Oct-2023 15:32:31.158 情報 [main] org.apache.catalina.startup.VersionLoggerListener.log CATALINA_BASE:            C:\apache-tomcat-9.0.82
28-Oct-2023 15:32:31.158 情報 [main] org.apache.catalina.startup.VersionLoggerListener.log CATALINA_HOME:            C:\apache-tomcat-9.0.82
28-Oct-2023 15:32:31.173 情報 [main] org.apache.catalina.startup.VersionLoggerListener.log コマンドライン引数:       --add-opens=java.base/java.lang=ALL-UNNAMED
28-Oct-2023 15:32:31.173 情報 [main] org.apache.catalina.startup.VersionLoggerListener.log コマンドライン引数:       --add-opens=java.base/java.io=ALL-UNNAMED
28-Oct-2023 15:32:31.173 情報 [main] org.apache.catalina.startup.VersionLoggerListener.log コマンドライン引数:       --add-opens=java.base/java.util=ALL-UNNAMED
28-Oct-2023 15:32:31.173 情報 [main] org.apache.catalina.startup.VersionLoggerListener.log コマンドライン引数:       --add-opens=java.base/java.util.concurrent=ALL-UNNAMED
28-Oct-2023 15:32:31.173 情報 [main] org.apache.catalina.startup.VersionLoggerListener.log コマンドライン引数:       --add-opens=java.rmi/sun.rmi.transport=ALL-UNNAMED
28-Oct-2023 15:32:31.173 情報 [main] org.apache.catalina.startup.VersionLoggerListener.log コマンドライン引数:       -Djava.util.logging.config.file=C:\apache-tomcat-9.0.82\conf\logging.properties
28-Oct-2023 15:32:31.173 情報 [main] org.apache.catalina.startup.VersionLoggerListener.log コマンドライン引数:       -Djava.util.logging.manager=org.apache.juli.ClassLoaderLogManager
28-Oct-2023 15:32:31.173 情報 [main] org.apache.catalina.startup.VersionLoggerListener.log コマンドライン引数:       -Djdk.tls.ephemeralDHKeySize=2048
28-Oct-2023 15:32:31.173 情報 [main] org.apache.catalina.startup.VersionLoggerListener.log コマンドライン引数:       -Djava.protocol.handler.pkgs=org.apache.catalina.webresources
28-Oct-2023 15:32:31.173 情報 [main] org.apache.catalina.startup.VersionLoggerListener.log コマンドライン引数:       -Dignore.endorsed.dirs=
28-Oct-2023 15:32:31.173 情報 [main] org.apache.catalina.startup.VersionLoggerListener.log コマンドライン引数:       -Dcatalina.base=C:\apache-tomcat-9.0.82
28-Oct-2023 15:32:31.189 情報 [main] org.apache.catalina.startup.VersionLoggerListener.log コマンドライン引数:       -Dcatalina.home=C:\apache-tomcat-9.0.82
28-Oct-2023 15:32:31.190 情報 [main] org.apache.catalina.startup.VersionLoggerListener.log コマンドライン引数:       -Djava.io.tmpdir=C:\apache-tomcat-9.0.82\temp
28-Oct-2023 15:32:31.190 情報 [main] org.apache.catalina.core.AprLifecycleListener.lifecycleEvent APRバージョン[1.7.4]を使用してAPRベースのApache Tomcatネイティブライブラリ[1.2.39]をロードしました。
28-Oct-2023 15:32:31.190 情報 [main] org.apache.catalina.core.AprLifecycleListener.lifecycleEvent APR機能: IPv6 [true]、sendfile [true]、受け入れフィルタ [false]、ランダム [true]、UDS [true]
28-Oct-2023 15:32:31.190 情報 [main] org.apache.catalina.core.AprLifecycleListener.lifecycleEvent APR/OpenSSL設定：useAprConnector [false]、useOpenSSL [true]
28-Oct-2023 15:32:31.205 情報 [main] org.apache.catalina.core.AprLifecycleListener.initializeSSL OpenSSLは [OpenSSL 3.0.11 19 Sep 2023] を正常に初期化しました
28-Oct-2023 15:32:31.674 情報 [main] org.apache.coyote.AbstractProtocol.init プロトコルハンドラ ["http-nio-8080"] を初期化します。
28-Oct-2023 15:32:31.705 情報 [main] org.apache.catalina.startup.Catalina.load サーバーの初期化 [899] ミリ秒
28-Oct-2023 15:32:31.783 情報 [main] org.apache.catalina.core.StandardService.startInternal サービス [Catalina] を起動します
28-Oct-2023 15:32:31.783 情報 [main] org.apache.catalina.core.StandardEngine.startInternal サーブレットエンジンの起動：[Apache Tomcat/9.0.82]
28-Oct-2023 15:32:31.799 情報 [main] org.apache.catalina.startup.HostConfig.deployDirectory Web アプリケーションディレクトリ [C:\apache-tomcat-9.0.82\webapps\dbweb] を配備します
28-Oct-2023 15:32:32.801 情報 [main] org.apache.jasper.servlet.TldScanner.scanJars 少なくとも1つのJARでTLDをスキャンしましたが、TLDが含まれていませんでした。スキャンしたもののTLDが見つからなかったJARの完全なリストについては、このロガーのデバッグログを有効にしてください。スキャン中に不要なJARをスキップすると、起動時間とJSPのコンパイル時間が短縮されます。
28-Oct-2023 15:32:32.942 情報 [main] org.apache.catalina.startup.HostConfig.deployDirectory ディレクトリ [C:\apache-tomcat-9.0.82\webapps\dbweb] の Web アプリケーションの配備は [1,143] ミリ秒で完了しました。
28-Oct-2023 15:32:32.942 情報 [main] org.apache.catalina.startup.HostConfig.deployDirectory Web アプリケーションディレクトリ [C:\apache-tomcat-9.0.82\webapps\docs] を配備します
28-Oct-2023 15:32:33.379 情報 [main] org.apache.jasper.servlet.TldScanner.scanJars 少なくとも1つのJARでTLDをスキャンしましたが、TLDが含まれていませんでした。スキャンしたもののTLDが見つからなかったJARの完全なリストについては、このロガーのデバッグログを有効にしてください。スキャン中に不要なJARをスキップすると、起動時間とJSPのコンパイル時間が短縮されます。
28-Oct-2023 15:32:33.379 情報 [main] org.apache.catalina.startup.HostConfig.deployDirectory ディレクトリ [C:\apache-tomcat-9.0.82\webapps\docs] の Web アプリケーションの配備は [437] ミリ秒で完了しました。
28-Oct-2023 15:32:33.395 情報 [main] org.apache.catalina.startup.HostConfig.deployDirectory Web アプリケーションディレクトリ [C:\apache-tomcat-9.0.82\webapps\examples] を配備します
28-Oct-2023 15:32:34.142 情報 [main] org.apache.jasper.servlet.TldScanner.scanJars 少なくとも1つのJARでTLDをスキャンしましたが、TLDが含まれていませんでした。スキャンしたもののTLDが見つからなかったJARの完全なリストについては、このロガーのデバッグログを有効にしてください。スキャン中に不要なJARをスキップすると、起動時間とJSPのコンパイル時間が短縮されます。
28-Oct-2023 15:32:34.236 情報 [main] org.apache.catalina.startup.HostConfig.deployDirectory ディレクトリ [C:\apache-tomcat-9.0.82\webapps\examples] の Web アプリケーションの配備は [841] ミリ秒で完了しました。
28-Oct-2023 15:32:34.236 情報 [main] org.apache.catalina.startup.HostConfig.deployDirectory Web アプリケーションディレクトリ [C:\apache-tomcat-9.0.82\webapps\host-manager] を配備します
28-Oct-2023 15:32:34.689 情報 [main] org.apache.jasper.servlet.TldScanner.scanJars 少なくとも1つのJARでTLDをスキャンしましたが、TLDが含まれていませんでした。スキャンしたもののTLDが見つからなかったJARの完全なリストについては、このロガーのデバッグログを有効にしてください。スキャン中に不要なJARをスキップすると、起動時間とJSPのコンパイル時間が短縮されます。
28-Oct-2023 15:32:34.689 情報 [main] org.apache.catalina.startup.HostConfig.deployDirectory ディレクトリ [C:\apache-tomcat-9.0.82\webapps\host-manager] の Web アプリケーションの配備は [453] ミリ秒で完了しました。
28-Oct-2023 15:32:34.705 情報 [main] org.apache.catalina.startup.HostConfig.deployDirectory Web アプリケーションディレクトリ [C:\apache-tomcat-9.0.82\webapps\javaweb] を配備します
28-Oct-2023 15:32:35.108 情報 [main] org.apache.jasper.servlet.TldScanner.scanJars 少なくとも1つのJARでTLDをスキャンしましたが、TLDが含まれていませんでした。スキャンしたもののTLDが見つからなかったJARの完全なリストについては、このロガーのデバッグログを有効にしてください。スキャン中に不要なJARをスキップすると、起動時間とJSPのコンパイル時間が短縮されます。
28-Oct-2023 15:32:35.108 情報 [main] org.apache.catalina.startup.HostConfig.deployDirectory ディレクトリ [C:\apache-tomcat-9.0.82\webapps\javaweb] の Web アプリケーションの配備は [403] ミリ秒で完了しました。
28-Oct-2023 15:32:35.108 情報 [main] org.apache.catalina.startup.HostConfig.deployDirectory Web アプリケーションディレクトリ [C:\apache-tomcat-9.0.82\webapps\kakeiboapp] を配備します
28-Oct-2023 15:32:35.489 情報 [main] org.apache.jasper.servlet.TldScanner.scanJars 少なくとも1つのJARでTLDをスキャンしましたが、TLDが含まれていませんでした。スキャンしたもののTLDが見つからなかったJARの完全なリストについては、このロガーのデバッグログを有効にしてください。スキャン中に不要なJARをスキップすると、起動時間とJSPのコンパイル時間が短縮されます。
28-Oct-2023 15:32:35.505 情報 [main] org.apache.catalina.startup.HostConfig.deployDirectory ディレクトリ [C:\apache-tomcat-9.0.82\webapps\kakeiboapp] の Web アプリケーションの配備は [397] ミリ秒で完了しました。
28-Oct-2023 15:32:35.505 情報 [main] org.apache.catalina.startup.HostConfig.deployDirectory Web アプリケーションディレクトリ [C:\apache-tomcat-9.0.82\webapps\manager] を配備します
28-Oct-2023 15:32:35.809 情報 [main] org.apache.jasper.servlet.TldScanner.scanJars 少なくとも1つのJARでTLDをスキャンしましたが、TLDが含まれていませんでした。スキャンしたもののTLDが見つからなかったJARの完全なリストについては、このロガーのデバッグログを有効にしてください。スキャン中に不要なJARをスキップすると、起動時間とJSPのコンパイル時間が短縮されます。
28-Oct-2023 15:32:35.825 情報 [main] org.apache.catalina.startup.HostConfig.deployDirectory ディレクトリ [C:\apache-tomcat-9.0.82\webapps\manager] の Web アプリケーションの配備は [304] ミリ秒で完了しました。
28-Oct-2023 15:32:35.825 情報 [main] org.apache.catalina.startup.HostConfig.deployDirectory Web アプリケーションディレクトリ [C:\apache-tomcat-9.0.82\webapps\ROOT] を配備します
28-Oct-2023 15:32:36.096 情報 [main] org.apache.jasper.servlet.TldScanner.scanJars 少なくとも1つのJARでTLDをスキャンしましたが、TLDが含まれていませんでした。スキャンしたもののTLDが見つからなかったJARの完全なリストについては、このロガーのデバッグログを有効にしてください。スキャン中に不要なJARをスキップすると、起動時間とJSPのコンパイル時間が短縮されます。
28-Oct-2023 15:32:36.112 情報 [main] org.apache.catalina.startup.HostConfig.deployDirectory ディレクトリ [C:\apache-tomcat-9.0.82\webapps\ROOT] の Web アプリケーションの配備は [287] ミリ秒で完了しました。
28-Oct-2023 15:32:36.112 情報 [main] org.apache.coyote.AbstractProtocol.start プロトコルハンドラー ["http-nio-8080"] を開始しました。
28-Oct-2023 15:32:36.174 情報 [main] org.apache.catalina.startup.Catalina.start サーバーの起動 [4461] ミリ秒
28-Oct-2023 15:34:20.685 情報 [main] org.apache.catalina.core.StandardServer.await 有効なシャットダウンコマンドがシャットダウンポート経由で受信されました。 サーバーインスタンスを停止します。
28-Oct-2023 15:34:20.690 情報 [main] org.apache.coyote.AbstractProtocol.pause ProtocolHandler ["http-nio-8080"] を一時停止します。
28-Oct-2023 15:34:20.691 情報 [main] org.apache.catalina.core.StandardService.stopInternal サービス [Catalina] を停止します
28-Oct-2023 15:34:20.777 情報 [main] org.apache.coyote.AbstractProtocol.stop ProtocolHandler ["http-nio-8080"]の停止中
28-Oct-2023 15:34:20.794 情報 [main] org.apache.coyote.AbstractProtocol.destroy ProtocolHandler ["http-nio-8080"] を破棄します。
28-Oct-2023 17:10:21.279 情報 [main] org.apache.catalina.startup.VersionLoggerListener.log Serverのバージョン名:     Apache Tomcat/9.0.82
28-Oct-2023 17:10:21.290 情報 [main] org.apache.catalina.startup.VersionLoggerListener.log Server ビルド:            Oct 11 2023 13:15:08 UTC
28-Oct-2023 17:10:21.290 情報 [main] org.apache.catalina.startup.VersionLoggerListener.log サーバーのバージョン番号: 9.0.82.0
28-Oct-2023 17:10:21.290 情報 [main] org.apache.catalina.startup.VersionLoggerListener.log OS 名:                    Windows 10
28-Oct-2023 17:10:21.290 情報 [main] org.apache.catalina.startup.VersionLoggerListener.log OS バージョン:            10.0
28-Oct-2023 17:10:21.290 情報 [main] org.apache.catalina.startup.VersionLoggerListener.log アーキテクチャ:           amd64
28-Oct-2023 17:10:21.290 情報 [main] org.apache.catalina.startup.VersionLoggerListener.log Java Home:                C:\Program Files\Java\jdk-20
28-Oct-2023 17:10:21.290 情報 [main] org.apache.catalina.startup.VersionLoggerListener.log JVM バージョン:           20+36-2344
28-Oct-2023 17:10:21.290 情報 [main] org.apache.catalina.startup.VersionLoggerListener.log JVM ベンダ:               Oracle Corporation
28-Oct-2023 17:10:21.290 情報 [main] org.apache.catalina.startup.VersionLoggerListener.log CATALINA_BASE:            C:\apache-tomcat-9.0.82
28-Oct-2023 17:10:21.290 情報 [main] org.apache.catalina.startup.VersionLoggerListener.log CATALINA_HOME:            C:\apache-tomcat-9.0.82
28-Oct-2023 17:10:21.306 情報 [main] org.apache.catalina.startup.VersionLoggerListener.log コマンドライン引数:       --add-opens=java.base/java.lang=ALL-UNNAMED
28-Oct-2023 17:10:21.322 情報 [main] org.apache.catalina.startup.VersionLoggerListener.log コマンドライン引数:       --add-opens=java.base/java.io=ALL-UNNAMED
28-Oct-2023 17:10:21.322 情報 [main] org.apache.catalina.startup.VersionLoggerListener.log コマンドライン引数:       --add-opens=java.base/java.util=ALL-UNNAMED
28-Oct-2023 17:10:21.322 情報 [main] org.apache.catalina.startup.VersionLoggerListener.log コマンドライン引数:       --add-opens=java.base/java.util.concurrent=ALL-UNNAMED
28-Oct-2023 17:10:21.322 情報 [main] org.apache.catalina.startup.VersionLoggerListener.log コマンドライン引数:       --add-opens=java.rmi/sun.rmi.transport=ALL-UNNAMED
28-Oct-2023 17:10:21.322 情報 [main] org.apache.catalina.startup.VersionLoggerListener.log コマンドライン引数:       -Djava.util.logging.config.file=C:\apache-tomcat-9.0.82\conf\logging.properties
28-Oct-2023 17:10:21.322 情報 [main] org.apache.catalina.startup.VersionLoggerListener.log コマンドライン引数:       -Djava.util.logging.manager=org.apache.juli.ClassLoaderLogManager
28-Oct-2023 17:10:21.322 情報 [main] org.apache.catalina.startup.VersionLoggerListener.log コマンドライン引数:       -Djdk.tls.ephemeralDHKeySize=2048
28-Oct-2023 17:10:21.322 情報 [main] org.apache.catalina.startup.VersionLoggerListener.log コマンドライン引数:       -Djava.protocol.handler.pkgs=org.apache.catalina.webresources
28-Oct-2023 17:10:21.322 情報 [main] org.apache.catalina.startup.VersionLoggerListener.log コマンドライン引数:       -Dignore.endorsed.dirs=
28-Oct-2023 17:10:21.322 情報 [main] org.apache.catalina.startup.VersionLoggerListener.log コマンドライン引数:       -Dcatalina.base=C:\apache-tomcat-9.0.82
28-Oct-2023 17:10:21.322 情報 [main] org.apache.catalina.startup.VersionLoggerListener.log コマンドライン引数:       -Dcatalina.home=C:\apache-tomcat-9.0.82
28-Oct-2023 17:10:21.322 情報 [main] org.apache.catalina.startup.VersionLoggerListener.log コマンドライン引数:       -Djava.io.tmpdir=C:\apache-tomcat-9.0.82\temp
28-Oct-2023 17:10:21.337 情報 [main] org.apache.catalina.core.AprLifecycleListener.lifecycleEvent APRバージョン[1.7.4]を使用してAPRベースのApache Tomcatネイティブライブラリ[1.2.39]をロードしました。
28-Oct-2023 17:10:21.337 情報 [main] org.apache.catalina.core.AprLifecycleListener.lifecycleEvent APR機能: IPv6 [true]、sendfile [true]、受け入れフィルタ [false]、ランダム [true]、UDS [true]
28-Oct-2023 17:10:21.337 情報 [main] org.apache.catalina.core.AprLifecycleListener.lifecycleEvent APR/OpenSSL設定：useAprConnector [false]、useOpenSSL [true]
28-Oct-2023 17:10:21.368 情報 [main] org.apache.catalina.core.AprLifecycleListener.initializeSSL OpenSSLは [OpenSSL 3.0.11 19 Sep 2023] を正常に初期化しました
28-Oct-2023 17:10:21.915 情報 [main] org.apache.coyote.AbstractProtocol.init プロトコルハンドラ ["http-nio-8080"] を初期化します。
28-Oct-2023 17:10:21.962 情報 [main] org.apache.catalina.startup.Catalina.load サーバーの初期化 [1077] ミリ秒
28-Oct-2023 17:10:22.040 情報 [main] org.apache.catalina.core.StandardService.startInternal サービス [Catalina] を起動します
28-Oct-2023 17:10:22.040 情報 [main] org.apache.catalina.core.StandardEngine.startInternal サーブレットエンジンの起動：[Apache Tomcat/9.0.82]
28-Oct-2023 17:10:22.068 情報 [main] org.apache.catalina.startup.HostConfig.deployDirectory Web アプリケーションディレクトリ [C:\apache-tomcat-9.0.82\webapps\dbweb] を配備します
28-Oct-2023 17:10:23.084 情報 [main] org.apache.jasper.servlet.TldScanner.scanJars 少なくとも1つのJARでTLDをスキャンしましたが、TLDが含まれていませんでした。スキャンしたもののTLDが見つからなかったJARの完全なリストについては、このロガーのデバッグログを有効にしてください。スキャン中に不要なJARをスキップすると、起動時間とJSPのコンパイル時間が短縮されます。
28-Oct-2023 17:10:23.209 情報 [main] org.apache.catalina.startup.HostConfig.deployDirectory ディレクトリ [C:\apache-tomcat-9.0.82\webapps\dbweb] の Web アプリケーションの配備は [1,141] ミリ秒で完了しました。
28-Oct-2023 17:10:23.224 情報 [main] org.apache.catalina.startup.HostConfig.deployDirectory Web アプリケーションディレクトリ [C:\apache-tomcat-9.0.82\webapps\docs] を配備します
28-Oct-2023 17:10:23.646 情報 [main] org.apache.jasper.servlet.TldScanner.scanJars 少なくとも1つのJARでTLDをスキャンしましたが、TLDが含まれていませんでした。スキャンしたもののTLDが見つからなかったJARの完全なリストについては、このロガーのデバッグログを有効にしてください。スキャン中に不要なJARをスキップすると、起動時間とJSPのコンパイル時間が短縮されます。
28-Oct-2023 17:10:23.662 情報 [main] org.apache.catalina.startup.HostConfig.deployDirectory ディレクトリ [C:\apache-tomcat-9.0.82\webapps\docs] の Web アプリケーションの配備は [438] ミリ秒で完了しました。
28-Oct-2023 17:10:23.662 情報 [main] org.apache.catalina.startup.HostConfig.deployDirectory Web アプリケーションディレクトリ [C:\apache-tomcat-9.0.82\webapps\examples] を配備します
28-Oct-2023 17:10:24.448 情報 [main] org.apache.jasper.servlet.TldScanner.scanJars 少なくとも1つのJARでTLDをスキャンしましたが、TLDが含まれていませんでした。スキャンしたもののTLDが見つからなかったJARの完全なリストについては、このロガーのデバッグログを有効にしてください。スキャン中に不要なJARをスキップすると、起動時間とJSPのコンパイル時間が短縮されます。
28-Oct-2023 17:10:24.541 情報 [main] org.apache.catalina.startup.HostConfig.deployDirectory ディレクトリ [C:\apache-tomcat-9.0.82\webapps\examples] の Web アプリケーションの配備は [879] ミリ秒で完了しました。
28-Oct-2023 17:10:24.541 情報 [main] org.apache.catalina.startup.HostConfig.deployDirectory Web アプリケーションディレクトリ [C:\apache-tomcat-9.0.82\webapps\host-manager] を配備します
28-Oct-2023 17:10:25.047 情報 [main] org.apache.jasper.servlet.TldScanner.scanJars 少なくとも1つのJARでTLDをスキャンしましたが、TLDが含まれていませんでした。スキャンしたもののTLDが見つからなかったJARの完全なリストについては、このロガーのデバッグログを有効にしてください。スキャン中に不要なJARをスキップすると、起動時間とJSPのコンパイル時間が短縮されます。
28-Oct-2023 17:10:25.063 情報 [main] org.apache.catalina.startup.HostConfig.deployDirectory ディレクトリ [C:\apache-tomcat-9.0.82\webapps\host-manager] の Web アプリケーションの配備は [522] ミリ秒で完了しました。
28-Oct-2023 17:10:25.063 情報 [main] org.apache.catalina.startup.HostConfig.deployDirectory Web アプリケーションディレクトリ [C:\apache-tomcat-9.0.82\webapps\javaweb] を配備します
28-Oct-2023 17:10:25.521 情報 [main] org.apache.jasper.servlet.TldScanner.scanJars 少なくとも1つのJARでTLDをスキャンしましたが、TLDが含まれていませんでした。スキャンしたもののTLDが見つからなかったJARの完全なリストについては、このロガーのデバッグログを有効にしてください。スキャン中に不要なJARをスキップすると、起動時間とJSPのコンパイル時間が短縮されます。
28-Oct-2023 17:10:25.521 情報 [main] org.apache.catalina.startup.HostConfig.deployDirectory ディレクトリ [C:\apache-tomcat-9.0.82\webapps\javaweb] の Web アプリケーションの配備は [458] ミリ秒で完了しました。
28-Oct-2023 17:10:25.536 情報 [main] org.apache.catalina.startup.HostConfig.deployDirectory Web アプリケーションディレクトリ [C:\apache-tomcat-9.0.82\webapps\kakeiboapp] を配備します
28-Oct-2023 17:10:25.911 情報 [main] org.apache.jasper.servlet.TldScanner.scanJars 少なくとも1つのJARでTLDをスキャンしましたが、TLDが含まれていませんでした。スキャンしたもののTLDが見つからなかったJARの完全なリストについては、このロガーのデバッグログを有効にしてください。スキャン中に不要なJARをスキップすると、起動時間とJSPのコンパイル時間が短縮されます。
28-Oct-2023 17:10:25.955 情報 [main] org.apache.catalina.startup.HostConfig.deployDirectory ディレクトリ [C:\apache-tomcat-9.0.82\webapps\kakeiboapp] の Web アプリケーションの配備は [419] ミリ秒で完了しました。
28-Oct-2023 17:10:25.955 情報 [main] org.apache.catalina.startup.HostConfig.deployDirectory Web アプリケーションディレクトリ [C:\apache-tomcat-9.0.82\webapps\manager] を配備します
28-Oct-2023 17:10:26.399 情報 [main] org.apache.jasper.servlet.TldScanner.scanJars 少なくとも1つのJARでTLDをスキャンしましたが、TLDが含まれていませんでした。スキャンしたもののTLDが見つからなかったJARの完全なリストについては、このロガーのデバッグログを有効にしてください。スキャン中に不要なJARをスキップすると、起動時間とJSPのコンパイル時間が短縮されます。
28-Oct-2023 17:10:26.415 情報 [main] org.apache.catalina.startup.HostConfig.deployDirectory ディレクトリ [C:\apache-tomcat-9.0.82\webapps\manager] の Web アプリケーションの配備は [460] ミリ秒で完了しました。
28-Oct-2023 17:10:26.415 情報 [main] org.apache.catalina.startup.HostConfig.deployDirectory Web アプリケーションディレクトリ [C:\apache-tomcat-9.0.82\webapps\ROOT] を配備します
28-Oct-2023 17:10:26.717 情報 [main] org.apache.jasper.servlet.TldScanner.scanJars 少なくとも1つのJARでTLDをスキャンしましたが、TLDが含まれていませんでした。スキャンしたもののTLDが見つからなかったJARの完全なリストについては、このロガーのデバッグログを有効にしてください。スキャン中に不要なJARをスキップすると、起動時間とJSPのコンパイル時間が短縮されます。
28-Oct-2023 17:10:26.717 情報 [main] org.apache.catalina.startup.HostConfig.deployDirectory ディレクトリ [C:\apache-tomcat-9.0.82\webapps\ROOT] の Web アプリケーションの配備は [302] ミリ秒で完了しました。
28-Oct-2023 17:10:26.717 情報 [main] org.apache.coyote.AbstractProtocol.start プロトコルハンドラー ["http-nio-8080"] を開始しました。
28-Oct-2023 17:10:26.801 情報 [main] org.apache.catalina.startup.Catalina.start サーバーの起動 [4833] ミリ秒
28-Oct-2023 17:11:18.834 情報 [main] org.apache.catalina.core.StandardServer.await 有効なシャットダウンコマンドがシャットダウンポート経由で受信されました。 サーバーインスタンスを停止します。
28-Oct-2023 17:11:18.834 情報 [main] org.apache.coyote.AbstractProtocol.pause ProtocolHandler ["http-nio-8080"] を一時停止します。
28-Oct-2023 17:11:18.857 情報 [main] org.apache.catalina.core.StandardService.stopInternal サービス [Catalina] を停止します
28-Oct-2023 17:11:18.921 情報 [main] org.apache.coyote.AbstractProtocol.stop ProtocolHandler ["http-nio-8080"]の停止中
28-Oct-2023 17:11:18.937 情報 [main] org.apache.coyote.AbstractProtocol.destroy ProtocolHandler ["http-nio-8080"] を破棄します。
28-Oct-2023 21:02:58.072 情報 [main] org.apache.catalina.startup.VersionLoggerListener.log Serverのバージョン名:     Apache Tomcat/9.0.82
28-Oct-2023 21:02:58.096 情報 [main] org.apache.catalina.startup.VersionLoggerListener.log Server ビルド:            Oct 11 2023 13:15:08 UTC
28-Oct-2023 21:02:58.123 情報 [main] org.apache.catalina.startup.VersionLoggerListener.log サーバーのバージョン番号: 9.0.82.0
28-Oct-2023 21:02:58.133 情報 [main] org.apache.catalina.startup.VersionLoggerListener.log OS 名:                    Windows 10
28-Oct-2023 21:02:58.137 情報 [main] org.apache.catalina.startup.VersionLoggerListener.log OS バージョン:            10.0
28-Oct-2023 21:02:58.139 情報 [main] org.apache.catalina.startup.VersionLoggerListener.log アーキテクチャ:           amd64
28-Oct-2023 21:02:58.142 情報 [main] org.apache.catalina.startup.VersionLoggerListener.log Java Home:                C:\Program Files\Java\jdk-20
28-Oct-2023 21:02:58.142 情報 [main] org.apache.catalina.startup.VersionLoggerListener.log JVM バージョン:           20+36-2344
28-Oct-2023 21:02:58.143 情報 [main] org.apache.catalina.startup.VersionLoggerListener.log JVM ベンダ:               Oracle Corporation
28-Oct-2023 21:02:58.144 情報 [main] org.apache.catalina.startup.VersionLoggerListener.log CATALINA_BASE:            C:\apache-tomcat-9.0.82
28-Oct-2023 21:02:58.145 情報 [main] org.apache.catalina.startup.VersionLoggerListener.log CATALINA_HOME:            C:\apache-tomcat-9.0.82
28-Oct-2023 21:02:58.163 情報 [main] org.apache.catalina.startup.VersionLoggerListener.log コマンドライン引数:       --add-opens=java.base/java.lang=ALL-UNNAMED
28-Oct-2023 21:02:58.167 情報 [main] org.apache.catalina.startup.VersionLoggerListener.log コマンドライン引数:       --add-opens=java.base/java.io=ALL-UNNAMED
28-Oct-2023 21:02:58.168 情報 [main] org.apache.catalina.startup.VersionLoggerListener.log コマンドライン引数:       --add-opens=java.base/java.util=ALL-UNNAMED
28-Oct-2023 21:02:58.177 情報 [main] org.apache.catalina.startup.VersionLoggerListener.log コマンドライン引数:       --add-opens=java.base/java.util.concurrent=ALL-UNNAMED
28-Oct-2023 21:02:58.179 情報 [main] org.apache.catalina.startup.VersionLoggerListener.log コマンドライン引数:       --add-opens=java.rmi/sun.rmi.transport=ALL-UNNAMED
28-Oct-2023 21:02:58.181 情報 [main] org.apache.catalina.startup.VersionLoggerListener.log コマンドライン引数:       -Djava.util.logging.config.file=C:\apache-tomcat-9.0.82\conf\logging.properties
28-Oct-2023 21:02:58.183 情報 [main] org.apache.catalina.startup.VersionLoggerListener.log コマンドライン引数:       -Djava.util.logging.manager=org.apache.juli.ClassLoaderLogManager
28-Oct-2023 21:02:58.185 情報 [main] org.apache.catalina.startup.VersionLoggerListener.log コマンドライン引数:       -Djdk.tls.ephemeralDHKeySize=2048
28-Oct-2023 21:02:58.187 情報 [main] org.apache.catalina.startup.VersionLoggerListener.log コマンドライン引数:       -Djava.protocol.handler.pkgs=org.apache.catalina.webresources
28-Oct-2023 21:02:58.188 情報 [main] org.apache.catalina.startup.VersionLoggerListener.log コマンドライン引数:       -Dignore.endorsed.dirs=
28-Oct-2023 21:02:58.189 情報 [main] org.apache.catalina.startup.VersionLoggerListener.log コマンドライン引数:       -Dcatalina.base=C:\apache-tomcat-9.0.82
28-Oct-2023 21:02:58.199 情報 [main] org.apache.catalina.startup.VersionLoggerListener.log コマンドライン引数:       -Dcatalina.home=C:\apache-tomcat-9.0.82
28-Oct-2023 21:02:58.200 情報 [main] org.apache.catalina.startup.VersionLoggerListener.log コマンドライン引数:       -Djava.io.tmpdir=C:\apache-tomcat-9.0.82\temp
28-Oct-2023 21:02:58.217 情報 [main] org.apache.catalina.core.AprLifecycleListener.lifecycleEvent APRバージョン[1.7.4]を使用してAPRベースのApache Tomcatネイティブライブラリ[1.2.39]をロードしました。
28-Oct-2023 21:02:58.219 情報 [main] org.apache.catalina.core.AprLifecycleListener.lifecycleEvent APR機能: IPv6 [true]、sendfile [true]、受け入れフィルタ [false]、ランダム [true]、UDS [true]
28-Oct-2023 21:02:58.220 情報 [main] org.apache.catalina.core.AprLifecycleListener.lifecycleEvent APR/OpenSSL設定：useAprConnector [false]、useOpenSSL [true]
28-Oct-2023 21:02:58.291 情報 [main] org.apache.catalina.core.AprLifecycleListener.initializeSSL OpenSSLは [OpenSSL 3.0.11 19 Sep 2023] を正常に初期化しました
28-Oct-2023 21:02:59.430 情報 [main] org.apache.coyote.AbstractProtocol.init プロトコルハンドラ ["http-nio-8080"] を初期化します。
28-Oct-2023 21:02:59.521 情報 [main] org.apache.catalina.startup.Catalina.load サーバーの初期化 [2178] ミリ秒
28-Oct-2023 21:02:59.685 情報 [main] org.apache.catalina.core.StandardService.startInternal サービス [Catalina] を起動します
28-Oct-2023 21:02:59.690 情報 [main] org.apache.catalina.core.StandardEngine.startInternal サーブレットエンジンの起動：[Apache Tomcat/9.0.82]
28-Oct-2023 21:02:59.735 情報 [main] org.apache.catalina.startup.HostConfig.deployDirectory Web アプリケーションディレクトリ [C:\apache-tomcat-9.0.82\webapps\dbweb] を配備します
28-Oct-2023 21:03:01.981 情報 [main] org.apache.jasper.servlet.TldScanner.scanJars 少なくとも1つのJARでTLDをスキャンしましたが、TLDが含まれていませんでした。スキャンしたもののTLDが見つからなかったJARの完全なリストについては、このロガーのデバッグログを有効にしてください。スキャン中に不要なJARをスキップすると、起動時間とJSPのコンパイル時間が短縮されます。
28-Oct-2023 21:03:02.187 警告 [main] org.apache.catalina.util.SessionIdGeneratorBase.createSecureRandom セッション ID を生成するための SecureRandom インスタンスの作成に [111] ミリ秒かかりました。アルゴリズムは [SHA1PRNG] です。
28-Oct-2023 21:03:02.244 情報 [main] org.apache.catalina.startup.HostConfig.deployDirectory ディレクトリ [C:\apache-tomcat-9.0.82\webapps\dbweb] の Web アプリケーションの配備は [2,509] ミリ秒で完了しました。
28-Oct-2023 21:03:02.247 情報 [main] org.apache.catalina.startup.HostConfig.deployDirectory Web アプリケーションディレクトリ [C:\apache-tomcat-9.0.82\webapps\docs] を配備します
28-Oct-2023 21:03:03.295 情報 [main] org.apache.jasper.servlet.TldScanner.scanJars 少なくとも1つのJARでTLDをスキャンしましたが、TLDが含まれていませんでした。スキャンしたもののTLDが見つからなかったJARの完全なリストについては、このロガーのデバッグログを有効にしてください。スキャン中に不要なJARをスキップすると、起動時間とJSPのコンパイル時間が短縮されます。
28-Oct-2023 21:03:03.307 情報 [main] org.apache.catalina.startup.HostConfig.deployDirectory ディレクトリ [C:\apache-tomcat-9.0.82\webapps\docs] の Web アプリケーションの配備は [1,060] ミリ秒で完了しました。
28-Oct-2023 21:03:03.319 情報 [main] org.apache.catalina.startup.HostConfig.deployDirectory Web アプリケーションディレクトリ [C:\apache-tomcat-9.0.82\webapps\examples] を配備します
28-Oct-2023 21:03:05.516 情報 [main] org.apache.jasper.servlet.TldScanner.scanJars 少なくとも1つのJARでTLDをスキャンしましたが、TLDが含まれていませんでした。スキャンしたもののTLDが見つからなかったJARの完全なリストについては、このロガーのデバッグログを有効にしてください。スキャン中に不要なJARをスキップすると、起動時間とJSPのコンパイル時間が短縮されます。
28-Oct-2023 21:03:05.790 情報 [main] org.apache.catalina.startup.HostConfig.deployDirectory ディレクトリ [C:\apache-tomcat-9.0.82\webapps\examples] の Web アプリケーションの配備は [2,471] ミリ秒で完了しました。
28-Oct-2023 21:03:05.808 情報 [main] org.apache.catalina.startup.HostConfig.deployDirectory Web アプリケーションディレクトリ [C:\apache-tomcat-9.0.82\webapps\host-manager] を配備します
28-Oct-2023 21:03:06.853 情報 [main] org.apache.jasper.servlet.TldScanner.scanJars 少なくとも1つのJARでTLDをスキャンしましたが、TLDが含まれていませんでした。スキャンしたもののTLDが見つからなかったJARの完全なリストについては、このロガーのデバッグログを有効にしてください。スキャン中に不要なJARをスキップすると、起動時間とJSPのコンパイル時間が短縮されます。
28-Oct-2023 21:03:06.873 情報 [main] org.apache.catalina.startup.HostConfig.deployDirectory ディレクトリ [C:\apache-tomcat-9.0.82\webapps\host-manager] の Web アプリケーションの配備は [1,064] ミリ秒で完了しました。
28-Oct-2023 21:03:06.874 情報 [main] org.apache.catalina.startup.HostConfig.deployDirectory Web アプリケーションディレクトリ [C:\apache-tomcat-9.0.82\webapps\javaweb] を配備します
28-Oct-2023 21:03:07.811 情報 [main] org.apache.jasper.servlet.TldScanner.scanJars 少なくとも1つのJARでTLDをスキャンしましたが、TLDが含まれていませんでした。スキャンしたもののTLDが見つからなかったJARの完全なリストについては、このロガーのデバッグログを有効にしてください。スキャン中に不要なJARをスキップすると、起動時間とJSPのコンパイル時間が短縮されます。
28-Oct-2023 21:03:07.821 情報 [main] org.apache.catalina.startup.HostConfig.deployDirectory ディレクトリ [C:\apache-tomcat-9.0.82\webapps\javaweb] の Web アプリケーションの配備は [946] ミリ秒で完了しました。
28-Oct-2023 21:03:07.822 情報 [main] org.apache.catalina.startup.HostConfig.deployDirectory Web アプリケーションディレクトリ [C:\apache-tomcat-9.0.82\webapps\kakeiboapp] を配備します
28-Oct-2023 21:03:08.858 情報 [main] org.apache.jasper.servlet.TldScanner.scanJars 少なくとも1つのJARでTLDをスキャンしましたが、TLDが含まれていませんでした。スキャンしたもののTLDが見つからなかったJARの完全なリストについては、このロガーのデバッグログを有効にしてください。スキャン中に不要なJARをスキップすると、起動時間とJSPのコンパイル時間が短縮されます。
28-Oct-2023 21:03:08.917 情報 [main] org.apache.catalina.startup.HostConfig.deployDirectory ディレクトリ [C:\apache-tomcat-9.0.82\webapps\kakeiboapp] の Web アプリケーションの配備は [1,095] ミリ秒で完了しました。
28-Oct-2023 21:03:08.920 情報 [main] org.apache.catalina.startup.HostConfig.deployDirectory Web アプリケーションディレクトリ [C:\apache-tomcat-9.0.82\webapps\manager] を配備します
28-Oct-2023 21:03:09.910 情報 [main] org.apache.jasper.servlet.TldScanner.scanJars 少なくとも1つのJARでTLDをスキャンしましたが、TLDが含まれていませんでした。スキャンしたもののTLDが見つからなかったJARの完全なリストについては、このロガーのデバッグログを有効にしてください。スキャン中に不要なJARをスキップすると、起動時間とJSPのコンパイル時間が短縮されます。
28-Oct-2023 21:03:09.923 情報 [main] org.apache.catalina.startup.HostConfig.deployDirectory ディレクトリ [C:\apache-tomcat-9.0.82\webapps\manager] の Web アプリケーションの配備は [1,003] ミリ秒で完了しました。
28-Oct-2023 21:03:09.926 情報 [main] org.apache.catalina.startup.HostConfig.deployDirectory Web アプリケーションディレクトリ [C:\apache-tomcat-9.0.82\webapps\ROOT] を配備します
28-Oct-2023 21:03:10.791 情報 [main] org.apache.jasper.servlet.TldScanner.scanJars 少なくとも1つのJARでTLDをスキャンしましたが、TLDが含まれていませんでした。スキャンしたもののTLDが見つからなかったJARの完全なリストについては、このロガーのデバッグログを有効にしてください。スキャン中に不要なJARをスキップすると、起動時間とJSPのコンパイル時間が短縮されます。
28-Oct-2023 21:03:10.805 情報 [main] org.apache.catalina.startup.HostConfig.deployDirectory ディレクトリ [C:\apache-tomcat-9.0.82\webapps\ROOT] の Web アプリケーションの配備は [879] ミリ秒で完了しました。
28-Oct-2023 21:03:10.825 情報 [main] org.apache.coyote.AbstractProtocol.start プロトコルハンドラー ["http-nio-8080"] を開始しました。
28-Oct-2023 21:03:11.156 情報 [main] org.apache.catalina.startup.Catalina.start サーバーの起動 [11632] ミリ秒
28-Oct-2023 21:04:05.902 情報 [main] org.apache.catalina.core.StandardServer.await 有効なシャットダウンコマンドがシャットダウンポート経由で受信されました。 サーバーインスタンスを停止します。
28-Oct-2023 21:04:05.904 情報 [main] org.apache.coyote.AbstractProtocol.pause ProtocolHandler ["http-nio-8080"] を一時停止します。
28-Oct-2023 21:04:05.974 情報 [main] org.apache.catalina.core.StandardService.stopInternal サービス [Catalina] を停止します
28-Oct-2023 21:04:06.116 情報 [main] org.apache.coyote.AbstractProtocol.stop ProtocolHandler ["http-nio-8080"]の停止中
28-Oct-2023 21:04:06.134 情報 [main] org.apache.coyote.AbstractProtocol.destroy ProtocolHandler ["http-nio-8080"] を破棄します。
28-Oct-2023 21:04:53.408 情報 [main] org.apache.catalina.startup.VersionLoggerListener.log Serverのバージョン名:     Apache Tomcat/9.0.82
28-Oct-2023 21:04:53.416 情報 [main] org.apache.catalina.startup.VersionLoggerListener.log Server ビルド:            Oct 11 2023 13:15:08 UTC
28-Oct-2023 21:04:53.418 情報 [main] org.apache.catalina.startup.VersionLoggerListener.log サーバーのバージョン番号: 9.0.82.0
28-Oct-2023 21:04:53.419 情報 [main] org.apache.catalina.startup.VersionLoggerListener.log OS 名:                    Windows 10
28-Oct-2023 21:04:53.420 情報 [main] org.apache.catalina.startup.VersionLoggerListener.log OS バージョン:            10.0
28-Oct-2023 21:04:53.420 情報 [main] org.apache.catalina.startup.VersionLoggerListener.log アーキテクチャ:           amd64
28-Oct-2023 21:04:53.421 情報 [main] org.apache.catalina.startup.VersionLoggerListener.log Java Home:                C:\Program Files\Java\jdk-20
28-Oct-2023 21:04:53.421 情報 [main] org.apache.catalina.startup.VersionLoggerListener.log JVM バージョン:           20+36-2344
28-Oct-2023 21:04:53.422 情報 [main] org.apache.catalina.startup.VersionLoggerListener.log JVM ベンダ:               Oracle Corporation
28-Oct-2023 21:04:53.422 情報 [main] org.apache.catalina.startup.VersionLoggerListener.log CATALINA_BASE:            C:\apache-tomcat-9.0.82
28-Oct-2023 21:04:53.423 情報 [main] org.apache.catalina.startup.VersionLoggerListener.log CATALINA_HOME:            C:\apache-tomcat-9.0.82
28-Oct-2023 21:04:53.436 情報 [main] org.apache.catalina.startup.VersionLoggerListener.log コマンドライン引数:       --add-opens=java.base/java.lang=ALL-UNNAMED
28-Oct-2023 21:04:53.437 情報 [main] org.apache.catalina.startup.VersionLoggerListener.log コマンドライン引数:       --add-opens=java.base/java.io=ALL-UNNAMED
28-Oct-2023 21:04:53.437 情報 [main] org.apache.catalina.startup.VersionLoggerListener.log コマンドライン引数:       --add-opens=java.base/java.util=ALL-UNNAMED
28-Oct-2023 21:04:53.438 情報 [main] org.apache.catalina.startup.VersionLoggerListener.log コマンドライン引数:       --add-opens=java.base/java.util.concurrent=ALL-UNNAMED
28-Oct-2023 21:04:53.439 情報 [main] org.apache.catalina.startup.VersionLoggerListener.log コマンドライン引数:       --add-opens=java.rmi/sun.rmi.transport=ALL-UNNAMED
28-Oct-2023 21:04:53.441 情報 [main] org.apache.catalina.startup.VersionLoggerListener.log コマンドライン引数:       -Djava.util.logging.config.file=C:\apache-tomcat-9.0.82\conf\logging.properties
28-Oct-2023 21:04:53.443 情報 [main] org.apache.catalina.startup.VersionLoggerListener.log コマンドライン引数:       -Djava.util.logging.manager=org.apache.juli.ClassLoaderLogManager
28-Oct-2023 21:04:53.444 情報 [main] org.apache.catalina.startup.VersionLoggerListener.log コマンドライン引数:       -Djdk.tls.ephemeralDHKeySize=2048
28-Oct-2023 21:04:53.445 情報 [main] org.apache.catalina.startup.VersionLoggerListener.log コマンドライン引数:       -Djava.protocol.handler.pkgs=org.apache.catalina.webresources
28-Oct-2023 21:04:53.447 情報 [main] org.apache.catalina.startup.VersionLoggerListener.log コマンドライン引数:       -Dignore.endorsed.dirs=
28-Oct-2023 21:04:53.450 情報 [main] org.apache.catalina.startup.VersionLoggerListener.log コマンドライン引数:       -Dcatalina.base=C:\apache-tomcat-9.0.82
28-Oct-2023 21:04:53.454 情報 [main] org.apache.catalina.startup.VersionLoggerListener.log コマンドライン引数:       -Dcatalina.home=C:\apache-tomcat-9.0.82
28-Oct-2023 21:04:53.455 情報 [main] org.apache.catalina.startup.VersionLoggerListener.log コマンドライン引数:       -Djava.io.tmpdir=C:\apache-tomcat-9.0.82\temp
28-Oct-2023 21:04:53.461 情報 [main] org.apache.catalina.core.AprLifecycleListener.lifecycleEvent APRバージョン[1.7.4]を使用してAPRベースのApache Tomcatネイティブライブラリ[1.2.39]をロードしました。
28-Oct-2023 21:04:53.464 情報 [main] org.apache.catalina.core.AprLifecycleListener.lifecycleEvent APR機能: IPv6 [true]、sendfile [true]、受け入れフィルタ [false]、ランダム [true]、UDS [true]
28-Oct-2023 21:04:53.465 情報 [main] org.apache.catalina.core.AprLifecycleListener.lifecycleEvent APR/OpenSSL設定：useAprConnector [false]、useOpenSSL [true]
28-Oct-2023 21:04:53.476 情報 [main] org.apache.catalina.core.AprLifecycleListener.initializeSSL OpenSSLは [OpenSSL 3.0.11 19 Sep 2023] を正常に初期化しました
28-Oct-2023 21:04:54.015 情報 [main] org.apache.coyote.AbstractProtocol.init プロトコルハンドラ ["http-nio-8080"] を初期化します。
28-Oct-2023 21:04:54.058 情報 [main] org.apache.catalina.startup.Catalina.load サーバーの初期化 [1043] ミリ秒
28-Oct-2023 21:04:54.142 情報 [main] org.apache.catalina.core.StandardService.startInternal サービス [Catalina] を起動します
28-Oct-2023 21:04:54.144 情報 [main] org.apache.catalina.core.StandardEngine.startInternal サーブレットエンジンの起動：[Apache Tomcat/9.0.82]
28-Oct-2023 21:04:54.161 情報 [main] org.apache.catalina.startup.HostConfig.deployDirectory Web アプリケーションディレクトリ [C:\apache-tomcat-9.0.82\webapps\dbweb] を配備します
28-Oct-2023 21:04:55.331 情報 [main] org.apache.jasper.servlet.TldScanner.scanJars 少なくとも1つのJARでTLDをスキャンしましたが、TLDが含まれていませんでした。スキャンしたもののTLDが見つからなかったJARの完全なリストについては、このロガーのデバッグログを有効にしてください。スキャン中に不要なJARをスキップすると、起動時間とJSPのコンパイル時間が短縮されます。
28-Oct-2023 21:04:55.482 情報 [main] org.apache.catalina.startup.HostConfig.deployDirectory ディレクトリ [C:\apache-tomcat-9.0.82\webapps\dbweb] の Web アプリケーションの配備は [1,316] ミリ秒で完了しました。
28-Oct-2023 21:04:55.483 情報 [main] org.apache.catalina.startup.HostConfig.deployDirectory Web アプリケーションディレクトリ [C:\apache-tomcat-9.0.82\webapps\docs] を配備します
28-Oct-2023 21:04:55.995 情報 [main] org.apache.jasper.servlet.TldScanner.scanJars 少なくとも1つのJARでTLDをスキャンしましたが、TLDが含まれていませんでした。スキャンしたもののTLDが見つからなかったJARの完全なリストについては、このロガーのデバッグログを有効にしてください。スキャン中に不要なJARをスキップすると、起動時間とJSPのコンパイル時間が短縮されます。
28-Oct-2023 21:04:56.004 情報 [main] org.apache.catalina.startup.HostConfig.deployDirectory ディレクトリ [C:\apache-tomcat-9.0.82\webapps\docs] の Web アプリケーションの配備は [520] ミリ秒で完了しました。
28-Oct-2023 21:04:56.005 情報 [main] org.apache.catalina.startup.HostConfig.deployDirectory Web アプリケーションディレクトリ [C:\apache-tomcat-9.0.82\webapps\examples] を配備します
28-Oct-2023 21:04:56.981 情報 [main] org.apache.jasper.servlet.TldScanner.scanJars 少なくとも1つのJARでTLDをスキャンしましたが、TLDが含まれていませんでした。スキャンしたもののTLDが見つからなかったJARの完全なリストについては、このロガーのデバッグログを有効にしてください。スキャン中に不要なJARをスキップすると、起動時間とJSPのコンパイル時間が短縮されます。
28-Oct-2023 21:04:57.107 情報 [main] org.apache.catalina.startup.HostConfig.deployDirectory ディレクトリ [C:\apache-tomcat-9.0.82\webapps\examples] の Web アプリケーションの配備は [1,101] ミリ秒で完了しました。
28-Oct-2023 21:04:57.108 情報 [main] org.apache.catalina.startup.HostConfig.deployDirectory Web アプリケーションディレクトリ [C:\apache-tomcat-9.0.82\webapps\host-manager] を配備します
28-Oct-2023 21:04:57.678 情報 [main] org.apache.jasper.servlet.TldScanner.scanJars 少なくとも1つのJARでTLDをスキャンしましたが、TLDが含まれていませんでした。スキャンしたもののTLDが見つからなかったJARの完全なリストについては、このロガーのデバッグログを有効にしてください。スキャン中に不要なJARをスキップすると、起動時間とJSPのコンパイル時間が短縮されます。
28-Oct-2023 21:04:57.687 情報 [main] org.apache.catalina.startup.HostConfig.deployDirectory ディレクトリ [C:\apache-tomcat-9.0.82\webapps\host-manager] の Web アプリケーションの配備は [579] ミリ秒で完了しました。
28-Oct-2023 21:04:57.695 情報 [main] org.apache.catalina.startup.HostConfig.deployDirectory Web アプリケーションディレクトリ [C:\apache-tomcat-9.0.82\webapps\javaweb] を配備します
28-Oct-2023 21:04:58.282 情報 [main] org.apache.jasper.servlet.TldScanner.scanJars 少なくとも1つのJARでTLDをスキャンしましたが、TLDが含まれていませんでした。スキャンしたもののTLDが見つからなかったJARの完全なリストについては、このロガーのデバッグログを有効にしてください。スキャン中に不要なJARをスキップすると、起動時間とJSPのコンパイル時間が短縮されます。
28-Oct-2023 21:04:58.296 情報 [main] org.apache.catalina.startup.HostConfig.deployDirectory ディレクトリ [C:\apache-tomcat-9.0.82\webapps\javaweb] の Web アプリケーションの配備は [600] ミリ秒で完了しました。
28-Oct-2023 21:04:58.297 情報 [main] org.apache.catalina.startup.HostConfig.deployDirectory Web アプリケーションディレクトリ [C:\apache-tomcat-9.0.82\webapps\kakeiboapp] を配備します
28-Oct-2023 21:04:58.783 情報 [main] org.apache.jasper.servlet.TldScanner.scanJars 少なくとも1つのJARでTLDをスキャンしましたが、TLDが含まれていませんでした。スキャンしたもののTLDが見つからなかったJARの完全なリストについては、このロガーのデバッグログを有効にしてください。スキャン中に不要なJARをスキップすると、起動時間とJSPのコンパイル時間が短縮されます。
28-Oct-2023 21:04:58.811 情報 [main] org.apache.catalina.startup.HostConfig.deployDirectory ディレクトリ [C:\apache-tomcat-9.0.82\webapps\kakeiboapp] の Web アプリケーションの配備は [514] ミリ秒で完了しました。
28-Oct-2023 21:04:58.815 情報 [main] org.apache.catalina.startup.HostConfig.deployDirectory Web アプリケーションディレクトリ [C:\apache-tomcat-9.0.82\webapps\manager] を配備します
28-Oct-2023 21:04:59.191 情報 [main] org.apache.jasper.servlet.TldScanner.scanJars 少なくとも1つのJARでTLDをスキャンしましたが、TLDが含まれていませんでした。スキャンしたもののTLDが見つからなかったJARの完全なリストについては、このロガーのデバッグログを有効にしてください。スキャン中に不要なJARをスキップすると、起動時間とJSPのコンパイル時間が短縮されます。
28-Oct-2023 21:04:59.210 情報 [main] org.apache.catalina.startup.HostConfig.deployDirectory ディレクトリ [C:\apache-tomcat-9.0.82\webapps\manager] の Web アプリケーションの配備は [399] ミリ秒で完了しました。
28-Oct-2023 21:04:59.210 情報 [main] org.apache.catalina.startup.HostConfig.deployDirectory Web アプリケーションディレクトリ [C:\apache-tomcat-9.0.82\webapps\ROOT] を配備します
28-Oct-2023 21:04:59.546 情報 [main] org.apache.jasper.servlet.TldScanner.scanJars 少なくとも1つのJARでTLDをスキャンしましたが、TLDが含まれていませんでした。スキャンしたもののTLDが見つからなかったJARの完全なリストについては、このロガーのデバッグログを有効にしてください。スキャン中に不要なJARをスキップすると、起動時間とJSPのコンパイル時間が短縮されます。
28-Oct-2023 21:04:59.553 情報 [main] org.apache.catalina.startup.HostConfig.deployDirectory ディレクトリ [C:\apache-tomcat-9.0.82\webapps\ROOT] の Web アプリケーションの配備は [343] ミリ秒で完了しました。
28-Oct-2023 21:04:59.559 情報 [main] org.apache.coyote.AbstractProtocol.start プロトコルハンドラー ["http-nio-8080"] を開始しました。
28-Oct-2023 21:04:59.624 情報 [main] org.apache.catalina.startup.Catalina.start サーバーの起動 [5561] ミリ秒
28-Oct-2023 21:10:49.517 情報 [main] org.apache.catalina.core.StandardServer.await 有効なシャットダウンコマンドがシャットダウンポート経由で受信されました。 サーバーインスタンスを停止します。
28-Oct-2023 21:10:49.518 情報 [main] org.apache.coyote.AbstractProtocol.pause ProtocolHandler ["http-nio-8080"] を一時停止します。
28-Oct-2023 21:10:49.540 情報 [main] org.apache.catalina.core.StandardService.stopInternal サービス [Catalina] を停止します
28-Oct-2023 21:10:49.643 情報 [main] org.apache.coyote.AbstractProtocol.stop ProtocolHandler ["http-nio-8080"]の停止中
28-Oct-2023 21:10:49.658 情報 [main] org.apache.coyote.AbstractProtocol.destroy ProtocolHandler ["http-nio-8080"] を破棄します。
