04-Nov-2023 17:10:21.698 情報 [main] org.apache.catalina.startup.VersionLoggerListener.log Serverのバージョン名:     Apache Tomcat/9.0.82
04-Nov-2023 17:10:21.705 情報 [main] org.apache.catalina.startup.VersionLoggerListener.log Server ビルド:            Oct 11 2023 13:15:08 UTC
04-Nov-2023 17:10:21.708 情報 [main] org.apache.catalina.startup.VersionLoggerListener.log サーバーのバージョン番号: 9.0.82.0
04-Nov-2023 17:10:21.709 情報 [main] org.apache.catalina.startup.VersionLoggerListener.log OS 名:                    Windows 10
04-Nov-2023 17:10:21.709 情報 [main] org.apache.catalina.startup.VersionLoggerListener.log OS バージョン:            10.0
04-Nov-2023 17:10:21.710 情報 [main] org.apache.catalina.startup.VersionLoggerListener.log アーキテクチャ:           amd64
04-Nov-2023 17:10:21.710 情報 [main] org.apache.catalina.startup.VersionLoggerListener.log Java Home:                C:\Program Files\Java\jdk-20
04-Nov-2023 17:10:21.710 情報 [main] org.apache.catalina.startup.VersionLoggerListener.log JVM バージョン:           20+36-2344
04-Nov-2023 17:10:21.711 情報 [main] org.apache.catalina.startup.VersionLoggerListener.log JVM ベンダ:               Oracle Corporation
04-Nov-2023 17:10:21.711 情報 [main] org.apache.catalina.startup.VersionLoggerListener.log CATALINA_BASE:            C:\apache-tomcat-9.0.82
04-Nov-2023 17:10:21.711 情報 [main] org.apache.catalina.startup.VersionLoggerListener.log CATALINA_HOME:            C:\apache-tomcat-9.0.82
04-Nov-2023 17:10:21.733 情報 [main] org.apache.catalina.startup.VersionLoggerListener.log コマンドライン引数:       --add-opens=java.base/java.lang=ALL-UNNAMED
04-Nov-2023 17:10:21.733 情報 [main] org.apache.catalina.startup.VersionLoggerListener.log コマンドライン引数:       --add-opens=java.base/java.io=ALL-UNNAMED
04-Nov-2023 17:10:21.734 情報 [main] org.apache.catalina.startup.VersionLoggerListener.log コマンドライン引数:       --add-opens=java.base/java.util=ALL-UNNAMED
04-Nov-2023 17:10:21.734 情報 [main] org.apache.catalina.startup.VersionLoggerListener.log コマンドライン引数:       --add-opens=java.base/java.util.concurrent=ALL-UNNAMED
04-Nov-2023 17:10:21.735 情報 [main] org.apache.catalina.startup.VersionLoggerListener.log コマンドライン引数:       --add-opens=java.rmi/sun.rmi.transport=ALL-UNNAMED
04-Nov-2023 17:10:21.736 情報 [main] org.apache.catalina.startup.VersionLoggerListener.log コマンドライン引数:       -Djava.util.logging.config.file=C:\apache-tomcat-9.0.82\conf\logging.properties
04-Nov-2023 17:10:21.740 情報 [main] org.apache.catalina.startup.VersionLoggerListener.log コマンドライン引数:       -Djava.util.logging.manager=org.apache.juli.ClassLoaderLogManager
04-Nov-2023 17:10:21.744 情報 [main] org.apache.catalina.startup.VersionLoggerListener.log コマンドライン引数:       -Djdk.tls.ephemeralDHKeySize=2048
04-Nov-2023 17:10:21.745 情報 [main] org.apache.catalina.startup.VersionLoggerListener.log コマンドライン引数:       -Djava.protocol.handler.pkgs=org.apache.catalina.webresources
04-Nov-2023 17:10:21.746 情報 [main] org.apache.catalina.startup.VersionLoggerListener.log コマンドライン引数:       -Dignore.endorsed.dirs=
04-Nov-2023 17:10:21.747 情報 [main] org.apache.catalina.startup.VersionLoggerListener.log コマンドライン引数:       -Dcatalina.base=C:\apache-tomcat-9.0.82
04-Nov-2023 17:10:21.748 情報 [main] org.apache.catalina.startup.VersionLoggerListener.log コマンドライン引数:       -Dcatalina.home=C:\apache-tomcat-9.0.82
04-Nov-2023 17:10:21.748 情報 [main] org.apache.catalina.startup.VersionLoggerListener.log コマンドライン引数:       -Djava.io.tmpdir=C:\apache-tomcat-9.0.82\temp
04-Nov-2023 17:10:22.398 情報 [main] org.apache.catalina.core.AprLifecycleListener.lifecycleEvent APRバージョン[1.7.4]を使用してAPRベースのApache Tomcatネイティブライブラリ[1.2.39]をロードしました。
04-Nov-2023 17:10:22.398 情報 [main] org.apache.catalina.core.AprLifecycleListener.lifecycleEvent APR機能: IPv6 [true]、sendfile [true]、受け入れフィルタ [false]、ランダム [true]、UDS [true]
04-Nov-2023 17:10:22.404 情報 [main] org.apache.catalina.core.AprLifecycleListener.lifecycleEvent APR/OpenSSL設定：useAprConnector [false]、useOpenSSL [true]
04-Nov-2023 17:10:22.420 情報 [main] org.apache.catalina.core.AprLifecycleListener.initializeSSL OpenSSLは [OpenSSL 3.0.11 19 Sep 2023] を正常に初期化しました
04-Nov-2023 17:10:23.073 情報 [main] org.apache.coyote.AbstractProtocol.init プロトコルハンドラ ["http-nio-8080"] を初期化します。
04-Nov-2023 17:10:23.112 情報 [main] org.apache.catalina.startup.Catalina.load サーバーの初期化 [1961] ミリ秒
04-Nov-2023 17:10:23.239 情報 [main] org.apache.catalina.core.StandardService.startInternal サービス [Catalina] を起動します
04-Nov-2023 17:10:23.240 情報 [main] org.apache.catalina.core.StandardEngine.startInternal サーブレットエンジンの起動：[Apache Tomcat/9.0.82]
04-Nov-2023 17:10:23.260 情報 [main] org.apache.catalina.startup.HostConfig.deployDirectory Web アプリケーションディレクトリ [C:\apache-tomcat-9.0.82\webapps\dbweb] を配備します
04-Nov-2023 17:10:24.486 情報 [main] org.apache.jasper.servlet.TldScanner.scanJars 少なくとも1つのJARでTLDをスキャンしましたが、TLDが含まれていませんでした。スキャンしたもののTLDが見つからなかったJARの完全なリストについては、このロガーのデバッグログを有効にしてください。スキャン中に不要なJARをスキップすると、起動時間とJSPのコンパイル時間が短縮されます。
04-Nov-2023 17:10:24.638 情報 [main] org.apache.catalina.startup.HostConfig.deployDirectory ディレクトリ [C:\apache-tomcat-9.0.82\webapps\dbweb] の Web アプリケーションの配備は [1,371] ミリ秒で完了しました。
04-Nov-2023 17:10:24.640 情報 [main] org.apache.catalina.startup.HostConfig.deployDirectory Web アプリケーションディレクトリ [C:\apache-tomcat-9.0.82\webapps\docs] を配備します
04-Nov-2023 17:10:25.183 情報 [main] org.apache.jasper.servlet.TldScanner.scanJars 少なくとも1つのJARでTLDをスキャンしましたが、TLDが含まれていませんでした。スキャンしたもののTLDが見つからなかったJARの完全なリストについては、このロガーのデバッグログを有効にしてください。スキャン中に不要なJARをスキップすると、起動時間とJSPのコンパイル時間が短縮されます。
04-Nov-2023 17:10:25.212 情報 [main] org.apache.catalina.startup.HostConfig.deployDirectory ディレクトリ [C:\apache-tomcat-9.0.82\webapps\docs] の Web アプリケーションの配備は [572] ミリ秒で完了しました。
04-Nov-2023 17:10:25.215 情報 [main] org.apache.catalina.startup.HostConfig.deployDirectory Web アプリケーションディレクトリ [C:\apache-tomcat-9.0.82\webapps\examples] を配備します
04-Nov-2023 17:10:26.279 情報 [main] org.apache.jasper.servlet.TldScanner.scanJars 少なくとも1つのJARでTLDをスキャンしましたが、TLDが含まれていませんでした。スキャンしたもののTLDが見つからなかったJARの完全なリストについては、このロガーのデバッグログを有効にしてください。スキャン中に不要なJARをスキップすると、起動時間とJSPのコンパイル時間が短縮されます。
04-Nov-2023 17:10:26.496 情報 [main] org.apache.catalina.startup.HostConfig.deployDirectory ディレクトリ [C:\apache-tomcat-9.0.82\webapps\examples] の Web アプリケーションの配備は [1,265] ミリ秒で完了しました。
04-Nov-2023 17:10:26.500 情報 [main] org.apache.catalina.startup.HostConfig.deployDirectory Web アプリケーションディレクトリ [C:\apache-tomcat-9.0.82\webapps\host-manager] を配備します
04-Nov-2023 17:10:26.998 情報 [main] org.apache.jasper.servlet.TldScanner.scanJars 少なくとも1つのJARでTLDをスキャンしましたが、TLDが含まれていませんでした。スキャンしたもののTLDが見つからなかったJARの完全なリストについては、このロガーのデバッグログを有効にしてください。スキャン中に不要なJARをスキップすると、起動時間とJSPのコンパイル時間が短縮されます。
04-Nov-2023 17:10:27.059 情報 [main] org.apache.catalina.startup.HostConfig.deployDirectory ディレクトリ [C:\apache-tomcat-9.0.82\webapps\host-manager] の Web アプリケーションの配備は [559] ミリ秒で完了しました。
04-Nov-2023 17:10:27.072 情報 [main] org.apache.catalina.startup.HostConfig.deployDirectory Web アプリケーションディレクトリ [C:\apache-tomcat-9.0.82\webapps\javaweb] を配備します
04-Nov-2023 17:10:27.574 情報 [main] org.apache.jasper.servlet.TldScanner.scanJars 少なくとも1つのJARでTLDをスキャンしましたが、TLDが含まれていませんでした。スキャンしたもののTLDが見つからなかったJARの完全なリストについては、このロガーのデバッグログを有効にしてください。スキャン中に不要なJARをスキップすると、起動時間とJSPのコンパイル時間が短縮されます。
04-Nov-2023 17:10:27.582 情報 [main] org.apache.catalina.startup.HostConfig.deployDirectory ディレクトリ [C:\apache-tomcat-9.0.82\webapps\javaweb] の Web アプリケーションの配備は [510] ミリ秒で完了しました。
04-Nov-2023 17:10:27.583 情報 [main] org.apache.catalina.startup.HostConfig.deployDirectory Web アプリケーションディレクトリ [C:\apache-tomcat-9.0.82\webapps\kakeiboapp] を配備します
04-Nov-2023 17:10:28.155 情報 [main] org.apache.jasper.servlet.TldScanner.scanJars 少なくとも1つのJARでTLDをスキャンしましたが、TLDが含まれていませんでした。スキャンしたもののTLDが見つからなかったJARの完全なリストについては、このロガーのデバッグログを有効にしてください。スキャン中に不要なJARをスキップすると、起動時間とJSPのコンパイル時間が短縮されます。
04-Nov-2023 17:10:28.252 情報 [main] org.apache.catalina.startup.HostConfig.deployDirectory ディレクトリ [C:\apache-tomcat-9.0.82\webapps\kakeiboapp] の Web アプリケーションの配備は [670] ミリ秒で完了しました。
04-Nov-2023 17:10:28.255 情報 [main] org.apache.catalina.startup.HostConfig.deployDirectory Web アプリケーションディレクトリ [C:\apache-tomcat-9.0.82\webapps\manager] を配備します
04-Nov-2023 17:10:28.741 情報 [main] org.apache.jasper.servlet.TldScanner.scanJars 少なくとも1つのJARでTLDをスキャンしましたが、TLDが含まれていませんでした。スキャンしたもののTLDが見つからなかったJARの完全なリストについては、このロガーのデバッグログを有効にしてください。スキャン中に不要なJARをスキップすると、起動時間とJSPのコンパイル時間が短縮されます。
04-Nov-2023 17:10:28.762 情報 [main] org.apache.catalina.startup.HostConfig.deployDirectory ディレクトリ [C:\apache-tomcat-9.0.82\webapps\manager] の Web アプリケーションの配備は [507] ミリ秒で完了しました。
04-Nov-2023 17:10:28.767 情報 [main] org.apache.catalina.startup.HostConfig.deployDirectory Web アプリケーションディレクトリ [C:\apache-tomcat-9.0.82\webapps\ROOT] を配備します
04-Nov-2023 17:10:29.068 情報 [main] org.apache.jasper.servlet.TldScanner.scanJars 少なくとも1つのJARでTLDをスキャンしましたが、TLDが含まれていませんでした。スキャンしたもののTLDが見つからなかったJARの完全なリストについては、このロガーのデバッグログを有効にしてください。スキャン中に不要なJARをスキップすると、起動時間とJSPのコンパイル時間が短縮されます。
04-Nov-2023 17:10:29.074 情報 [main] org.apache.catalina.startup.HostConfig.deployDirectory ディレクトリ [C:\apache-tomcat-9.0.82\webapps\ROOT] の Web アプリケーションの配備は [307] ミリ秒で完了しました。
04-Nov-2023 17:10:29.084 情報 [main] org.apache.coyote.AbstractProtocol.start プロトコルハンドラー ["http-nio-8080"] を開始しました。
04-Nov-2023 17:10:29.225 情報 [main] org.apache.catalina.startup.Catalina.start サーバーの起動 [6108] ミリ秒
04-Nov-2023 17:13:52.885 情報 [main] org.apache.catalina.core.StandardServer.await 有効なシャットダウンコマンドがシャットダウンポート経由で受信されました。 サーバーインスタンスを停止します。
04-Nov-2023 17:13:52.887 情報 [main] org.apache.coyote.AbstractProtocol.pause ProtocolHandler ["http-nio-8080"] を一時停止します。
04-Nov-2023 17:13:53.000 情報 [main] org.apache.catalina.core.StandardService.stopInternal サービス [Catalina] を停止します
04-Nov-2023 17:13:53.063 情報 [main] org.apache.coyote.AbstractProtocol.stop ProtocolHandler ["http-nio-8080"]の停止中
04-Nov-2023 17:13:53.084 情報 [main] org.apache.coyote.AbstractProtocol.destroy ProtocolHandler ["http-nio-8080"] を破棄します。
04-Nov-2023 19:19:45.421 情報 [main] org.apache.catalina.startup.VersionLoggerListener.log Serverのバージョン名:     Apache Tomcat/9.0.82
04-Nov-2023 19:19:45.426 情報 [main] org.apache.catalina.startup.VersionLoggerListener.log Server ビルド:            Oct 11 2023 13:15:08 UTC
04-Nov-2023 19:19:45.428 情報 [main] org.apache.catalina.startup.VersionLoggerListener.log サーバーのバージョン番号: 9.0.82.0
04-Nov-2023 19:19:45.428 情報 [main] org.apache.catalina.startup.VersionLoggerListener.log OS 名:                    Windows 10
04-Nov-2023 19:19:45.430 情報 [main] org.apache.catalina.startup.VersionLoggerListener.log OS バージョン:            10.0
04-Nov-2023 19:19:45.430 情報 [main] org.apache.catalina.startup.VersionLoggerListener.log アーキテクチャ:           amd64
04-Nov-2023 19:19:45.430 情報 [main] org.apache.catalina.startup.VersionLoggerListener.log Java Home:                C:\Program Files\Java\jdk-20
04-Nov-2023 19:19:45.431 情報 [main] org.apache.catalina.startup.VersionLoggerListener.log JVM バージョン:           20+36-2344
04-Nov-2023 19:19:45.432 情報 [main] org.apache.catalina.startup.VersionLoggerListener.log JVM ベンダ:               Oracle Corporation
04-Nov-2023 19:19:45.432 情報 [main] org.apache.catalina.startup.VersionLoggerListener.log CATALINA_BASE:            C:\apache-tomcat-9.0.82
04-Nov-2023 19:19:45.432 情報 [main] org.apache.catalina.startup.VersionLoggerListener.log CATALINA_HOME:            C:\apache-tomcat-9.0.82
04-Nov-2023 19:19:45.448 情報 [main] org.apache.catalina.startup.VersionLoggerListener.log コマンドライン引数:       --add-opens=java.base/java.lang=ALL-UNNAMED
04-Nov-2023 19:19:45.449 情報 [main] org.apache.catalina.startup.VersionLoggerListener.log コマンドライン引数:       --add-opens=java.base/java.io=ALL-UNNAMED
04-Nov-2023 19:19:45.449 情報 [main] org.apache.catalina.startup.VersionLoggerListener.log コマンドライン引数:       --add-opens=java.base/java.util=ALL-UNNAMED
04-Nov-2023 19:19:45.450 情報 [main] org.apache.catalina.startup.VersionLoggerListener.log コマンドライン引数:       --add-opens=java.base/java.util.concurrent=ALL-UNNAMED
04-Nov-2023 19:19:45.453 情報 [main] org.apache.catalina.startup.VersionLoggerListener.log コマンドライン引数:       --add-opens=java.rmi/sun.rmi.transport=ALL-UNNAMED
04-Nov-2023 19:19:45.454 情報 [main] org.apache.catalina.startup.VersionLoggerListener.log コマンドライン引数:       -Djava.util.logging.config.file=C:\apache-tomcat-9.0.82\conf\logging.properties
04-Nov-2023 19:19:45.454 情報 [main] org.apache.catalina.startup.VersionLoggerListener.log コマンドライン引数:       -Djava.util.logging.manager=org.apache.juli.ClassLoaderLogManager
04-Nov-2023 19:19:45.457 情報 [main] org.apache.catalina.startup.VersionLoggerListener.log コマンドライン引数:       -Djdk.tls.ephemeralDHKeySize=2048
04-Nov-2023 19:19:45.460 情報 [main] org.apache.catalina.startup.VersionLoggerListener.log コマンドライン引数:       -Djava.protocol.handler.pkgs=org.apache.catalina.webresources
04-Nov-2023 19:19:45.461 情報 [main] org.apache.catalina.startup.VersionLoggerListener.log コマンドライン引数:       -Dignore.endorsed.dirs=
04-Nov-2023 19:19:45.466 情報 [main] org.apache.catalina.startup.VersionLoggerListener.log コマンドライン引数:       -Dcatalina.base=C:\apache-tomcat-9.0.82
04-Nov-2023 19:19:45.467 情報 [main] org.apache.catalina.startup.VersionLoggerListener.log コマンドライン引数:       -Dcatalina.home=C:\apache-tomcat-9.0.82
04-Nov-2023 19:19:45.467 情報 [main] org.apache.catalina.startup.VersionLoggerListener.log コマンドライン引数:       -Djava.io.tmpdir=C:\apache-tomcat-9.0.82\temp
04-Nov-2023 19:19:45.472 情報 [main] org.apache.catalina.core.AprLifecycleListener.lifecycleEvent APRバージョン[1.7.4]を使用してAPRベースのApache Tomcatネイティブライブラリ[1.2.39]をロードしました。
04-Nov-2023 19:19:45.473 情報 [main] org.apache.catalina.core.AprLifecycleListener.lifecycleEvent APR機能: IPv6 [true]、sendfile [true]、受け入れフィルタ [false]、ランダム [true]、UDS [true]
04-Nov-2023 19:19:45.476 情報 [main] org.apache.catalina.core.AprLifecycleListener.lifecycleEvent APR/OpenSSL設定：useAprConnector [false]、useOpenSSL [true]
04-Nov-2023 19:19:45.482 情報 [main] org.apache.catalina.core.AprLifecycleListener.initializeSSL OpenSSLは [OpenSSL 3.0.11 19 Sep 2023] を正常に初期化しました
04-Nov-2023 19:19:45.958 情報 [main] org.apache.coyote.AbstractProtocol.init プロトコルハンドラ ["http-nio-8080"] を初期化します。
04-Nov-2023 19:19:46.002 情報 [main] org.apache.catalina.startup.Catalina.load サーバーの初期化 [948] ミリ秒
04-Nov-2023 19:19:46.071 情報 [main] org.apache.catalina.core.StandardService.startInternal サービス [Catalina] を起動します
04-Nov-2023 19:19:46.075 情報 [main] org.apache.catalina.core.StandardEngine.startInternal サーブレットエンジンの起動：[Apache Tomcat/9.0.82]
04-Nov-2023 19:19:46.092 情報 [main] org.apache.catalina.startup.HostConfig.deployDirectory Web アプリケーションディレクトリ [C:\apache-tomcat-9.0.82\webapps\dbweb] を配備します
04-Nov-2023 19:19:47.089 情報 [main] org.apache.jasper.servlet.TldScanner.scanJars 少なくとも1つのJARでTLDをスキャンしましたが、TLDが含まれていませんでした。スキャンしたもののTLDが見つからなかったJARの完全なリストについては、このロガーのデバッグログを有効にしてください。スキャン中に不要なJARをスキップすると、起動時間とJSPのコンパイル時間が短縮されます。
04-Nov-2023 19:19:47.207 情報 [main] org.apache.catalina.startup.HostConfig.deployDirectory ディレクトリ [C:\apache-tomcat-9.0.82\webapps\dbweb] の Web アプリケーションの配備は [1,111] ミリ秒で完了しました。
04-Nov-2023 19:19:47.209 情報 [main] org.apache.catalina.startup.HostConfig.deployDirectory Web アプリケーションディレクトリ [C:\apache-tomcat-9.0.82\webapps\docs] を配備します
04-Nov-2023 19:19:47.640 情報 [main] org.apache.jasper.servlet.TldScanner.scanJars 少なくとも1つのJARでTLDをスキャンしましたが、TLDが含まれていませんでした。スキャンしたもののTLDが見つからなかったJARの完全なリストについては、このロガーのデバッグログを有効にしてください。スキャン中に不要なJARをスキップすると、起動時間とJSPのコンパイル時間が短縮されます。
04-Nov-2023 19:19:47.654 情報 [main] org.apache.catalina.startup.HostConfig.deployDirectory ディレクトリ [C:\apache-tomcat-9.0.82\webapps\docs] の Web アプリケーションの配備は [445] ミリ秒で完了しました。
04-Nov-2023 19:19:47.654 情報 [main] org.apache.catalina.startup.HostConfig.deployDirectory Web アプリケーションディレクトリ [C:\apache-tomcat-9.0.82\webapps\examples] を配備します
04-Nov-2023 19:19:48.397 情報 [main] org.apache.jasper.servlet.TldScanner.scanJars 少なくとも1つのJARでTLDをスキャンしましたが、TLDが含まれていませんでした。スキャンしたもののTLDが見つからなかったJARの完全なリストについては、このロガーのデバッグログを有効にしてください。スキャン中に不要なJARをスキップすると、起動時間とJSPのコンパイル時間が短縮されます。
04-Nov-2023 19:19:48.483 情報 [main] org.apache.catalina.startup.HostConfig.deployDirectory ディレクトリ [C:\apache-tomcat-9.0.82\webapps\examples] の Web アプリケーションの配備は [829] ミリ秒で完了しました。
04-Nov-2023 19:19:48.504 情報 [main] org.apache.catalina.startup.HostConfig.deployDirectory Web アプリケーションディレクトリ [C:\apache-tomcat-9.0.82\webapps\host-manager] を配備します
04-Nov-2023 19:19:48.932 情報 [main] org.apache.jasper.servlet.TldScanner.scanJars 少なくとも1つのJARでTLDをスキャンしましたが、TLDが含まれていませんでした。スキャンしたもののTLDが見つからなかったJARの完全なリストについては、このロガーのデバッグログを有効にしてください。スキャン中に不要なJARをスキップすると、起動時間とJSPのコンパイル時間が短縮されます。
04-Nov-2023 19:19:48.944 情報 [main] org.apache.catalina.startup.HostConfig.deployDirectory ディレクトリ [C:\apache-tomcat-9.0.82\webapps\host-manager] の Web アプリケーションの配備は [442] ミリ秒で完了しました。
04-Nov-2023 19:19:48.948 情報 [main] org.apache.catalina.startup.HostConfig.deployDirectory Web アプリケーションディレクトリ [C:\apache-tomcat-9.0.82\webapps\javaweb] を配備します
04-Nov-2023 19:19:49.426 情報 [main] org.apache.jasper.servlet.TldScanner.scanJars 少なくとも1つのJARでTLDをスキャンしましたが、TLDが含まれていませんでした。スキャンしたもののTLDが見つからなかったJARの完全なリストについては、このロガーのデバッグログを有効にしてください。スキャン中に不要なJARをスキップすると、起動時間とJSPのコンパイル時間が短縮されます。
04-Nov-2023 19:19:49.437 情報 [main] org.apache.catalina.startup.HostConfig.deployDirectory ディレクトリ [C:\apache-tomcat-9.0.82\webapps\javaweb] の Web アプリケーションの配備は [490] ミリ秒で完了しました。
04-Nov-2023 19:19:49.439 情報 [main] org.apache.catalina.startup.HostConfig.deployDirectory Web アプリケーションディレクトリ [C:\apache-tomcat-9.0.82\webapps\kakeiboapp] を配備します
04-Nov-2023 19:19:49.868 情報 [main] org.apache.jasper.servlet.TldScanner.scanJars 少なくとも1つのJARでTLDをスキャンしましたが、TLDが含まれていませんでした。スキャンしたもののTLDが見つからなかったJARの完全なリストについては、このロガーのデバッグログを有効にしてください。スキャン中に不要なJARをスキップすると、起動時間とJSPのコンパイル時間が短縮されます。
04-Nov-2023 19:19:49.885 情報 [main] org.apache.catalina.startup.HostConfig.deployDirectory ディレクトリ [C:\apache-tomcat-9.0.82\webapps\kakeiboapp] の Web アプリケーションの配備は [447] ミリ秒で完了しました。
04-Nov-2023 19:19:49.887 情報 [main] org.apache.catalina.startup.HostConfig.deployDirectory Web アプリケーションディレクトリ [C:\apache-tomcat-9.0.82\webapps\manager] を配備します
04-Nov-2023 19:19:50.246 情報 [main] org.apache.jasper.servlet.TldScanner.scanJars 少なくとも1つのJARでTLDをスキャンしましたが、TLDが含まれていませんでした。スキャンしたもののTLDが見つからなかったJARの完全なリストについては、このロガーのデバッグログを有効にしてください。スキャン中に不要なJARをスキップすると、起動時間とJSPのコンパイル時間が短縮されます。
04-Nov-2023 19:19:50.253 情報 [main] org.apache.catalina.startup.HostConfig.deployDirectory ディレクトリ [C:\apache-tomcat-9.0.82\webapps\manager] の Web アプリケーションの配備は [365] ミリ秒で完了しました。
04-Nov-2023 19:19:50.254 情報 [main] org.apache.catalina.startup.HostConfig.deployDirectory Web アプリケーションディレクトリ [C:\apache-tomcat-9.0.82\webapps\ROOT] を配備します
04-Nov-2023 19:19:50.571 情報 [main] org.apache.jasper.servlet.TldScanner.scanJars 少なくとも1つのJARでTLDをスキャンしましたが、TLDが含まれていませんでした。スキャンしたもののTLDが見つからなかったJARの完全なリストについては、このロガーのデバッグログを有効にしてください。スキャン中に不要なJARをスキップすると、起動時間とJSPのコンパイル時間が短縮されます。
04-Nov-2023 19:19:50.574 情報 [main] org.apache.catalina.startup.HostConfig.deployDirectory ディレクトリ [C:\apache-tomcat-9.0.82\webapps\ROOT] の Web アプリケーションの配備は [321] ミリ秒で完了しました。
04-Nov-2023 19:19:50.581 情報 [main] org.apache.coyote.AbstractProtocol.start プロトコルハンドラー ["http-nio-8080"] を開始しました。
04-Nov-2023 19:19:50.655 情報 [main] org.apache.catalina.startup.Catalina.start サーバーの起動 [4649] ミリ秒
04-Nov-2023 20:43:55.739 情報 [main] org.apache.catalina.core.StandardServer.await 有効なシャットダウンコマンドがシャットダウンポート経由で受信されました。 サーバーインスタンスを停止します。
04-Nov-2023 20:43:55.741 情報 [main] org.apache.coyote.AbstractProtocol.pause ProtocolHandler ["http-nio-8080"] を一時停止します。
04-Nov-2023 20:43:55.759 情報 [main] org.apache.catalina.core.StandardService.stopInternal サービス [Catalina] を停止します
04-Nov-2023 20:43:55.846 情報 [main] org.apache.coyote.AbstractProtocol.stop ProtocolHandler ["http-nio-8080"]の停止中
04-Nov-2023 20:43:55.866 情報 [main] org.apache.coyote.AbstractProtocol.destroy ProtocolHandler ["http-nio-8080"] を破棄します。
04-Nov-2023 20:44:01.520 情報 [main] org.apache.catalina.startup.VersionLoggerListener.log Serverのバージョン名:     Apache Tomcat/9.0.82
04-Nov-2023 20:44:01.527 情報 [main] org.apache.catalina.startup.VersionLoggerListener.log Server ビルド:            Oct 11 2023 13:15:08 UTC
04-Nov-2023 20:44:01.528 情報 [main] org.apache.catalina.startup.VersionLoggerListener.log サーバーのバージョン番号: 9.0.82.0
04-Nov-2023 20:44:01.529 情報 [main] org.apache.catalina.startup.VersionLoggerListener.log OS 名:                    Windows 10
04-Nov-2023 20:44:01.529 情報 [main] org.apache.catalina.startup.VersionLoggerListener.log OS バージョン:            10.0
04-Nov-2023 20:44:01.531 情報 [main] org.apache.catalina.startup.VersionLoggerListener.log アーキテクチャ:           amd64
04-Nov-2023 20:44:01.531 情報 [main] org.apache.catalina.startup.VersionLoggerListener.log Java Home:                C:\Program Files\Java\jdk-20
04-Nov-2023 20:44:01.531 情報 [main] org.apache.catalina.startup.VersionLoggerListener.log JVM バージョン:           20+36-2344
04-Nov-2023 20:44:01.531 情報 [main] org.apache.catalina.startup.VersionLoggerListener.log JVM ベンダ:               Oracle Corporation
04-Nov-2023 20:44:01.533 情報 [main] org.apache.catalina.startup.VersionLoggerListener.log CATALINA_BASE:            C:\apache-tomcat-9.0.82
04-Nov-2023 20:44:01.533 情報 [main] org.apache.catalina.startup.VersionLoggerListener.log CATALINA_HOME:            C:\apache-tomcat-9.0.82
04-Nov-2023 20:44:01.550 情報 [main] org.apache.catalina.startup.VersionLoggerListener.log コマンドライン引数:       --add-opens=java.base/java.lang=ALL-UNNAMED
04-Nov-2023 20:44:01.551 情報 [main] org.apache.catalina.startup.VersionLoggerListener.log コマンドライン引数:       --add-opens=java.base/java.io=ALL-UNNAMED
04-Nov-2023 20:44:01.552 情報 [main] org.apache.catalina.startup.VersionLoggerListener.log コマンドライン引数:       --add-opens=java.base/java.util=ALL-UNNAMED
04-Nov-2023 20:44:01.556 情報 [main] org.apache.catalina.startup.VersionLoggerListener.log コマンドライン引数:       --add-opens=java.base/java.util.concurrent=ALL-UNNAMED
04-Nov-2023 20:44:01.557 情報 [main] org.apache.catalina.startup.VersionLoggerListener.log コマンドライン引数:       --add-opens=java.rmi/sun.rmi.transport=ALL-UNNAMED
04-Nov-2023 20:44:01.559 情報 [main] org.apache.catalina.startup.VersionLoggerListener.log コマンドライン引数:       -Djava.util.logging.config.file=C:\apache-tomcat-9.0.82\conf\logging.properties
04-Nov-2023 20:44:01.559 情報 [main] org.apache.catalina.startup.VersionLoggerListener.log コマンドライン引数:       -Djava.util.logging.manager=org.apache.juli.ClassLoaderLogManager
04-Nov-2023 20:44:01.561 情報 [main] org.apache.catalina.startup.VersionLoggerListener.log コマンドライン引数:       -Djdk.tls.ephemeralDHKeySize=2048
04-Nov-2023 20:44:01.562 情報 [main] org.apache.catalina.startup.VersionLoggerListener.log コマンドライン引数:       -Djava.protocol.handler.pkgs=org.apache.catalina.webresources
04-Nov-2023 20:44:01.566 情報 [main] org.apache.catalina.startup.VersionLoggerListener.log コマンドライン引数:       -Dignore.endorsed.dirs=
04-Nov-2023 20:44:01.569 情報 [main] org.apache.catalina.startup.VersionLoggerListener.log コマンドライン引数:       -Dcatalina.base=C:\apache-tomcat-9.0.82
04-Nov-2023 20:44:01.569 情報 [main] org.apache.catalina.startup.VersionLoggerListener.log コマンドライン引数:       -Dcatalina.home=C:\apache-tomcat-9.0.82
04-Nov-2023 20:44:01.571 情報 [main] org.apache.catalina.startup.VersionLoggerListener.log コマンドライン引数:       -Djava.io.tmpdir=C:\apache-tomcat-9.0.82\temp
04-Nov-2023 20:44:01.582 情報 [main] org.apache.catalina.core.AprLifecycleListener.lifecycleEvent APRバージョン[1.7.4]を使用してAPRベースのApache Tomcatネイティブライブラリ[1.2.39]をロードしました。
04-Nov-2023 20:44:01.583 情報 [main] org.apache.catalina.core.AprLifecycleListener.lifecycleEvent APR機能: IPv6 [true]、sendfile [true]、受け入れフィルタ [false]、ランダム [true]、UDS [true]
04-Nov-2023 20:44:01.583 情報 [main] org.apache.catalina.core.AprLifecycleListener.lifecycleEvent APR/OpenSSL設定：useAprConnector [false]、useOpenSSL [true]
04-Nov-2023 20:44:01.594 情報 [main] org.apache.catalina.core.AprLifecycleListener.initializeSSL OpenSSLは [OpenSSL 3.0.11 19 Sep 2023] を正常に初期化しました
04-Nov-2023 20:44:02.209 情報 [main] org.apache.coyote.AbstractProtocol.init プロトコルハンドラ ["http-nio-8080"] を初期化します。
04-Nov-2023 20:44:02.255 情報 [main] org.apache.catalina.startup.Catalina.load サーバーの初期化 [1201] ミリ秒
04-Nov-2023 20:44:02.339 情報 [main] org.apache.catalina.core.StandardService.startInternal サービス [Catalina] を起動します
04-Nov-2023 20:44:02.341 情報 [main] org.apache.catalina.core.StandardEngine.startInternal サーブレットエンジンの起動：[Apache Tomcat/9.0.82]
04-Nov-2023 20:44:02.361 情報 [main] org.apache.catalina.startup.HostConfig.deployDirectory Web アプリケーションディレクトリ [C:\apache-tomcat-9.0.82\webapps\dbweb] を配備します
04-Nov-2023 20:44:03.545 情報 [main] org.apache.jasper.servlet.TldScanner.scanJars 少なくとも1つのJARでTLDをスキャンしましたが、TLDが含まれていませんでした。スキャンしたもののTLDが見つからなかったJARの完全なリストについては、このロガーのデバッグログを有効にしてください。スキャン中に不要なJARをスキップすると、起動時間とJSPのコンパイル時間が短縮されます。
04-Nov-2023 20:44:03.675 情報 [main] org.apache.catalina.startup.HostConfig.deployDirectory ディレクトリ [C:\apache-tomcat-9.0.82\webapps\dbweb] の Web アプリケーションの配備は [1,309] ミリ秒で完了しました。
04-Nov-2023 20:44:03.676 情報 [main] org.apache.catalina.startup.HostConfig.deployDirectory Web アプリケーションディレクトリ [C:\apache-tomcat-9.0.82\webapps\docs] を配備します
04-Nov-2023 20:44:04.182 情報 [main] org.apache.jasper.servlet.TldScanner.scanJars 少なくとも1つのJARでTLDをスキャンしましたが、TLDが含まれていませんでした。スキャンしたもののTLDが見つからなかったJARの完全なリストについては、このロガーのデバッグログを有効にしてください。スキャン中に不要なJARをスキップすると、起動時間とJSPのコンパイル時間が短縮されます。
04-Nov-2023 20:44:04.190 情報 [main] org.apache.catalina.startup.HostConfig.deployDirectory ディレクトリ [C:\apache-tomcat-9.0.82\webapps\docs] の Web アプリケーションの配備は [515] ミリ秒で完了しました。
04-Nov-2023 20:44:04.191 情報 [main] org.apache.catalina.startup.HostConfig.deployDirectory Web アプリケーションディレクトリ [C:\apache-tomcat-9.0.82\webapps\examples] を配備します
04-Nov-2023 20:44:04.964 情報 [main] org.apache.jasper.servlet.TldScanner.scanJars 少なくとも1つのJARでTLDをスキャンしましたが、TLDが含まれていませんでした。スキャンしたもののTLDが見つからなかったJARの完全なリストについては、このロガーのデバッグログを有効にしてください。スキャン中に不要なJARをスキップすると、起動時間とJSPのコンパイル時間が短縮されます。
04-Nov-2023 20:44:05.055 情報 [main] org.apache.catalina.startup.HostConfig.deployDirectory ディレクトリ [C:\apache-tomcat-9.0.82\webapps\examples] の Web アプリケーションの配備は [864] ミリ秒で完了しました。
04-Nov-2023 20:44:05.057 情報 [main] org.apache.catalina.startup.HostConfig.deployDirectory Web アプリケーションディレクトリ [C:\apache-tomcat-9.0.82\webapps\host-manager] を配備します
04-Nov-2023 20:44:05.502 情報 [main] org.apache.jasper.servlet.TldScanner.scanJars 少なくとも1つのJARでTLDをスキャンしましたが、TLDが含まれていませんでした。スキャンしたもののTLDが見つからなかったJARの完全なリストについては、このロガーのデバッグログを有効にしてください。スキャン中に不要なJARをスキップすると、起動時間とJSPのコンパイル時間が短縮されます。
04-Nov-2023 20:44:05.516 情報 [main] org.apache.catalina.startup.HostConfig.deployDirectory ディレクトリ [C:\apache-tomcat-9.0.82\webapps\host-manager] の Web アプリケーションの配備は [459] ミリ秒で完了しました。
04-Nov-2023 20:44:05.518 情報 [main] org.apache.catalina.startup.HostConfig.deployDirectory Web アプリケーションディレクトリ [C:\apache-tomcat-9.0.82\webapps\javaweb] を配備します
04-Nov-2023 20:44:05.955 情報 [main] org.apache.jasper.servlet.TldScanner.scanJars 少なくとも1つのJARでTLDをスキャンしましたが、TLDが含まれていませんでした。スキャンしたもののTLDが見つからなかったJARの完全なリストについては、このロガーのデバッグログを有効にしてください。スキャン中に不要なJARをスキップすると、起動時間とJSPのコンパイル時間が短縮されます。
04-Nov-2023 20:44:05.961 情報 [main] org.apache.catalina.startup.HostConfig.deployDirectory ディレクトリ [C:\apache-tomcat-9.0.82\webapps\javaweb] の Web アプリケーションの配備は [444] ミリ秒で完了しました。
04-Nov-2023 20:44:05.962 情報 [main] org.apache.catalina.startup.HostConfig.deployDirectory Web アプリケーションディレクトリ [C:\apache-tomcat-9.0.82\webapps\kakeiboapp] を配備します
04-Nov-2023 20:44:06.373 情報 [main] org.apache.jasper.servlet.TldScanner.scanJars 少なくとも1つのJARでTLDをスキャンしましたが、TLDが含まれていませんでした。スキャンしたもののTLDが見つからなかったJARの完全なリストについては、このロガーのデバッグログを有効にしてください。スキャン中に不要なJARをスキップすると、起動時間とJSPのコンパイル時間が短縮されます。
04-Nov-2023 20:44:06.381 情報 [main] org.apache.catalina.startup.HostConfig.deployDirectory ディレクトリ [C:\apache-tomcat-9.0.82\webapps\kakeiboapp] の Web アプリケーションの配備は [419] ミリ秒で完了しました。
04-Nov-2023 20:44:06.382 情報 [main] org.apache.catalina.startup.HostConfig.deployDirectory Web アプリケーションディレクトリ [C:\apache-tomcat-9.0.82\webapps\manager] を配備します
04-Nov-2023 20:44:06.732 情報 [main] org.apache.jasper.servlet.TldScanner.scanJars 少なくとも1つのJARでTLDをスキャンしましたが、TLDが含まれていませんでした。スキャンしたもののTLDが見つからなかったJARの完全なリストについては、このロガーのデバッグログを有効にしてください。スキャン中に不要なJARをスキップすると、起動時間とJSPのコンパイル時間が短縮されます。
04-Nov-2023 20:44:06.739 情報 [main] org.apache.catalina.startup.HostConfig.deployDirectory ディレクトリ [C:\apache-tomcat-9.0.82\webapps\manager] の Web アプリケーションの配備は [357] ミリ秒で完了しました。
04-Nov-2023 20:44:06.740 情報 [main] org.apache.catalina.startup.HostConfig.deployDirectory Web アプリケーションディレクトリ [C:\apache-tomcat-9.0.82\webapps\ROOT] を配備します
04-Nov-2023 20:44:07.057 情報 [main] org.apache.jasper.servlet.TldScanner.scanJars 少なくとも1つのJARでTLDをスキャンしましたが、TLDが含まれていませんでした。スキャンしたもののTLDが見つからなかったJARの完全なリストについては、このロガーのデバッグログを有効にしてください。スキャン中に不要なJARをスキップすると、起動時間とJSPのコンパイル時間が短縮されます。
04-Nov-2023 20:44:07.064 情報 [main] org.apache.catalina.startup.HostConfig.deployDirectory ディレクトリ [C:\apache-tomcat-9.0.82\webapps\ROOT] の Web アプリケーションの配備は [323] ミリ秒で完了しました。
04-Nov-2023 20:44:07.072 情報 [main] org.apache.coyote.AbstractProtocol.start プロトコルハンドラー ["http-nio-8080"] を開始しました。
04-Nov-2023 20:44:07.138 情報 [main] org.apache.catalina.startup.Catalina.start サーバーの起動 [4877] ミリ秒
04-Nov-2023 20:59:59.648 情報 [main] org.apache.catalina.core.StandardServer.await 有効なシャットダウンコマンドがシャットダウンポート経由で受信されました。 サーバーインスタンスを停止します。
04-Nov-2023 20:59:59.649 情報 [main] org.apache.coyote.AbstractProtocol.pause ProtocolHandler ["http-nio-8080"] を一時停止します。
04-Nov-2023 20:59:59.665 情報 [main] org.apache.catalina.core.StandardService.stopInternal サービス [Catalina] を停止します
04-Nov-2023 20:59:59.753 情報 [main] org.apache.coyote.AbstractProtocol.stop ProtocolHandler ["http-nio-8080"]の停止中
04-Nov-2023 20:59:59.775 情報 [main] org.apache.coyote.AbstractProtocol.destroy ProtocolHandler ["http-nio-8080"] を破棄します。
