28-Oct-2023 00:01:58.183 情報 [main] org.apache.catalina.core.ApplicationContext.log SessionListener: contextDestroyed()
28-Oct-2023 00:01:58.183 情報 [main] org.apache.catalina.core.ApplicationContext.log ContextListener: contextDestroyed()
28-Oct-2023 14:55:57.344 情報 [main] org.apache.catalina.core.ApplicationContext.log ContextListener: contextInitialized()
28-Oct-2023 14:55:57.344 情報 [main] org.apache.catalina.core.ApplicationContext.log SessionListener: contextInitialized()
28-Oct-2023 14:55:57.347 情報 [main] org.apache.catalina.core.ApplicationContext.log ContextListener: attributeAdded('StockTicker', 'async.Stockticker@7cfb0c4c')
28-Oct-2023 14:56:36.051 情報 [main] org.apache.catalina.core.ApplicationContext.log SessionListener: contextDestroyed()
28-Oct-2023 14:56:36.052 情報 [main] org.apache.catalina.core.ApplicationContext.log ContextListener: contextDestroyed()
28-Oct-2023 15:14:30.170 情報 [main] org.apache.catalina.core.ApplicationContext.log ContextListener: contextInitialized()
28-Oct-2023 15:14:30.170 情報 [main] org.apache.catalina.core.ApplicationContext.log SessionListener: contextInitialized()
28-Oct-2023 15:14:30.185 情報 [main] org.apache.catalina.core.ApplicationContext.log ContextListener: attributeAdded('StockTicker', 'async.Stockticker@3e26482')
28-Oct-2023 15:15:30.274 情報 [main] org.apache.catalina.core.ApplicationContext.log SessionListener: contextDestroyed()
28-Oct-2023 15:15:30.274 情報 [main] org.apache.catalina.core.ApplicationContext.log ContextListener: contextDestroyed()
28-Oct-2023 15:32:34.221 情報 [main] org.apache.catalina.core.ApplicationContext.log ContextListener: contextInitialized()
28-Oct-2023 15:32:34.221 情報 [main] org.apache.catalina.core.ApplicationContext.log SessionListener: contextInitialized()
28-Oct-2023 15:32:34.221 情報 [main] org.apache.catalina.core.ApplicationContext.log ContextListener: attributeAdded('StockTicker', 'async.Stockticker@6b37df8e')
28-Oct-2023 15:34:20.731 情報 [main] org.apache.catalina.core.ApplicationContext.log SessionListener: contextDestroyed()
28-Oct-2023 15:34:20.731 情報 [main] org.apache.catalina.core.ApplicationContext.log ContextListener: contextDestroyed()
28-Oct-2023 17:10:24.526 情報 [main] org.apache.catalina.core.ApplicationContext.log ContextListener: contextInitialized()
28-Oct-2023 17:10:24.526 情報 [main] org.apache.catalina.core.ApplicationContext.log SessionListener: contextInitialized()
28-Oct-2023 17:10:24.526 情報 [main] org.apache.catalina.core.ApplicationContext.log ContextListener: attributeAdded('StockTicker', 'async.Stockticker@2f054f70')
28-Oct-2023 17:11:18.874 情報 [main] org.apache.catalina.core.ApplicationContext.log SessionListener: contextDestroyed()
28-Oct-2023 17:11:18.874 情報 [main] org.apache.catalina.core.ApplicationContext.log ContextListener: contextDestroyed()
28-Oct-2023 21:03:05.741 情報 [main] org.apache.catalina.core.ApplicationContext.log ContextListener: contextInitialized()
28-Oct-2023 21:03:05.741 情報 [main] org.apache.catalina.core.ApplicationContext.log SessionListener: contextInitialized()
28-Oct-2023 21:03:05.745 情報 [main] org.apache.catalina.core.ApplicationContext.log ContextListener: attributeAdded('StockTicker', 'async.Stockticker@38588dea')
28-Oct-2023 21:04:06.024 情報 [main] org.apache.catalina.core.ApplicationContext.log SessionListener: contextDestroyed()
28-Oct-2023 21:04:06.024 情報 [main] org.apache.catalina.core.ApplicationContext.log ContextListener: contextDestroyed()
28-Oct-2023 21:04:57.085 情報 [main] org.apache.catalina.core.ApplicationContext.log ContextListener: contextInitialized()
28-Oct-2023 21:04:57.085 情報 [main] org.apache.catalina.core.ApplicationContext.log SessionListener: contextInitialized()
28-Oct-2023 21:04:57.089 情報 [main] org.apache.catalina.core.ApplicationContext.log ContextListener: attributeAdded('StockTicker', 'async.Stockticker@3cdff901')
28-Oct-2023 21:10:49.582 情報 [main] org.apache.catalina.core.ApplicationContext.log SessionListener: contextDestroyed()
28-Oct-2023 21:10:49.583 情報 [main] org.apache.catalina.core.ApplicationContext.log ContextListener: contextDestroyed()
