03-Nov-2023 18:36:45.555 情報 [main] org.apache.catalina.core.ApplicationContext.log ContextListener: contextInitialized()
03-Nov-2023 18:36:45.555 情報 [main] org.apache.catalina.core.ApplicationContext.log SessionListener: contextInitialized()
03-Nov-2023 18:36:45.555 情報 [main] org.apache.catalina.core.ApplicationContext.log ContextListener: attributeAdded('StockTicker', 'async.Stockticker@3c9ef6e9')
03-Nov-2023 18:37:36.418 情報 [main] org.apache.catalina.core.ApplicationContext.log SessionListener: contextDestroyed()
03-Nov-2023 18:37:36.418 情報 [main] org.apache.catalina.core.ApplicationContext.log ContextListener: contextDestroyed()
03-Nov-2023 18:40:17.271 情報 [main] org.apache.catalina.core.ApplicationContext.log ContextListener: contextInitialized()
03-Nov-2023 18:40:17.271 情報 [main] org.apache.catalina.core.ApplicationContext.log SessionListener: contextInitialized()
03-Nov-2023 18:40:17.271 情報 [main] org.apache.catalina.core.ApplicationContext.log ContextListener: attributeAdded('StockTicker', 'async.Stockticker@5aa62ee7')
03-Nov-2023 18:42:54.167 情報 [main] org.apache.catalina.core.ApplicationContext.log SessionListener: contextDestroyed()
03-Nov-2023 18:42:54.167 情報 [main] org.apache.catalina.core.ApplicationContext.log ContextListener: contextDestroyed()
03-Nov-2023 18:58:35.551 情報 [main] org.apache.catalina.core.ApplicationContext.log ContextListener: contextInitialized()
03-Nov-2023 18:58:35.551 情報 [main] org.apache.catalina.core.ApplicationContext.log SessionListener: contextInitialized()
03-Nov-2023 18:58:35.551 情報 [main] org.apache.catalina.core.ApplicationContext.log ContextListener: attributeAdded('StockTicker', 'async.Stockticker@57e5396b')
03-Nov-2023 19:00:56.097 情報 [main] org.apache.catalina.core.ApplicationContext.log SessionListener: contextDestroyed()
03-Nov-2023 19:00:56.097 情報 [main] org.apache.catalina.core.ApplicationContext.log ContextListener: contextDestroyed()
03-Nov-2023 19:28:31.585 情報 [main] org.apache.catalina.core.ApplicationContext.log ContextListener: contextInitialized()
03-Nov-2023 19:28:31.585 情報 [main] org.apache.catalina.core.ApplicationContext.log SessionListener: contextInitialized()
03-Nov-2023 19:28:31.585 情報 [main] org.apache.catalina.core.ApplicationContext.log ContextListener: attributeAdded('StockTicker', 'async.Stockticker@5aa62ee7')
03-Nov-2023 19:39:25.084 情報 [main] org.apache.catalina.core.ApplicationContext.log SessionListener: contextDestroyed()
03-Nov-2023 19:39:25.084 情報 [main] org.apache.catalina.core.ApplicationContext.log ContextListener: contextDestroyed()
03-Nov-2023 19:39:48.932 情報 [main] org.apache.catalina.core.ApplicationContext.log ContextListener: contextInitialized()
03-Nov-2023 19:39:48.932 情報 [main] org.apache.catalina.core.ApplicationContext.log SessionListener: contextInitialized()
03-Nov-2023 19:39:48.932 情報 [main] org.apache.catalina.core.ApplicationContext.log ContextListener: attributeAdded('StockTicker', 'async.Stockticker@57e5396b')
03-Nov-2023 19:40:27.474 情報 [main] org.apache.catalina.core.ApplicationContext.log SessionListener: contextDestroyed()
03-Nov-2023 19:40:27.490 情報 [main] org.apache.catalina.core.ApplicationContext.log ContextListener: contextDestroyed()
03-Nov-2023 19:41:13.598 情報 [main] org.apache.catalina.core.ApplicationContext.log ContextListener: contextInitialized()
03-Nov-2023 19:41:13.598 情報 [main] org.apache.catalina.core.ApplicationContext.log SessionListener: contextInitialized()
03-Nov-2023 19:41:13.598 情報 [main] org.apache.catalina.core.ApplicationContext.log ContextListener: attributeAdded('StockTicker', 'async.Stockticker@2f054f70')
03-Nov-2023 19:42:14.082 情報 [main] org.apache.catalina.core.ApplicationContext.log SessionListener: contextDestroyed()
03-Nov-2023 19:42:14.082 情報 [main] org.apache.catalina.core.ApplicationContext.log ContextListener: contextDestroyed()
03-Nov-2023 21:04:55.899 情報 [main] org.apache.catalina.core.ApplicationContext.log ContextListener: contextInitialized()
03-Nov-2023 21:04:55.899 情報 [main] org.apache.catalina.core.ApplicationContext.log SessionListener: contextInitialized()
03-Nov-2023 21:04:55.915 情報 [main] org.apache.catalina.core.ApplicationContext.log ContextListener: attributeAdded('StockTicker', 'async.Stockticker@668cc9a2')
03-Nov-2023 21:05:56.471 重大 [http-nio-8080-exec-4] org.apache.catalina.core.ApplicationDispatcher.invoke サーブレット [jsp] のServlet.service()が例外を投げました
	org.apache.jasper.JasperException: JSPのクラスをコンパイルできません: 

JSPファイル: [/updatedata.jsp] の中の [15] 行目でエラーが発生しました
The operator - is undefined for the argument type(s) java.lang.Object, java.lang.Object
12: 
13: <body>
14: 
15:     <% int cash_after = request.getAttribute("cash") - request.getAttribute("get_money") + request.getAttribute("out_money"); %>
16: 
17:     <!-- 登録済みのデータを受け取って各欄に表示する -->
18:     <h1>更新画面</h1>


Stacktrace:
		at org.apache.jasper.compiler.DefaultErrorHandler.javacError(DefaultErrorHandler.java:102)
		at org.apache.jasper.compiler.ErrorDispatcher.javacError(ErrorDispatcher.java:214)
		at org.apache.jasper.compiler.JDTCompiler.generateClass(JDTCompiler.java:531)
		at org.apache.jasper.compiler.Compiler.compile(Compiler.java:398)
		at org.apache.jasper.compiler.Compiler.compile(Compiler.java:368)
		at org.apache.jasper.compiler.Compiler.compile(Compiler.java:352)
		at org.apache.jasper.JspCompilationContext.compile(JspCompilationContext.java:603)
		at org.apache.jasper.servlet.JspServletWrapper.service(JspServletWrapper.java:399)
		at org.apache.jasper.servlet.JspServlet.serviceJspFile(JspServlet.java:379)
		at org.apache.jasper.servlet.JspServlet.service(JspServlet.java:327)
		at javax.servlet.http.HttpServlet.service(HttpServlet.java:623)
		at org.apache.catalina.core.ApplicationFilterChain.internalDoFilter(ApplicationFilterChain.java:209)
		at org.apache.catalina.core.ApplicationFilterChain.doFilter(ApplicationFilterChain.java:153)
		at org.apache.tomcat.websocket.server.WsFilter.doFilter(WsFilter.java:51)
		at org.apache.catalina.core.ApplicationFilterChain.internalDoFilter(ApplicationFilterChain.java:178)
		at org.apache.catalina.core.ApplicationFilterChain.doFilter(ApplicationFilterChain.java:153)
		at org.apache.catalina.core.ApplicationDispatcher.invoke(ApplicationDispatcher.java:661)
		at org.apache.catalina.core.ApplicationDispatcher.processRequest(ApplicationDispatcher.java:425)
		at org.apache.catalina.core.ApplicationDispatcher.doForward(ApplicationDispatcher.java:357)
		at org.apache.catalina.core.ApplicationDispatcher.forward(ApplicationDispatcher.java:294)
		at CopydataServlet.doPost(CopydataServlet.java:69)
		at javax.servlet.http.HttpServlet.service(HttpServlet.java:555)
		at javax.servlet.http.HttpServlet.service(HttpServlet.java:623)
		at org.apache.catalina.core.ApplicationFilterChain.internalDoFilter(ApplicationFilterChain.java:209)
		at org.apache.catalina.core.ApplicationFilterChain.doFilter(ApplicationFilterChain.java:153)
		at org.apache.tomcat.websocket.server.WsFilter.doFilter(WsFilter.java:51)
		at org.apache.catalina.core.ApplicationFilterChain.internalDoFilter(ApplicationFilterChain.java:178)
		at org.apache.catalina.core.ApplicationFilterChain.doFilter(ApplicationFilterChain.java:153)
		at org.apache.catalina.core.StandardWrapperValve.invoke(StandardWrapperValve.java:168)
		at org.apache.catalina.core.StandardContextValve.invoke(StandardContextValve.java:90)
		at org.apache.catalina.authenticator.AuthenticatorBase.invoke(AuthenticatorBase.java:481)
		at org.apache.catalina.core.StandardHostValve.invoke(StandardHostValve.java:130)
		at org.apache.catalina.valves.ErrorReportValve.invoke(ErrorReportValve.java:93)
		at org.apache.catalina.valves.AbstractAccessLogValve.invoke(AbstractAccessLogValve.java:670)
		at org.apache.catalina.core.StandardEngineValve.invoke(StandardEngineValve.java:74)
		at org.apache.catalina.connector.CoyoteAdapter.service(CoyoteAdapter.java:342)
		at org.apache.coyote.http11.Http11Processor.service(Http11Processor.java:390)
		at org.apache.coyote.AbstractProcessorLight.process(AbstractProcessorLight.java:63)
		at org.apache.coyote.AbstractProtocol$ConnectionHandler.process(AbstractProtocol.java:928)
		at org.apache.tomcat.util.net.NioEndpoint$SocketProcessor.doRun(NioEndpoint.java:1794)
		at org.apache.tomcat.util.net.SocketProcessorBase.run(SocketProcessorBase.java:52)
		at org.apache.tomcat.util.threads.ThreadPoolExecutor.runWorker(ThreadPoolExecutor.java:1191)
		at org.apache.tomcat.util.threads.ThreadPoolExecutor$Worker.run(ThreadPoolExecutor.java:659)
		at org.apache.tomcat.util.threads.TaskThread$WrappingRunnable.run(TaskThread.java:61)
		at java.base/java.lang.Thread.run(Thread.java:1623)
03-Nov-2023 21:05:56.472 重大 [http-nio-8080-exec-4] org.apache.catalina.core.StandardWrapperValve.invoke パス [/kakeiboapp] を持つコンテキスト内のサーブレット [CopydataServlet] のServlet.service() が例外 [JSPのクラスをコンパイルできません: 

JSPファイル: [/updatedata.jsp] の中の [15] 行目でエラーが発生しました
The operator - is undefined for the argument type(s) java.lang.Object, java.lang.Object
12: 
13: <body>
14: 
15:     <% int cash_after = request.getAttribute("cash") - request.getAttribute("get_money") + request.getAttribute("out_money"); %>
16: 
17:     <!-- 登録済みのデータを受け取って各欄に表示する -->
18:     <h1>更新画面</h1>


Stacktrace:] が根本的要因と共に投げられました
	org.apache.jasper.JasperException: JSPのクラスをコンパイルできません: 

JSPファイル: [/updatedata.jsp] の中の [15] 行目でエラーが発生しました
The operator - is undefined for the argument type(s) java.lang.Object, java.lang.Object
12: 
13: <body>
14: 
15:     <% int cash_after = request.getAttribute("cash") - request.getAttribute("get_money") + request.getAttribute("out_money"); %>
16: 
17:     <!-- 登録済みのデータを受け取って各欄に表示する -->
18:     <h1>更新画面</h1>


Stacktrace:
		at org.apache.jasper.compiler.DefaultErrorHandler.javacError(DefaultErrorHandler.java:102)
		at org.apache.jasper.compiler.ErrorDispatcher.javacError(ErrorDispatcher.java:214)
		at org.apache.jasper.compiler.JDTCompiler.generateClass(JDTCompiler.java:531)
		at org.apache.jasper.compiler.Compiler.compile(Compiler.java:398)
		at org.apache.jasper.compiler.Compiler.compile(Compiler.java:368)
		at org.apache.jasper.compiler.Compiler.compile(Compiler.java:352)
		at org.apache.jasper.JspCompilationContext.compile(JspCompilationContext.java:603)
		at org.apache.jasper.servlet.JspServletWrapper.service(JspServletWrapper.java:399)
		at org.apache.jasper.servlet.JspServlet.serviceJspFile(JspServlet.java:379)
		at org.apache.jasper.servlet.JspServlet.service(JspServlet.java:327)
		at javax.servlet.http.HttpServlet.service(HttpServlet.java:623)
		at org.apache.catalina.core.ApplicationFilterChain.internalDoFilter(ApplicationFilterChain.java:209)
		at org.apache.catalina.core.ApplicationFilterChain.doFilter(ApplicationFilterChain.java:153)
		at org.apache.tomcat.websocket.server.WsFilter.doFilter(WsFilter.java:51)
		at org.apache.catalina.core.ApplicationFilterChain.internalDoFilter(ApplicationFilterChain.java:178)
		at org.apache.catalina.core.ApplicationFilterChain.doFilter(ApplicationFilterChain.java:153)
		at org.apache.catalina.core.ApplicationDispatcher.invoke(ApplicationDispatcher.java:661)
		at org.apache.catalina.core.ApplicationDispatcher.processRequest(ApplicationDispatcher.java:425)
		at org.apache.catalina.core.ApplicationDispatcher.doForward(ApplicationDispatcher.java:357)
		at org.apache.catalina.core.ApplicationDispatcher.forward(ApplicationDispatcher.java:294)
		at CopydataServlet.doPost(CopydataServlet.java:69)
		at javax.servlet.http.HttpServlet.service(HttpServlet.java:555)
		at javax.servlet.http.HttpServlet.service(HttpServlet.java:623)
		at org.apache.catalina.core.ApplicationFilterChain.internalDoFilter(ApplicationFilterChain.java:209)
		at org.apache.catalina.core.ApplicationFilterChain.doFilter(ApplicationFilterChain.java:153)
		at org.apache.tomcat.websocket.server.WsFilter.doFilter(WsFilter.java:51)
		at org.apache.catalina.core.ApplicationFilterChain.internalDoFilter(ApplicationFilterChain.java:178)
		at org.apache.catalina.core.ApplicationFilterChain.doFilter(ApplicationFilterChain.java:153)
		at org.apache.catalina.core.StandardWrapperValve.invoke(StandardWrapperValve.java:168)
		at org.apache.catalina.core.StandardContextValve.invoke(StandardContextValve.java:90)
		at org.apache.catalina.authenticator.AuthenticatorBase.invoke(AuthenticatorBase.java:481)
		at org.apache.catalina.core.StandardHostValve.invoke(StandardHostValve.java:130)
		at org.apache.catalina.valves.ErrorReportValve.invoke(ErrorReportValve.java:93)
		at org.apache.catalina.valves.AbstractAccessLogValve.invoke(AbstractAccessLogValve.java:670)
		at org.apache.catalina.core.StandardEngineValve.invoke(StandardEngineValve.java:74)
		at org.apache.catalina.connector.CoyoteAdapter.service(CoyoteAdapter.java:342)
		at org.apache.coyote.http11.Http11Processor.service(Http11Processor.java:390)
		at org.apache.coyote.AbstractProcessorLight.process(AbstractProcessorLight.java:63)
		at org.apache.coyote.AbstractProtocol$ConnectionHandler.process(AbstractProtocol.java:928)
		at org.apache.tomcat.util.net.NioEndpoint$SocketProcessor.doRun(NioEndpoint.java:1794)
		at org.apache.tomcat.util.net.SocketProcessorBase.run(SocketProcessorBase.java:52)
		at org.apache.tomcat.util.threads.ThreadPoolExecutor.runWorker(ThreadPoolExecutor.java:1191)
		at org.apache.tomcat.util.threads.ThreadPoolExecutor$Worker.run(ThreadPoolExecutor.java:659)
		at org.apache.tomcat.util.threads.TaskThread$WrappingRunnable.run(TaskThread.java:61)
		at java.base/java.lang.Thread.run(Thread.java:1623)
03-Nov-2023 21:07:00.778 情報 [main] org.apache.catalina.core.ApplicationContext.log SessionListener: contextDestroyed()
03-Nov-2023 21:07:00.778 情報 [main] org.apache.catalina.core.ApplicationContext.log ContextListener: contextDestroyed()
03-Nov-2023 21:21:16.971 情報 [main] org.apache.catalina.core.ApplicationContext.log ContextListener: contextInitialized()
03-Nov-2023 21:21:16.971 情報 [main] org.apache.catalina.core.ApplicationContext.log SessionListener: contextInitialized()
03-Nov-2023 21:21:16.987 情報 [main] org.apache.catalina.core.ApplicationContext.log ContextListener: attributeAdded('StockTicker', 'async.Stockticker@1f7cec93')
03-Nov-2023 21:22:17.318 重大 [http-nio-8080-exec-2] org.apache.catalina.core.ApplicationDispatcher.invoke サーブレット [jsp] のServlet.service()が例外を投げました
	org.apache.jasper.JasperException: JSPのクラスをコンパイルできません: 

JSPファイル: [/updatedata.jsp] の中の [15] 行目でエラーが発生しました
Syntax error on token "<", invalid Expression
12: 
13: <body>
14: 
15:     <% int cash_after = <%=request.getAttribute("cash") %> - <%=request.getAttribute("get_money") %> + <%=request.getAttribute("out_money") %>; %>
16: 
17:     <!-- 登録済みのデータを受け取って各欄に表示する -->
18:     <h1>更新画面</h1>


JSPファイル: [/updatedata.jsp] の中の [15] 行目でエラーが発生しました
Syntax error, insert ";" to complete LocalVariableDeclarationStatement
12: 
13: <body>
14: 
15:     <% int cash_after = <%=request.getAttribute("cash") %> - <%=request.getAttribute("get_money") %> + <%=request.getAttribute("out_money") %>; %>
16: 
17:     <!-- 登録済みのデータを受け取って各欄に表示する -->
18:     <h1>更新画面</h1>


Stacktrace:
		at org.apache.jasper.compiler.DefaultErrorHandler.javacError(DefaultErrorHandler.java:102)
		at org.apache.jasper.compiler.ErrorDispatcher.javacError(ErrorDispatcher.java:214)
		at org.apache.jasper.compiler.JDTCompiler.generateClass(JDTCompiler.java:531)
		at org.apache.jasper.compiler.Compiler.compile(Compiler.java:398)
		at org.apache.jasper.compiler.Compiler.compile(Compiler.java:368)
		at org.apache.jasper.compiler.Compiler.compile(Compiler.java:352)
		at org.apache.jasper.JspCompilationContext.compile(JspCompilationContext.java:603)
		at org.apache.jasper.servlet.JspServletWrapper.service(JspServletWrapper.java:399)
		at org.apache.jasper.servlet.JspServlet.serviceJspFile(JspServlet.java:379)
		at org.apache.jasper.servlet.JspServlet.service(JspServlet.java:327)
		at javax.servlet.http.HttpServlet.service(HttpServlet.java:623)
		at org.apache.catalina.core.ApplicationFilterChain.internalDoFilter(ApplicationFilterChain.java:209)
		at org.apache.catalina.core.ApplicationFilterChain.doFilter(ApplicationFilterChain.java:153)
		at org.apache.tomcat.websocket.server.WsFilter.doFilter(WsFilter.java:51)
		at org.apache.catalina.core.ApplicationFilterChain.internalDoFilter(ApplicationFilterChain.java:178)
		at org.apache.catalina.core.ApplicationFilterChain.doFilter(ApplicationFilterChain.java:153)
		at org.apache.catalina.core.ApplicationDispatcher.invoke(ApplicationDispatcher.java:661)
		at org.apache.catalina.core.ApplicationDispatcher.processRequest(ApplicationDispatcher.java:425)
		at org.apache.catalina.core.ApplicationDispatcher.doForward(ApplicationDispatcher.java:357)
		at org.apache.catalina.core.ApplicationDispatcher.forward(ApplicationDispatcher.java:294)
		at CopydataServlet.doPost(CopydataServlet.java:69)
		at javax.servlet.http.HttpServlet.service(HttpServlet.java:555)
		at javax.servlet.http.HttpServlet.service(HttpServlet.java:623)
		at org.apache.catalina.core.ApplicationFilterChain.internalDoFilter(ApplicationFilterChain.java:209)
		at org.apache.catalina.core.ApplicationFilterChain.doFilter(ApplicationFilterChain.java:153)
		at org.apache.tomcat.websocket.server.WsFilter.doFilter(WsFilter.java:51)
		at org.apache.catalina.core.ApplicationFilterChain.internalDoFilter(ApplicationFilterChain.java:178)
		at org.apache.catalina.core.ApplicationFilterChain.doFilter(ApplicationFilterChain.java:153)
		at org.apache.catalina.core.StandardWrapperValve.invoke(StandardWrapperValve.java:168)
		at org.apache.catalina.core.StandardContextValve.invoke(StandardContextValve.java:90)
		at org.apache.catalina.authenticator.AuthenticatorBase.invoke(AuthenticatorBase.java:481)
		at org.apache.catalina.core.StandardHostValve.invoke(StandardHostValve.java:130)
		at org.apache.catalina.valves.ErrorReportValve.invoke(ErrorReportValve.java:93)
		at org.apache.catalina.valves.AbstractAccessLogValve.invoke(AbstractAccessLogValve.java:670)
		at org.apache.catalina.core.StandardEngineValve.invoke(StandardEngineValve.java:74)
		at org.apache.catalina.connector.CoyoteAdapter.service(CoyoteAdapter.java:342)
		at org.apache.coyote.http11.Http11Processor.service(Http11Processor.java:390)
		at org.apache.coyote.AbstractProcessorLight.process(AbstractProcessorLight.java:63)
		at org.apache.coyote.AbstractProtocol$ConnectionHandler.process(AbstractProtocol.java:928)
		at org.apache.tomcat.util.net.NioEndpoint$SocketProcessor.doRun(NioEndpoint.java:1794)
		at org.apache.tomcat.util.net.SocketProcessorBase.run(SocketProcessorBase.java:52)
		at org.apache.tomcat.util.threads.ThreadPoolExecutor.runWorker(ThreadPoolExecutor.java:1191)
		at org.apache.tomcat.util.threads.ThreadPoolExecutor$Worker.run(ThreadPoolExecutor.java:659)
		at org.apache.tomcat.util.threads.TaskThread$WrappingRunnable.run(TaskThread.java:61)
		at java.base/java.lang.Thread.run(Thread.java:1623)
03-Nov-2023 21:22:17.318 重大 [http-nio-8080-exec-2] org.apache.catalina.core.StandardWrapperValve.invoke パス [/kakeiboapp] を持つコンテキスト内のサーブレット [CopydataServlet] のServlet.service() が例外 [JSPのクラスをコンパイルできません: 

JSPファイル: [/updatedata.jsp] の中の [15] 行目でエラーが発生しました
Syntax error on token "<", invalid Expression
12: 
13: <body>
14: 
15:     <% int cash_after = <%=request.getAttribute("cash") %> - <%=request.getAttribute("get_money") %> + <%=request.getAttribute("out_money") %>; %>
16: 
17:     <!-- 登録済みのデータを受け取って各欄に表示する -->
18:     <h1>更新画面</h1>


JSPファイル: [/updatedata.jsp] の中の [15] 行目でエラーが発生しました
Syntax error, insert ";" to complete LocalVariableDeclarationStatement
12: 
13: <body>
14: 
15:     <% int cash_after = <%=request.getAttribute("cash") %> - <%=request.getAttribute("get_money") %> + <%=request.getAttribute("out_money") %>; %>
16: 
17:     <!-- 登録済みのデータを受け取って各欄に表示する -->
18:     <h1>更新画面</h1>


Stacktrace:] が根本的要因と共に投げられました
	org.apache.jasper.JasperException: JSPのクラスをコンパイルできません: 

JSPファイル: [/updatedata.jsp] の中の [15] 行目でエラーが発生しました
Syntax error on token "<", invalid Expression
12: 
13: <body>
14: 
15:     <% int cash_after = <%=request.getAttribute("cash") %> - <%=request.getAttribute("get_money") %> + <%=request.getAttribute("out_money") %>; %>
16: 
17:     <!-- 登録済みのデータを受け取って各欄に表示する -->
18:     <h1>更新画面</h1>


JSPファイル: [/updatedata.jsp] の中の [15] 行目でエラーが発生しました
Syntax error, insert ";" to complete LocalVariableDeclarationStatement
12: 
13: <body>
14: 
15:     <% int cash_after = <%=request.getAttribute("cash") %> - <%=request.getAttribute("get_money") %> + <%=request.getAttribute("out_money") %>; %>
16: 
17:     <!-- 登録済みのデータを受け取って各欄に表示する -->
18:     <h1>更新画面</h1>


Stacktrace:
		at org.apache.jasper.compiler.DefaultErrorHandler.javacError(DefaultErrorHandler.java:102)
		at org.apache.jasper.compiler.ErrorDispatcher.javacError(ErrorDispatcher.java:214)
		at org.apache.jasper.compiler.JDTCompiler.generateClass(JDTCompiler.java:531)
		at org.apache.jasper.compiler.Compiler.compile(Compiler.java:398)
		at org.apache.jasper.compiler.Compiler.compile(Compiler.java:368)
		at org.apache.jasper.compiler.Compiler.compile(Compiler.java:352)
		at org.apache.jasper.JspCompilationContext.compile(JspCompilationContext.java:603)
		at org.apache.jasper.servlet.JspServletWrapper.service(JspServletWrapper.java:399)
		at org.apache.jasper.servlet.JspServlet.serviceJspFile(JspServlet.java:379)
		at org.apache.jasper.servlet.JspServlet.service(JspServlet.java:327)
		at javax.servlet.http.HttpServlet.service(HttpServlet.java:623)
		at org.apache.catalina.core.ApplicationFilterChain.internalDoFilter(ApplicationFilterChain.java:209)
		at org.apache.catalina.core.ApplicationFilterChain.doFilter(ApplicationFilterChain.java:153)
		at org.apache.tomcat.websocket.server.WsFilter.doFilter(WsFilter.java:51)
		at org.apache.catalina.core.ApplicationFilterChain.internalDoFilter(ApplicationFilterChain.java:178)
		at org.apache.catalina.core.ApplicationFilterChain.doFilter(ApplicationFilterChain.java:153)
		at org.apache.catalina.core.ApplicationDispatcher.invoke(ApplicationDispatcher.java:661)
		at org.apache.catalina.core.ApplicationDispatcher.processRequest(ApplicationDispatcher.java:425)
		at org.apache.catalina.core.ApplicationDispatcher.doForward(ApplicationDispatcher.java:357)
		at org.apache.catalina.core.ApplicationDispatcher.forward(ApplicationDispatcher.java:294)
		at CopydataServlet.doPost(CopydataServlet.java:69)
		at javax.servlet.http.HttpServlet.service(HttpServlet.java:555)
		at javax.servlet.http.HttpServlet.service(HttpServlet.java:623)
		at org.apache.catalina.core.ApplicationFilterChain.internalDoFilter(ApplicationFilterChain.java:209)
		at org.apache.catalina.core.ApplicationFilterChain.doFilter(ApplicationFilterChain.java:153)
		at org.apache.tomcat.websocket.server.WsFilter.doFilter(WsFilter.java:51)
		at org.apache.catalina.core.ApplicationFilterChain.internalDoFilter(ApplicationFilterChain.java:178)
		at org.apache.catalina.core.ApplicationFilterChain.doFilter(ApplicationFilterChain.java:153)
		at org.apache.catalina.core.StandardWrapperValve.invoke(StandardWrapperValve.java:168)
		at org.apache.catalina.core.StandardContextValve.invoke(StandardContextValve.java:90)
		at org.apache.catalina.authenticator.AuthenticatorBase.invoke(AuthenticatorBase.java:481)
		at org.apache.catalina.core.StandardHostValve.invoke(StandardHostValve.java:130)
		at org.apache.catalina.valves.ErrorReportValve.invoke(ErrorReportValve.java:93)
		at org.apache.catalina.valves.AbstractAccessLogValve.invoke(AbstractAccessLogValve.java:670)
		at org.apache.catalina.core.StandardEngineValve.invoke(StandardEngineValve.java:74)
		at org.apache.catalina.connector.CoyoteAdapter.service(CoyoteAdapter.java:342)
		at org.apache.coyote.http11.Http11Processor.service(Http11Processor.java:390)
		at org.apache.coyote.AbstractProcessorLight.process(AbstractProcessorLight.java:63)
		at org.apache.coyote.AbstractProtocol$ConnectionHandler.process(AbstractProtocol.java:928)
		at org.apache.tomcat.util.net.NioEndpoint$SocketProcessor.doRun(NioEndpoint.java:1794)
		at org.apache.tomcat.util.net.SocketProcessorBase.run(SocketProcessorBase.java:52)
		at org.apache.tomcat.util.threads.ThreadPoolExecutor.runWorker(ThreadPoolExecutor.java:1191)
		at org.apache.tomcat.util.threads.ThreadPoolExecutor$Worker.run(ThreadPoolExecutor.java:659)
		at org.apache.tomcat.util.threads.TaskThread$WrappingRunnable.run(TaskThread.java:61)
		at java.base/java.lang.Thread.run(Thread.java:1623)
03-Nov-2023 21:22:39.118 情報 [main] org.apache.catalina.core.ApplicationContext.log SessionListener: contextDestroyed()
03-Nov-2023 21:22:39.118 情報 [main] org.apache.catalina.core.ApplicationContext.log ContextListener: contextDestroyed()
03-Nov-2023 21:24:39.559 情報 [main] org.apache.catalina.core.ApplicationContext.log ContextListener: contextInitialized()
03-Nov-2023 21:24:39.560 情報 [main] org.apache.catalina.core.ApplicationContext.log SessionListener: contextInitialized()
03-Nov-2023 21:24:39.568 情報 [main] org.apache.catalina.core.ApplicationContext.log ContextListener: attributeAdded('StockTicker', 'async.Stockticker@5aa62ee7')
03-Nov-2023 21:25:21.045 重大 [http-nio-8080-exec-4] org.apache.catalina.core.StandardWrapperValve.invoke サーブレット [CopydataServlet] のServlet.service()が例外を投げました
	java.lang.NumberFormatException: For input string: ""
		at java.base/java.lang.NumberFormatException.forInputString(NumberFormatException.java:67)
		at java.base/java.lang.Integer.parseInt(Integer.java:675)
		at java.base/java.lang.Integer.parseInt(Integer.java:781)
		at CopydataServlet.doPost(CopydataServlet.java:16)
		at javax.servlet.http.HttpServlet.service(HttpServlet.java:555)
		at javax.servlet.http.HttpServlet.service(HttpServlet.java:623)
		at org.apache.catalina.core.ApplicationFilterChain.internalDoFilter(ApplicationFilterChain.java:209)
		at org.apache.catalina.core.ApplicationFilterChain.doFilter(ApplicationFilterChain.java:153)
		at org.apache.tomcat.websocket.server.WsFilter.doFilter(WsFilter.java:51)
		at org.apache.catalina.core.ApplicationFilterChain.internalDoFilter(ApplicationFilterChain.java:178)
		at org.apache.catalina.core.ApplicationFilterChain.doFilter(ApplicationFilterChain.java:153)
		at org.apache.catalina.core.StandardWrapperValve.invoke(StandardWrapperValve.java:168)
		at org.apache.catalina.core.StandardContextValve.invoke(StandardContextValve.java:90)
		at org.apache.catalina.authenticator.AuthenticatorBase.invoke(AuthenticatorBase.java:481)
		at org.apache.catalina.core.StandardHostValve.invoke(StandardHostValve.java:130)
		at org.apache.catalina.valves.ErrorReportValve.invoke(ErrorReportValve.java:93)
		at org.apache.catalina.valves.AbstractAccessLogValve.invoke(AbstractAccessLogValve.java:670)
		at org.apache.catalina.core.StandardEngineValve.invoke(StandardEngineValve.java:74)
		at org.apache.catalina.connector.CoyoteAdapter.service(CoyoteAdapter.java:342)
		at org.apache.coyote.http11.Http11Processor.service(Http11Processor.java:390)
		at org.apache.coyote.AbstractProcessorLight.process(AbstractProcessorLight.java:63)
		at org.apache.coyote.AbstractProtocol$ConnectionHandler.process(AbstractProtocol.java:928)
		at org.apache.tomcat.util.net.NioEndpoint$SocketProcessor.doRun(NioEndpoint.java:1794)
		at org.apache.tomcat.util.net.SocketProcessorBase.run(SocketProcessorBase.java:52)
		at org.apache.tomcat.util.threads.ThreadPoolExecutor.runWorker(ThreadPoolExecutor.java:1191)
		at org.apache.tomcat.util.threads.ThreadPoolExecutor$Worker.run(ThreadPoolExecutor.java:659)
		at org.apache.tomcat.util.threads.TaskThread$WrappingRunnable.run(TaskThread.java:61)
		at java.base/java.lang.Thread.run(Thread.java:1623)
03-Nov-2023 21:26:48.205 情報 [main] org.apache.catalina.core.ApplicationContext.log SessionListener: contextDestroyed()
03-Nov-2023 21:26:48.205 情報 [main] org.apache.catalina.core.ApplicationContext.log ContextListener: contextDestroyed()
03-Nov-2023 21:36:30.246 情報 [main] org.apache.catalina.core.ApplicationContext.log ContextListener: contextInitialized()
03-Nov-2023 21:36:30.246 情報 [main] org.apache.catalina.core.ApplicationContext.log SessionListener: contextInitialized()
03-Nov-2023 21:36:30.262 情報 [main] org.apache.catalina.core.ApplicationContext.log ContextListener: attributeAdded('StockTicker', 'async.Stockticker@57e5396b')
03-Nov-2023 21:37:03.994 情報 [main] org.apache.catalina.core.ApplicationContext.log ContextListener: contextInitialized()
03-Nov-2023 21:37:04.009 情報 [main] org.apache.catalina.core.ApplicationContext.log SessionListener: contextInitialized()
03-Nov-2023 21:37:04.009 情報 [main] org.apache.catalina.core.ApplicationContext.log ContextListener: attributeAdded('StockTicker', 'async.Stockticker@617449dd')
03-Nov-2023 21:37:07.912 情報 [main] org.apache.catalina.core.ApplicationContext.log SessionListener: contextDestroyed()
03-Nov-2023 21:37:07.912 情報 [main] org.apache.catalina.core.ApplicationContext.log ContextListener: contextDestroyed()
03-Nov-2023 21:37:59.843 重大 [http-nio-8080-exec-6] org.apache.catalina.core.StandardWrapperValve.invoke サーブレット [CopydataServlet] のServlet.service()が例外を投げました
	java.lang.NumberFormatException: For input string: ""
		at java.base/java.lang.NumberFormatException.forInputString(NumberFormatException.java:67)
		at java.base/java.lang.Integer.parseInt(Integer.java:675)
		at java.base/java.lang.Integer.parseInt(Integer.java:781)
		at CopydataServlet.doPost(CopydataServlet.java:16)
		at javax.servlet.http.HttpServlet.service(HttpServlet.java:555)
		at javax.servlet.http.HttpServlet.service(HttpServlet.java:623)
		at org.apache.catalina.core.ApplicationFilterChain.internalDoFilter(ApplicationFilterChain.java:209)
		at org.apache.catalina.core.ApplicationFilterChain.doFilter(ApplicationFilterChain.java:153)
		at org.apache.tomcat.websocket.server.WsFilter.doFilter(WsFilter.java:51)
		at org.apache.catalina.core.ApplicationFilterChain.internalDoFilter(ApplicationFilterChain.java:178)
		at org.apache.catalina.core.ApplicationFilterChain.doFilter(ApplicationFilterChain.java:153)
		at org.apache.catalina.core.StandardWrapperValve.invoke(StandardWrapperValve.java:168)
		at org.apache.catalina.core.StandardContextValve.invoke(StandardContextValve.java:90)
		at org.apache.catalina.authenticator.AuthenticatorBase.invoke(AuthenticatorBase.java:481)
		at org.apache.catalina.core.StandardHostValve.invoke(StandardHostValve.java:130)
		at org.apache.catalina.valves.ErrorReportValve.invoke(ErrorReportValve.java:93)
		at org.apache.catalina.valves.AbstractAccessLogValve.invoke(AbstractAccessLogValve.java:670)
		at org.apache.catalina.core.StandardEngineValve.invoke(StandardEngineValve.java:74)
		at org.apache.catalina.connector.CoyoteAdapter.service(CoyoteAdapter.java:342)
		at org.apache.coyote.http11.Http11Processor.service(Http11Processor.java:390)
		at org.apache.coyote.AbstractProcessorLight.process(AbstractProcessorLight.java:63)
		at org.apache.coyote.AbstractProtocol$ConnectionHandler.process(AbstractProtocol.java:928)
		at org.apache.tomcat.util.net.NioEndpoint$SocketProcessor.doRun(NioEndpoint.java:1794)
		at org.apache.tomcat.util.net.SocketProcessorBase.run(SocketProcessorBase.java:52)
		at org.apache.tomcat.util.threads.ThreadPoolExecutor.runWorker(ThreadPoolExecutor.java:1191)
		at org.apache.tomcat.util.threads.ThreadPoolExecutor$Worker.run(ThreadPoolExecutor.java:659)
		at org.apache.tomcat.util.threads.TaskThread$WrappingRunnable.run(TaskThread.java:61)
		at java.base/java.lang.Thread.run(Thread.java:1623)
03-Nov-2023 21:48:47.249 情報 [main] org.apache.catalina.core.ApplicationContext.log SessionListener: contextDestroyed()
03-Nov-2023 21:48:47.249 情報 [main] org.apache.catalina.core.ApplicationContext.log ContextListener: contextDestroyed()
03-Nov-2023 21:49:17.840 情報 [main] org.apache.catalina.core.ApplicationContext.log ContextListener: contextInitialized()
03-Nov-2023 21:49:17.840 情報 [main] org.apache.catalina.core.ApplicationContext.log SessionListener: contextInitialized()
03-Nov-2023 21:49:17.856 情報 [main] org.apache.catalina.core.ApplicationContext.log ContextListener: attributeAdded('StockTicker', 'async.Stockticker@6467ddc7')
03-Nov-2023 21:56:31.674 情報 [main] org.apache.catalina.core.ApplicationContext.log SessionListener: contextDestroyed()
03-Nov-2023 21:56:31.674 情報 [main] org.apache.catalina.core.ApplicationContext.log ContextListener: contextDestroyed()
03-Nov-2023 21:56:38.679 情報 [main] org.apache.catalina.core.ApplicationContext.log ContextListener: contextInitialized()
03-Nov-2023 21:56:38.679 情報 [main] org.apache.catalina.core.ApplicationContext.log SessionListener: contextInitialized()
03-Nov-2023 21:56:38.679 情報 [main] org.apache.catalina.core.ApplicationContext.log ContextListener: attributeAdded('StockTicker', 'async.Stockticker@2f054f70')
03-Nov-2023 22:07:40.981 情報 [main] org.apache.catalina.core.ApplicationContext.log SessionListener: contextDestroyed()
03-Nov-2023 22:07:40.981 情報 [main] org.apache.catalina.core.ApplicationContext.log ContextListener: contextDestroyed()
