02-Nov-2023 19:33:36.962 情報 [main] org.apache.catalina.core.ApplicationContext.log ContextListener: contextInitialized()
02-Nov-2023 19:33:36.967 情報 [main] org.apache.catalina.core.ApplicationContext.log SessionListener: contextInitialized()
02-Nov-2023 19:33:36.969 情報 [main] org.apache.catalina.core.ApplicationContext.log ContextListener: attributeAdded('StockTicker', 'async.Stockticker@35eee641')
02-Nov-2023 19:35:04.639 情報 [main] org.apache.catalina.core.ApplicationContext.log SessionListener: contextDestroyed()
02-Nov-2023 19:35:04.639 情報 [main] org.apache.catalina.core.ApplicationContext.log ContextListener: contextDestroyed()
02-Nov-2023 19:55:38.914 情報 [main] org.apache.catalina.core.ApplicationContext.log ContextListener: contextInitialized()
02-Nov-2023 19:55:38.914 情報 [main] org.apache.catalina.core.ApplicationContext.log SessionListener: contextInitialized()
02-Nov-2023 19:55:38.916 情報 [main] org.apache.catalina.core.ApplicationContext.log ContextListener: attributeAdded('StockTicker', 'async.Stockticker@668cc9a2')
02-Nov-2023 19:57:45.102 情報 [main] org.apache.catalina.core.ApplicationContext.log SessionListener: contextDestroyed()
02-Nov-2023 19:57:45.102 情報 [main] org.apache.catalina.core.ApplicationContext.log ContextListener: contextDestroyed()
02-Nov-2023 19:57:55.818 情報 [main] org.apache.catalina.core.ApplicationContext.log ContextListener: contextInitialized()
02-Nov-2023 19:57:55.819 情報 [main] org.apache.catalina.core.ApplicationContext.log SessionListener: contextInitialized()
02-Nov-2023 19:57:55.823 情報 [main] org.apache.catalina.core.ApplicationContext.log ContextListener: attributeAdded('StockTicker', 'async.Stockticker@2f054f70')
02-Nov-2023 19:59:20.681 情報 [main] org.apache.catalina.core.ApplicationContext.log SessionListener: contextDestroyed()
02-Nov-2023 19:59:20.683 情報 [main] org.apache.catalina.core.ApplicationContext.log ContextListener: contextDestroyed()
02-Nov-2023 20:54:45.990 情報 [main] org.apache.catalina.core.ApplicationContext.log ContextListener: contextInitialized()
02-Nov-2023 20:54:45.990 情報 [main] org.apache.catalina.core.ApplicationContext.log SessionListener: contextInitialized()
02-Nov-2023 20:54:45.992 情報 [main] org.apache.catalina.core.ApplicationContext.log ContextListener: attributeAdded('StockTicker', 'async.Stockticker@3cdff901')
02-Nov-2023 20:56:35.867 情報 [main] org.apache.catalina.core.ApplicationContext.log SessionListener: contextDestroyed()
02-Nov-2023 20:56:35.869 情報 [main] org.apache.catalina.core.ApplicationContext.log ContextListener: contextDestroyed()
02-Nov-2023 22:21:51.245 情報 [main] org.apache.catalina.core.ApplicationContext.log ContextListener: contextInitialized()
02-Nov-2023 22:21:51.245 情報 [main] org.apache.catalina.core.ApplicationContext.log SessionListener: contextInitialized()
02-Nov-2023 22:21:51.246 情報 [main] org.apache.catalina.core.ApplicationContext.log ContextListener: attributeAdded('StockTicker', 'async.Stockticker@2f054f70')
02-Nov-2023 22:28:32.245 情報 [main] org.apache.catalina.core.ApplicationContext.log SessionListener: contextDestroyed()
02-Nov-2023 22:28:32.245 情報 [main] org.apache.catalina.core.ApplicationContext.log ContextListener: contextDestroyed()
02-Nov-2023 22:31:13.904 情報 [main] org.apache.catalina.core.ApplicationContext.log ContextListener: contextInitialized()
02-Nov-2023 22:31:13.904 情報 [main] org.apache.catalina.core.ApplicationContext.log SessionListener: contextInitialized()
02-Nov-2023 22:31:13.907 情報 [main] org.apache.catalina.core.ApplicationContext.log ContextListener: attributeAdded('StockTicker', 'async.Stockticker@3c9ef6e9')
02-Nov-2023 22:33:02.039 情報 [main] org.apache.catalina.core.ApplicationContext.log SessionListener: contextDestroyed()
02-Nov-2023 22:33:02.040 情報 [main] org.apache.catalina.core.ApplicationContext.log ContextListener: contextDestroyed()
02-Nov-2023 22:35:53.433 情報 [main] org.apache.catalina.core.ApplicationContext.log ContextListener: contextInitialized()
02-Nov-2023 22:35:53.433 情報 [main] org.apache.catalina.core.ApplicationContext.log SessionListener: contextInitialized()
02-Nov-2023 22:35:53.436 情報 [main] org.apache.catalina.core.ApplicationContext.log ContextListener: attributeAdded('StockTicker', 'async.Stockticker@1ac730cd')
02-Nov-2023 22:37:29.587 情報 [main] org.apache.catalina.core.ApplicationContext.log SessionListener: contextDestroyed()
02-Nov-2023 22:37:29.587 情報 [main] org.apache.catalina.core.ApplicationContext.log ContextListener: contextDestroyed()
02-Nov-2023 22:55:41.507 情報 [main] org.apache.catalina.core.ApplicationContext.log ContextListener: contextInitialized()
02-Nov-2023 22:55:41.507 情報 [main] org.apache.catalina.core.ApplicationContext.log SessionListener: contextInitialized()
02-Nov-2023 22:55:41.511 情報 [main] org.apache.catalina.core.ApplicationContext.log ContextListener: attributeAdded('StockTicker', 'async.Stockticker@6467ddc7')
02-Nov-2023 22:59:58.032 情報 [main] org.apache.catalina.core.ApplicationContext.log SessionListener: contextDestroyed()
02-Nov-2023 22:59:58.032 情報 [main] org.apache.catalina.core.ApplicationContext.log ContextListener: contextDestroyed()
02-Nov-2023 23:00:24.513 情報 [main] org.apache.catalina.core.ApplicationContext.log ContextListener: contextInitialized()
02-Nov-2023 23:00:24.513 情報 [main] org.apache.catalina.core.ApplicationContext.log SessionListener: contextInitialized()
02-Nov-2023 23:00:24.514 情報 [main] org.apache.catalina.core.ApplicationContext.log ContextListener: attributeAdded('StockTicker', 'async.Stockticker@57e5396b')
02-Nov-2023 23:07:30.734 情報 [main] org.apache.catalina.core.ApplicationContext.log SessionListener: contextDestroyed()
02-Nov-2023 23:07:30.735 情報 [main] org.apache.catalina.core.ApplicationContext.log ContextListener: contextDestroyed()
02-Nov-2023 23:08:41.305 情報 [main] org.apache.catalina.core.ApplicationContext.log ContextListener: contextInitialized()
02-Nov-2023 23:08:41.305 情報 [main] org.apache.catalina.core.ApplicationContext.log SessionListener: contextInitialized()
02-Nov-2023 23:08:41.307 情報 [main] org.apache.catalina.core.ApplicationContext.log ContextListener: attributeAdded('StockTicker', 'async.Stockticker@27b337bb')
02-Nov-2023 23:11:49.099 情報 [main] org.apache.catalina.core.ApplicationContext.log SessionListener: contextDestroyed()
02-Nov-2023 23:11:49.099 情報 [main] org.apache.catalina.core.ApplicationContext.log ContextListener: contextDestroyed()
