11-Nov-2023 00:20:30.769 情報 [main] org.apache.catalina.core.ApplicationContext.log SessionListener: contextDestroyed()
11-Nov-2023 00:20:30.769 情報 [main] org.apache.catalina.core.ApplicationContext.log ContextListener: contextDestroyed()
11-Nov-2023 00:20:36.342 情報 [main] org.apache.catalina.core.ApplicationContext.log ContextListener: contextInitialized()
11-Nov-2023 00:20:36.343 情報 [main] org.apache.catalina.core.ApplicationContext.log SessionListener: contextInitialized()
11-Nov-2023 00:20:36.345 情報 [main] org.apache.catalina.core.ApplicationContext.log ContextListener: attributeAdded('StockTicker', 'async.Stockticker@2f054f70')
11-Nov-2023 00:22:16.475 情報 [main] org.apache.catalina.core.ApplicationContext.log SessionListener: contextDestroyed()
11-Nov-2023 00:22:16.475 情報 [main] org.apache.catalina.core.ApplicationContext.log ContextListener: contextDestroyed()
11-Nov-2023 00:25:19.315 情報 [main] org.apache.catalina.core.ApplicationContext.log ContextListener: contextInitialized()
11-Nov-2023 00:25:19.315 情報 [main] org.apache.catalina.core.ApplicationContext.log SessionListener: contextInitialized()
11-Nov-2023 00:25:19.315 情報 [main] org.apache.catalina.core.ApplicationContext.log ContextListener: attributeAdded('StockTicker', 'async.Stockticker@668cc9a2')
11-Nov-2023 01:22:35.163 情報 [main] org.apache.catalina.core.ApplicationContext.log SessionListener: contextDestroyed()
11-Nov-2023 01:22:35.163 情報 [main] org.apache.catalina.core.ApplicationContext.log ContextListener: contextDestroyed()
11-Nov-2023 01:22:45.625 情報 [main] org.apache.catalina.core.ApplicationContext.log ContextListener: contextInitialized()
11-Nov-2023 01:22:45.625 情報 [main] org.apache.catalina.core.ApplicationContext.log SessionListener: contextInitialized()
11-Nov-2023 01:22:45.625 情報 [main] org.apache.catalina.core.ApplicationContext.log ContextListener: attributeAdded('StockTicker', 'async.Stockticker@3cdff901')
11-Nov-2023 01:23:01.475 重大 [http-nio-8080-exec-4] org.apache.catalina.core.ApplicationDispatcher.invoke サーブレット [jsp] のServlet.service()が例外を投げました
	java.lang.NullPointerException: Cannot invoke "java.util.ArrayList.size()" because "list" is null
		at org.apache.jsp.showaccdata1_jsp._jspService(showaccdata1_jsp.java:156)
		at org.apache.jasper.runtime.HttpJspBase.service(HttpJspBase.java:70)
		at javax.servlet.http.HttpServlet.service(HttpServlet.java:623)
		at org.apache.jasper.servlet.JspServletWrapper.service(JspServletWrapper.java:466)
		at org.apache.jasper.servlet.JspServlet.serviceJspFile(JspServlet.java:379)
		at org.apache.jasper.servlet.JspServlet.service(JspServlet.java:327)
		at javax.servlet.http.HttpServlet.service(HttpServlet.java:623)
		at org.apache.catalina.core.ApplicationFilterChain.internalDoFilter(ApplicationFilterChain.java:209)
		at org.apache.catalina.core.ApplicationFilterChain.doFilter(ApplicationFilterChain.java:153)
		at org.apache.tomcat.websocket.server.WsFilter.doFilter(WsFilter.java:51)
		at org.apache.catalina.core.ApplicationFilterChain.internalDoFilter(ApplicationFilterChain.java:178)
		at org.apache.catalina.core.ApplicationFilterChain.doFilter(ApplicationFilterChain.java:153)
		at org.apache.catalina.core.ApplicationDispatcher.invoke(ApplicationDispatcher.java:661)
		at org.apache.catalina.core.ApplicationDispatcher.processRequest(ApplicationDispatcher.java:425)
		at org.apache.catalina.core.ApplicationDispatcher.doForward(ApplicationDispatcher.java:357)
		at org.apache.catalina.core.ApplicationDispatcher.forward(ApplicationDispatcher.java:294)
		at ShowAccdataServlet1.doPost(ShowAccdataServlet1.java:101)
		at javax.servlet.http.HttpServlet.service(HttpServlet.java:555)
		at javax.servlet.http.HttpServlet.service(HttpServlet.java:623)
		at org.apache.catalina.core.ApplicationFilterChain.internalDoFilter(ApplicationFilterChain.java:209)
		at org.apache.catalina.core.ApplicationFilterChain.doFilter(ApplicationFilterChain.java:153)
		at org.apache.tomcat.websocket.server.WsFilter.doFilter(WsFilter.java:51)
		at org.apache.catalina.core.ApplicationFilterChain.internalDoFilter(ApplicationFilterChain.java:178)
		at org.apache.catalina.core.ApplicationFilterChain.doFilter(ApplicationFilterChain.java:153)
		at org.apache.catalina.core.StandardWrapperValve.invoke(StandardWrapperValve.java:168)
		at org.apache.catalina.core.StandardContextValve.invoke(StandardContextValve.java:90)
		at org.apache.catalina.authenticator.AuthenticatorBase.invoke(AuthenticatorBase.java:481)
		at org.apache.catalina.core.StandardHostValve.invoke(StandardHostValve.java:130)
		at org.apache.catalina.valves.ErrorReportValve.invoke(ErrorReportValve.java:93)
		at org.apache.catalina.valves.AbstractAccessLogValve.invoke(AbstractAccessLogValve.java:670)
		at org.apache.catalina.core.StandardEngineValve.invoke(StandardEngineValve.java:74)
		at org.apache.catalina.connector.CoyoteAdapter.service(CoyoteAdapter.java:342)
		at org.apache.coyote.http11.Http11Processor.service(Http11Processor.java:390)
		at org.apache.coyote.AbstractProcessorLight.process(AbstractProcessorLight.java:63)
		at org.apache.coyote.AbstractProtocol$ConnectionHandler.process(AbstractProtocol.java:928)
		at org.apache.tomcat.util.net.NioEndpoint$SocketProcessor.doRun(NioEndpoint.java:1794)
		at org.apache.tomcat.util.net.SocketProcessorBase.run(SocketProcessorBase.java:52)
		at org.apache.tomcat.util.threads.ThreadPoolExecutor.runWorker(ThreadPoolExecutor.java:1191)
		at org.apache.tomcat.util.threads.ThreadPoolExecutor$Worker.run(ThreadPoolExecutor.java:659)
		at org.apache.tomcat.util.threads.TaskThread$WrappingRunnable.run(TaskThread.java:61)
		at java.base/java.lang.Thread.run(Thread.java:1623)
11-Nov-2023 01:23:01.475 重大 [http-nio-8080-exec-4] org.apache.catalina.core.StandardWrapperValve.invoke パス [/kakeiboapp] を持つコンテキスト内のサーブレット [ShowAccdataServlet1] のServlet.service() が例外 [[showaccdata1.jsp] の処理中に行番号 [35] で例外が発生しました。

32: 				<td>メモ</td>
33: 			</tr>
34: 			<%
35: 				for (int i = 0; i < list.size(); i++) {
36: 					String[] data = list.get(i);
37: 					out.print("<tr><td>"+data[0]+"</td>");
38: 					out.print("<td>"+data[1]+"</td>");


Stacktrace:] が根本的要因と共に投げられました
	java.lang.NullPointerException: Cannot invoke "java.util.ArrayList.size()" because "list" is null
		at org.apache.jsp.showaccdata1_jsp._jspService(showaccdata1_jsp.java:156)
		at org.apache.jasper.runtime.HttpJspBase.service(HttpJspBase.java:70)
		at javax.servlet.http.HttpServlet.service(HttpServlet.java:623)
		at org.apache.jasper.servlet.JspServletWrapper.service(JspServletWrapper.java:466)
		at org.apache.jasper.servlet.JspServlet.serviceJspFile(JspServlet.java:379)
		at org.apache.jasper.servlet.JspServlet.service(JspServlet.java:327)
		at javax.servlet.http.HttpServlet.service(HttpServlet.java:623)
		at org.apache.catalina.core.ApplicationFilterChain.internalDoFilter(ApplicationFilterChain.java:209)
		at org.apache.catalina.core.ApplicationFilterChain.doFilter(ApplicationFilterChain.java:153)
		at org.apache.tomcat.websocket.server.WsFilter.doFilter(WsFilter.java:51)
		at org.apache.catalina.core.ApplicationFilterChain.internalDoFilter(ApplicationFilterChain.java:178)
		at org.apache.catalina.core.ApplicationFilterChain.doFilter(ApplicationFilterChain.java:153)
		at org.apache.catalina.core.ApplicationDispatcher.invoke(ApplicationDispatcher.java:661)
		at org.apache.catalina.core.ApplicationDispatcher.processRequest(ApplicationDispatcher.java:425)
		at org.apache.catalina.core.ApplicationDispatcher.doForward(ApplicationDispatcher.java:357)
		at org.apache.catalina.core.ApplicationDispatcher.forward(ApplicationDispatcher.java:294)
		at ShowAccdataServlet1.doPost(ShowAccdataServlet1.java:101)
		at javax.servlet.http.HttpServlet.service(HttpServlet.java:555)
		at javax.servlet.http.HttpServlet.service(HttpServlet.java:623)
		at org.apache.catalina.core.ApplicationFilterChain.internalDoFilter(ApplicationFilterChain.java:209)
		at org.apache.catalina.core.ApplicationFilterChain.doFilter(ApplicationFilterChain.java:153)
		at org.apache.tomcat.websocket.server.WsFilter.doFilter(WsFilter.java:51)
		at org.apache.catalina.core.ApplicationFilterChain.internalDoFilter(ApplicationFilterChain.java:178)
		at org.apache.catalina.core.ApplicationFilterChain.doFilter(ApplicationFilterChain.java:153)
		at org.apache.catalina.core.StandardWrapperValve.invoke(StandardWrapperValve.java:168)
		at org.apache.catalina.core.StandardContextValve.invoke(StandardContextValve.java:90)
		at org.apache.catalina.authenticator.AuthenticatorBase.invoke(AuthenticatorBase.java:481)
		at org.apache.catalina.core.StandardHostValve.invoke(StandardHostValve.java:130)
		at org.apache.catalina.valves.ErrorReportValve.invoke(ErrorReportValve.java:93)
		at org.apache.catalina.valves.AbstractAccessLogValve.invoke(AbstractAccessLogValve.java:670)
		at org.apache.catalina.core.StandardEngineValve.invoke(StandardEngineValve.java:74)
		at org.apache.catalina.connector.CoyoteAdapter.service(CoyoteAdapter.java:342)
		at org.apache.coyote.http11.Http11Processor.service(Http11Processor.java:390)
		at org.apache.coyote.AbstractProcessorLight.process(AbstractProcessorLight.java:63)
		at org.apache.coyote.AbstractProtocol$ConnectionHandler.process(AbstractProtocol.java:928)
		at org.apache.tomcat.util.net.NioEndpoint$SocketProcessor.doRun(NioEndpoint.java:1794)
		at org.apache.tomcat.util.net.SocketProcessorBase.run(SocketProcessorBase.java:52)
		at org.apache.tomcat.util.threads.ThreadPoolExecutor.runWorker(ThreadPoolExecutor.java:1191)
		at org.apache.tomcat.util.threads.ThreadPoolExecutor$Worker.run(ThreadPoolExecutor.java:659)
		at org.apache.tomcat.util.threads.TaskThread$WrappingRunnable.run(TaskThread.java:61)
		at java.base/java.lang.Thread.run(Thread.java:1623)
11-Nov-2023 01:24:08.805 情報 [main] org.apache.catalina.core.ApplicationContext.log SessionListener: contextDestroyed()
11-Nov-2023 01:24:08.805 情報 [main] org.apache.catalina.core.ApplicationContext.log ContextListener: contextDestroyed()
11-Nov-2023 01:24:16.003 情報 [main] org.apache.catalina.core.ApplicationContext.log ContextListener: contextInitialized()
11-Nov-2023 01:24:16.003 情報 [main] org.apache.catalina.core.ApplicationContext.log SessionListener: contextInitialized()
11-Nov-2023 01:24:16.003 情報 [main] org.apache.catalina.core.ApplicationContext.log ContextListener: attributeAdded('StockTicker', 'async.Stockticker@668cc9a2')
11-Nov-2023 01:25:25.541 情報 [main] org.apache.catalina.core.ApplicationContext.log SessionListener: contextDestroyed()
11-Nov-2023 01:25:25.541 情報 [main] org.apache.catalina.core.ApplicationContext.log ContextListener: contextDestroyed()
11-Nov-2023 01:25:32.316 情報 [main] org.apache.catalina.core.ApplicationContext.log ContextListener: contextInitialized()
11-Nov-2023 01:25:32.316 情報 [main] org.apache.catalina.core.ApplicationContext.log SessionListener: contextInitialized()
11-Nov-2023 01:25:32.316 情報 [main] org.apache.catalina.core.ApplicationContext.log ContextListener: attributeAdded('StockTicker', 'async.Stockticker@57e5396b')
11-Nov-2023 01:25:43.647 重大 [http-nio-8080-exec-4] org.apache.catalina.core.ApplicationDispatcher.invoke サーブレット [jsp] のServlet.service()が例外を投げました
	java.lang.NullPointerException: Cannot invoke "java.util.ArrayList.size()" because "list" is null
		at org.apache.jsp.showaccdata1_jsp._jspService(showaccdata1_jsp.java:156)
		at org.apache.jasper.runtime.HttpJspBase.service(HttpJspBase.java:70)
		at javax.servlet.http.HttpServlet.service(HttpServlet.java:623)
		at org.apache.jasper.servlet.JspServletWrapper.service(JspServletWrapper.java:466)
		at org.apache.jasper.servlet.JspServlet.serviceJspFile(JspServlet.java:379)
		at org.apache.jasper.servlet.JspServlet.service(JspServlet.java:327)
		at javax.servlet.http.HttpServlet.service(HttpServlet.java:623)
		at org.apache.catalina.core.ApplicationFilterChain.internalDoFilter(ApplicationFilterChain.java:209)
		at org.apache.catalina.core.ApplicationFilterChain.doFilter(ApplicationFilterChain.java:153)
		at org.apache.tomcat.websocket.server.WsFilter.doFilter(WsFilter.java:51)
		at org.apache.catalina.core.ApplicationFilterChain.internalDoFilter(ApplicationFilterChain.java:178)
		at org.apache.catalina.core.ApplicationFilterChain.doFilter(ApplicationFilterChain.java:153)
		at org.apache.catalina.core.ApplicationDispatcher.invoke(ApplicationDispatcher.java:661)
		at org.apache.catalina.core.ApplicationDispatcher.processRequest(ApplicationDispatcher.java:425)
		at org.apache.catalina.core.ApplicationDispatcher.doForward(ApplicationDispatcher.java:357)
		at org.apache.catalina.core.ApplicationDispatcher.forward(ApplicationDispatcher.java:294)
		at ShowAccdataServlet1.doPost(ShowAccdataServlet1.java:101)
		at javax.servlet.http.HttpServlet.service(HttpServlet.java:555)
		at javax.servlet.http.HttpServlet.service(HttpServlet.java:623)
		at org.apache.catalina.core.ApplicationFilterChain.internalDoFilter(ApplicationFilterChain.java:209)
		at org.apache.catalina.core.ApplicationFilterChain.doFilter(ApplicationFilterChain.java:153)
		at org.apache.tomcat.websocket.server.WsFilter.doFilter(WsFilter.java:51)
		at org.apache.catalina.core.ApplicationFilterChain.internalDoFilter(ApplicationFilterChain.java:178)
		at org.apache.catalina.core.ApplicationFilterChain.doFilter(ApplicationFilterChain.java:153)
		at org.apache.catalina.core.StandardWrapperValve.invoke(StandardWrapperValve.java:168)
		at org.apache.catalina.core.StandardContextValve.invoke(StandardContextValve.java:90)
		at org.apache.catalina.authenticator.AuthenticatorBase.invoke(AuthenticatorBase.java:481)
		at org.apache.catalina.core.StandardHostValve.invoke(StandardHostValve.java:130)
		at org.apache.catalina.valves.ErrorReportValve.invoke(ErrorReportValve.java:93)
		at org.apache.catalina.valves.AbstractAccessLogValve.invoke(AbstractAccessLogValve.java:670)
		at org.apache.catalina.core.StandardEngineValve.invoke(StandardEngineValve.java:74)
		at org.apache.catalina.connector.CoyoteAdapter.service(CoyoteAdapter.java:342)
		at org.apache.coyote.http11.Http11Processor.service(Http11Processor.java:390)
		at org.apache.coyote.AbstractProcessorLight.process(AbstractProcessorLight.java:63)
		at org.apache.coyote.AbstractProtocol$ConnectionHandler.process(AbstractProtocol.java:928)
		at org.apache.tomcat.util.net.NioEndpoint$SocketProcessor.doRun(NioEndpoint.java:1794)
		at org.apache.tomcat.util.net.SocketProcessorBase.run(SocketProcessorBase.java:52)
		at org.apache.tomcat.util.threads.ThreadPoolExecutor.runWorker(ThreadPoolExecutor.java:1191)
		at org.apache.tomcat.util.threads.ThreadPoolExecutor$Worker.run(ThreadPoolExecutor.java:659)
		at org.apache.tomcat.util.threads.TaskThread$WrappingRunnable.run(TaskThread.java:61)
		at java.base/java.lang.Thread.run(Thread.java:1623)
11-Nov-2023 01:25:43.647 重大 [http-nio-8080-exec-4] org.apache.catalina.core.StandardWrapperValve.invoke パス [/kakeiboapp] を持つコンテキスト内のサーブレット [ShowAccdataServlet1] のServlet.service() が例外 [[showaccdata1.jsp] の処理中に行番号 [35] で例外が発生しました。

32: 				<td>メモ</td>
33: 			</tr>
34: 			<%
35: 				for (int i = 0; i < list.size(); i++) {
36: 					String[] data = list.get(i);
37: 					out.print("<tr><td>"+data[0]+"</td>");
38: 					out.print("<td>"+data[1]+"</td>");


Stacktrace:] が根本的要因と共に投げられました
	java.lang.NullPointerException: Cannot invoke "java.util.ArrayList.size()" because "list" is null
		at org.apache.jsp.showaccdata1_jsp._jspService(showaccdata1_jsp.java:156)
		at org.apache.jasper.runtime.HttpJspBase.service(HttpJspBase.java:70)
		at javax.servlet.http.HttpServlet.service(HttpServlet.java:623)
		at org.apache.jasper.servlet.JspServletWrapper.service(JspServletWrapper.java:466)
		at org.apache.jasper.servlet.JspServlet.serviceJspFile(JspServlet.java:379)
		at org.apache.jasper.servlet.JspServlet.service(JspServlet.java:327)
		at javax.servlet.http.HttpServlet.service(HttpServlet.java:623)
		at org.apache.catalina.core.ApplicationFilterChain.internalDoFilter(ApplicationFilterChain.java:209)
		at org.apache.catalina.core.ApplicationFilterChain.doFilter(ApplicationFilterChain.java:153)
		at org.apache.tomcat.websocket.server.WsFilter.doFilter(WsFilter.java:51)
		at org.apache.catalina.core.ApplicationFilterChain.internalDoFilter(ApplicationFilterChain.java:178)
		at org.apache.catalina.core.ApplicationFilterChain.doFilter(ApplicationFilterChain.java:153)
		at org.apache.catalina.core.ApplicationDispatcher.invoke(ApplicationDispatcher.java:661)
		at org.apache.catalina.core.ApplicationDispatcher.processRequest(ApplicationDispatcher.java:425)
		at org.apache.catalina.core.ApplicationDispatcher.doForward(ApplicationDispatcher.java:357)
		at org.apache.catalina.core.ApplicationDispatcher.forward(ApplicationDispatcher.java:294)
		at ShowAccdataServlet1.doPost(ShowAccdataServlet1.java:101)
		at javax.servlet.http.HttpServlet.service(HttpServlet.java:555)
		at javax.servlet.http.HttpServlet.service(HttpServlet.java:623)
		at org.apache.catalina.core.ApplicationFilterChain.internalDoFilter(ApplicationFilterChain.java:209)
		at org.apache.catalina.core.ApplicationFilterChain.doFilter(ApplicationFilterChain.java:153)
		at org.apache.tomcat.websocket.server.WsFilter.doFilter(WsFilter.java:51)
		at org.apache.catalina.core.ApplicationFilterChain.internalDoFilter(ApplicationFilterChain.java:178)
		at org.apache.catalina.core.ApplicationFilterChain.doFilter(ApplicationFilterChain.java:153)
		at org.apache.catalina.core.StandardWrapperValve.invoke(StandardWrapperValve.java:168)
		at org.apache.catalina.core.StandardContextValve.invoke(StandardContextValve.java:90)
		at org.apache.catalina.authenticator.AuthenticatorBase.invoke(AuthenticatorBase.java:481)
		at org.apache.catalina.core.StandardHostValve.invoke(StandardHostValve.java:130)
		at org.apache.catalina.valves.ErrorReportValve.invoke(ErrorReportValve.java:93)
		at org.apache.catalina.valves.AbstractAccessLogValve.invoke(AbstractAccessLogValve.java:670)
		at org.apache.catalina.core.StandardEngineValve.invoke(StandardEngineValve.java:74)
		at org.apache.catalina.connector.CoyoteAdapter.service(CoyoteAdapter.java:342)
		at org.apache.coyote.http11.Http11Processor.service(Http11Processor.java:390)
		at org.apache.coyote.AbstractProcessorLight.process(AbstractProcessorLight.java:63)
		at org.apache.coyote.AbstractProtocol$ConnectionHandler.process(AbstractProtocol.java:928)
		at org.apache.tomcat.util.net.NioEndpoint$SocketProcessor.doRun(NioEndpoint.java:1794)
		at org.apache.tomcat.util.net.SocketProcessorBase.run(SocketProcessorBase.java:52)
		at org.apache.tomcat.util.threads.ThreadPoolExecutor.runWorker(ThreadPoolExecutor.java:1191)
		at org.apache.tomcat.util.threads.ThreadPoolExecutor$Worker.run(ThreadPoolExecutor.java:659)
		at org.apache.tomcat.util.threads.TaskThread$WrappingRunnable.run(TaskThread.java:61)
		at java.base/java.lang.Thread.run(Thread.java:1623)
11-Nov-2023 01:28:10.934 情報 [main] org.apache.catalina.core.ApplicationContext.log SessionListener: contextDestroyed()
11-Nov-2023 01:28:10.934 情報 [main] org.apache.catalina.core.ApplicationContext.log ContextListener: contextDestroyed()
11-Nov-2023 01:28:19.180 情報 [main] org.apache.catalina.core.ApplicationContext.log ContextListener: contextInitialized()
11-Nov-2023 01:28:19.181 情報 [main] org.apache.catalina.core.ApplicationContext.log SessionListener: contextInitialized()
11-Nov-2023 01:28:19.186 情報 [main] org.apache.catalina.core.ApplicationContext.log ContextListener: attributeAdded('StockTicker', 'async.Stockticker@2f054f70')
11-Nov-2023 01:30:14.782 情報 [main] org.apache.catalina.core.ApplicationContext.log SessionListener: contextDestroyed()
11-Nov-2023 01:30:14.782 情報 [main] org.apache.catalina.core.ApplicationContext.log ContextListener: contextDestroyed()
11-Nov-2023 01:30:22.095 情報 [main] org.apache.catalina.core.ApplicationContext.log ContextListener: contextInitialized()
11-Nov-2023 01:30:22.095 情報 [main] org.apache.catalina.core.ApplicationContext.log SessionListener: contextInitialized()
11-Nov-2023 01:30:22.095 情報 [main] org.apache.catalina.core.ApplicationContext.log ContextListener: attributeAdded('StockTicker', 'async.Stockticker@3c9ef6e9')
11-Nov-2023 01:33:17.184 情報 [main] org.apache.catalina.core.ApplicationContext.log SessionListener: contextDestroyed()
11-Nov-2023 01:33:17.184 情報 [main] org.apache.catalina.core.ApplicationContext.log ContextListener: contextDestroyed()
11-Nov-2023 07:57:44.414 情報 [main] org.apache.catalina.core.ApplicationContext.log ContextListener: contextInitialized()
11-Nov-2023 07:57:44.414 情報 [main] org.apache.catalina.core.ApplicationContext.log SessionListener: contextInitialized()
11-Nov-2023 07:57:44.418 情報 [main] org.apache.catalina.core.ApplicationContext.log ContextListener: attributeAdded('StockTicker', 'async.Stockticker@35eee641')
11-Nov-2023 08:09:15.922 情報 [main] org.apache.catalina.core.ApplicationContext.log SessionListener: contextDestroyed()
11-Nov-2023 08:09:15.922 情報 [main] org.apache.catalina.core.ApplicationContext.log ContextListener: contextDestroyed()
11-Nov-2023 08:09:21.476 情報 [main] org.apache.catalina.core.ApplicationContext.log ContextListener: contextInitialized()
11-Nov-2023 08:09:21.476 情報 [main] org.apache.catalina.core.ApplicationContext.log SessionListener: contextInitialized()
11-Nov-2023 08:09:21.479 情報 [main] org.apache.catalina.core.ApplicationContext.log ContextListener: attributeAdded('StockTicker', 'async.Stockticker@57e5396b')
11-Nov-2023 08:21:54.281 情報 [main] org.apache.catalina.core.ApplicationContext.log SessionListener: contextDestroyed()
11-Nov-2023 08:21:54.282 情報 [main] org.apache.catalina.core.ApplicationContext.log ContextListener: contextDestroyed()
11-Nov-2023 08:21:59.930 情報 [main] org.apache.catalina.core.ApplicationContext.log ContextListener: contextInitialized()
11-Nov-2023 08:21:59.930 情報 [main] org.apache.catalina.core.ApplicationContext.log SessionListener: contextInitialized()
11-Nov-2023 08:21:59.933 情報 [main] org.apache.catalina.core.ApplicationContext.log ContextListener: attributeAdded('StockTicker', 'async.Stockticker@57e5396b')
11-Nov-2023 09:28:24.771 情報 [main] org.apache.catalina.core.ApplicationContext.log SessionListener: contextDestroyed()
11-Nov-2023 09:28:24.771 情報 [main] org.apache.catalina.core.ApplicationContext.log ContextListener: contextDestroyed()
11-Nov-2023 09:28:31.042 情報 [main] org.apache.catalina.core.ApplicationContext.log ContextListener: contextInitialized()
11-Nov-2023 09:28:31.042 情報 [main] org.apache.catalina.core.ApplicationContext.log SessionListener: contextInitialized()
11-Nov-2023 09:28:31.045 情報 [main] org.apache.catalina.core.ApplicationContext.log ContextListener: attributeAdded('StockTicker', 'async.Stockticker@57e5396b')
11-Nov-2023 09:40:52.402 情報 [main] org.apache.catalina.core.ApplicationContext.log SessionListener: contextDestroyed()
11-Nov-2023 09:40:52.402 情報 [main] org.apache.catalina.core.ApplicationContext.log ContextListener: contextDestroyed()
11-Nov-2023 09:42:19.461 情報 [main] org.apache.catalina.core.ApplicationContext.log ContextListener: contextInitialized()
11-Nov-2023 09:42:19.461 情報 [main] org.apache.catalina.core.ApplicationContext.log SessionListener: contextInitialized()
11-Nov-2023 09:42:19.464 情報 [main] org.apache.catalina.core.ApplicationContext.log ContextListener: attributeAdded('StockTicker', 'async.Stockticker@57e5396b')
11-Nov-2023 10:13:19.644 情報 [main] org.apache.catalina.core.ApplicationContext.log SessionListener: contextDestroyed()
11-Nov-2023 10:13:19.644 情報 [main] org.apache.catalina.core.ApplicationContext.log ContextListener: contextDestroyed()
11-Nov-2023 10:13:25.654 情報 [main] org.apache.catalina.core.ApplicationContext.log ContextListener: contextInitialized()
11-Nov-2023 10:13:25.654 情報 [main] org.apache.catalina.core.ApplicationContext.log SessionListener: contextInitialized()
11-Nov-2023 10:13:25.658 情報 [main] org.apache.catalina.core.ApplicationContext.log ContextListener: attributeAdded('StockTicker', 'async.Stockticker@6467ddc7')
11-Nov-2023 11:49:05.122 情報 [main] org.apache.catalina.core.ApplicationContext.log SessionListener: contextDestroyed()
11-Nov-2023 11:49:05.122 情報 [main] org.apache.catalina.core.ApplicationContext.log ContextListener: contextDestroyed()
11-Nov-2023 13:21:53.373 情報 [main] org.apache.catalina.core.ApplicationContext.log ContextListener: contextInitialized()
11-Nov-2023 13:21:53.373 情報 [main] org.apache.catalina.core.ApplicationContext.log SessionListener: contextInitialized()
11-Nov-2023 13:21:53.373 情報 [main] org.apache.catalina.core.ApplicationContext.log ContextListener: attributeAdded('StockTicker', 'async.Stockticker@3cdff901')
11-Nov-2023 13:30:16.811 情報 [main] org.apache.catalina.core.ApplicationContext.log SessionListener: contextDestroyed()
11-Nov-2023 13:30:16.811 情報 [main] org.apache.catalina.core.ApplicationContext.log ContextListener: contextDestroyed()
