19-Oct-2023 11:43:59.104 情報 [main] org.apache.catalina.core.ApplicationContext.log ContextListener: contextInitialized()
19-Oct-2023 11:43:59.106 情報 [main] org.apache.catalina.core.ApplicationContext.log SessionListener: contextInitialized()
19-Oct-2023 11:43:59.108 情報 [main] org.apache.catalina.core.ApplicationContext.log ContextListener: attributeAdded('StockTicker', 'async.Stockticker@1bdf8190')
19-Oct-2023 11:44:32.840 情報 [main] org.apache.catalina.core.ApplicationContext.log SessionListener: contextDestroyed()
19-Oct-2023 11:44:32.840 情報 [main] org.apache.catalina.core.ApplicationContext.log ContextListener: contextDestroyed()
19-Oct-2023 11:48:20.747 情報 [main] org.apache.catalina.core.ApplicationContext.log ContextListener: contextInitialized()
19-Oct-2023 11:48:20.747 情報 [main] org.apache.catalina.core.ApplicationContext.log SessionListener: contextInitialized()
19-Oct-2023 11:48:20.750 情報 [main] org.apache.catalina.core.ApplicationContext.log ContextListener: attributeAdded('StockTicker', 'async.Stockticker@4f8969b0')
19-Oct-2023 12:08:53.765 情報 [main] org.apache.catalina.core.ApplicationContext.log SessionListener: contextDestroyed()
19-Oct-2023 12:08:53.765 情報 [main] org.apache.catalina.core.ApplicationContext.log ContextListener: contextDestroyed()
19-Oct-2023 14:37:46.930 情報 [main] org.apache.catalina.core.ApplicationContext.log ContextListener: contextInitialized()
19-Oct-2023 14:37:46.930 情報 [main] org.apache.catalina.core.ApplicationContext.log SessionListener: contextInitialized()
19-Oct-2023 14:37:46.930 情報 [main] org.apache.catalina.core.ApplicationContext.log ContextListener: attributeAdded('StockTicker', 'async.Stockticker@6fefce9e')
19-Oct-2023 15:06:02.559 情報 [main] org.apache.catalina.core.ApplicationContext.log SessionListener: contextDestroyed()
19-Oct-2023 15:06:02.559 情報 [main] org.apache.catalina.core.ApplicationContext.log ContextListener: contextDestroyed()
19-Oct-2023 15:23:17.945 情報 [main] org.apache.catalina.core.ApplicationContext.log ContextListener: contextInitialized()
19-Oct-2023 15:23:17.945 情報 [main] org.apache.catalina.core.ApplicationContext.log SessionListener: contextInitialized()
19-Oct-2023 15:23:17.945 情報 [main] org.apache.catalina.core.ApplicationContext.log ContextListener: attributeAdded('StockTicker', 'async.Stockticker@1bdf8190')
19-Oct-2023 15:24:58.304 情報 [main] org.apache.catalina.core.ApplicationContext.log SessionListener: contextDestroyed()
19-Oct-2023 15:24:58.304 情報 [main] org.apache.catalina.core.ApplicationContext.log ContextListener: contextDestroyed()
19-Oct-2023 15:25:03.818 情報 [main] org.apache.catalina.core.ApplicationContext.log ContextListener: contextInitialized()
19-Oct-2023 15:25:03.818 情報 [main] org.apache.catalina.core.ApplicationContext.log SessionListener: contextInitialized()
19-Oct-2023 15:25:03.818 情報 [main] org.apache.catalina.core.ApplicationContext.log ContextListener: attributeAdded('StockTicker', 'async.Stockticker@6b5176f2')
19-Oct-2023 15:31:04.677 情報 [main] org.apache.catalina.core.ApplicationContext.log SessionListener: contextDestroyed()
19-Oct-2023 15:31:04.693 情報 [main] org.apache.catalina.core.ApplicationContext.log ContextListener: contextDestroyed()
19-Oct-2023 15:31:09.259 情報 [main] org.apache.catalina.core.ApplicationContext.log ContextListener: contextInitialized()
19-Oct-2023 15:31:09.259 情報 [main] org.apache.catalina.core.ApplicationContext.log SessionListener: contextInitialized()
19-Oct-2023 15:31:09.259 情報 [main] org.apache.catalina.core.ApplicationContext.log ContextListener: attributeAdded('StockTicker', 'async.Stockticker@5db4c359')
19-Oct-2023 15:35:54.700 情報 [main] org.apache.catalina.core.ApplicationContext.log SessionListener: contextDestroyed()
19-Oct-2023 15:35:54.700 情報 [main] org.apache.catalina.core.ApplicationContext.log ContextListener: contextDestroyed()
