21-Oct-2023 08:57:16.088 情報 [main] org.apache.catalina.core.ApplicationContext.log ContextListener: contextInitialized()
21-Oct-2023 08:57:16.088 情報 [main] org.apache.catalina.core.ApplicationContext.log SessionListener: contextInitialized()
21-Oct-2023 08:57:16.088 情報 [main] org.apache.catalina.core.ApplicationContext.log ContextListener: attributeAdded('StockTicker', 'async.Stockticker@4f8969b0')
21-Oct-2023 08:58:47.587 情報 [main] org.apache.catalina.core.ApplicationContext.log SessionListener: contextDestroyed()
21-Oct-2023 08:58:47.587 情報 [main] org.apache.catalina.core.ApplicationContext.log ContextListener: contextDestroyed()
21-Oct-2023 09:41:58.425 情報 [main] org.apache.catalina.core.ApplicationContext.log ContextListener: contextInitialized()
21-Oct-2023 09:41:58.425 情報 [main] org.apache.catalina.core.ApplicationContext.log SessionListener: contextInitialized()
21-Oct-2023 09:41:58.425 情報 [main] org.apache.catalina.core.ApplicationContext.log ContextListener: attributeAdded('StockTicker', 'async.Stockticker@8a589a2')
21-Oct-2023 09:49:40.661 情報 [main] org.apache.catalina.core.ApplicationContext.log SessionListener: contextDestroyed()
21-Oct-2023 09:49:40.661 情報 [main] org.apache.catalina.core.ApplicationContext.log ContextListener: contextDestroyed()
21-Oct-2023 11:03:24.037 情報 [main] org.apache.catalina.core.ApplicationContext.log ContextListener: contextInitialized()
21-Oct-2023 11:03:24.038 情報 [main] org.apache.catalina.core.ApplicationContext.log SessionListener: contextInitialized()
21-Oct-2023 11:03:24.041 情報 [main] org.apache.catalina.core.ApplicationContext.log ContextListener: attributeAdded('StockTicker', 'async.Stockticker@1bdf8190')
21-Oct-2023 11:04:38.283 情報 [main] org.apache.catalina.core.ApplicationContext.log SessionListener: contextDestroyed()
21-Oct-2023 11:04:38.283 情報 [main] org.apache.catalina.core.ApplicationContext.log ContextListener: contextDestroyed()
21-Oct-2023 11:31:44.704 情報 [main] org.apache.catalina.core.ApplicationContext.log ContextListener: contextInitialized()
21-Oct-2023 11:31:44.704 情報 [main] org.apache.catalina.core.ApplicationContext.log SessionListener: contextInitialized()
21-Oct-2023 11:31:44.709 情報 [main] org.apache.catalina.core.ApplicationContext.log ContextListener: attributeAdded('StockTicker', 'async.Stockticker@6fefce9e')
21-Oct-2023 11:33:38.274 情報 [main] org.apache.catalina.core.ApplicationContext.log SessionListener: contextDestroyed()
21-Oct-2023 11:33:38.274 情報 [main] org.apache.catalina.core.ApplicationContext.log ContextListener: contextDestroyed()
21-Oct-2023 11:33:43.111 情報 [main] org.apache.catalina.core.ApplicationContext.log ContextListener: contextInitialized()
21-Oct-2023 11:33:43.112 情報 [main] org.apache.catalina.core.ApplicationContext.log SessionListener: contextInitialized()
21-Oct-2023 11:33:43.115 情報 [main] org.apache.catalina.core.ApplicationContext.log ContextListener: attributeAdded('StockTicker', 'async.Stockticker@6fefce9e')
21-Oct-2023 11:35:47.849 情報 [main] org.apache.catalina.core.ApplicationContext.log SessionListener: contextDestroyed()
21-Oct-2023 11:35:47.849 情報 [main] org.apache.catalina.core.ApplicationContext.log ContextListener: contextDestroyed()
21-Oct-2023 11:35:52.735 情報 [main] org.apache.catalina.core.ApplicationContext.log ContextListener: contextInitialized()
21-Oct-2023 11:35:52.735 情報 [main] org.apache.catalina.core.ApplicationContext.log SessionListener: contextInitialized()
21-Oct-2023 11:35:52.735 情報 [main] org.apache.catalina.core.ApplicationContext.log ContextListener: attributeAdded('StockTicker', 'async.Stockticker@c65a5ef')
21-Oct-2023 11:37:29.594 情報 [main] org.apache.catalina.core.ApplicationContext.log SessionListener: contextDestroyed()
21-Oct-2023 11:37:29.594 情報 [main] org.apache.catalina.core.ApplicationContext.log ContextListener: contextDestroyed()
21-Oct-2023 11:37:37.420 情報 [main] org.apache.catalina.core.ApplicationContext.log ContextListener: contextInitialized()
21-Oct-2023 11:37:37.436 情報 [main] org.apache.catalina.core.ApplicationContext.log SessionListener: contextInitialized()
21-Oct-2023 11:37:37.436 情報 [main] org.apache.catalina.core.ApplicationContext.log ContextListener: attributeAdded('StockTicker', 'async.Stockticker@b672aa8')
21-Oct-2023 11:47:44.066 情報 [main] org.apache.catalina.core.ApplicationContext.log SessionListener: contextDestroyed()
21-Oct-2023 11:47:44.066 情報 [main] org.apache.catalina.core.ApplicationContext.log ContextListener: contextDestroyed()
21-Oct-2023 11:49:50.180 情報 [main] org.apache.catalina.core.ApplicationContext.log ContextListener: contextInitialized()
21-Oct-2023 11:49:50.180 情報 [main] org.apache.catalina.core.ApplicationContext.log SessionListener: contextInitialized()
21-Oct-2023 11:49:50.180 情報 [main] org.apache.catalina.core.ApplicationContext.log ContextListener: attributeAdded('StockTicker', 'async.Stockticker@8a589a2')
21-Oct-2023 11:52:09.060 情報 [main] org.apache.catalina.core.ApplicationContext.log SessionListener: contextDestroyed()
21-Oct-2023 11:52:09.060 情報 [main] org.apache.catalina.core.ApplicationContext.log ContextListener: contextDestroyed()
21-Oct-2023 12:00:39.709 情報 [main] org.apache.catalina.core.ApplicationContext.log ContextListener: contextInitialized()
21-Oct-2023 12:00:39.709 情報 [main] org.apache.catalina.core.ApplicationContext.log SessionListener: contextInitialized()
21-Oct-2023 12:00:39.724 情報 [main] org.apache.catalina.core.ApplicationContext.log ContextListener: attributeAdded('StockTicker', 'async.Stockticker@1bdf8190')
21-Oct-2023 12:01:25.655 情報 [main] org.apache.catalina.core.ApplicationContext.log SessionListener: contextDestroyed()
21-Oct-2023 12:01:25.655 情報 [main] org.apache.catalina.core.ApplicationContext.log ContextListener: contextDestroyed()
21-Oct-2023 12:03:31.395 情報 [main] org.apache.catalina.core.ApplicationContext.log ContextListener: contextInitialized()
21-Oct-2023 12:03:31.395 情報 [main] org.apache.catalina.core.ApplicationContext.log SessionListener: contextInitialized()
21-Oct-2023 12:03:31.395 情報 [main] org.apache.catalina.core.ApplicationContext.log ContextListener: attributeAdded('StockTicker', 'async.Stockticker@192f2f27')
21-Oct-2023 12:09:54.904 情報 [main] org.apache.catalina.core.ApplicationContext.log SessionListener: contextDestroyed()
21-Oct-2023 12:09:54.904 情報 [main] org.apache.catalina.core.ApplicationContext.log ContextListener: contextDestroyed()
21-Oct-2023 12:11:54.725 情報 [main] org.apache.catalina.core.ApplicationContext.log ContextListener: contextInitialized()
21-Oct-2023 12:11:54.725 情報 [main] org.apache.catalina.core.ApplicationContext.log SessionListener: contextInitialized()
21-Oct-2023 12:11:54.725 情報 [main] org.apache.catalina.core.ApplicationContext.log ContextListener: attributeAdded('StockTicker', 'async.Stockticker@192f2f27')
21-Oct-2023 12:12:34.948 情報 [main] org.apache.catalina.core.ApplicationContext.log SessionListener: contextDestroyed()
21-Oct-2023 12:12:34.948 情報 [main] org.apache.catalina.core.ApplicationContext.log ContextListener: contextDestroyed()
21-Oct-2023 13:09:24.244 情報 [main] org.apache.catalina.core.ApplicationContext.log ContextListener: contextInitialized()
21-Oct-2023 13:09:24.244 情報 [main] org.apache.catalina.core.ApplicationContext.log SessionListener: contextInitialized()
21-Oct-2023 13:09:24.252 情報 [main] org.apache.catalina.core.ApplicationContext.log ContextListener: attributeAdded('StockTicker', 'async.Stockticker@25f9407e')
21-Oct-2023 13:25:39.475 情報 [main] org.apache.catalina.core.ApplicationContext.log SessionListener: contextDestroyed()
21-Oct-2023 13:25:39.475 情報 [main] org.apache.catalina.core.ApplicationContext.log ContextListener: contextDestroyed()
21-Oct-2023 13:25:46.817 情報 [main] org.apache.catalina.core.ApplicationContext.log ContextListener: contextInitialized()
21-Oct-2023 13:25:46.817 情報 [main] org.apache.catalina.core.ApplicationContext.log SessionListener: contextInitialized()
21-Oct-2023 13:25:46.819 情報 [main] org.apache.catalina.core.ApplicationContext.log ContextListener: attributeAdded('StockTicker', 'async.Stockticker@7555b920')
21-Oct-2023 13:26:15.992 情報 [main] org.apache.catalina.core.ApplicationContext.log SessionListener: contextDestroyed()
21-Oct-2023 13:26:15.992 情報 [main] org.apache.catalina.core.ApplicationContext.log ContextListener: contextDestroyed()
21-Oct-2023 13:39:27.384 情報 [main] org.apache.catalina.core.ApplicationContext.log ContextListener: contextInitialized()
21-Oct-2023 13:39:27.384 情報 [main] org.apache.catalina.core.ApplicationContext.log SessionListener: contextInitialized()
21-Oct-2023 13:39:27.384 情報 [main] org.apache.catalina.core.ApplicationContext.log ContextListener: attributeAdded('StockTicker', 'async.Stockticker@7a11c4c7')
21-Oct-2023 13:41:14.152 情報 [main] org.apache.catalina.core.ApplicationContext.log SessionListener: contextDestroyed()
21-Oct-2023 13:41:14.152 情報 [main] org.apache.catalina.core.ApplicationContext.log ContextListener: contextDestroyed()
21-Oct-2023 13:41:18.581 情報 [main] org.apache.catalina.core.ApplicationContext.log ContextListener: contextInitialized()
21-Oct-2023 13:41:18.581 情報 [main] org.apache.catalina.core.ApplicationContext.log SessionListener: contextInitialized()
21-Oct-2023 13:41:18.581 情報 [main] org.apache.catalina.core.ApplicationContext.log ContextListener: attributeAdded('StockTicker', 'async.Stockticker@4cc547a')
21-Oct-2023 13:42:42.933 情報 [main] org.apache.catalina.core.ApplicationContext.log SessionListener: contextDestroyed()
21-Oct-2023 13:42:42.933 情報 [main] org.apache.catalina.core.ApplicationContext.log ContextListener: contextDestroyed()
21-Oct-2023 13:42:47.446 情報 [main] org.apache.catalina.core.ApplicationContext.log ContextListener: contextInitialized()
21-Oct-2023 13:42:47.446 情報 [main] org.apache.catalina.core.ApplicationContext.log SessionListener: contextInitialized()
21-Oct-2023 13:42:47.462 情報 [main] org.apache.catalina.core.ApplicationContext.log ContextListener: attributeAdded('StockTicker', 'async.Stockticker@64c2b546')
21-Oct-2023 13:43:43.883 情報 [main] org.apache.catalina.core.ApplicationContext.log SessionListener: contextDestroyed()
21-Oct-2023 13:43:43.883 情報 [main] org.apache.catalina.core.ApplicationContext.log ContextListener: contextDestroyed()
21-Oct-2023 13:43:49.768 情報 [main] org.apache.catalina.core.ApplicationContext.log ContextListener: contextInitialized()
21-Oct-2023 13:43:49.768 情報 [main] org.apache.catalina.core.ApplicationContext.log SessionListener: contextInitialized()
21-Oct-2023 13:43:49.768 情報 [main] org.apache.catalina.core.ApplicationContext.log ContextListener: attributeAdded('StockTicker', 'async.Stockticker@4cc547a')
21-Oct-2023 13:44:04.984 情報 [main] org.apache.catalina.core.ApplicationContext.log SessionListener: contextDestroyed()
21-Oct-2023 13:44:04.984 情報 [main] org.apache.catalina.core.ApplicationContext.log ContextListener: contextDestroyed()
21-Oct-2023 14:48:04.045 情報 [main] org.apache.catalina.core.ApplicationContext.log ContextListener: contextInitialized()
21-Oct-2023 14:48:04.045 情報 [main] org.apache.catalina.core.ApplicationContext.log SessionListener: contextInitialized()
21-Oct-2023 14:48:04.045 情報 [main] org.apache.catalina.core.ApplicationContext.log ContextListener: attributeAdded('StockTicker', 'async.Stockticker@55120f99')
21-Oct-2023 14:48:39.506 情報 [main] org.apache.catalina.core.ApplicationContext.log SessionListener: contextDestroyed()
21-Oct-2023 14:48:39.506 情報 [main] org.apache.catalina.core.ApplicationContext.log ContextListener: contextDestroyed()
21-Oct-2023 14:50:56.835 情報 [main] org.apache.catalina.core.ApplicationContext.log ContextListener: contextInitialized()
21-Oct-2023 14:50:56.835 情報 [main] org.apache.catalina.core.ApplicationContext.log SessionListener: contextInitialized()
21-Oct-2023 14:50:56.835 情報 [main] org.apache.catalina.core.ApplicationContext.log ContextListener: attributeAdded('StockTicker', 'async.Stockticker@4fe01805')
21-Oct-2023 14:51:52.888 情報 [main] org.apache.catalina.core.ApplicationContext.log SessionListener: contextDestroyed()
21-Oct-2023 14:51:52.888 情報 [main] org.apache.catalina.core.ApplicationContext.log ContextListener: contextDestroyed()
