29-Oct-2023 20:51:07.611 情報 [main] org.apache.catalina.core.ApplicationContext.log ContextListener: contextInitialized()
29-Oct-2023 20:51:07.611 情報 [main] org.apache.catalina.core.ApplicationContext.log SessionListener: contextInitialized()
29-Oct-2023 20:51:07.614 情報 [main] org.apache.catalina.core.ApplicationContext.log ContextListener: attributeAdded('StockTicker', 'async.Stockticker@59636c47')
29-Oct-2023 20:55:28.591 情報 [main] org.apache.catalina.core.ApplicationContext.log SessionListener: contextDestroyed()
29-Oct-2023 20:55:28.592 情報 [main] org.apache.catalina.core.ApplicationContext.log ContextListener: contextDestroyed()
29-Oct-2023 21:15:51.944 情報 [main] org.apache.catalina.core.ApplicationContext.log ContextListener: contextInitialized()
29-Oct-2023 21:15:51.944 情報 [main] org.apache.catalina.core.ApplicationContext.log SessionListener: contextInitialized()
29-Oct-2023 21:15:51.945 情報 [main] org.apache.catalina.core.ApplicationContext.log ContextListener: attributeAdded('StockTicker', 'async.Stockticker@2f054f70')
29-Oct-2023 21:32:29.919 情報 [main] org.apache.catalina.core.ApplicationContext.log ContextListener: contextInitialized()
29-Oct-2023 21:32:29.919 情報 [main] org.apache.catalina.core.ApplicationContext.log SessionListener: contextInitialized()
29-Oct-2023 21:32:29.930 情報 [main] org.apache.catalina.core.ApplicationContext.log ContextListener: attributeAdded('StockTicker', 'async.Stockticker@617449dd')
29-Oct-2023 21:32:32.918 情報 [main] org.apache.catalina.core.ApplicationContext.log SessionListener: contextDestroyed()
29-Oct-2023 21:32:32.918 情報 [main] org.apache.catalina.core.ApplicationContext.log ContextListener: contextDestroyed()
29-Oct-2023 21:36:13.982 情報 [main] org.apache.catalina.core.ApplicationContext.log SessionListener: contextDestroyed()
29-Oct-2023 21:36:13.985 情報 [main] org.apache.catalina.core.ApplicationContext.log ContextListener: contextDestroyed()
29-Oct-2023 21:40:46.732 情報 [main] org.apache.catalina.core.ApplicationContext.log ContextListener: contextInitialized()
29-Oct-2023 21:40:46.732 情報 [main] org.apache.catalina.core.ApplicationContext.log SessionListener: contextInitialized()
29-Oct-2023 21:40:46.736 情報 [main] org.apache.catalina.core.ApplicationContext.log ContextListener: attributeAdded('StockTicker', 'async.Stockticker@5c18d6d4')
29-Oct-2023 21:44:44.539 情報 [main] org.apache.catalina.core.ApplicationContext.log SessionListener: contextDestroyed()
29-Oct-2023 21:44:44.539 情報 [main] org.apache.catalina.core.ApplicationContext.log ContextListener: contextDestroyed()
29-Oct-2023 21:44:54.105 情報 [main] org.apache.catalina.core.ApplicationContext.log ContextListener: contextInitialized()
29-Oct-2023 21:44:54.106 情報 [main] org.apache.catalina.core.ApplicationContext.log SessionListener: contextInitialized()
29-Oct-2023 21:44:54.106 情報 [main] org.apache.catalina.core.ApplicationContext.log ContextListener: attributeAdded('StockTicker', 'async.Stockticker@2f054f70')
29-Oct-2023 21:45:58.857 情報 [main] org.apache.catalina.core.ApplicationContext.log SessionListener: contextDestroyed()
29-Oct-2023 21:45:58.857 情報 [main] org.apache.catalina.core.ApplicationContext.log ContextListener: contextDestroyed()
